###############################################################
#  Generated by:      Cadence Innovus 15.23-s045_1
#  OS:                Linux x86_64(Host ID ieng6-ece-17.ucsd.edu)
#  Generated on:      Fri Mar 21 19:01:58 2025
#  Design:            sram_w16_256
#  Command:           checkPinAssignment
###############################################################

Start Checking pins of top cell: [sram_w16_256] 
**ERROR: (IMPPTN-1755):   Pin [D[255]] of partition [sram_w16_256] is [FIXED] at location ( 433.100,    0.000) on layer 3 is NOT ON ALLOWED PIN LAYER.
**ERROR: (IMPPTN-1755):   Pin [D[254]] of partition [sram_w16_256] is [FIXED] at location ( 431.500,    0.000) on layer 3 is NOT ON ALLOWED PIN LAYER.
**ERROR: (IMPPTN-1755):   Pin [D[253]] of partition [sram_w16_256] is [FIXED] at location ( 429.900,    0.000) on layer 3 is NOT ON ALLOWED PIN LAYER.
**ERROR: (IMPPTN-1755):   Pin [D[252]] of partition [sram_w16_256] is [FIXED] at location ( 428.300,    0.000) on layer 3 is NOT ON ALLOWED PIN LAYER.
**ERROR: (IMPPTN-1755):   Pin [D[251]] of partition [sram_w16_256] is [FIXED] at location ( 426.700,    0.000) on layer 3 is NOT ON ALLOWED PIN LAYER.
**ERROR: (IMPPTN-1755):   Pin [D[250]] of partition [sram_w16_256] is [FIXED] at location ( 425.100,    0.000) on layer 3 is NOT ON ALLOWED PIN LAYER.
**ERROR: (IMPPTN-1755):   Pin [D[249]] of partition [sram_w16_256] is [FIXED] at location ( 423.500,    0.000) on layer 3 is NOT ON ALLOWED PIN LAYER.
**ERROR: (IMPPTN-1755):   Pin [D[248]] of partition [sram_w16_256] is [FIXED] at location ( 421.900,    0.000) on layer 3 is NOT ON ALLOWED PIN LAYER.
**ERROR: (IMPPTN-1755):   Pin [D[247]] of partition [sram_w16_256] is [FIXED] at location ( 420.300,    0.000) on layer 3 is NOT ON ALLOWED PIN LAYER.
**ERROR: (IMPPTN-1755):   Pin [D[246]] of partition [sram_w16_256] is [FIXED] at location ( 418.700,    0.000) on layer 3 is NOT ON ALLOWED PIN LAYER.
**ERROR: (IMPPTN-1755):   Pin [D[245]] of partition [sram_w16_256] is [FIXED] at location ( 417.100,    0.000) on layer 3 is NOT ON ALLOWED PIN LAYER.
**ERROR: (IMPPTN-1755):   Pin [D[244]] of partition [sram_w16_256] is [FIXED] at location ( 415.500,    0.000) on layer 3 is NOT ON ALLOWED PIN LAYER.
**ERROR: (IMPPTN-1755):   Pin [D[243]] of partition [sram_w16_256] is [FIXED] at location ( 413.900,    0.000) on layer 3 is NOT ON ALLOWED PIN LAYER.
**ERROR: (IMPPTN-1755):   Pin [D[242]] of partition [sram_w16_256] is [FIXED] at location ( 412.300,    0.000) on layer 3 is NOT ON ALLOWED PIN LAYER.
**ERROR: (IMPPTN-1755):   Pin [D[241]] of partition [sram_w16_256] is [FIXED] at location ( 410.700,    0.000) on layer 3 is NOT ON ALLOWED PIN LAYER.
**ERROR: (IMPPTN-1755):   Pin [D[240]] of partition [sram_w16_256] is [FIXED] at location ( 409.100,    0.000) on layer 3 is NOT ON ALLOWED PIN LAYER.
**ERROR: (IMPPTN-1755):   Pin [D[239]] of partition [sram_w16_256] is [FIXED] at location ( 407.500,    0.000) on layer 3 is NOT ON ALLOWED PIN LAYER.
**ERROR: (IMPPTN-1755):   Pin [D[238]] of partition [sram_w16_256] is [FIXED] at location ( 405.900,    0.000) on layer 3 is NOT ON ALLOWED PIN LAYER.
**ERROR: (IMPPTN-1755):   Pin [D[237]] of partition [sram_w16_256] is [FIXED] at location ( 404.300,    0.000) on layer 3 is NOT ON ALLOWED PIN LAYER.
**ERROR: (IMPPTN-1755):   Pin [D[236]] of partition [sram_w16_256] is [FIXED] at location ( 402.700,    0.000) on layer 3 is NOT ON ALLOWED PIN LAYER.
**ERROR: (IMPPTN-1755):   Pin [D[235]] of partition [sram_w16_256] is [FIXED] at location ( 401.100,    0.000) on layer 3 is NOT ON ALLOWED PIN LAYER.
**ERROR: (IMPPTN-1755):   Pin [D[234]] of partition [sram_w16_256] is [FIXED] at location ( 399.500,    0.000) on layer 3 is NOT ON ALLOWED PIN LAYER.
**ERROR: (IMPPTN-1755):   Pin [D[233]] of partition [sram_w16_256] is [FIXED] at location ( 397.900,    0.000) on layer 3 is NOT ON ALLOWED PIN LAYER.
**ERROR: (IMPPTN-1755):   Pin [D[232]] of partition [sram_w16_256] is [FIXED] at location ( 396.300,    0.000) on layer 3 is NOT ON ALLOWED PIN LAYER.
**ERROR: (IMPPTN-1755):   Pin [D[231]] of partition [sram_w16_256] is [FIXED] at location ( 394.700,    0.000) on layer 3 is NOT ON ALLOWED PIN LAYER.
**ERROR: (IMPPTN-1755):   Pin [D[230]] of partition [sram_w16_256] is [FIXED] at location ( 393.100,    0.000) on layer 3 is NOT ON ALLOWED PIN LAYER.
**ERROR: (IMPPTN-1755):   Pin [D[229]] of partition [sram_w16_256] is [FIXED] at location ( 391.500,    0.000) on layer 3 is NOT ON ALLOWED PIN LAYER.
**ERROR: (IMPPTN-1755):   Pin [D[228]] of partition [sram_w16_256] is [FIXED] at location ( 389.900,    0.000) on layer 3 is NOT ON ALLOWED PIN LAYER.
**ERROR: (IMPPTN-1755):   Pin [D[227]] of partition [sram_w16_256] is [FIXED] at location ( 388.300,    0.000) on layer 3 is NOT ON ALLOWED PIN LAYER.
**ERROR: (IMPPTN-1755):   Pin [D[226]] of partition [sram_w16_256] is [FIXED] at location ( 386.700,    0.000) on layer 3 is NOT ON ALLOWED PIN LAYER.
**ERROR: (IMPPTN-1755):   Pin [D[225]] of partition [sram_w16_256] is [FIXED] at location ( 385.100,    0.000) on layer 3 is NOT ON ALLOWED PIN LAYER.
**ERROR: (IMPPTN-1755):   Pin [D[224]] of partition [sram_w16_256] is [FIXED] at location ( 383.500,    0.000) on layer 3 is NOT ON ALLOWED PIN LAYER.
**ERROR: (IMPPTN-1755):   Pin [D[223]] of partition [sram_w16_256] is [FIXED] at location ( 381.900,    0.000) on layer 3 is NOT ON ALLOWED PIN LAYER.
**ERROR: (IMPPTN-1755):   Pin [D[222]] of partition [sram_w16_256] is [FIXED] at location ( 380.300,    0.000) on layer 3 is NOT ON ALLOWED PIN LAYER.
**ERROR: (IMPPTN-1755):   Pin [D[221]] of partition [sram_w16_256] is [FIXED] at location ( 378.700,    0.000) on layer 3 is NOT ON ALLOWED PIN LAYER.
**ERROR: (IMPPTN-1755):   Pin [D[220]] of partition [sram_w16_256] is [FIXED] at location ( 377.100,    0.000) on layer 3 is NOT ON ALLOWED PIN LAYER.
**ERROR: (IMPPTN-1755):   Pin [D[219]] of partition [sram_w16_256] is [FIXED] at location ( 375.500,    0.000) on layer 3 is NOT ON ALLOWED PIN LAYER.
**ERROR: (IMPPTN-1755):   Pin [D[218]] of partition [sram_w16_256] is [FIXED] at location ( 373.900,    0.000) on layer 3 is NOT ON ALLOWED PIN LAYER.
**ERROR: (IMPPTN-1755):   Pin [D[217]] of partition [sram_w16_256] is [FIXED] at location ( 372.300,    0.000) on layer 3 is NOT ON ALLOWED PIN LAYER.
**ERROR: (IMPPTN-1755):   Pin [D[216]] of partition [sram_w16_256] is [FIXED] at location ( 370.700,    0.000) on layer 3 is NOT ON ALLOWED PIN LAYER.
**ERROR: (IMPPTN-1755):   Pin [D[215]] of partition [sram_w16_256] is [FIXED] at location ( 369.100,    0.000) on layer 3 is NOT ON ALLOWED PIN LAYER.
**ERROR: (IMPPTN-1755):   Pin [D[214]] of partition [sram_w16_256] is [FIXED] at location ( 367.500,    0.000) on layer 3 is NOT ON ALLOWED PIN LAYER.
**ERROR: (IMPPTN-1755):   Pin [D[213]] of partition [sram_w16_256] is [FIXED] at location ( 365.900,    0.000) on layer 3 is NOT ON ALLOWED PIN LAYER.
**ERROR: (IMPPTN-1755):   Pin [D[212]] of partition [sram_w16_256] is [FIXED] at location ( 364.300,    0.000) on layer 3 is NOT ON ALLOWED PIN LAYER.
**ERROR: (IMPPTN-1755):   Pin [D[211]] of partition [sram_w16_256] is [FIXED] at location ( 362.700,    0.000) on layer 3 is NOT ON ALLOWED PIN LAYER.
**ERROR: (IMPPTN-1755):   Pin [D[210]] of partition [sram_w16_256] is [FIXED] at location ( 361.100,    0.000) on layer 3 is NOT ON ALLOWED PIN LAYER.
**ERROR: (IMPPTN-1755):   Pin [D[209]] of partition [sram_w16_256] is [FIXED] at location ( 359.500,    0.000) on layer 3 is NOT ON ALLOWED PIN LAYER.
**ERROR: (IMPPTN-1755):   Pin [D[208]] of partition [sram_w16_256] is [FIXED] at location ( 357.900,    0.000) on layer 3 is NOT ON ALLOWED PIN LAYER.
**ERROR: (IMPPTN-1755):   Pin [D[207]] of partition [sram_w16_256] is [FIXED] at location ( 356.300,    0.000) on layer 3 is NOT ON ALLOWED PIN LAYER.
**ERROR: (IMPPTN-1755):   Pin [D[206]] of partition [sram_w16_256] is [FIXED] at location ( 354.700,    0.000) on layer 3 is NOT ON ALLOWED PIN LAYER.
**ERROR: (IMPPTN-1755):   Pin [D[205]] of partition [sram_w16_256] is [FIXED] at location ( 353.100,    0.000) on layer 3 is NOT ON ALLOWED PIN LAYER.
**ERROR: (IMPPTN-1755):   Pin [D[204]] of partition [sram_w16_256] is [FIXED] at location ( 351.500,    0.000) on layer 3 is NOT ON ALLOWED PIN LAYER.
**ERROR: (IMPPTN-1755):   Pin [D[203]] of partition [sram_w16_256] is [FIXED] at location ( 349.900,    0.000) on layer 3 is NOT ON ALLOWED PIN LAYER.
**ERROR: (IMPPTN-1755):   Pin [D[202]] of partition [sram_w16_256] is [FIXED] at location ( 348.300,    0.000) on layer 3 is NOT ON ALLOWED PIN LAYER.
**ERROR: (IMPPTN-1755):   Pin [D[201]] of partition [sram_w16_256] is [FIXED] at location ( 346.700,    0.000) on layer 3 is NOT ON ALLOWED PIN LAYER.
**ERROR: (IMPPTN-1755):   Pin [D[200]] of partition [sram_w16_256] is [FIXED] at location ( 345.100,    0.000) on layer 3 is NOT ON ALLOWED PIN LAYER.
**ERROR: (IMPPTN-1755):   Pin [D[199]] of partition [sram_w16_256] is [FIXED] at location ( 343.500,    0.000) on layer 3 is NOT ON ALLOWED PIN LAYER.
**ERROR: (IMPPTN-1755):   Pin [D[198]] of partition [sram_w16_256] is [FIXED] at location ( 341.900,    0.000) on layer 3 is NOT ON ALLOWED PIN LAYER.
**ERROR: (IMPPTN-1755):   Pin [D[197]] of partition [sram_w16_256] is [FIXED] at location ( 340.300,    0.000) on layer 3 is NOT ON ALLOWED PIN LAYER.
**ERROR: (IMPPTN-1755):   Pin [D[196]] of partition [sram_w16_256] is [FIXED] at location ( 338.700,    0.000) on layer 3 is NOT ON ALLOWED PIN LAYER.
**ERROR: (IMPPTN-1755):   Pin [D[195]] of partition [sram_w16_256] is [FIXED] at location ( 337.100,    0.000) on layer 3 is NOT ON ALLOWED PIN LAYER.
**ERROR: (IMPPTN-1755):   Pin [D[194]] of partition [sram_w16_256] is [FIXED] at location ( 335.500,    0.000) on layer 3 is NOT ON ALLOWED PIN LAYER.
**ERROR: (IMPPTN-1755):   Pin [D[193]] of partition [sram_w16_256] is [FIXED] at location ( 333.900,    0.000) on layer 3 is NOT ON ALLOWED PIN LAYER.
**ERROR: (IMPPTN-1755):   Pin [D[192]] of partition [sram_w16_256] is [FIXED] at location ( 332.300,    0.000) on layer 3 is NOT ON ALLOWED PIN LAYER.
**ERROR: (IMPPTN-1755):   Pin [D[191]] of partition [sram_w16_256] is [FIXED] at location ( 330.700,    0.000) on layer 3 is NOT ON ALLOWED PIN LAYER.
**ERROR: (IMPPTN-1755):   Pin [D[190]] of partition [sram_w16_256] is [FIXED] at location ( 329.100,    0.000) on layer 3 is NOT ON ALLOWED PIN LAYER.
**ERROR: (IMPPTN-1755):   Pin [D[189]] of partition [sram_w16_256] is [FIXED] at location ( 327.500,    0.000) on layer 3 is NOT ON ALLOWED PIN LAYER.
**ERROR: (IMPPTN-1755):   Pin [D[188]] of partition [sram_w16_256] is [FIXED] at location ( 325.900,    0.000) on layer 3 is NOT ON ALLOWED PIN LAYER.
**ERROR: (IMPPTN-1755):   Pin [D[187]] of partition [sram_w16_256] is [FIXED] at location ( 324.300,    0.000) on layer 3 is NOT ON ALLOWED PIN LAYER.
**ERROR: (IMPPTN-1755):   Pin [D[186]] of partition [sram_w16_256] is [FIXED] at location ( 322.700,    0.000) on layer 3 is NOT ON ALLOWED PIN LAYER.
**ERROR: (IMPPTN-1755):   Pin [D[185]] of partition [sram_w16_256] is [FIXED] at location ( 321.100,    0.000) on layer 3 is NOT ON ALLOWED PIN LAYER.
**ERROR: (IMPPTN-1755):   Pin [D[184]] of partition [sram_w16_256] is [FIXED] at location ( 319.500,    0.000) on layer 3 is NOT ON ALLOWED PIN LAYER.
**ERROR: (IMPPTN-1755):   Pin [D[183]] of partition [sram_w16_256] is [FIXED] at location ( 317.900,    0.000) on layer 3 is NOT ON ALLOWED PIN LAYER.
**ERROR: (IMPPTN-1755):   Pin [D[182]] of partition [sram_w16_256] is [FIXED] at location ( 316.300,    0.000) on layer 3 is NOT ON ALLOWED PIN LAYER.
**ERROR: (IMPPTN-1755):   Pin [D[181]] of partition [sram_w16_256] is [FIXED] at location ( 314.700,    0.000) on layer 3 is NOT ON ALLOWED PIN LAYER.
**ERROR: (IMPPTN-1755):   Pin [D[180]] of partition [sram_w16_256] is [FIXED] at location ( 313.100,    0.000) on layer 3 is NOT ON ALLOWED PIN LAYER.
**ERROR: (IMPPTN-1755):   Pin [D[179]] of partition [sram_w16_256] is [FIXED] at location ( 311.500,    0.000) on layer 3 is NOT ON ALLOWED PIN LAYER.
**ERROR: (IMPPTN-1755):   Pin [D[178]] of partition [sram_w16_256] is [FIXED] at location ( 309.900,    0.000) on layer 3 is NOT ON ALLOWED PIN LAYER.
**ERROR: (IMPPTN-1755):   Pin [D[177]] of partition [sram_w16_256] is [FIXED] at location ( 308.300,    0.000) on layer 3 is NOT ON ALLOWED PIN LAYER.
**ERROR: (IMPPTN-1755):   Pin [D[176]] of partition [sram_w16_256] is [FIXED] at location ( 306.700,    0.000) on layer 3 is NOT ON ALLOWED PIN LAYER.
**ERROR: (IMPPTN-1755):   Pin [D[175]] of partition [sram_w16_256] is [FIXED] at location ( 305.100,    0.000) on layer 3 is NOT ON ALLOWED PIN LAYER.
**ERROR: (IMPPTN-1755):   Pin [D[174]] of partition [sram_w16_256] is [FIXED] at location ( 303.500,    0.000) on layer 3 is NOT ON ALLOWED PIN LAYER.
**ERROR: (IMPPTN-1755):   Pin [D[173]] of partition [sram_w16_256] is [FIXED] at location ( 301.900,    0.000) on layer 3 is NOT ON ALLOWED PIN LAYER.
**ERROR: (IMPPTN-1755):   Pin [D[172]] of partition [sram_w16_256] is [FIXED] at location ( 300.300,    0.000) on layer 3 is NOT ON ALLOWED PIN LAYER.
**ERROR: (IMPPTN-1755):   Pin [D[171]] of partition [sram_w16_256] is [FIXED] at location ( 298.700,    0.000) on layer 3 is NOT ON ALLOWED PIN LAYER.
**ERROR: (IMPPTN-1755):   Pin [D[170]] of partition [sram_w16_256] is [FIXED] at location ( 297.100,    0.000) on layer 3 is NOT ON ALLOWED PIN LAYER.
**ERROR: (IMPPTN-1755):   Pin [D[169]] of partition [sram_w16_256] is [FIXED] at location ( 295.500,    0.000) on layer 3 is NOT ON ALLOWED PIN LAYER.
**ERROR: (IMPPTN-1755):   Pin [D[168]] of partition [sram_w16_256] is [FIXED] at location ( 293.900,    0.000) on layer 3 is NOT ON ALLOWED PIN LAYER.
**ERROR: (IMPPTN-1755):   Pin [D[167]] of partition [sram_w16_256] is [FIXED] at location ( 292.300,    0.000) on layer 3 is NOT ON ALLOWED PIN LAYER.
**ERROR: (IMPPTN-1755):   Pin [D[166]] of partition [sram_w16_256] is [FIXED] at location ( 290.700,    0.000) on layer 3 is NOT ON ALLOWED PIN LAYER.
**ERROR: (IMPPTN-1755):   Pin [D[165]] of partition [sram_w16_256] is [FIXED] at location ( 289.100,    0.000) on layer 3 is NOT ON ALLOWED PIN LAYER.
**ERROR: (IMPPTN-1755):   Pin [D[164]] of partition [sram_w16_256] is [FIXED] at location ( 287.500,    0.000) on layer 3 is NOT ON ALLOWED PIN LAYER.
**ERROR: (IMPPTN-1755):   Pin [D[163]] of partition [sram_w16_256] is [FIXED] at location ( 285.900,    0.000) on layer 3 is NOT ON ALLOWED PIN LAYER.
**ERROR: (IMPPTN-1755):   Pin [D[162]] of partition [sram_w16_256] is [FIXED] at location ( 284.300,    0.000) on layer 3 is NOT ON ALLOWED PIN LAYER.
**ERROR: (IMPPTN-1755):   Pin [D[161]] of partition [sram_w16_256] is [FIXED] at location ( 282.700,    0.000) on layer 3 is NOT ON ALLOWED PIN LAYER.
**ERROR: (IMPPTN-1755):   Pin [D[160]] of partition [sram_w16_256] is [FIXED] at location ( 281.100,    0.000) on layer 3 is NOT ON ALLOWED PIN LAYER.
**ERROR: (IMPPTN-1755):   Pin [D[159]] of partition [sram_w16_256] is [FIXED] at location ( 279.500,    0.000) on layer 3 is NOT ON ALLOWED PIN LAYER.
**ERROR: (IMPPTN-1755):   Pin [D[158]] of partition [sram_w16_256] is [FIXED] at location ( 277.900,    0.000) on layer 3 is NOT ON ALLOWED PIN LAYER.
**ERROR: (IMPPTN-1755):   Pin [D[157]] of partition [sram_w16_256] is [FIXED] at location ( 276.300,    0.000) on layer 3 is NOT ON ALLOWED PIN LAYER.
**ERROR: (IMPPTN-1755):   Pin [D[156]] of partition [sram_w16_256] is [FIXED] at location ( 274.700,    0.000) on layer 3 is NOT ON ALLOWED PIN LAYER.
**ERROR: (IMPPTN-1755):   Pin [D[155]] of partition [sram_w16_256] is [FIXED] at location ( 273.100,    0.000) on layer 3 is NOT ON ALLOWED PIN LAYER.
**ERROR: (IMPPTN-1755):   Pin [D[154]] of partition [sram_w16_256] is [FIXED] at location ( 271.500,    0.000) on layer 3 is NOT ON ALLOWED PIN LAYER.
**ERROR: (IMPPTN-1755):   Pin [D[153]] of partition [sram_w16_256] is [FIXED] at location ( 269.900,    0.000) on layer 3 is NOT ON ALLOWED PIN LAYER.
**ERROR: (IMPPTN-1755):   Pin [D[152]] of partition [sram_w16_256] is [FIXED] at location ( 268.300,    0.000) on layer 3 is NOT ON ALLOWED PIN LAYER.
**ERROR: (IMPPTN-1755):   Pin [D[151]] of partition [sram_w16_256] is [FIXED] at location ( 266.700,    0.000) on layer 3 is NOT ON ALLOWED PIN LAYER.
**ERROR: (IMPPTN-1755):   Pin [D[150]] of partition [sram_w16_256] is [FIXED] at location ( 265.100,    0.000) on layer 3 is NOT ON ALLOWED PIN LAYER.
**ERROR: (IMPPTN-1755):   Pin [D[149]] of partition [sram_w16_256] is [FIXED] at location ( 263.500,    0.000) on layer 3 is NOT ON ALLOWED PIN LAYER.
**ERROR: (IMPPTN-1755):   Pin [D[148]] of partition [sram_w16_256] is [FIXED] at location ( 261.900,    0.000) on layer 3 is NOT ON ALLOWED PIN LAYER.
**ERROR: (IMPPTN-1755):   Pin [D[147]] of partition [sram_w16_256] is [FIXED] at location ( 260.300,    0.000) on layer 3 is NOT ON ALLOWED PIN LAYER.
**ERROR: (IMPPTN-1755):   Pin [D[146]] of partition [sram_w16_256] is [FIXED] at location ( 258.700,    0.000) on layer 3 is NOT ON ALLOWED PIN LAYER.
**ERROR: (IMPPTN-1755):   Pin [D[145]] of partition [sram_w16_256] is [FIXED] at location ( 257.100,    0.000) on layer 3 is NOT ON ALLOWED PIN LAYER.
**ERROR: (IMPPTN-1755):   Pin [D[144]] of partition [sram_w16_256] is [FIXED] at location ( 255.500,    0.000) on layer 3 is NOT ON ALLOWED PIN LAYER.
**ERROR: (IMPPTN-1755):   Pin [D[143]] of partition [sram_w16_256] is [FIXED] at location ( 253.900,    0.000) on layer 3 is NOT ON ALLOWED PIN LAYER.
**ERROR: (IMPPTN-1755):   Pin [D[142]] of partition [sram_w16_256] is [FIXED] at location ( 252.300,    0.000) on layer 3 is NOT ON ALLOWED PIN LAYER.
**ERROR: (IMPPTN-1755):   Pin [D[141]] of partition [sram_w16_256] is [FIXED] at location ( 250.700,    0.000) on layer 3 is NOT ON ALLOWED PIN LAYER.
**ERROR: (IMPPTN-1755):   Pin [D[140]] of partition [sram_w16_256] is [FIXED] at location ( 249.100,    0.000) on layer 3 is NOT ON ALLOWED PIN LAYER.
**ERROR: (IMPPTN-1755):   Pin [D[139]] of partition [sram_w16_256] is [FIXED] at location ( 247.500,    0.000) on layer 3 is NOT ON ALLOWED PIN LAYER.
**ERROR: (IMPPTN-1755):   Pin [D[138]] of partition [sram_w16_256] is [FIXED] at location ( 245.900,    0.000) on layer 3 is NOT ON ALLOWED PIN LAYER.
**ERROR: (IMPPTN-1755):   Pin [D[137]] of partition [sram_w16_256] is [FIXED] at location ( 244.300,    0.000) on layer 3 is NOT ON ALLOWED PIN LAYER.
**ERROR: (IMPPTN-1755):   Pin [D[136]] of partition [sram_w16_256] is [FIXED] at location ( 242.700,    0.000) on layer 3 is NOT ON ALLOWED PIN LAYER.
**ERROR: (IMPPTN-1755):   Pin [D[135]] of partition [sram_w16_256] is [FIXED] at location ( 241.100,    0.000) on layer 3 is NOT ON ALLOWED PIN LAYER.
**ERROR: (IMPPTN-1755):   Pin [D[134]] of partition [sram_w16_256] is [FIXED] at location ( 239.500,    0.000) on layer 3 is NOT ON ALLOWED PIN LAYER.
**ERROR: (IMPPTN-1755):   Pin [D[133]] of partition [sram_w16_256] is [FIXED] at location ( 237.900,    0.000) on layer 3 is NOT ON ALLOWED PIN LAYER.
**ERROR: (IMPPTN-1755):   Pin [D[132]] of partition [sram_w16_256] is [FIXED] at location ( 236.300,    0.000) on layer 3 is NOT ON ALLOWED PIN LAYER.
**ERROR: (IMPPTN-1755):   Pin [D[131]] of partition [sram_w16_256] is [FIXED] at location ( 234.700,    0.000) on layer 3 is NOT ON ALLOWED PIN LAYER.
**ERROR: (IMPPTN-1755):   Pin [D[130]] of partition [sram_w16_256] is [FIXED] at location ( 233.100,    0.000) on layer 3 is NOT ON ALLOWED PIN LAYER.
**ERROR: (IMPPTN-1755):   Pin [D[129]] of partition [sram_w16_256] is [FIXED] at location ( 231.500,    0.000) on layer 3 is NOT ON ALLOWED PIN LAYER.
**ERROR: (IMPPTN-1755):   Pin [D[128]] of partition [sram_w16_256] is [FIXED] at location ( 229.900,    0.000) on layer 3 is NOT ON ALLOWED PIN LAYER.
**ERROR: (IMPPTN-1755):   Pin [D[127]] of partition [sram_w16_256] is [FIXED] at location ( 228.300,    0.000) on layer 3 is NOT ON ALLOWED PIN LAYER.
**ERROR: (IMPPTN-1755):   Pin [D[126]] of partition [sram_w16_256] is [FIXED] at location ( 226.700,    0.000) on layer 3 is NOT ON ALLOWED PIN LAYER.
**ERROR: (IMPPTN-1755):   Pin [D[125]] of partition [sram_w16_256] is [FIXED] at location ( 225.100,    0.000) on layer 3 is NOT ON ALLOWED PIN LAYER.
**ERROR: (IMPPTN-1755):   Pin [D[124]] of partition [sram_w16_256] is [FIXED] at location ( 223.500,    0.000) on layer 3 is NOT ON ALLOWED PIN LAYER.
**ERROR: (IMPPTN-1755):   Pin [D[123]] of partition [sram_w16_256] is [FIXED] at location ( 221.900,    0.000) on layer 3 is NOT ON ALLOWED PIN LAYER.
**ERROR: (IMPPTN-1755):   Pin [D[122]] of partition [sram_w16_256] is [FIXED] at location ( 220.300,    0.000) on layer 3 is NOT ON ALLOWED PIN LAYER.
**ERROR: (IMPPTN-1755):   Pin [D[121]] of partition [sram_w16_256] is [FIXED] at location ( 218.700,    0.000) on layer 3 is NOT ON ALLOWED PIN LAYER.
**ERROR: (IMPPTN-1755):   Pin [D[120]] of partition [sram_w16_256] is [FIXED] at location ( 217.100,    0.000) on layer 3 is NOT ON ALLOWED PIN LAYER.
**ERROR: (IMPPTN-1755):   Pin [D[119]] of partition [sram_w16_256] is [FIXED] at location ( 215.500,    0.000) on layer 3 is NOT ON ALLOWED PIN LAYER.
**ERROR: (IMPPTN-1755):   Pin [D[118]] of partition [sram_w16_256] is [FIXED] at location ( 213.900,    0.000) on layer 3 is NOT ON ALLOWED PIN LAYER.
**ERROR: (IMPPTN-1755):   Pin [D[117]] of partition [sram_w16_256] is [FIXED] at location ( 212.300,    0.000) on layer 3 is NOT ON ALLOWED PIN LAYER.
**ERROR: (IMPPTN-1755):   Pin [D[116]] of partition [sram_w16_256] is [FIXED] at location ( 210.700,    0.000) on layer 3 is NOT ON ALLOWED PIN LAYER.
**ERROR: (IMPPTN-1755):   Pin [D[115]] of partition [sram_w16_256] is [FIXED] at location ( 209.100,    0.000) on layer 3 is NOT ON ALLOWED PIN LAYER.
**ERROR: (IMPPTN-1755):   Pin [D[114]] of partition [sram_w16_256] is [FIXED] at location ( 207.500,    0.000) on layer 3 is NOT ON ALLOWED PIN LAYER.
**ERROR: (IMPPTN-1755):   Pin [D[113]] of partition [sram_w16_256] is [FIXED] at location ( 205.900,    0.000) on layer 3 is NOT ON ALLOWED PIN LAYER.
**ERROR: (IMPPTN-1755):   Pin [D[112]] of partition [sram_w16_256] is [FIXED] at location ( 204.300,    0.000) on layer 3 is NOT ON ALLOWED PIN LAYER.
**ERROR: (IMPPTN-1755):   Pin [D[111]] of partition [sram_w16_256] is [FIXED] at location ( 202.700,    0.000) on layer 3 is NOT ON ALLOWED PIN LAYER.
**ERROR: (IMPPTN-1755):   Pin [D[110]] of partition [sram_w16_256] is [FIXED] at location ( 201.100,    0.000) on layer 3 is NOT ON ALLOWED PIN LAYER.
**ERROR: (IMPPTN-1755):   Pin [D[109]] of partition [sram_w16_256] is [FIXED] at location ( 199.500,    0.000) on layer 3 is NOT ON ALLOWED PIN LAYER.
**ERROR: (IMPPTN-1755):   Pin [D[108]] of partition [sram_w16_256] is [FIXED] at location ( 197.900,    0.000) on layer 3 is NOT ON ALLOWED PIN LAYER.
**ERROR: (IMPPTN-1755):   Pin [D[107]] of partition [sram_w16_256] is [FIXED] at location ( 196.300,    0.000) on layer 3 is NOT ON ALLOWED PIN LAYER.
**ERROR: (IMPPTN-1755):   Pin [D[106]] of partition [sram_w16_256] is [FIXED] at location ( 194.700,    0.000) on layer 3 is NOT ON ALLOWED PIN LAYER.
**ERROR: (IMPPTN-1755):   Pin [D[105]] of partition [sram_w16_256] is [FIXED] at location ( 193.100,    0.000) on layer 3 is NOT ON ALLOWED PIN LAYER.
**ERROR: (IMPPTN-1755):   Pin [D[104]] of partition [sram_w16_256] is [FIXED] at location ( 191.500,    0.000) on layer 3 is NOT ON ALLOWED PIN LAYER.
**ERROR: (IMPPTN-1755):   Pin [D[103]] of partition [sram_w16_256] is [FIXED] at location ( 189.900,    0.000) on layer 3 is NOT ON ALLOWED PIN LAYER.
**ERROR: (IMPPTN-1755):   Pin [D[102]] of partition [sram_w16_256] is [FIXED] at location ( 188.300,    0.000) on layer 3 is NOT ON ALLOWED PIN LAYER.
**ERROR: (IMPPTN-1755):   Pin [D[101]] of partition [sram_w16_256] is [FIXED] at location ( 186.700,    0.000) on layer 3 is NOT ON ALLOWED PIN LAYER.
**ERROR: (IMPPTN-1755):   Pin [D[100]] of partition [sram_w16_256] is [FIXED] at location ( 185.100,    0.000) on layer 3 is NOT ON ALLOWED PIN LAYER.
**ERROR: (IMPPTN-1755):   Pin [D[99]] of partition [sram_w16_256] is [FIXED] at location ( 183.500,    0.000) on layer 3 is NOT ON ALLOWED PIN LAYER.
**ERROR: (IMPPTN-1755):   Pin [D[98]] of partition [sram_w16_256] is [FIXED] at location ( 181.900,    0.000) on layer 3 is NOT ON ALLOWED PIN LAYER.
**ERROR: (IMPPTN-1755):   Pin [D[97]] of partition [sram_w16_256] is [FIXED] at location ( 180.300,    0.000) on layer 3 is NOT ON ALLOWED PIN LAYER.
**ERROR: (IMPPTN-1755):   Pin [D[96]] of partition [sram_w16_256] is [FIXED] at location ( 178.700,    0.000) on layer 3 is NOT ON ALLOWED PIN LAYER.
**ERROR: (IMPPTN-1755):   Pin [D[95]] of partition [sram_w16_256] is [FIXED] at location ( 177.100,    0.000) on layer 3 is NOT ON ALLOWED PIN LAYER.
**ERROR: (IMPPTN-1755):   Pin [D[94]] of partition [sram_w16_256] is [FIXED] at location ( 175.500,    0.000) on layer 3 is NOT ON ALLOWED PIN LAYER.
**ERROR: (IMPPTN-1755):   Pin [D[93]] of partition [sram_w16_256] is [FIXED] at location ( 173.900,    0.000) on layer 3 is NOT ON ALLOWED PIN LAYER.
**ERROR: (IMPPTN-1755):   Pin [D[92]] of partition [sram_w16_256] is [FIXED] at location ( 172.300,    0.000) on layer 3 is NOT ON ALLOWED PIN LAYER.
**ERROR: (IMPPTN-1755):   Pin [D[91]] of partition [sram_w16_256] is [FIXED] at location ( 170.700,    0.000) on layer 3 is NOT ON ALLOWED PIN LAYER.
**ERROR: (IMPPTN-1755):   Pin [D[90]] of partition [sram_w16_256] is [FIXED] at location ( 169.100,    0.000) on layer 3 is NOT ON ALLOWED PIN LAYER.
**ERROR: (IMPPTN-1755):   Pin [D[89]] of partition [sram_w16_256] is [FIXED] at location ( 167.500,    0.000) on layer 3 is NOT ON ALLOWED PIN LAYER.
**ERROR: (IMPPTN-1755):   Pin [D[88]] of partition [sram_w16_256] is [FIXED] at location ( 165.900,    0.000) on layer 3 is NOT ON ALLOWED PIN LAYER.
**ERROR: (IMPPTN-1755):   Pin [D[87]] of partition [sram_w16_256] is [FIXED] at location ( 164.300,    0.000) on layer 3 is NOT ON ALLOWED PIN LAYER.
**ERROR: (IMPPTN-1755):   Pin [D[86]] of partition [sram_w16_256] is [FIXED] at location ( 162.700,    0.000) on layer 3 is NOT ON ALLOWED PIN LAYER.
**ERROR: (IMPPTN-1755):   Pin [D[85]] of partition [sram_w16_256] is [FIXED] at location ( 161.100,    0.000) on layer 3 is NOT ON ALLOWED PIN LAYER.
**ERROR: (IMPPTN-1755):   Pin [D[84]] of partition [sram_w16_256] is [FIXED] at location ( 159.500,    0.000) on layer 3 is NOT ON ALLOWED PIN LAYER.
**ERROR: (IMPPTN-1755):   Pin [D[83]] of partition [sram_w16_256] is [FIXED] at location ( 157.900,    0.000) on layer 3 is NOT ON ALLOWED PIN LAYER.
**ERROR: (IMPPTN-1755):   Pin [D[82]] of partition [sram_w16_256] is [FIXED] at location ( 156.300,    0.000) on layer 3 is NOT ON ALLOWED PIN LAYER.
**ERROR: (IMPPTN-1755):   Pin [D[81]] of partition [sram_w16_256] is [FIXED] at location ( 154.700,    0.000) on layer 3 is NOT ON ALLOWED PIN LAYER.
**ERROR: (IMPPTN-1755):   Pin [D[80]] of partition [sram_w16_256] is [FIXED] at location ( 153.100,    0.000) on layer 3 is NOT ON ALLOWED PIN LAYER.
**ERROR: (IMPPTN-1755):   Pin [D[79]] of partition [sram_w16_256] is [FIXED] at location ( 151.500,    0.000) on layer 3 is NOT ON ALLOWED PIN LAYER.
**ERROR: (IMPPTN-1755):   Pin [D[78]] of partition [sram_w16_256] is [FIXED] at location ( 149.900,    0.000) on layer 3 is NOT ON ALLOWED PIN LAYER.
**ERROR: (IMPPTN-1755):   Pin [D[77]] of partition [sram_w16_256] is [FIXED] at location ( 148.300,    0.000) on layer 3 is NOT ON ALLOWED PIN LAYER.
**ERROR: (IMPPTN-1755):   Pin [D[76]] of partition [sram_w16_256] is [FIXED] at location ( 146.700,    0.000) on layer 3 is NOT ON ALLOWED PIN LAYER.
**ERROR: (IMPPTN-1755):   Pin [D[75]] of partition [sram_w16_256] is [FIXED] at location ( 145.100,    0.000) on layer 3 is NOT ON ALLOWED PIN LAYER.
**ERROR: (IMPPTN-1755):   Pin [D[74]] of partition [sram_w16_256] is [FIXED] at location ( 143.500,    0.000) on layer 3 is NOT ON ALLOWED PIN LAYER.
**ERROR: (IMPPTN-1755):   Pin [D[73]] of partition [sram_w16_256] is [FIXED] at location ( 141.900,    0.000) on layer 3 is NOT ON ALLOWED PIN LAYER.
**ERROR: (IMPPTN-1755):   Pin [D[72]] of partition [sram_w16_256] is [FIXED] at location ( 140.300,    0.000) on layer 3 is NOT ON ALLOWED PIN LAYER.
**ERROR: (IMPPTN-1755):   Pin [D[71]] of partition [sram_w16_256] is [FIXED] at location ( 138.700,    0.000) on layer 3 is NOT ON ALLOWED PIN LAYER.
**ERROR: (IMPPTN-1755):   Pin [D[70]] of partition [sram_w16_256] is [FIXED] at location ( 137.100,    0.000) on layer 3 is NOT ON ALLOWED PIN LAYER.
**ERROR: (IMPPTN-1755):   Pin [D[69]] of partition [sram_w16_256] is [FIXED] at location ( 135.500,    0.000) on layer 3 is NOT ON ALLOWED PIN LAYER.
**ERROR: (IMPPTN-1755):   Pin [D[68]] of partition [sram_w16_256] is [FIXED] at location ( 133.900,    0.000) on layer 3 is NOT ON ALLOWED PIN LAYER.
**ERROR: (IMPPTN-1755):   Pin [D[67]] of partition [sram_w16_256] is [FIXED] at location ( 132.300,    0.000) on layer 3 is NOT ON ALLOWED PIN LAYER.
**ERROR: (IMPPTN-1755):   Pin [D[66]] of partition [sram_w16_256] is [FIXED] at location ( 130.700,    0.000) on layer 3 is NOT ON ALLOWED PIN LAYER.
**ERROR: (IMPPTN-1755):   Pin [D[65]] of partition [sram_w16_256] is [FIXED] at location ( 129.100,    0.000) on layer 3 is NOT ON ALLOWED PIN LAYER.
**ERROR: (IMPPTN-1755):   Pin [D[64]] of partition [sram_w16_256] is [FIXED] at location ( 127.500,    0.000) on layer 3 is NOT ON ALLOWED PIN LAYER.
**ERROR: (IMPPTN-1755):   Pin [D[63]] of partition [sram_w16_256] is [FIXED] at location ( 125.900,    0.000) on layer 3 is NOT ON ALLOWED PIN LAYER.
**ERROR: (IMPPTN-1755):   Pin [D[62]] of partition [sram_w16_256] is [FIXED] at location ( 124.300,    0.000) on layer 3 is NOT ON ALLOWED PIN LAYER.
**ERROR: (IMPPTN-1755):   Pin [D[61]] of partition [sram_w16_256] is [FIXED] at location ( 122.700,    0.000) on layer 3 is NOT ON ALLOWED PIN LAYER.
**ERROR: (IMPPTN-1755):   Pin [D[60]] of partition [sram_w16_256] is [FIXED] at location ( 121.100,    0.000) on layer 3 is NOT ON ALLOWED PIN LAYER.
**ERROR: (IMPPTN-1755):   Pin [D[59]] of partition [sram_w16_256] is [FIXED] at location ( 119.500,    0.000) on layer 3 is NOT ON ALLOWED PIN LAYER.
**ERROR: (IMPPTN-1755):   Pin [D[58]] of partition [sram_w16_256] is [FIXED] at location ( 117.900,    0.000) on layer 3 is NOT ON ALLOWED PIN LAYER.
**ERROR: (IMPPTN-1755):   Pin [D[57]] of partition [sram_w16_256] is [FIXED] at location ( 116.300,    0.000) on layer 3 is NOT ON ALLOWED PIN LAYER.
**ERROR: (IMPPTN-1755):   Pin [D[56]] of partition [sram_w16_256] is [FIXED] at location ( 114.700,    0.000) on layer 3 is NOT ON ALLOWED PIN LAYER.
**ERROR: (IMPPTN-1755):   Pin [D[55]] of partition [sram_w16_256] is [FIXED] at location ( 113.100,    0.000) on layer 3 is NOT ON ALLOWED PIN LAYER.
**ERROR: (IMPPTN-1755):   Pin [D[54]] of partition [sram_w16_256] is [FIXED] at location ( 111.500,    0.000) on layer 3 is NOT ON ALLOWED PIN LAYER.
**ERROR: (IMPPTN-1755):   Pin [D[53]] of partition [sram_w16_256] is [FIXED] at location ( 109.900,    0.000) on layer 3 is NOT ON ALLOWED PIN LAYER.
**ERROR: (IMPPTN-1755):   Pin [D[52]] of partition [sram_w16_256] is [FIXED] at location ( 108.300,    0.000) on layer 3 is NOT ON ALLOWED PIN LAYER.
**ERROR: (IMPPTN-1755):   Pin [D[51]] of partition [sram_w16_256] is [FIXED] at location ( 106.700,    0.000) on layer 3 is NOT ON ALLOWED PIN LAYER.
**ERROR: (IMPPTN-1755):   Pin [D[50]] of partition [sram_w16_256] is [FIXED] at location ( 105.100,    0.000) on layer 3 is NOT ON ALLOWED PIN LAYER.
**ERROR: (IMPPTN-1755):   Pin [D[49]] of partition [sram_w16_256] is [FIXED] at location ( 103.500,    0.000) on layer 3 is NOT ON ALLOWED PIN LAYER.
**ERROR: (IMPPTN-1755):   Pin [D[48]] of partition [sram_w16_256] is [FIXED] at location ( 101.900,    0.000) on layer 3 is NOT ON ALLOWED PIN LAYER.
**ERROR: (IMPPTN-1755):   Pin [D[47]] of partition [sram_w16_256] is [FIXED] at location ( 100.300,    0.000) on layer 3 is NOT ON ALLOWED PIN LAYER.
**ERROR: (IMPPTN-1755):   Pin [D[46]] of partition [sram_w16_256] is [FIXED] at location (  98.700,    0.000) on layer 3 is NOT ON ALLOWED PIN LAYER.
**ERROR: (IMPPTN-1755):   Pin [D[45]] of partition [sram_w16_256] is [FIXED] at location (  97.100,    0.000) on layer 3 is NOT ON ALLOWED PIN LAYER.
**ERROR: (IMPPTN-1755):   Pin [D[44]] of partition [sram_w16_256] is [FIXED] at location (  95.500,    0.000) on layer 3 is NOT ON ALLOWED PIN LAYER.
**ERROR: (IMPPTN-1755):   Pin [D[43]] of partition [sram_w16_256] is [FIXED] at location (  93.900,    0.000) on layer 3 is NOT ON ALLOWED PIN LAYER.
**ERROR: (IMPPTN-1755):   Pin [D[42]] of partition [sram_w16_256] is [FIXED] at location (  92.300,    0.000) on layer 3 is NOT ON ALLOWED PIN LAYER.
**ERROR: (IMPPTN-1755):   Pin [D[41]] of partition [sram_w16_256] is [FIXED] at location (  90.700,    0.000) on layer 3 is NOT ON ALLOWED PIN LAYER.
**ERROR: (IMPPTN-1755):   Pin [D[40]] of partition [sram_w16_256] is [FIXED] at location (  89.100,    0.000) on layer 3 is NOT ON ALLOWED PIN LAYER.
**ERROR: (IMPPTN-1755):   Pin [D[39]] of partition [sram_w16_256] is [FIXED] at location (  87.500,    0.000) on layer 3 is NOT ON ALLOWED PIN LAYER.
**ERROR: (IMPPTN-1755):   Pin [D[38]] of partition [sram_w16_256] is [FIXED] at location (  85.900,    0.000) on layer 3 is NOT ON ALLOWED PIN LAYER.
**ERROR: (IMPPTN-1755):   Pin [D[37]] of partition [sram_w16_256] is [FIXED] at location (  84.300,    0.000) on layer 3 is NOT ON ALLOWED PIN LAYER.
**ERROR: (IMPPTN-1755):   Pin [D[36]] of partition [sram_w16_256] is [FIXED] at location (  82.700,    0.000) on layer 3 is NOT ON ALLOWED PIN LAYER.
**ERROR: (IMPPTN-1755):   Pin [D[35]] of partition [sram_w16_256] is [FIXED] at location (  81.100,    0.000) on layer 3 is NOT ON ALLOWED PIN LAYER.
**ERROR: (IMPPTN-1755):   Pin [D[34]] of partition [sram_w16_256] is [FIXED] at location (  79.500,    0.000) on layer 3 is NOT ON ALLOWED PIN LAYER.
**ERROR: (IMPPTN-1755):   Pin [D[33]] of partition [sram_w16_256] is [FIXED] at location (  77.900,    0.000) on layer 3 is NOT ON ALLOWED PIN LAYER.
**ERROR: (IMPPTN-1755):   Pin [D[32]] of partition [sram_w16_256] is [FIXED] at location (  76.300,    0.000) on layer 3 is NOT ON ALLOWED PIN LAYER.
**ERROR: (IMPPTN-1755):   Pin [D[31]] of partition [sram_w16_256] is [FIXED] at location (  74.700,    0.000) on layer 3 is NOT ON ALLOWED PIN LAYER.
**ERROR: (IMPPTN-1755):   Pin [D[30]] of partition [sram_w16_256] is [FIXED] at location (  73.100,    0.000) on layer 3 is NOT ON ALLOWED PIN LAYER.
**ERROR: (IMPPTN-1755):   Pin [D[29]] of partition [sram_w16_256] is [FIXED] at location (  71.500,    0.000) on layer 3 is NOT ON ALLOWED PIN LAYER.
**ERROR: (IMPPTN-1755):   Pin [D[28]] of partition [sram_w16_256] is [FIXED] at location (  69.900,    0.000) on layer 3 is NOT ON ALLOWED PIN LAYER.
**ERROR: (IMPPTN-1755):   Pin [D[27]] of partition [sram_w16_256] is [FIXED] at location (  68.300,    0.000) on layer 3 is NOT ON ALLOWED PIN LAYER.
**ERROR: (IMPPTN-1755):   Pin [D[26]] of partition [sram_w16_256] is [FIXED] at location (  66.700,    0.000) on layer 3 is NOT ON ALLOWED PIN LAYER.
**ERROR: (IMPPTN-1755):   Pin [D[25]] of partition [sram_w16_256] is [FIXED] at location (  65.100,    0.000) on layer 3 is NOT ON ALLOWED PIN LAYER.
**ERROR: (IMPPTN-1755):   Pin [D[24]] of partition [sram_w16_256] is [FIXED] at location (  63.500,    0.000) on layer 3 is NOT ON ALLOWED PIN LAYER.
**ERROR: (IMPPTN-1755):   Pin [D[23]] of partition [sram_w16_256] is [FIXED] at location (  61.900,    0.000) on layer 3 is NOT ON ALLOWED PIN LAYER.
**ERROR: (IMPPTN-1755):   Pin [D[22]] of partition [sram_w16_256] is [FIXED] at location (  60.300,    0.000) on layer 3 is NOT ON ALLOWED PIN LAYER.
**ERROR: (IMPPTN-1755):   Pin [D[21]] of partition [sram_w16_256] is [FIXED] at location (  58.700,    0.000) on layer 3 is NOT ON ALLOWED PIN LAYER.
**ERROR: (IMPPTN-1755):   Pin [D[20]] of partition [sram_w16_256] is [FIXED] at location (  57.100,    0.000) on layer 3 is NOT ON ALLOWED PIN LAYER.
**ERROR: (IMPPTN-1755):   Pin [D[19]] of partition [sram_w16_256] is [FIXED] at location (  55.500,    0.000) on layer 3 is NOT ON ALLOWED PIN LAYER.
**ERROR: (IMPPTN-1755):   Pin [D[18]] of partition [sram_w16_256] is [FIXED] at location (  53.900,    0.000) on layer 3 is NOT ON ALLOWED PIN LAYER.
**ERROR: (IMPPTN-1755):   Pin [D[17]] of partition [sram_w16_256] is [FIXED] at location (  52.300,    0.000) on layer 3 is NOT ON ALLOWED PIN LAYER.
**ERROR: (IMPPTN-1755):   Pin [D[16]] of partition [sram_w16_256] is [FIXED] at location (  50.700,    0.000) on layer 3 is NOT ON ALLOWED PIN LAYER.
**ERROR: (IMPPTN-1755):   Pin [D[15]] of partition [sram_w16_256] is [FIXED] at location (  49.100,    0.000) on layer 3 is NOT ON ALLOWED PIN LAYER.
**ERROR: (IMPPTN-1755):   Pin [D[14]] of partition [sram_w16_256] is [FIXED] at location (  47.500,    0.000) on layer 3 is NOT ON ALLOWED PIN LAYER.
**ERROR: (IMPPTN-1755):   Pin [D[13]] of partition [sram_w16_256] is [FIXED] at location (  45.900,    0.000) on layer 3 is NOT ON ALLOWED PIN LAYER.
**ERROR: (IMPPTN-1755):   Pin [D[12]] of partition [sram_w16_256] is [FIXED] at location (  44.300,    0.000) on layer 3 is NOT ON ALLOWED PIN LAYER.
**ERROR: (IMPPTN-1755):   Pin [D[11]] of partition [sram_w16_256] is [FIXED] at location (  42.700,    0.000) on layer 3 is NOT ON ALLOWED PIN LAYER.
**ERROR: (IMPPTN-1755):   Pin [D[10]] of partition [sram_w16_256] is [FIXED] at location (  41.100,    0.000) on layer 3 is NOT ON ALLOWED PIN LAYER.
**ERROR: (IMPPTN-1755):   Pin [D[9]] of partition [sram_w16_256] is [FIXED] at location (  39.500,    0.000) on layer 3 is NOT ON ALLOWED PIN LAYER.
**ERROR: (IMPPTN-1755):   Pin [D[8]] of partition [sram_w16_256] is [FIXED] at location (  37.900,    0.000) on layer 3 is NOT ON ALLOWED PIN LAYER.
**ERROR: (IMPPTN-1755):   Pin [D[7]] of partition [sram_w16_256] is [FIXED] at location (  36.300,    0.000) on layer 3 is NOT ON ALLOWED PIN LAYER.
**ERROR: (IMPPTN-1755):   Pin [D[6]] of partition [sram_w16_256] is [FIXED] at location (  34.700,    0.000) on layer 3 is NOT ON ALLOWED PIN LAYER.
**ERROR: (IMPPTN-1755):   Pin [D[5]] of partition [sram_w16_256] is [FIXED] at location (  33.100,    0.000) on layer 3 is NOT ON ALLOWED PIN LAYER.
**ERROR: (IMPPTN-1755):   Pin [D[4]] of partition [sram_w16_256] is [FIXED] at location (  31.500,    0.000) on layer 3 is NOT ON ALLOWED PIN LAYER.
**ERROR: (IMPPTN-1755):   Pin [D[3]] of partition [sram_w16_256] is [FIXED] at location (  29.900,    0.000) on layer 3 is NOT ON ALLOWED PIN LAYER.
**ERROR: (IMPPTN-1755):   Pin [D[2]] of partition [sram_w16_256] is [FIXED] at location (  28.300,    0.000) on layer 3 is NOT ON ALLOWED PIN LAYER.
**ERROR: (IMPPTN-1755):   Pin [D[1]] of partition [sram_w16_256] is [FIXED] at location (  26.700,    0.000) on layer 3 is NOT ON ALLOWED PIN LAYER.
**ERROR: (IMPPTN-1755):   Pin [D[0]] of partition [sram_w16_256] is [FIXED] at location (  25.100,    0.000) on layer 3 is NOT ON ALLOWED PIN LAYER.
**ERROR: (IMPPTN-1755):   Pin [Q[255]] of partition [sram_w16_256] is [FIXED] at location ( 433.100,  102.800) on layer 3 is NOT ON ALLOWED PIN LAYER.
**ERROR: (IMPPTN-1755):   Pin [Q[254]] of partition [sram_w16_256] is [FIXED] at location ( 431.500,  102.800) on layer 3 is NOT ON ALLOWED PIN LAYER.
**ERROR: (IMPPTN-1755):   Pin [Q[253]] of partition [sram_w16_256] is [FIXED] at location ( 429.900,  102.800) on layer 3 is NOT ON ALLOWED PIN LAYER.
**ERROR: (IMPPTN-1755):   Pin [Q[252]] of partition [sram_w16_256] is [FIXED] at location ( 428.300,  102.800) on layer 3 is NOT ON ALLOWED PIN LAYER.
**ERROR: (IMPPTN-1755):   Pin [Q[251]] of partition [sram_w16_256] is [FIXED] at location ( 426.700,  102.800) on layer 3 is NOT ON ALLOWED PIN LAYER.
**ERROR: (IMPPTN-1755):   Pin [Q[250]] of partition [sram_w16_256] is [FIXED] at location ( 425.100,  102.800) on layer 3 is NOT ON ALLOWED PIN LAYER.
**ERROR: (IMPPTN-1755):   Pin [Q[249]] of partition [sram_w16_256] is [FIXED] at location ( 423.500,  102.800) on layer 3 is NOT ON ALLOWED PIN LAYER.
**ERROR: (IMPPTN-1755):   Pin [Q[248]] of partition [sram_w16_256] is [FIXED] at location ( 421.900,  102.800) on layer 3 is NOT ON ALLOWED PIN LAYER.
**ERROR: (IMPPTN-1755):   Pin [Q[247]] of partition [sram_w16_256] is [FIXED] at location ( 420.300,  102.800) on layer 3 is NOT ON ALLOWED PIN LAYER.
**ERROR: (IMPPTN-1755):   Pin [Q[246]] of partition [sram_w16_256] is [FIXED] at location ( 418.700,  102.800) on layer 3 is NOT ON ALLOWED PIN LAYER.
**ERROR: (IMPPTN-1755):   Pin [Q[245]] of partition [sram_w16_256] is [FIXED] at location ( 417.100,  102.800) on layer 3 is NOT ON ALLOWED PIN LAYER.
**ERROR: (IMPPTN-1755):   Pin [Q[244]] of partition [sram_w16_256] is [FIXED] at location ( 415.500,  102.800) on layer 3 is NOT ON ALLOWED PIN LAYER.
**ERROR: (IMPPTN-1755):   Pin [Q[243]] of partition [sram_w16_256] is [FIXED] at location ( 413.900,  102.800) on layer 3 is NOT ON ALLOWED PIN LAYER.
**ERROR: (IMPPTN-1755):   Pin [Q[242]] of partition [sram_w16_256] is [FIXED] at location ( 412.300,  102.800) on layer 3 is NOT ON ALLOWED PIN LAYER.
**ERROR: (IMPPTN-1755):   Pin [Q[241]] of partition [sram_w16_256] is [FIXED] at location ( 410.700,  102.800) on layer 3 is NOT ON ALLOWED PIN LAYER.
**ERROR: (IMPPTN-1755):   Pin [Q[240]] of partition [sram_w16_256] is [FIXED] at location ( 409.100,  102.800) on layer 3 is NOT ON ALLOWED PIN LAYER.
**ERROR: (IMPPTN-1755):   Pin [Q[239]] of partition [sram_w16_256] is [FIXED] at location ( 407.500,  102.800) on layer 3 is NOT ON ALLOWED PIN LAYER.
**ERROR: (IMPPTN-1755):   Pin [Q[238]] of partition [sram_w16_256] is [FIXED] at location ( 405.900,  102.800) on layer 3 is NOT ON ALLOWED PIN LAYER.
**ERROR: (IMPPTN-1755):   Pin [Q[237]] of partition [sram_w16_256] is [FIXED] at location ( 404.300,  102.800) on layer 3 is NOT ON ALLOWED PIN LAYER.
**ERROR: (IMPPTN-1755):   Pin [Q[236]] of partition [sram_w16_256] is [FIXED] at location ( 402.700,  102.800) on layer 3 is NOT ON ALLOWED PIN LAYER.
**ERROR: (IMPPTN-1755):   Pin [Q[235]] of partition [sram_w16_256] is [FIXED] at location ( 401.100,  102.800) on layer 3 is NOT ON ALLOWED PIN LAYER.
**ERROR: (IMPPTN-1755):   Pin [Q[234]] of partition [sram_w16_256] is [FIXED] at location ( 399.500,  102.800) on layer 3 is NOT ON ALLOWED PIN LAYER.
**ERROR: (IMPPTN-1755):   Pin [Q[233]] of partition [sram_w16_256] is [FIXED] at location ( 397.900,  102.800) on layer 3 is NOT ON ALLOWED PIN LAYER.
**ERROR: (IMPPTN-1755):   Pin [Q[232]] of partition [sram_w16_256] is [FIXED] at location ( 396.300,  102.800) on layer 3 is NOT ON ALLOWED PIN LAYER.
**ERROR: (IMPPTN-1755):   Pin [Q[231]] of partition [sram_w16_256] is [FIXED] at location ( 394.700,  102.800) on layer 3 is NOT ON ALLOWED PIN LAYER.
**ERROR: (IMPPTN-1755):   Pin [Q[230]] of partition [sram_w16_256] is [FIXED] at location ( 393.100,  102.800) on layer 3 is NOT ON ALLOWED PIN LAYER.
**ERROR: (IMPPTN-1755):   Pin [Q[229]] of partition [sram_w16_256] is [FIXED] at location ( 391.500,  102.800) on layer 3 is NOT ON ALLOWED PIN LAYER.
**ERROR: (IMPPTN-1755):   Pin [Q[228]] of partition [sram_w16_256] is [FIXED] at location ( 389.900,  102.800) on layer 3 is NOT ON ALLOWED PIN LAYER.
**ERROR: (IMPPTN-1755):   Pin [Q[227]] of partition [sram_w16_256] is [FIXED] at location ( 388.300,  102.800) on layer 3 is NOT ON ALLOWED PIN LAYER.
**ERROR: (IMPPTN-1755):   Pin [Q[226]] of partition [sram_w16_256] is [FIXED] at location ( 386.700,  102.800) on layer 3 is NOT ON ALLOWED PIN LAYER.
**ERROR: (IMPPTN-1755):   Pin [Q[225]] of partition [sram_w16_256] is [FIXED] at location ( 385.100,  102.800) on layer 3 is NOT ON ALLOWED PIN LAYER.
**ERROR: (IMPPTN-1755):   Pin [Q[224]] of partition [sram_w16_256] is [FIXED] at location ( 383.500,  102.800) on layer 3 is NOT ON ALLOWED PIN LAYER.
**ERROR: (IMPPTN-1755):   Pin [Q[223]] of partition [sram_w16_256] is [FIXED] at location ( 381.900,  102.800) on layer 3 is NOT ON ALLOWED PIN LAYER.
**ERROR: (IMPPTN-1755):   Pin [Q[222]] of partition [sram_w16_256] is [FIXED] at location ( 380.300,  102.800) on layer 3 is NOT ON ALLOWED PIN LAYER.
**ERROR: (IMPPTN-1755):   Pin [Q[221]] of partition [sram_w16_256] is [FIXED] at location ( 378.700,  102.800) on layer 3 is NOT ON ALLOWED PIN LAYER.
**ERROR: (IMPPTN-1755):   Pin [Q[220]] of partition [sram_w16_256] is [FIXED] at location ( 377.100,  102.800) on layer 3 is NOT ON ALLOWED PIN LAYER.
**ERROR: (IMPPTN-1755):   Pin [Q[219]] of partition [sram_w16_256] is [FIXED] at location ( 375.500,  102.800) on layer 3 is NOT ON ALLOWED PIN LAYER.
**ERROR: (IMPPTN-1755):   Pin [Q[218]] of partition [sram_w16_256] is [FIXED] at location ( 373.900,  102.800) on layer 3 is NOT ON ALLOWED PIN LAYER.
**ERROR: (IMPPTN-1755):   Pin [Q[217]] of partition [sram_w16_256] is [FIXED] at location ( 372.300,  102.800) on layer 3 is NOT ON ALLOWED PIN LAYER.
**ERROR: (IMPPTN-1755):   Pin [Q[216]] of partition [sram_w16_256] is [FIXED] at location ( 370.700,  102.800) on layer 3 is NOT ON ALLOWED PIN LAYER.
**ERROR: (IMPPTN-1755):   Pin [Q[215]] of partition [sram_w16_256] is [FIXED] at location ( 369.100,  102.800) on layer 3 is NOT ON ALLOWED PIN LAYER.
**ERROR: (IMPPTN-1755):   Pin [Q[214]] of partition [sram_w16_256] is [FIXED] at location ( 367.500,  102.800) on layer 3 is NOT ON ALLOWED PIN LAYER.
**ERROR: (IMPPTN-1755):   Pin [Q[213]] of partition [sram_w16_256] is [FIXED] at location ( 365.900,  102.800) on layer 3 is NOT ON ALLOWED PIN LAYER.
**ERROR: (IMPPTN-1755):   Pin [Q[212]] of partition [sram_w16_256] is [FIXED] at location ( 364.300,  102.800) on layer 3 is NOT ON ALLOWED PIN LAYER.
**ERROR: (IMPPTN-1755):   Pin [Q[211]] of partition [sram_w16_256] is [FIXED] at location ( 362.700,  102.800) on layer 3 is NOT ON ALLOWED PIN LAYER.
**ERROR: (IMPPTN-1755):   Pin [Q[210]] of partition [sram_w16_256] is [FIXED] at location ( 361.100,  102.800) on layer 3 is NOT ON ALLOWED PIN LAYER.
**ERROR: (IMPPTN-1755):   Pin [Q[209]] of partition [sram_w16_256] is [FIXED] at location ( 359.500,  102.800) on layer 3 is NOT ON ALLOWED PIN LAYER.
**ERROR: (IMPPTN-1755):   Pin [Q[208]] of partition [sram_w16_256] is [FIXED] at location ( 357.900,  102.800) on layer 3 is NOT ON ALLOWED PIN LAYER.
**ERROR: (IMPPTN-1755):   Pin [Q[207]] of partition [sram_w16_256] is [FIXED] at location ( 356.300,  102.800) on layer 3 is NOT ON ALLOWED PIN LAYER.
**ERROR: (IMPPTN-1755):   Pin [Q[206]] of partition [sram_w16_256] is [FIXED] at location ( 354.700,  102.800) on layer 3 is NOT ON ALLOWED PIN LAYER.
**ERROR: (IMPPTN-1755):   Pin [Q[205]] of partition [sram_w16_256] is [FIXED] at location ( 353.100,  102.800) on layer 3 is NOT ON ALLOWED PIN LAYER.
**ERROR: (IMPPTN-1755):   Pin [Q[204]] of partition [sram_w16_256] is [FIXED] at location ( 351.500,  102.800) on layer 3 is NOT ON ALLOWED PIN LAYER.
**ERROR: (IMPPTN-1755):   Pin [Q[203]] of partition [sram_w16_256] is [FIXED] at location ( 349.900,  102.800) on layer 3 is NOT ON ALLOWED PIN LAYER.
**ERROR: (IMPPTN-1755):   Pin [Q[202]] of partition [sram_w16_256] is [FIXED] at location ( 348.300,  102.800) on layer 3 is NOT ON ALLOWED PIN LAYER.
**ERROR: (IMPPTN-1755):   Pin [Q[201]] of partition [sram_w16_256] is [FIXED] at location ( 346.700,  102.800) on layer 3 is NOT ON ALLOWED PIN LAYER.
**ERROR: (IMPPTN-1755):   Pin [Q[200]] of partition [sram_w16_256] is [FIXED] at location ( 345.100,  102.800) on layer 3 is NOT ON ALLOWED PIN LAYER.
**ERROR: (IMPPTN-1755):   Pin [Q[199]] of partition [sram_w16_256] is [FIXED] at location ( 343.500,  102.800) on layer 3 is NOT ON ALLOWED PIN LAYER.
**ERROR: (IMPPTN-1755):   Pin [Q[198]] of partition [sram_w16_256] is [FIXED] at location ( 341.900,  102.800) on layer 3 is NOT ON ALLOWED PIN LAYER.
**ERROR: (IMPPTN-1755):   Pin [Q[197]] of partition [sram_w16_256] is [FIXED] at location ( 340.300,  102.800) on layer 3 is NOT ON ALLOWED PIN LAYER.
**ERROR: (IMPPTN-1755):   Pin [Q[196]] of partition [sram_w16_256] is [FIXED] at location ( 338.700,  102.800) on layer 3 is NOT ON ALLOWED PIN LAYER.
**ERROR: (IMPPTN-1755):   Pin [Q[195]] of partition [sram_w16_256] is [FIXED] at location ( 337.100,  102.800) on layer 3 is NOT ON ALLOWED PIN LAYER.
**ERROR: (IMPPTN-1755):   Pin [Q[194]] of partition [sram_w16_256] is [FIXED] at location ( 335.500,  102.800) on layer 3 is NOT ON ALLOWED PIN LAYER.
**ERROR: (IMPPTN-1755):   Pin [Q[193]] of partition [sram_w16_256] is [FIXED] at location ( 333.900,  102.800) on layer 3 is NOT ON ALLOWED PIN LAYER.
**ERROR: (IMPPTN-1755):   Pin [Q[192]] of partition [sram_w16_256] is [FIXED] at location ( 332.300,  102.800) on layer 3 is NOT ON ALLOWED PIN LAYER.
**ERROR: (IMPPTN-1755):   Pin [Q[191]] of partition [sram_w16_256] is [FIXED] at location ( 330.700,  102.800) on layer 3 is NOT ON ALLOWED PIN LAYER.
**ERROR: (IMPPTN-1755):   Pin [Q[190]] of partition [sram_w16_256] is [FIXED] at location ( 329.100,  102.800) on layer 3 is NOT ON ALLOWED PIN LAYER.
**ERROR: (IMPPTN-1755):   Pin [Q[189]] of partition [sram_w16_256] is [FIXED] at location ( 327.500,  102.800) on layer 3 is NOT ON ALLOWED PIN LAYER.
**ERROR: (IMPPTN-1755):   Pin [Q[188]] of partition [sram_w16_256] is [FIXED] at location ( 325.900,  102.800) on layer 3 is NOT ON ALLOWED PIN LAYER.
**ERROR: (IMPPTN-1755):   Pin [Q[187]] of partition [sram_w16_256] is [FIXED] at location ( 324.300,  102.800) on layer 3 is NOT ON ALLOWED PIN LAYER.
**ERROR: (IMPPTN-1755):   Pin [Q[186]] of partition [sram_w16_256] is [FIXED] at location ( 322.700,  102.800) on layer 3 is NOT ON ALLOWED PIN LAYER.
**ERROR: (IMPPTN-1755):   Pin [Q[185]] of partition [sram_w16_256] is [FIXED] at location ( 321.100,  102.800) on layer 3 is NOT ON ALLOWED PIN LAYER.
**ERROR: (IMPPTN-1755):   Pin [Q[184]] of partition [sram_w16_256] is [FIXED] at location ( 319.500,  102.800) on layer 3 is NOT ON ALLOWED PIN LAYER.
**ERROR: (IMPPTN-1755):   Pin [Q[183]] of partition [sram_w16_256] is [FIXED] at location ( 317.900,  102.800) on layer 3 is NOT ON ALLOWED PIN LAYER.
**ERROR: (IMPPTN-1755):   Pin [Q[182]] of partition [sram_w16_256] is [FIXED] at location ( 316.300,  102.800) on layer 3 is NOT ON ALLOWED PIN LAYER.
**ERROR: (IMPPTN-1755):   Pin [Q[181]] of partition [sram_w16_256] is [FIXED] at location ( 314.700,  102.800) on layer 3 is NOT ON ALLOWED PIN LAYER.
**ERROR: (IMPPTN-1755):   Pin [Q[180]] of partition [sram_w16_256] is [FIXED] at location ( 313.100,  102.800) on layer 3 is NOT ON ALLOWED PIN LAYER.
**ERROR: (IMPPTN-1755):   Pin [Q[179]] of partition [sram_w16_256] is [FIXED] at location ( 311.500,  102.800) on layer 3 is NOT ON ALLOWED PIN LAYER.
**ERROR: (IMPPTN-1755):   Pin [Q[178]] of partition [sram_w16_256] is [FIXED] at location ( 309.900,  102.800) on layer 3 is NOT ON ALLOWED PIN LAYER.
**ERROR: (IMPPTN-1755):   Pin [Q[177]] of partition [sram_w16_256] is [FIXED] at location ( 308.300,  102.800) on layer 3 is NOT ON ALLOWED PIN LAYER.
**ERROR: (IMPPTN-1755):   Pin [Q[176]] of partition [sram_w16_256] is [FIXED] at location ( 306.700,  102.800) on layer 3 is NOT ON ALLOWED PIN LAYER.
**ERROR: (IMPPTN-1755):   Pin [Q[175]] of partition [sram_w16_256] is [FIXED] at location ( 305.100,  102.800) on layer 3 is NOT ON ALLOWED PIN LAYER.
**ERROR: (IMPPTN-1755):   Pin [Q[174]] of partition [sram_w16_256] is [FIXED] at location ( 303.500,  102.800) on layer 3 is NOT ON ALLOWED PIN LAYER.
**ERROR: (IMPPTN-1755):   Pin [Q[173]] of partition [sram_w16_256] is [FIXED] at location ( 301.900,  102.800) on layer 3 is NOT ON ALLOWED PIN LAYER.
**ERROR: (IMPPTN-1755):   Pin [Q[172]] of partition [sram_w16_256] is [FIXED] at location ( 300.300,  102.800) on layer 3 is NOT ON ALLOWED PIN LAYER.
**ERROR: (IMPPTN-1755):   Pin [Q[171]] of partition [sram_w16_256] is [FIXED] at location ( 298.700,  102.800) on layer 3 is NOT ON ALLOWED PIN LAYER.
**ERROR: (IMPPTN-1755):   Pin [Q[170]] of partition [sram_w16_256] is [FIXED] at location ( 297.100,  102.800) on layer 3 is NOT ON ALLOWED PIN LAYER.
**ERROR: (IMPPTN-1755):   Pin [Q[169]] of partition [sram_w16_256] is [FIXED] at location ( 295.500,  102.800) on layer 3 is NOT ON ALLOWED PIN LAYER.
**ERROR: (IMPPTN-1755):   Pin [Q[168]] of partition [sram_w16_256] is [FIXED] at location ( 293.900,  102.800) on layer 3 is NOT ON ALLOWED PIN LAYER.
**ERROR: (IMPPTN-1755):   Pin [Q[167]] of partition [sram_w16_256] is [FIXED] at location ( 292.300,  102.800) on layer 3 is NOT ON ALLOWED PIN LAYER.
**ERROR: (IMPPTN-1755):   Pin [Q[166]] of partition [sram_w16_256] is [FIXED] at location ( 290.700,  102.800) on layer 3 is NOT ON ALLOWED PIN LAYER.
**ERROR: (IMPPTN-1755):   Pin [Q[165]] of partition [sram_w16_256] is [FIXED] at location ( 289.100,  102.800) on layer 3 is NOT ON ALLOWED PIN LAYER.
**ERROR: (IMPPTN-1755):   Pin [Q[164]] of partition [sram_w16_256] is [FIXED] at location ( 287.500,  102.800) on layer 3 is NOT ON ALLOWED PIN LAYER.
**ERROR: (IMPPTN-1755):   Pin [Q[163]] of partition [sram_w16_256] is [FIXED] at location ( 285.900,  102.800) on layer 3 is NOT ON ALLOWED PIN LAYER.
**ERROR: (IMPPTN-1755):   Pin [Q[162]] of partition [sram_w16_256] is [FIXED] at location ( 284.300,  102.800) on layer 3 is NOT ON ALLOWED PIN LAYER.
**ERROR: (IMPPTN-1755):   Pin [Q[161]] of partition [sram_w16_256] is [FIXED] at location ( 282.700,  102.800) on layer 3 is NOT ON ALLOWED PIN LAYER.
**ERROR: (IMPPTN-1755):   Pin [Q[160]] of partition [sram_w16_256] is [FIXED] at location ( 281.100,  102.800) on layer 3 is NOT ON ALLOWED PIN LAYER.
**ERROR: (IMPPTN-1755):   Pin [Q[159]] of partition [sram_w16_256] is [FIXED] at location ( 279.500,  102.800) on layer 3 is NOT ON ALLOWED PIN LAYER.
**ERROR: (IMPPTN-1755):   Pin [Q[158]] of partition [sram_w16_256] is [FIXED] at location ( 277.900,  102.800) on layer 3 is NOT ON ALLOWED PIN LAYER.
**ERROR: (IMPPTN-1755):   Pin [Q[157]] of partition [sram_w16_256] is [FIXED] at location ( 276.300,  102.800) on layer 3 is NOT ON ALLOWED PIN LAYER.
**ERROR: (IMPPTN-1755):   Pin [Q[156]] of partition [sram_w16_256] is [FIXED] at location ( 274.700,  102.800) on layer 3 is NOT ON ALLOWED PIN LAYER.
**ERROR: (IMPPTN-1755):   Pin [Q[155]] of partition [sram_w16_256] is [FIXED] at location ( 273.100,  102.800) on layer 3 is NOT ON ALLOWED PIN LAYER.
**ERROR: (IMPPTN-1755):   Pin [Q[154]] of partition [sram_w16_256] is [FIXED] at location ( 271.500,  102.800) on layer 3 is NOT ON ALLOWED PIN LAYER.
**ERROR: (IMPPTN-1755):   Pin [Q[153]] of partition [sram_w16_256] is [FIXED] at location ( 269.900,  102.800) on layer 3 is NOT ON ALLOWED PIN LAYER.
**ERROR: (IMPPTN-1755):   Pin [Q[152]] of partition [sram_w16_256] is [FIXED] at location ( 268.300,  102.800) on layer 3 is NOT ON ALLOWED PIN LAYER.
**ERROR: (IMPPTN-1755):   Pin [Q[151]] of partition [sram_w16_256] is [FIXED] at location ( 266.700,  102.800) on layer 3 is NOT ON ALLOWED PIN LAYER.
**ERROR: (IMPPTN-1755):   Pin [Q[150]] of partition [sram_w16_256] is [FIXED] at location ( 265.100,  102.800) on layer 3 is NOT ON ALLOWED PIN LAYER.
**ERROR: (IMPPTN-1755):   Pin [Q[149]] of partition [sram_w16_256] is [FIXED] at location ( 263.500,  102.800) on layer 3 is NOT ON ALLOWED PIN LAYER.
**ERROR: (IMPPTN-1755):   Pin [Q[148]] of partition [sram_w16_256] is [FIXED] at location ( 261.900,  102.800) on layer 3 is NOT ON ALLOWED PIN LAYER.
**ERROR: (IMPPTN-1755):   Pin [Q[147]] of partition [sram_w16_256] is [FIXED] at location ( 260.300,  102.800) on layer 3 is NOT ON ALLOWED PIN LAYER.
**ERROR: (IMPPTN-1755):   Pin [Q[146]] of partition [sram_w16_256] is [FIXED] at location ( 258.700,  102.800) on layer 3 is NOT ON ALLOWED PIN LAYER.
**ERROR: (IMPPTN-1755):   Pin [Q[145]] of partition [sram_w16_256] is [FIXED] at location ( 257.100,  102.800) on layer 3 is NOT ON ALLOWED PIN LAYER.
**ERROR: (IMPPTN-1755):   Pin [Q[144]] of partition [sram_w16_256] is [FIXED] at location ( 255.500,  102.800) on layer 3 is NOT ON ALLOWED PIN LAYER.
**ERROR: (IMPPTN-1755):   Pin [Q[143]] of partition [sram_w16_256] is [FIXED] at location ( 253.900,  102.800) on layer 3 is NOT ON ALLOWED PIN LAYER.
**ERROR: (IMPPTN-1755):   Pin [Q[142]] of partition [sram_w16_256] is [FIXED] at location ( 252.300,  102.800) on layer 3 is NOT ON ALLOWED PIN LAYER.
**ERROR: (IMPPTN-1755):   Pin [Q[141]] of partition [sram_w16_256] is [FIXED] at location ( 250.700,  102.800) on layer 3 is NOT ON ALLOWED PIN LAYER.
**ERROR: (IMPPTN-1755):   Pin [Q[140]] of partition [sram_w16_256] is [FIXED] at location ( 249.100,  102.800) on layer 3 is NOT ON ALLOWED PIN LAYER.
**ERROR: (IMPPTN-1755):   Pin [Q[139]] of partition [sram_w16_256] is [FIXED] at location ( 247.500,  102.800) on layer 3 is NOT ON ALLOWED PIN LAYER.
**ERROR: (IMPPTN-1755):   Pin [Q[138]] of partition [sram_w16_256] is [FIXED] at location ( 245.900,  102.800) on layer 3 is NOT ON ALLOWED PIN LAYER.
**ERROR: (IMPPTN-1755):   Pin [Q[137]] of partition [sram_w16_256] is [FIXED] at location ( 244.300,  102.800) on layer 3 is NOT ON ALLOWED PIN LAYER.
**ERROR: (IMPPTN-1755):   Pin [Q[136]] of partition [sram_w16_256] is [FIXED] at location ( 242.700,  102.800) on layer 3 is NOT ON ALLOWED PIN LAYER.
**ERROR: (IMPPTN-1755):   Pin [Q[135]] of partition [sram_w16_256] is [FIXED] at location ( 241.100,  102.800) on layer 3 is NOT ON ALLOWED PIN LAYER.
**ERROR: (IMPPTN-1755):   Pin [Q[134]] of partition [sram_w16_256] is [FIXED] at location ( 239.500,  102.800) on layer 3 is NOT ON ALLOWED PIN LAYER.
**ERROR: (IMPPTN-1755):   Pin [Q[133]] of partition [sram_w16_256] is [FIXED] at location ( 237.900,  102.800) on layer 3 is NOT ON ALLOWED PIN LAYER.
**ERROR: (IMPPTN-1755):   Pin [Q[132]] of partition [sram_w16_256] is [FIXED] at location ( 236.300,  102.800) on layer 3 is NOT ON ALLOWED PIN LAYER.
**ERROR: (IMPPTN-1755):   Pin [Q[131]] of partition [sram_w16_256] is [FIXED] at location ( 234.700,  102.800) on layer 3 is NOT ON ALLOWED PIN LAYER.
**ERROR: (IMPPTN-1755):   Pin [Q[130]] of partition [sram_w16_256] is [FIXED] at location ( 233.100,  102.800) on layer 3 is NOT ON ALLOWED PIN LAYER.
**ERROR: (IMPPTN-1755):   Pin [Q[129]] of partition [sram_w16_256] is [FIXED] at location ( 231.500,  102.800) on layer 3 is NOT ON ALLOWED PIN LAYER.
**ERROR: (IMPPTN-1755):   Pin [Q[128]] of partition [sram_w16_256] is [FIXED] at location ( 229.900,  102.800) on layer 3 is NOT ON ALLOWED PIN LAYER.
**ERROR: (IMPPTN-1755):   Pin [Q[127]] of partition [sram_w16_256] is [FIXED] at location ( 228.300,  102.800) on layer 3 is NOT ON ALLOWED PIN LAYER.
**ERROR: (IMPPTN-1755):   Pin [Q[126]] of partition [sram_w16_256] is [FIXED] at location ( 226.700,  102.800) on layer 3 is NOT ON ALLOWED PIN LAYER.
**ERROR: (IMPPTN-1755):   Pin [Q[125]] of partition [sram_w16_256] is [FIXED] at location ( 225.100,  102.800) on layer 3 is NOT ON ALLOWED PIN LAYER.
**ERROR: (IMPPTN-1755):   Pin [Q[124]] of partition [sram_w16_256] is [FIXED] at location ( 223.500,  102.800) on layer 3 is NOT ON ALLOWED PIN LAYER.
**ERROR: (IMPPTN-1755):   Pin [Q[123]] of partition [sram_w16_256] is [FIXED] at location ( 221.900,  102.800) on layer 3 is NOT ON ALLOWED PIN LAYER.
**ERROR: (IMPPTN-1755):   Pin [Q[122]] of partition [sram_w16_256] is [FIXED] at location ( 220.300,  102.800) on layer 3 is NOT ON ALLOWED PIN LAYER.
**ERROR: (IMPPTN-1755):   Pin [Q[121]] of partition [sram_w16_256] is [FIXED] at location ( 218.700,  102.800) on layer 3 is NOT ON ALLOWED PIN LAYER.
**ERROR: (IMPPTN-1755):   Pin [Q[120]] of partition [sram_w16_256] is [FIXED] at location ( 217.100,  102.800) on layer 3 is NOT ON ALLOWED PIN LAYER.
**ERROR: (IMPPTN-1755):   Pin [Q[119]] of partition [sram_w16_256] is [FIXED] at location ( 215.500,  102.800) on layer 3 is NOT ON ALLOWED PIN LAYER.
**ERROR: (IMPPTN-1755):   Pin [Q[118]] of partition [sram_w16_256] is [FIXED] at location ( 213.900,  102.800) on layer 3 is NOT ON ALLOWED PIN LAYER.
**ERROR: (IMPPTN-1755):   Pin [Q[117]] of partition [sram_w16_256] is [FIXED] at location ( 212.300,  102.800) on layer 3 is NOT ON ALLOWED PIN LAYER.
**ERROR: (IMPPTN-1755):   Pin [Q[116]] of partition [sram_w16_256] is [FIXED] at location ( 210.700,  102.800) on layer 3 is NOT ON ALLOWED PIN LAYER.
**ERROR: (IMPPTN-1755):   Pin [Q[115]] of partition [sram_w16_256] is [FIXED] at location ( 209.100,  102.800) on layer 3 is NOT ON ALLOWED PIN LAYER.
**ERROR: (IMPPTN-1755):   Pin [Q[114]] of partition [sram_w16_256] is [FIXED] at location ( 207.500,  102.800) on layer 3 is NOT ON ALLOWED PIN LAYER.
**ERROR: (IMPPTN-1755):   Pin [Q[113]] of partition [sram_w16_256] is [FIXED] at location ( 205.900,  102.800) on layer 3 is NOT ON ALLOWED PIN LAYER.
**ERROR: (IMPPTN-1755):   Pin [Q[112]] of partition [sram_w16_256] is [FIXED] at location ( 204.300,  102.800) on layer 3 is NOT ON ALLOWED PIN LAYER.
**ERROR: (IMPPTN-1755):   Pin [Q[111]] of partition [sram_w16_256] is [FIXED] at location ( 202.700,  102.800) on layer 3 is NOT ON ALLOWED PIN LAYER.
**ERROR: (IMPPTN-1755):   Pin [Q[110]] of partition [sram_w16_256] is [FIXED] at location ( 201.100,  102.800) on layer 3 is NOT ON ALLOWED PIN LAYER.
**ERROR: (IMPPTN-1755):   Pin [Q[109]] of partition [sram_w16_256] is [FIXED] at location ( 199.500,  102.800) on layer 3 is NOT ON ALLOWED PIN LAYER.
**ERROR: (IMPPTN-1755):   Pin [Q[108]] of partition [sram_w16_256] is [FIXED] at location ( 197.900,  102.800) on layer 3 is NOT ON ALLOWED PIN LAYER.
**ERROR: (IMPPTN-1755):   Pin [Q[107]] of partition [sram_w16_256] is [FIXED] at location ( 196.300,  102.800) on layer 3 is NOT ON ALLOWED PIN LAYER.
**ERROR: (IMPPTN-1755):   Pin [Q[106]] of partition [sram_w16_256] is [FIXED] at location ( 194.700,  102.800) on layer 3 is NOT ON ALLOWED PIN LAYER.
**ERROR: (IMPPTN-1755):   Pin [Q[105]] of partition [sram_w16_256] is [FIXED] at location ( 193.100,  102.800) on layer 3 is NOT ON ALLOWED PIN LAYER.
**ERROR: (IMPPTN-1755):   Pin [Q[104]] of partition [sram_w16_256] is [FIXED] at location ( 191.500,  102.800) on layer 3 is NOT ON ALLOWED PIN LAYER.
**ERROR: (IMPPTN-1755):   Pin [Q[103]] of partition [sram_w16_256] is [FIXED] at location ( 189.900,  102.800) on layer 3 is NOT ON ALLOWED PIN LAYER.
**ERROR: (IMPPTN-1755):   Pin [Q[102]] of partition [sram_w16_256] is [FIXED] at location ( 188.300,  102.800) on layer 3 is NOT ON ALLOWED PIN LAYER.
**ERROR: (IMPPTN-1755):   Pin [Q[101]] of partition [sram_w16_256] is [FIXED] at location ( 186.700,  102.800) on layer 3 is NOT ON ALLOWED PIN LAYER.
**ERROR: (IMPPTN-1755):   Pin [Q[100]] of partition [sram_w16_256] is [FIXED] at location ( 185.100,  102.800) on layer 3 is NOT ON ALLOWED PIN LAYER.
**ERROR: (IMPPTN-1755):   Pin [Q[99]] of partition [sram_w16_256] is [FIXED] at location ( 183.500,  102.800) on layer 3 is NOT ON ALLOWED PIN LAYER.
**ERROR: (IMPPTN-1755):   Pin [Q[98]] of partition [sram_w16_256] is [FIXED] at location ( 181.900,  102.800) on layer 3 is NOT ON ALLOWED PIN LAYER.
**ERROR: (IMPPTN-1755):   Pin [Q[97]] of partition [sram_w16_256] is [FIXED] at location ( 180.300,  102.800) on layer 3 is NOT ON ALLOWED PIN LAYER.
**ERROR: (IMPPTN-1755):   Pin [Q[96]] of partition [sram_w16_256] is [FIXED] at location ( 178.700,  102.800) on layer 3 is NOT ON ALLOWED PIN LAYER.
**ERROR: (IMPPTN-1755):   Pin [Q[95]] of partition [sram_w16_256] is [FIXED] at location ( 177.100,  102.800) on layer 3 is NOT ON ALLOWED PIN LAYER.
**ERROR: (IMPPTN-1755):   Pin [Q[94]] of partition [sram_w16_256] is [FIXED] at location ( 175.500,  102.800) on layer 3 is NOT ON ALLOWED PIN LAYER.
**ERROR: (IMPPTN-1755):   Pin [Q[93]] of partition [sram_w16_256] is [FIXED] at location ( 173.900,  102.800) on layer 3 is NOT ON ALLOWED PIN LAYER.
**ERROR: (IMPPTN-1755):   Pin [Q[92]] of partition [sram_w16_256] is [FIXED] at location ( 172.300,  102.800) on layer 3 is NOT ON ALLOWED PIN LAYER.
**ERROR: (IMPPTN-1755):   Pin [Q[91]] of partition [sram_w16_256] is [FIXED] at location ( 170.700,  102.800) on layer 3 is NOT ON ALLOWED PIN LAYER.
**ERROR: (IMPPTN-1755):   Pin [Q[90]] of partition [sram_w16_256] is [FIXED] at location ( 169.100,  102.800) on layer 3 is NOT ON ALLOWED PIN LAYER.
**ERROR: (IMPPTN-1755):   Pin [Q[89]] of partition [sram_w16_256] is [FIXED] at location ( 167.500,  102.800) on layer 3 is NOT ON ALLOWED PIN LAYER.
**ERROR: (IMPPTN-1755):   Pin [Q[88]] of partition [sram_w16_256] is [FIXED] at location ( 165.900,  102.800) on layer 3 is NOT ON ALLOWED PIN LAYER.
**ERROR: (IMPPTN-1755):   Pin [Q[87]] of partition [sram_w16_256] is [FIXED] at location ( 164.300,  102.800) on layer 3 is NOT ON ALLOWED PIN LAYER.
**ERROR: (IMPPTN-1755):   Pin [Q[86]] of partition [sram_w16_256] is [FIXED] at location ( 162.700,  102.800) on layer 3 is NOT ON ALLOWED PIN LAYER.
**ERROR: (IMPPTN-1755):   Pin [Q[85]] of partition [sram_w16_256] is [FIXED] at location ( 161.100,  102.800) on layer 3 is NOT ON ALLOWED PIN LAYER.
**ERROR: (IMPPTN-1755):   Pin [Q[84]] of partition [sram_w16_256] is [FIXED] at location ( 159.500,  102.800) on layer 3 is NOT ON ALLOWED PIN LAYER.
**ERROR: (IMPPTN-1755):   Pin [Q[83]] of partition [sram_w16_256] is [FIXED] at location ( 157.900,  102.800) on layer 3 is NOT ON ALLOWED PIN LAYER.
**ERROR: (IMPPTN-1755):   Pin [Q[82]] of partition [sram_w16_256] is [FIXED] at location ( 156.300,  102.800) on layer 3 is NOT ON ALLOWED PIN LAYER.
**ERROR: (IMPPTN-1755):   Pin [Q[81]] of partition [sram_w16_256] is [FIXED] at location ( 154.700,  102.800) on layer 3 is NOT ON ALLOWED PIN LAYER.
**ERROR: (IMPPTN-1755):   Pin [Q[80]] of partition [sram_w16_256] is [FIXED] at location ( 153.100,  102.800) on layer 3 is NOT ON ALLOWED PIN LAYER.
**ERROR: (IMPPTN-1755):   Pin [Q[79]] of partition [sram_w16_256] is [FIXED] at location ( 151.500,  102.800) on layer 3 is NOT ON ALLOWED PIN LAYER.
**ERROR: (IMPPTN-1755):   Pin [Q[78]] of partition [sram_w16_256] is [FIXED] at location ( 149.900,  102.800) on layer 3 is NOT ON ALLOWED PIN LAYER.
**ERROR: (IMPPTN-1755):   Pin [Q[77]] of partition [sram_w16_256] is [FIXED] at location ( 148.300,  102.800) on layer 3 is NOT ON ALLOWED PIN LAYER.
**ERROR: (IMPPTN-1755):   Pin [Q[76]] of partition [sram_w16_256] is [FIXED] at location ( 146.700,  102.800) on layer 3 is NOT ON ALLOWED PIN LAYER.
**ERROR: (IMPPTN-1755):   Pin [Q[75]] of partition [sram_w16_256] is [FIXED] at location ( 145.100,  102.800) on layer 3 is NOT ON ALLOWED PIN LAYER.
**ERROR: (IMPPTN-1755):   Pin [Q[74]] of partition [sram_w16_256] is [FIXED] at location ( 143.500,  102.800) on layer 3 is NOT ON ALLOWED PIN LAYER.
**ERROR: (IMPPTN-1755):   Pin [Q[73]] of partition [sram_w16_256] is [FIXED] at location ( 141.900,  102.800) on layer 3 is NOT ON ALLOWED PIN LAYER.
**ERROR: (IMPPTN-1755):   Pin [Q[72]] of partition [sram_w16_256] is [FIXED] at location ( 140.300,  102.800) on layer 3 is NOT ON ALLOWED PIN LAYER.
**ERROR: (IMPPTN-1755):   Pin [Q[71]] of partition [sram_w16_256] is [FIXED] at location ( 138.700,  102.800) on layer 3 is NOT ON ALLOWED PIN LAYER.
**ERROR: (IMPPTN-1755):   Pin [Q[70]] of partition [sram_w16_256] is [FIXED] at location ( 137.100,  102.800) on layer 3 is NOT ON ALLOWED PIN LAYER.
**ERROR: (IMPPTN-1755):   Pin [Q[69]] of partition [sram_w16_256] is [FIXED] at location ( 135.500,  102.800) on layer 3 is NOT ON ALLOWED PIN LAYER.
**ERROR: (IMPPTN-1755):   Pin [Q[68]] of partition [sram_w16_256] is [FIXED] at location ( 133.900,  102.800) on layer 3 is NOT ON ALLOWED PIN LAYER.
**ERROR: (IMPPTN-1755):   Pin [Q[67]] of partition [sram_w16_256] is [FIXED] at location ( 132.300,  102.800) on layer 3 is NOT ON ALLOWED PIN LAYER.
**ERROR: (IMPPTN-1755):   Pin [Q[66]] of partition [sram_w16_256] is [FIXED] at location ( 130.700,  102.800) on layer 3 is NOT ON ALLOWED PIN LAYER.
**ERROR: (IMPPTN-1755):   Pin [Q[65]] of partition [sram_w16_256] is [FIXED] at location ( 129.100,  102.800) on layer 3 is NOT ON ALLOWED PIN LAYER.
**ERROR: (IMPPTN-1755):   Pin [Q[64]] of partition [sram_w16_256] is [FIXED] at location ( 127.500,  102.800) on layer 3 is NOT ON ALLOWED PIN LAYER.
**ERROR: (IMPPTN-1755):   Pin [Q[63]] of partition [sram_w16_256] is [FIXED] at location ( 125.900,  102.800) on layer 3 is NOT ON ALLOWED PIN LAYER.
**ERROR: (IMPPTN-1755):   Pin [Q[62]] of partition [sram_w16_256] is [FIXED] at location ( 124.300,  102.800) on layer 3 is NOT ON ALLOWED PIN LAYER.
**ERROR: (IMPPTN-1755):   Pin [Q[61]] of partition [sram_w16_256] is [FIXED] at location ( 122.700,  102.800) on layer 3 is NOT ON ALLOWED PIN LAYER.
**ERROR: (IMPPTN-1755):   Pin [Q[60]] of partition [sram_w16_256] is [FIXED] at location ( 121.100,  102.800) on layer 3 is NOT ON ALLOWED PIN LAYER.
**ERROR: (IMPPTN-1755):   Pin [Q[59]] of partition [sram_w16_256] is [FIXED] at location ( 119.500,  102.800) on layer 3 is NOT ON ALLOWED PIN LAYER.
**ERROR: (IMPPTN-1755):   Pin [Q[58]] of partition [sram_w16_256] is [FIXED] at location ( 117.900,  102.800) on layer 3 is NOT ON ALLOWED PIN LAYER.
**ERROR: (IMPPTN-1755):   Pin [Q[57]] of partition [sram_w16_256] is [FIXED] at location ( 116.300,  102.800) on layer 3 is NOT ON ALLOWED PIN LAYER.
**ERROR: (IMPPTN-1755):   Pin [Q[56]] of partition [sram_w16_256] is [FIXED] at location ( 114.700,  102.800) on layer 3 is NOT ON ALLOWED PIN LAYER.
**ERROR: (IMPPTN-1755):   Pin [Q[55]] of partition [sram_w16_256] is [FIXED] at location ( 113.100,  102.800) on layer 3 is NOT ON ALLOWED PIN LAYER.
**ERROR: (IMPPTN-1755):   Pin [Q[54]] of partition [sram_w16_256] is [FIXED] at location ( 111.500,  102.800) on layer 3 is NOT ON ALLOWED PIN LAYER.
**ERROR: (IMPPTN-1755):   Pin [Q[53]] of partition [sram_w16_256] is [FIXED] at location ( 109.900,  102.800) on layer 3 is NOT ON ALLOWED PIN LAYER.
**ERROR: (IMPPTN-1755):   Pin [Q[52]] of partition [sram_w16_256] is [FIXED] at location ( 108.300,  102.800) on layer 3 is NOT ON ALLOWED PIN LAYER.
**ERROR: (IMPPTN-1755):   Pin [Q[51]] of partition [sram_w16_256] is [FIXED] at location ( 106.700,  102.800) on layer 3 is NOT ON ALLOWED PIN LAYER.
**ERROR: (IMPPTN-1755):   Pin [Q[50]] of partition [sram_w16_256] is [FIXED] at location ( 105.100,  102.800) on layer 3 is NOT ON ALLOWED PIN LAYER.
**ERROR: (IMPPTN-1755):   Pin [Q[49]] of partition [sram_w16_256] is [FIXED] at location ( 103.500,  102.800) on layer 3 is NOT ON ALLOWED PIN LAYER.
**ERROR: (IMPPTN-1755):   Pin [Q[48]] of partition [sram_w16_256] is [FIXED] at location ( 101.900,  102.800) on layer 3 is NOT ON ALLOWED PIN LAYER.
**ERROR: (IMPPTN-1755):   Pin [Q[47]] of partition [sram_w16_256] is [FIXED] at location ( 100.300,  102.800) on layer 3 is NOT ON ALLOWED PIN LAYER.
**ERROR: (IMPPTN-1755):   Pin [Q[46]] of partition [sram_w16_256] is [FIXED] at location (  98.700,  102.800) on layer 3 is NOT ON ALLOWED PIN LAYER.
**ERROR: (IMPPTN-1755):   Pin [Q[45]] of partition [sram_w16_256] is [FIXED] at location (  97.100,  102.800) on layer 3 is NOT ON ALLOWED PIN LAYER.
**ERROR: (IMPPTN-1755):   Pin [Q[44]] of partition [sram_w16_256] is [FIXED] at location (  95.500,  102.800) on layer 3 is NOT ON ALLOWED PIN LAYER.
**ERROR: (IMPPTN-1755):   Pin [Q[43]] of partition [sram_w16_256] is [FIXED] at location (  93.900,  102.800) on layer 3 is NOT ON ALLOWED PIN LAYER.
**ERROR: (IMPPTN-1755):   Pin [Q[42]] of partition [sram_w16_256] is [FIXED] at location (  92.300,  102.800) on layer 3 is NOT ON ALLOWED PIN LAYER.
**ERROR: (IMPPTN-1755):   Pin [Q[41]] of partition [sram_w16_256] is [FIXED] at location (  90.700,  102.800) on layer 3 is NOT ON ALLOWED PIN LAYER.
**ERROR: (IMPPTN-1755):   Pin [Q[40]] of partition [sram_w16_256] is [FIXED] at location (  89.100,  102.800) on layer 3 is NOT ON ALLOWED PIN LAYER.
**ERROR: (IMPPTN-1755):   Pin [Q[39]] of partition [sram_w16_256] is [FIXED] at location (  87.500,  102.800) on layer 3 is NOT ON ALLOWED PIN LAYER.
**ERROR: (IMPPTN-1755):   Pin [Q[38]] of partition [sram_w16_256] is [FIXED] at location (  85.900,  102.800) on layer 3 is NOT ON ALLOWED PIN LAYER.
**ERROR: (IMPPTN-1755):   Pin [Q[37]] of partition [sram_w16_256] is [FIXED] at location (  84.300,  102.800) on layer 3 is NOT ON ALLOWED PIN LAYER.
**ERROR: (IMPPTN-1755):   Pin [Q[36]] of partition [sram_w16_256] is [FIXED] at location (  82.700,  102.800) on layer 3 is NOT ON ALLOWED PIN LAYER.
**ERROR: (IMPPTN-1755):   Pin [Q[35]] of partition [sram_w16_256] is [FIXED] at location (  81.100,  102.800) on layer 3 is NOT ON ALLOWED PIN LAYER.
**ERROR: (IMPPTN-1755):   Pin [Q[34]] of partition [sram_w16_256] is [FIXED] at location (  79.500,  102.800) on layer 3 is NOT ON ALLOWED PIN LAYER.
**ERROR: (IMPPTN-1755):   Pin [Q[33]] of partition [sram_w16_256] is [FIXED] at location (  77.900,  102.800) on layer 3 is NOT ON ALLOWED PIN LAYER.
**ERROR: (IMPPTN-1755):   Pin [Q[32]] of partition [sram_w16_256] is [FIXED] at location (  76.300,  102.800) on layer 3 is NOT ON ALLOWED PIN LAYER.
**ERROR: (IMPPTN-1755):   Pin [Q[31]] of partition [sram_w16_256] is [FIXED] at location (  74.700,  102.800) on layer 3 is NOT ON ALLOWED PIN LAYER.
**ERROR: (IMPPTN-1755):   Pin [Q[30]] of partition [sram_w16_256] is [FIXED] at location (  73.100,  102.800) on layer 3 is NOT ON ALLOWED PIN LAYER.
**ERROR: (IMPPTN-1755):   Pin [Q[29]] of partition [sram_w16_256] is [FIXED] at location (  71.500,  102.800) on layer 3 is NOT ON ALLOWED PIN LAYER.
**ERROR: (IMPPTN-1755):   Pin [Q[28]] of partition [sram_w16_256] is [FIXED] at location (  69.900,  102.800) on layer 3 is NOT ON ALLOWED PIN LAYER.
**ERROR: (IMPPTN-1755):   Pin [Q[27]] of partition [sram_w16_256] is [FIXED] at location (  68.300,  102.800) on layer 3 is NOT ON ALLOWED PIN LAYER.
**ERROR: (IMPPTN-1755):   Pin [Q[26]] of partition [sram_w16_256] is [FIXED] at location (  66.700,  102.800) on layer 3 is NOT ON ALLOWED PIN LAYER.
**ERROR: (IMPPTN-1755):   Pin [Q[25]] of partition [sram_w16_256] is [FIXED] at location (  65.100,  102.800) on layer 3 is NOT ON ALLOWED PIN LAYER.
**ERROR: (IMPPTN-1755):   Pin [Q[24]] of partition [sram_w16_256] is [FIXED] at location (  63.500,  102.800) on layer 3 is NOT ON ALLOWED PIN LAYER.
**ERROR: (IMPPTN-1755):   Pin [Q[23]] of partition [sram_w16_256] is [FIXED] at location (  61.900,  102.800) on layer 3 is NOT ON ALLOWED PIN LAYER.
**ERROR: (IMPPTN-1755):   Pin [Q[22]] of partition [sram_w16_256] is [FIXED] at location (  60.300,  102.800) on layer 3 is NOT ON ALLOWED PIN LAYER.
**ERROR: (IMPPTN-1755):   Pin [Q[21]] of partition [sram_w16_256] is [FIXED] at location (  58.700,  102.800) on layer 3 is NOT ON ALLOWED PIN LAYER.
**ERROR: (IMPPTN-1755):   Pin [Q[20]] of partition [sram_w16_256] is [FIXED] at location (  57.100,  102.800) on layer 3 is NOT ON ALLOWED PIN LAYER.
**ERROR: (IMPPTN-1755):   Pin [Q[19]] of partition [sram_w16_256] is [FIXED] at location (  55.500,  102.800) on layer 3 is NOT ON ALLOWED PIN LAYER.
**ERROR: (IMPPTN-1755):   Pin [Q[18]] of partition [sram_w16_256] is [FIXED] at location (  53.900,  102.800) on layer 3 is NOT ON ALLOWED PIN LAYER.
**ERROR: (IMPPTN-1755):   Pin [Q[17]] of partition [sram_w16_256] is [FIXED] at location (  52.300,  102.800) on layer 3 is NOT ON ALLOWED PIN LAYER.
**ERROR: (IMPPTN-1755):   Pin [Q[16]] of partition [sram_w16_256] is [FIXED] at location (  50.700,  102.800) on layer 3 is NOT ON ALLOWED PIN LAYER.
**ERROR: (IMPPTN-1755):   Pin [Q[15]] of partition [sram_w16_256] is [FIXED] at location (  49.100,  102.800) on layer 3 is NOT ON ALLOWED PIN LAYER.
**ERROR: (IMPPTN-1755):   Pin [Q[14]] of partition [sram_w16_256] is [FIXED] at location (  47.500,  102.800) on layer 3 is NOT ON ALLOWED PIN LAYER.
**ERROR: (IMPPTN-1755):   Pin [Q[13]] of partition [sram_w16_256] is [FIXED] at location (  45.900,  102.800) on layer 3 is NOT ON ALLOWED PIN LAYER.
**ERROR: (IMPPTN-1755):   Pin [Q[12]] of partition [sram_w16_256] is [FIXED] at location (  44.300,  102.800) on layer 3 is NOT ON ALLOWED PIN LAYER.
**ERROR: (IMPPTN-1755):   Pin [Q[11]] of partition [sram_w16_256] is [FIXED] at location (  42.700,  102.800) on layer 3 is NOT ON ALLOWED PIN LAYER.
**ERROR: (IMPPTN-1755):   Pin [Q[10]] of partition [sram_w16_256] is [FIXED] at location (  41.100,  102.800) on layer 3 is NOT ON ALLOWED PIN LAYER.
**ERROR: (IMPPTN-1755):   Pin [Q[9]] of partition [sram_w16_256] is [FIXED] at location (  39.500,  102.800) on layer 3 is NOT ON ALLOWED PIN LAYER.
**ERROR: (IMPPTN-1755):   Pin [Q[8]] of partition [sram_w16_256] is [FIXED] at location (  37.900,  102.800) on layer 3 is NOT ON ALLOWED PIN LAYER.
**ERROR: (IMPPTN-1755):   Pin [Q[7]] of partition [sram_w16_256] is [FIXED] at location (  36.300,  102.800) on layer 3 is NOT ON ALLOWED PIN LAYER.
**ERROR: (IMPPTN-1755):   Pin [Q[6]] of partition [sram_w16_256] is [FIXED] at location (  34.700,  102.800) on layer 3 is NOT ON ALLOWED PIN LAYER.
**ERROR: (IMPPTN-1755):   Pin [Q[5]] of partition [sram_w16_256] is [FIXED] at location (  33.100,  102.800) on layer 3 is NOT ON ALLOWED PIN LAYER.
**ERROR: (IMPPTN-1755):   Pin [Q[4]] of partition [sram_w16_256] is [FIXED] at location (  31.500,  102.800) on layer 3 is NOT ON ALLOWED PIN LAYER.
**ERROR: (IMPPTN-1755):   Pin [Q[3]] of partition [sram_w16_256] is [FIXED] at location (  29.900,  102.800) on layer 3 is NOT ON ALLOWED PIN LAYER.
**ERROR: (IMPPTN-1755):   Pin [Q[2]] of partition [sram_w16_256] is [FIXED] at location (  28.300,  102.800) on layer 3 is NOT ON ALLOWED PIN LAYER.
**ERROR: (IMPPTN-1755):   Pin [Q[1]] of partition [sram_w16_256] is [FIXED] at location (  26.700,  102.800) on layer 3 is NOT ON ALLOWED PIN LAYER.
**ERROR: (IMPPTN-1755):   Pin [Q[0]] of partition [sram_w16_256] is [FIXED] at location (  25.100,  102.800) on layer 3 is NOT ON ALLOWED PIN LAYER.
Summary report for top level: [sram_w16_256] 
	Total Pins                         : 519
	Legally Assigned Pins              : 7
	Illegally Assigned Pins            : 512
End of Summary report
End Checking pins of top cell: [sram_w16_256] 

