###############################################################
#  Generated by:      Cadence Innovus 15.23-s045_1
#  OS:                Linux x86_64(Host ID ieng6-ece-17.ucsd.edu)
#  Generated on:      Fri Mar 21 19:10:38 2025
#  Design:            sram_w16_256
#  Command:           verifyConnectivity
###############################################################
Verify Connectivity Report is created on Fri Mar 21 19:10:38 2025



Net VDD: dangling Wire at (440.200, 82.000) (440.200, 82.000) on layer: M1
Net VSS: dangling Wire at (285.130, 10.000) (285.130, 10.000) on layer: M4
Net VSS: dangling Wire at (285.130, 92.800) (285.130, 92.800) on layer: M4
Net VSS: dangling Wire at (412.195, 10.000) (412.195, 10.000) on layer: M4
Net VSS: dangling Wire at (412.195, 92.800) (412.195, 92.800) on layer: M4
Net VSS: dangling Wire at (31.000, 10.000) (31.000, 10.000) on layer: M4
Net VSS: dangling Wire at (31.000, 92.800) (31.000, 92.800) on layer: M4
Net VSS: dangling Wire at (158.065, 10.000) (158.065, 10.000) on layer: M4
Net VSS: dangling Wire at (158.065, 92.800) (158.065, 92.800) on layer: M4

Begin Summary
    9 Problem(s) (IMPVFC-94): The net has dangling wire(s).
    9 total info(s) created.
End Summary
