
Cadence Innovus(TM) Implementation System.
Copyright 2015 Cadence Design Systems, Inc. All rights reserved worldwide.

Version:	v15.23-s045_1, built Fri Apr 22 12:32:52 PDT 2016
Options:	
Date:		Sat Mar 15 18:57:11 2025
Host:		ieng6-ece-06.ucsd.edu (x86_64 w/Linux 3.10.0-1160.119.1.el7.x86_64) (4cores*8cpus*Intel(R) Xeon(R) Gold 5220 CPU @ 2.20GHz 25344KB)
OS:		CentOS Linux release 7.9.2009 (Core)

License:
		invs	Innovus Implementation System	15.2	checkout succeeded
		8 CPU jobs allowed with the current license(s). Use setMultiCpuUsage to set your required CPU count.
**ERROR: (IMPOAX-142):	Could not open shared library libinnovusoax22.so : /acsnfs3/software/cadence-innovus152/tools/lib/64bit/libcdsSkillPcell.so: undefined symbol: _ZTIN12OpenAccess_413oaFSComponentE

**ERROR: (IMPOAX-142):	Could not open shared library libcdsSkillPcell.so : (null)

**ERROR: (IMPOAX-142):	OA features will be disabled in this session.


**INFO:  MMMC transition support version v31-84 

<CMD> set_global _enable_mmmc_by_default_flow      $CTE::mmmc_default
<CMD> suppressMessage ENCEXT-2799
<CMD> getDrawView
<CMD> loadWorkspace -name Physical
<CMD> win
<CMD> set init_pwr_net VDD
<CMD> set init_gnd_net VSS
<CMD> set init_verilog ./netlist/sram_w16_160.out.v
<CMD> set init_design_netlisttype Verilog
<CMD> set init_design_settop 1
<CMD> set init_top_cell sram_w16_160
<CMD> set init_lef_file /home/linux/ieng6/ee260bwi25/public/PDKdata/lef/tcbn65gplus_8lmT2.lef
<CMD> create_library_set -name WC_LIB -timing $worst_timing_lib
<CMD> create_library_set -name BC_LIB -timing $best_timing_lib
<CMD> create_rc_corner -name Cmax -cap_table $worst_captbl -T 125
<CMD> create_rc_corner -name Cmin -cap_table $best_captbl -T -40
<CMD> create_delay_corner -name WC -library_set WC_LIB -rc_corner Cmax
<CMD> create_delay_corner -name BC -library_set BC_LIB -rc_corner Cmin
<CMD> create_constraint_mode -name CON -sdc_file [list $sdc]
<CMD> create_analysis_view -name WC_VIEW -delay_corner WC -constraint_mode CON
<CMD> create_analysis_view -name BC_VIEW -delay_corner BC -constraint_mode CON
<CMD> init_design -setup WC_VIEW -hold BC_VIEW
**ERROR: (IMPOAX-820):	The OA features are disabled in the current session of Innovus because the oax shared library could not be loaded properly. This could be because your installation was not properly configured. To enable OA features, exit the current session and re-launch Innovus either after fixing your installation by running the Configure Installation phase, or after setting the OA_HOME variable to point to a proper OA installation. Check the "OpenAccess Installation and Configuration Guide" manual for more information.

**ERROR: (IMPOAX-850):	oaxCreateCdsLibArray command cannot be run as OA features are disabled in this session.

Loading LEF file /home/linux/ieng6/ee260bwi25/public/PDKdata/lef/tcbn65gplus_8lmT2.lef ...
WARNING (LEFPARS-2007): NAMESCASESENSITIVE statement is obsolete in version 5.6 and later.
The LEF parser will ignore this statement.
To avoid this warning in the future, remove this statement from the LEF file with version 5.6 or later. See file /home/linux/ieng6/ee260bwi25/public/PDKdata/lef/tcbn65gplus_8lmT2.lef at line 28.
WARNING (LEFPARS-2019): TOPOFSTACKONLY statement is obsolete in version 5.6 and later.
The LEF parser will ignore this statement.
To avoid this warning in the future, remove this statement from the LEF file with version 5.6 or later See file /home/linux/ieng6/ee260bwi25/public/PDKdata/lef/tcbn65gplus_8lmT2.lef at line 867.
WARNING (LEFPARS-2019): TOPOFSTACKONLY statement is obsolete in version 5.6 and later.
The LEF parser will ignore this statement.
To avoid this warning in the future, remove this statement from the LEF file with version 5.6 or later See file /home/linux/ieng6/ee260bwi25/public/PDKdata/lef/tcbn65gplus_8lmT2.lef at line 877.
WARNING (LEFPARS-2019): TOPOFSTACKONLY statement is obsolete in version 5.6 and later.
The LEF parser will ignore this statement.
To avoid this warning in the future, remove this statement from the LEF file with version 5.6 or later See file /home/linux/ieng6/ee260bwi25/public/PDKdata/lef/tcbn65gplus_8lmT2.lef at line 1014.
WARNING (LEFPARS-2019): TOPOFSTACKONLY statement is obsolete in version 5.6 and later.
The LEF parser will ignore this statement.
To avoid this warning in the future, remove this statement from the LEF file with version 5.6 or later See file /home/linux/ieng6/ee260bwi25/public/PDKdata/lef/tcbn65gplus_8lmT2.lef at line 1024.
WARNING (LEFPARS-2019): TOPOFSTACKONLY statement is obsolete in version 5.6 and later.
The LEF parser will ignore this statement.
To avoid this warning in the future, remove this statement from the LEF file with version 5.6 or later See file /home/linux/ieng6/ee260bwi25/public/PDKdata/lef/tcbn65gplus_8lmT2.lef at line 1161.
WARNING (LEFPARS-2019): TOPOFSTACKONLY statement is obsolete in version 5.6 and later.
The LEF parser will ignore this statement.
To avoid this warning in the future, remove this statement from the LEF file with version 5.6 or later See file /home/linux/ieng6/ee260bwi25/public/PDKdata/lef/tcbn65gplus_8lmT2.lef at line 1171.
WARNING (LEFPARS-2019): TOPOFSTACKONLY statement is obsolete in version 5.6 and later.
The LEF parser will ignore this statement.
To avoid this warning in the future, remove this statement from the LEF file with version 5.6 or later See file /home/linux/ieng6/ee260bwi25/public/PDKdata/lef/tcbn65gplus_8lmT2.lef at line 1308.
WARNING (LEFPARS-2019): TOPOFSTACKONLY statement is obsolete in version 5.6 and later.
The LEF parser will ignore this statement.
To avoid this warning in the future, remove this statement from the LEF file with version 5.6 or later See file /home/linux/ieng6/ee260bwi25/public/PDKdata/lef/tcbn65gplus_8lmT2.lef at line 1318.
WARNING (LEFPARS-2019): TOPOFSTACKONLY statement is obsolete in version 5.6 and later.
The LEF parser will ignore this statement.
To avoid this warning in the future, remove this statement from the LEF file with version 5.6 or later See file /home/linux/ieng6/ee260bwi25/public/PDKdata/lef/tcbn65gplus_8lmT2.lef at line 1372.
WARNING (LEFPARS-2019): TOPOFSTACKONLY statement is obsolete in version 5.6 and later.
The LEF parser will ignore this statement.
To avoid this warning in the future, remove this statement from the LEF file with version 5.6 or later See file /home/linux/ieng6/ee260bwi25/public/PDKdata/lef/tcbn65gplus_8lmT2.lef at line 1383.
WARNING (LEFPARS-2019): TOPOFSTACKONLY statement is obsolete in version 5.6 and later.
The LEF parser will ignore this statement.
To avoid this warning in the future, remove this statement from the LEF file with version 5.6 or later See file /home/linux/ieng6/ee260bwi25/public/PDKdata/lef/tcbn65gplus_8lmT2.lef at line 1604.
WARNING (LEFPARS-2019): TOPOFSTACKONLY statement is obsolete in version 5.6 and later.
The LEF parser will ignore this statement.
To avoid this warning in the future, remove this statement from the LEF file with version 5.6 or later See file /home/linux/ieng6/ee260bwi25/public/PDKdata/lef/tcbn65gplus_8lmT2.lef at line 1614.
WARNING (LEFPARS-2022): DIRECTION statement in VIARULE is obsolete in version 5.6 and later.
The LEF parser will ignore this statement.
To avoid this warning in the future, remove this statement from the LEF file with version 5.6 or later. See file /home/linux/ieng6/ee260bwi25/public/PDKdata/lef/tcbn65gplus_8lmT2.lef at line 1769.
WARNING (LEFPARS-2022): DIRECTION statement in VIARULE is obsolete in version 5.6 and later.
The LEF parser will ignore this statement.
To avoid this warning in the future, remove this statement from the LEF file with version 5.6 or later. See file /home/linux/ieng6/ee260bwi25/public/PDKdata/lef/tcbn65gplus_8lmT2.lef at line 1771.
WARNING (LEFPARS-2021): turn-via is obsolete in version 5.6 and later.
The LEF parser will ignore this statement.
To avoid this warning in the future, remove this statement from the LEF file with version 5.6 or later. See file /home/linux/ieng6/ee260bwi25/public/PDKdata/lef/tcbn65gplus_8lmT2.lef at line 1772.
WARNING (LEFPARS-2022): DIRECTION statement in VIARULE is obsolete in version 5.6 and later.
The LEF parser will ignore this statement.
To avoid this warning in the future, remove this statement from the LEF file with version 5.6 or later. See file /home/linux/ieng6/ee260bwi25/public/PDKdata/lef/tcbn65gplus_8lmT2.lef at line 1776.
WARNING (LEFPARS-2022): DIRECTION statement in VIARULE is obsolete in version 5.6 and later.
The LEF parser will ignore this statement.
To avoid this warning in the future, remove this statement from the LEF file with version 5.6 or later. See file /home/linux/ieng6/ee260bwi25/public/PDKdata/lef/tcbn65gplus_8lmT2.lef at line 1778.
WARNING (LEFPARS-2021): turn-via is obsolete in version 5.6 and later.
The LEF parser will ignore this statement.
To avoid this warning in the future, remove this statement from the LEF file with version 5.6 or later. See file /home/linux/ieng6/ee260bwi25/public/PDKdata/lef/tcbn65gplus_8lmT2.lef at line 1779.
WARNING (LEFPARS-2022): DIRECTION statement in VIARULE is obsolete in version 5.6 and later.
The LEF parser will ignore this statement.
To avoid this warning in the future, remove this statement from the LEF file with version 5.6 or later. See file /home/linux/ieng6/ee260bwi25/public/PDKdata/lef/tcbn65gplus_8lmT2.lef at line 1783.
Set DBUPerIGU to M2 pitch 400.
**WARN: (IMPLF-200):	Pin 'I' in macro 'ANTENNA' has no ANTENNAGATEAREA value defined. The library data is incomplete and some process antenna rules will not be checked correctly.
Type 'man IMPLF-200' for more detail.

viaInitial starts at Sat Mar 15 18:57:32 2025
viaInitial ends at Sat Mar 15 18:57:32 2025
Reading WC_LIB timing library '/home/linux/ieng6/ee260bwi25/public/PDKdata/lib/tcbn65gpluswc.lib' ...
**WARN: (TECHLIB-436):	Attribute 'max_fanout' on 'output/inout' pin 'Z' of cell 'AN2D0' is not defined in the library.
**WARN: (TECHLIB-436):	Attribute 'max_fanout' on 'output/inout' pin 'Z' of cell 'AN2D1' is not defined in the library.
**WARN: (TECHLIB-436):	Attribute 'max_fanout' on 'output/inout' pin 'Z' of cell 'AN2D2' is not defined in the library.
**WARN: (TECHLIB-436):	Attribute 'max_fanout' on 'output/inout' pin 'Z' of cell 'AN2D4' is not defined in the library.
**WARN: (TECHLIB-436):	Attribute 'max_fanout' on 'output/inout' pin 'Z' of cell 'AN2D8' is not defined in the library.
**WARN: (TECHLIB-436):	Attribute 'max_fanout' on 'output/inout' pin 'Z' of cell 'AN2XD1' is not defined in the library.
**WARN: (TECHLIB-436):	Attribute 'max_fanout' on 'output/inout' pin 'Z' of cell 'AN3D0' is not defined in the library.
**WARN: (TECHLIB-436):	Attribute 'max_fanout' on 'output/inout' pin 'Z' of cell 'AN3D1' is not defined in the library.
**WARN: (TECHLIB-436):	Attribute 'max_fanout' on 'output/inout' pin 'Z' of cell 'AN3D2' is not defined in the library.
**WARN: (TECHLIB-436):	Attribute 'max_fanout' on 'output/inout' pin 'Z' of cell 'AN3D4' is not defined in the library.
**WARN: (TECHLIB-436):	Attribute 'max_fanout' on 'output/inout' pin 'Z' of cell 'AN3D8' is not defined in the library.
**WARN: (TECHLIB-436):	Attribute 'max_fanout' on 'output/inout' pin 'Z' of cell 'AN3XD1' is not defined in the library.
**WARN: (TECHLIB-436):	Attribute 'max_fanout' on 'output/inout' pin 'Z' of cell 'AN4D0' is not defined in the library.
**WARN: (TECHLIB-436):	Attribute 'max_fanout' on 'output/inout' pin 'Z' of cell 'AN4D1' is not defined in the library.
**WARN: (TECHLIB-436):	Attribute 'max_fanout' on 'output/inout' pin 'Z' of cell 'AN4D2' is not defined in the library.
**WARN: (TECHLIB-436):	Attribute 'max_fanout' on 'output/inout' pin 'Z' of cell 'AN4D4' is not defined in the library.
**WARN: (TECHLIB-436):	Attribute 'max_fanout' on 'output/inout' pin 'Z' of cell 'AN4D8' is not defined in the library.
**WARN: (TECHLIB-436):	Attribute 'max_fanout' on 'output/inout' pin 'Z' of cell 'AN4XD1' is not defined in the library.
**WARN: (TECHLIB-436):	Attribute 'max_fanout' on 'output/inout' pin 'Z' of cell 'AO211D0' is not defined in the library.
**WARN: (TECHLIB-436):	Attribute 'max_fanout' on 'output/inout' pin 'Z' of cell 'AO211D1' is not defined in the library.
Message <TECHLIB-436> has exceeded the message display limit of '20'. setMessageLimit/set_message_limit sets the limit. unsetMessageLimit/unset_message_limit can be used to reset this.
Read 811 cells in library 'tcbn65gpluswc' 
Reading BC_LIB timing library '/home/linux/ieng6/ee260bwi25/public/PDKdata/lib/tcbn65gplusbc.lib' ...
Read 811 cells in library 'tcbn65gplusbc' 
*** End library_loading (cpu=0.00min, mem=0.0M, fe_cpu=0.21min, fe_real=0.38min, fe_mem=471.7M) ***
*** Begin netlist parsing (mem=471.7M) ***
**WARN: (IMPVL-159):	Pin 'VSS' of cell 'XOR4D4' is defined in LEF but not in the timing library.
**WARN: (IMPVL-159):	Pin 'VDD' of cell 'XOR4D4' is defined in LEF but not in the timing library.
**WARN: (IMPVL-159):	Pin 'VSS' of cell 'XOR4D2' is defined in LEF but not in the timing library.
**WARN: (IMPVL-159):	Pin 'VDD' of cell 'XOR4D2' is defined in LEF but not in the timing library.
**WARN: (IMPVL-159):	Pin 'VSS' of cell 'XOR4D1' is defined in LEF but not in the timing library.
**WARN: (IMPVL-159):	Pin 'VDD' of cell 'XOR4D1' is defined in LEF but not in the timing library.
**WARN: (IMPVL-159):	Pin 'VSS' of cell 'XOR4D0' is defined in LEF but not in the timing library.
**WARN: (IMPVL-159):	Pin 'VDD' of cell 'XOR4D0' is defined in LEF but not in the timing library.
**WARN: (IMPVL-159):	Pin 'VSS' of cell 'XOR3D4' is defined in LEF but not in the timing library.
**WARN: (IMPVL-159):	Pin 'VDD' of cell 'XOR3D4' is defined in LEF but not in the timing library.
**WARN: (IMPVL-159):	Pin 'VSS' of cell 'XOR3D2' is defined in LEF but not in the timing library.
**WARN: (IMPVL-159):	Pin 'VDD' of cell 'XOR3D2' is defined in LEF but not in the timing library.
**WARN: (IMPVL-159):	Pin 'VSS' of cell 'XOR3D1' is defined in LEF but not in the timing library.
**WARN: (IMPVL-159):	Pin 'VDD' of cell 'XOR3D1' is defined in LEF but not in the timing library.
**WARN: (IMPVL-159):	Pin 'VSS' of cell 'XOR3D0' is defined in LEF but not in the timing library.
**WARN: (IMPVL-159):	Pin 'VDD' of cell 'XOR3D0' is defined in LEF but not in the timing library.
**WARN: (IMPVL-159):	Pin 'VSS' of cell 'XOR2D4' is defined in LEF but not in the timing library.
**WARN: (IMPVL-159):	Pin 'VDD' of cell 'XOR2D4' is defined in LEF but not in the timing library.
**WARN: (IMPVL-159):	Pin 'VSS' of cell 'XOR2D2' is defined in LEF but not in the timing library.
**WARN: (IMPVL-159):	Pin 'VDD' of cell 'XOR2D2' is defined in LEF but not in the timing library.
**WARN: (EMS-27):	Message (IMPVL-159) has exceeded the current message display limit of 20.
To increase the message display limit, refer to the product command reference manual.
Created 811 new cells from 2 timing libraries.
Reading netlist ...
Backslashed names will retain backslash and a trailing blank character.
Reading verilog netlist './netlist/sram_w16_160.out.v'

*** Memory Usage v#1 (Current mem = 471.707M, initial mem = 152.258M) ***
*** End netlist parsing (cpu=0:00:00.0, real=0:00:00.0, mem=471.7M) ***
Set top cell to sram_w16_160.
Hooked 1622 DB cells to tlib cells.
Starting recursive module instantiation check.
No recursion found.
Building hierarchical netlist for Cell sram_w16_160 ...
*** Netlist is unique.
** info: there are 1658 modules.
** info: there are 2289 stdCell insts.

*** Memory Usage v#1 (Current mem = 526.039M, initial mem = 152.258M) ***
**WARN: (IMPFP-3961):	The techSite 'dcore' has no related cells in LEF/OA library. Cannot make calculations for this site type unless cell models of this type exist in the LEF/OA library. If the SITE is not used by the library you can ignore this warning or remove the SITE definition from the LEF/OA to avoid this message.
Type 'man IMPFP-3961' for more detail.
**WARN: (IMPFP-3961):	The techSite 'ccore' has no related cells in LEF/OA library. Cannot make calculations for this site type unless cell models of this type exist in the LEF/OA library. If the SITE is not used by the library you can ignore this warning or remove the SITE definition from the LEF/OA to avoid this message.
Type 'man IMPFP-3961' for more detail.
Set Default Net Delay as 1000 ps.
Set Default Net Load as 0.5 pF. 
Set Default Input Pin Transition as 0.1 ps.
WC_VIEW BC_VIEW
Initializing multi-corner RC extraction with 2 active RC Corners ...
Reading Capacitance Table File /home/linux/ieng6/ee260bwi25/public/PDKdata/captbl/cln65g+_1p08m+alrdl_top2_cworst.captable ...
**WARN: (IMPEXT-2760):	Layer M9 specified in the cap table is ignored because it is greater than the maximum number of layers, 8, specified in the technology LEF file. Check the cap table for the invalid layer specification.
**WARN: (IMPEXT-2771):	Via VIA_8 specified in the cap table is ignored because its top layer, M9, is greater than the maximum number of layers, 8, specified in the technology LEF file. Check the cap table for the invalid layer specification.
**WARN: (IMPEXT-2801):	Resistance values are not provided in the Cap Table. Sheet resistance defined in the LEF file will be used.
**WARN: (IMPEXT-2710):	Basic Cap table for layer M9 is ignored because the layer is not specified in the technology LEF file.
Reading Capacitance Table File /home/linux/ieng6/ee260bwi25/public/PDKdata/captbl/cln65g+_1p08m+alrdl_top2_cbest.captable ...
**WARN: (IMPEXT-2760):	Layer M9 specified in the cap table is ignored because it is greater than the maximum number of layers, 8, specified in the technology LEF file. Check the cap table for the invalid layer specification.
**WARN: (IMPEXT-2771):	Via VIA_8 specified in the cap table is ignored because its top layer, M9, is greater than the maximum number of layers, 8, specified in the technology LEF file. Check the cap table for the invalid layer specification.
**WARN: (IMPEXT-2801):	Resistance values are not provided in the Cap Table. Sheet resistance defined in the LEF file will be used.
**WARN: (IMPEXT-2710):	Basic Cap table for layer M9 is ignored because the layer is not specified in the technology LEF file.
Importing multi-corner RC tables ... 
Summary of Active RC-Corners : 
 
 Analysis View: WC_VIEW
    RC-Corner Name        : Cmax
    RC-Corner Index       : 0
    RC-Corner Temperature : 125 Celsius
    RC-Corner Cap Table   : '/home/linux/ieng6/ee260bwi25/public/PDKdata/captbl/cln65g+_1p08m+alrdl_top2_cworst.captable'
    RC-Corner PreRoute Res Factor         : 1
    RC-Corner PreRoute Cap Factor         : 1
    RC-Corner PostRoute Res Factor        : 1 {1 1 1}
    RC-Corner PostRoute Cap Factor        : 1 {1 1 1}
    RC-Corner PostRoute XCap Factor       : 1 {1 1 1}
    RC-Corner PreRoute Clock Res Factor   : 1	[Derived from postRoute_res (effortLevel low)]
    RC-Corner PreRoute Clock Cap Factor   : 1	[Derived from postRoute_cap (effortLevel low)]
    RC-Corner PostRoute Clock Cap Factor  : 1 {1 1 1} 	[Derived from postRoute_cap (effortLevel low)]
    RC-Corner PostRoute Clock Res Factor  : 1 {1 1 1} 	[Derived from postRoute_res (effortLevel low)]
 
 Analysis View: BC_VIEW
    RC-Corner Name        : Cmin
    RC-Corner Index       : 1
    RC-Corner Temperature : -40 Celsius
    RC-Corner Cap Table   : '/home/linux/ieng6/ee260bwi25/public/PDKdata/captbl/cln65g+_1p08m+alrdl_top2_cbest.captable'
    RC-Corner PreRoute Res Factor         : 1
    RC-Corner PreRoute Cap Factor         : 1
    RC-Corner PostRoute Res Factor        : 1 {1 1 1}
    RC-Corner PostRoute Cap Factor        : 1 {1 1 1}
    RC-Corner PostRoute XCap Factor       : 1 {1 1 1}
    RC-Corner PreRoute Clock Res Factor   : 1	[Derived from postRoute_res (effortLevel low)]
    RC-Corner PreRoute Clock Cap Factor   : 1	[Derived from postRoute_cap (effortLevel low)]
    RC-Corner PostRoute Clock Cap Factor  : 1 {1 1 1} 	[Derived from postRoute_cap (effortLevel low)]
    RC-Corner PostRoute Clock Res Factor  : 1 {1 1 1} 	[Derived from postRoute_res (effortLevel low)]
*Info: initialize multi-corner CTS.
Reading timing constraints file './constraints/sram_w16_160.sdc' ...
Current (total cpu=0:00:13.3, real=0:00:24.0, peak res=273.0M, current mem=644.7M)
**WARN: (TCLNL-330):	set_input_delay on clock root 'CLK' is not supported. You should use the -source option to set_clock_latency to provide this offset. You can also use the global timing_allow_input_delay_on_clock_source to allow set_input_delay assertion to have an effect on clock source paths beginning at this clock root. (File ./constraints/sram_w16_160.sdc, Line 9).

INFO (CTE): Reading of timing constraints file ./constraints/sram_w16_160.sdc completed, with 1 WARNING
Ending "Constraint file reading stats" (total cpu=0:00:00.0, real=0:00:00.0, peak res=288.2M, current mem=659.4M)
Current (total cpu=0:00:13.4, real=0:00:24.0, peak res=288.2M, current mem=659.4M)
Total number of combinational cells: 492
Total number of sequential cells: 303
Total number of tristate cells: 11
Total number of level shifter cells: 0
Total number of power gating cells: 0
Total number of isolation cells: 0
Total number of power switch cells: 0
Total number of pulse generator cells: 0
Total number of always on buffers: 0
Total number of retention cells: 0
List of usable buffers: BUFFD1 BUFFD0 BUFFD2 BUFFD3 BUFFD4 BUFFD6 BUFFD8 BUFFD12 BUFFD16 CKBD1 CKBD0 CKBD2 CKBD3 CKBD4 CKBD6 CKBD8 CKBD12 CKBD16
Total number of usable buffers: 18
List of unusable buffers: BUFFD20 BUFFD24 CKBD20 CKBD24 GBUFFD1 GBUFFD3 GBUFFD2 GBUFFD4 GBUFFD8
Total number of unusable buffers: 9
List of usable inverters: CKND1 CKND0 CKND2 CKND3 CKND4 CKND6 CKND8 CKND12 CKND16 INVD1 INVD0 INVD2 INVD3 INVD4 INVD6 INVD8 INVD12 INVD16
Total number of usable inverters: 18
List of unusable inverters: CKND20 CKND24 GINVD2 GINVD1 GINVD4 GINVD3 GINVD8 INVD20 INVD24
Total number of unusable inverters: 9
List of identified usable delay cells:
Total number of identified usable delay cells: 0
List of identified unusable delay cells: DEL0 DEL005 DEL01 DEL015 DEL02 DEL1 DEL2 DEL3 DEL4
Total number of identified unusable delay cells: 9
All delay cells are dont_use. Buffers will be used to fix hold violations.

*** Summary of all messages that are not suppressed in this session:
Severity  ID               Count  Summary                                  
WARNING   IMPLF-200            1  Pin '%s' in macro '%s' has no ANTENNAGAT...
WARNING   IMPFP-3961           2  The techSite '%s' has no related cells i...
WARNING   IMPEXT-2710          2  Basic Cap table for layer M%d is ignored...
WARNING   IMPEXT-2760          2  Layer M%d specified in the cap table is ...
WARNING   IMPEXT-2771          2  Via %s specified in the cap table is ign...
WARNING   IMPEXT-2801          2  Resistance values are not provided in th...
WARNING   IMPVL-159         1622  Pin '%s' of cell '%s' is defined in LEF ...
ERROR     IMPOAX-820           1  The OA features are disabled in the curr...
ERROR     IMPOAX-850           1  %s command cannot be run as OA features ...
*** Message Summary: 1633 warning(s), 2 error(s)

<CMD> set_interactive_constraint_modes {CON}
<CMD> setDesignMode -process 65
Applying the recommended capacitance filtering threshold values for 65nm process node: total_c_th=0, relative_c_th=1 and coupling_c_th=0.1.
	These values will be used by all post-route extraction engines, including tQuantus, IQRC and Quantus QRC extraction.
	Capacitance filtering mode(-capFilterMode option of the setExtractRCMode) is 'relAndCoup' for all engines.
	The accuracy mode for postRoute effortLevel low extraction will be set to 'high'.
	Default value for EffortLevel(-effortLevel option of the setExtractRCMode) in postRoute extraction mode will be 'medium' if Quantus QRC technology file is specified else 'low'.
Updating process node dependent CCOpt properties for the 65nm process node.
<CMD> floorPlan -site core -r 0.25 0.70 10.0 10.0 10.0 10.0
**WARN: (IMPFP-325):	Floorplan of the design is resized. All current floorplan objects are automatically derived based on specified new floorplan. This may change blocks, fixed standard cells, existing routes and blockages.
<CMD> timeDesign -preplace -prefix preplace
**WARN: (IMPOPT-7136):	timing_socv_statistical_min_max_mode 'statistical' is not supported by Innovus. Setting it to 'mean_and_three_sigma_bounded'.
Set Using Default Delay Limit as 101.
**WARN: (IMPDC-1629):	The default delay limit was set to 101. This is less than the default of 1000 and may result in inaccurate delay calculation for nets with a fanout higher than the setting.  If needed, the default delay limit may be adjusted by running the command 'set delaycal_use_default_delay_limit'.
Setting High Fanout Nets ( > 100 ) as ideal temporarily for -prePlace option
Set Default Net Delay as 0 ps.
Set Default Net Load as 0 pF. 
#################################################################################
# Design Stage: PreRoute
# Design Name: sram_w16_160
# Design Mode: 65nm
# Analysis Mode: MMMC Non-OCV 
# Parasitics Mode: No SPEF/RCDB
# Signoff Settings: SI Off 
#################################################################################
AAE_INFO: 1 threads acquired from CTE.
Calculate delays in BcWc mode...
End delay calculation. (MEM=1048.01 CPU=0:00:00.2 REAL=0:00:01.0)
*** CDM Built up (cpu=0:00:01.0  real=0:00:01.0  mem= 1048.0M) ***
*** Done Building Timing Graph (cpu=0:00:01.1 real=0:00:01.0 totSessionCpu=0:00:16.8 mem=1048.0M)

------------------------------------------------------------
          timeDesign Summary                             
------------------------------------------------------------

Setup views included:
 WC_VIEW 

+--------------------+---------+---------+---------+
|     Setup mode     |   all   | reg2reg | default |
+--------------------+---------+---------+---------+
|           WNS (ns):| -0.443  |  0.600  | -0.443  |
|           TNS (ns):|-281.531 |  0.000  |-281.531 |
|    Violating Paths:|  1029   |    0    |  1029   |
|          All Paths:|  3040   |   160   |  3040   |
+--------------------+---------+---------+---------+

Density: 0.000%
------------------------------------------------------------
Set Using Default Delay Limit as 1000.
Resetting back High Fanout Nets as non-ideal
Set Default Net Delay as 1000 ps.
Set Default Net Load as 0.5 pF. 
Reported timing to dir ./timingReports
Total CPU time: 1.4 sec
Total Real time: 2.0 sec
Total Memory Usage: 968.808594 Mbytes
<CMD> globalNetConnect VDD -type pgpin -pin VDD -inst * -verbose
2289 new pwr-pin connections were made to global net 'VDD'.
<CMD> globalNetConnect VSS -type pgpin -pin VSS -inst * -verbose
2289 new gnd-pin connections were made to global net 'VSS'.
<CMD> addStripe -number_of_sets 6 -spacing 5 -layer M4 -width 2 -start_offset 20 -stop_offset 20 -nets { VSS VDD }

Starting stripe generation ...
Non-Default setAddStripeOption Settings :
  NONE
The core ring for VSS is incomplete. The core ring will not be used as a boundary for stripes. In this situation, the power planner will generate stripes only within the core area.
The core ring for VDD is incomplete. The core ring will not be used as a boundary for stripes. In this situation, the power planner will generate stripes only within the core area.
Stripe generation is complete; vias are now being generated.
The power planner created 12 wires.
*** Ending Stripe Generation (totcpu: 0:00:00.0,real: 0:00:00.0, mem: 968.8M) ***
<CMD> sroute
*** Begin SPECIAL ROUTE on Sat Mar 15 18:57:48 2025 ***
SPECIAL ROUTE ran on directory: /home/linux/ieng6/ee260bwi25/lnaab/ECE260B_FP/ece260_project/step3/pnr_srampsum
SPECIAL ROUTE ran on machine: ieng6-ece-06.ucsd.edu (Linux 3.10.0-1160.119.1.el7.x86_64 Xeon 2.19Ghz)

Begin option processing ...
srouteConnectPowerBump set to false
routeSpecial set to true
srouteConnectConverterPin set to false
srouteFollowCorePinEnd set to 3
srouteJogControl set to "preferWithChanges differentLayer"
sroutePadPinAllPorts set to true
sroutePreserveExistingRoutes set to true
srouteRoutePowerBarPortOnBothDir set to true
End option processing: cpu: 0:00:00, real: 0:00:00, peak: 1854.00 megs.

Reading DB technology information...
Finished reading DB technology information.
Reading floorplan and netlist information...
Finished reading floorplan and netlist information.
Read in 17 layers, 8 routing layers, 1 overlap layer
Read in 846 macros, 18 used
Read in 18 components
  18 core components: 18 unplaced, 0 placed, 0 fixed
Read in 327 logical pins
Read in 327 nets
Read in 2 special nets, 2 routed
Read in 36 terminals
Begin power routing ...
**WARN: (IMPSR-1254):	Cannot find any block pin of net VDD. Check netlist, or change option to include the pin.
**WARN: (IMPSR-1256):	Cannot find any CORE class pad pin of net VDD. Change routing area or layer to include the expected pin, or check netlist, or change port class in the technology file.
Type 'man IMPSR-1256' for more detail.
Cannot find any AREAIO class pad pin of net VDD. Check net list, or change port class in the technology file, or change option to include pin in given range.
**WARN: (IMPSR-1254):	Cannot find any block pin of net VSS. Check netlist, or change option to include the pin.
**WARN: (IMPSR-1256):	Cannot find any CORE class pad pin of net VSS. Change routing area or layer to include the expected pin, or check netlist, or change port class in the technology file.
Type 'man IMPSR-1256' for more detail.
Cannot find any AREAIO class pad pin of net VSS. Check net list, or change port class in the technology file, or change option to include pin in given range.
CPU time for FollowPin 0 seconds
CPU time for FollowPin 0 seconds
  Number of IO ports routed: 0
  Number of Block ports routed: 0
  Number of Stripe ports routed: 0  open: 24
  Number of Core ports routed: 0  open: 84
  Number of Pad ports routed: 0
  Number of Power Bump ports routed: 0
  Number of Followpin connections: 42
End power routing: cpu: 0:00:00, real: 0:00:00, peak: 1870.00 megs.



 Begin updating DB with routing results ...
 Updating DB with 101 via definition ...Extracting standard cell pins and blockage ...... 
Pin and blockage extraction finished


sroute post-processing starts at Sat Mar 15 18:57:48 2025
The viaGen is rebuilding shadow vias for net VSS.
sroute post-processing ends at Sat Mar 15 18:57:48 2025

sroute post-processing starts at Sat Mar 15 18:57:48 2025
The viaGen is rebuilding shadow vias for net VDD.
sroute post-processing ends at Sat Mar 15 18:57:48 2025
sroute: Total CPU time used = 0:0:0
sroute: Total Real time used = 0:0:0
sroute: Total Memory used = 5.62 megs
sroute: Total Peak Memory used = 974.43 megs
<CMD> getPinAssignMode -pinEditInBatch -quiet
<CMD> set ptngSprNoRefreshPins 1
<CMD> setPtnPinStatus -cell sram_w16_160 -pin {D[0]} -status unplaced -silent
<CMD> setPtnPinStatus -cell sram_w16_160 -pin {D[1]} -status unplaced -silent
<CMD> setPtnPinStatus -cell sram_w16_160 -pin {D[2]} -status unplaced -silent
<CMD> setPtnPinStatus -cell sram_w16_160 -pin {D[3]} -status unplaced -silent
<CMD> setPtnPinStatus -cell sram_w16_160 -pin {D[4]} -status unplaced -silent
<CMD> setPtnPinStatus -cell sram_w16_160 -pin {D[5]} -status unplaced -silent
<CMD> setPtnPinStatus -cell sram_w16_160 -pin {D[6]} -status unplaced -silent
<CMD> setPtnPinStatus -cell sram_w16_160 -pin {D[7]} -status unplaced -silent
<CMD> setPtnPinStatus -cell sram_w16_160 -pin {D[8]} -status unplaced -silent
<CMD> setPtnPinStatus -cell sram_w16_160 -pin {D[9]} -status unplaced -silent
<CMD> setPtnPinStatus -cell sram_w16_160 -pin {D[10]} -status unplaced -silent
<CMD> setPtnPinStatus -cell sram_w16_160 -pin {D[11]} -status unplaced -silent
<CMD> setPtnPinStatus -cell sram_w16_160 -pin {D[12]} -status unplaced -silent
<CMD> setPtnPinStatus -cell sram_w16_160 -pin {D[13]} -status unplaced -silent
<CMD> setPtnPinStatus -cell sram_w16_160 -pin {D[14]} -status unplaced -silent
<CMD> setPtnPinStatus -cell sram_w16_160 -pin {D[15]} -status unplaced -silent
<CMD> setPtnPinStatus -cell sram_w16_160 -pin {D[16]} -status unplaced -silent
<CMD> setPtnPinStatus -cell sram_w16_160 -pin {D[17]} -status unplaced -silent
<CMD> setPtnPinStatus -cell sram_w16_160 -pin {D[18]} -status unplaced -silent
<CMD> setPtnPinStatus -cell sram_w16_160 -pin {D[19]} -status unplaced -silent
<CMD> setPtnPinStatus -cell sram_w16_160 -pin {D[20]} -status unplaced -silent
<CMD> setPtnPinStatus -cell sram_w16_160 -pin {D[21]} -status unplaced -silent
<CMD> setPtnPinStatus -cell sram_w16_160 -pin {D[22]} -status unplaced -silent
<CMD> setPtnPinStatus -cell sram_w16_160 -pin {D[23]} -status unplaced -silent
<CMD> setPtnPinStatus -cell sram_w16_160 -pin {D[24]} -status unplaced -silent
<CMD> setPtnPinStatus -cell sram_w16_160 -pin {D[25]} -status unplaced -silent
<CMD> setPtnPinStatus -cell sram_w16_160 -pin {D[26]} -status unplaced -silent
<CMD> setPtnPinStatus -cell sram_w16_160 -pin {D[27]} -status unplaced -silent
<CMD> setPtnPinStatus -cell sram_w16_160 -pin {D[28]} -status unplaced -silent
<CMD> setPtnPinStatus -cell sram_w16_160 -pin {D[29]} -status unplaced -silent
<CMD> setPtnPinStatus -cell sram_w16_160 -pin {D[30]} -status unplaced -silent
<CMD> setPtnPinStatus -cell sram_w16_160 -pin {D[31]} -status unplaced -silent
<CMD> setPtnPinStatus -cell sram_w16_160 -pin {D[32]} -status unplaced -silent
<CMD> setPtnPinStatus -cell sram_w16_160 -pin {D[33]} -status unplaced -silent
<CMD> setPtnPinStatus -cell sram_w16_160 -pin {D[34]} -status unplaced -silent
<CMD> setPtnPinStatus -cell sram_w16_160 -pin {D[35]} -status unplaced -silent
<CMD> setPtnPinStatus -cell sram_w16_160 -pin {D[36]} -status unplaced -silent
<CMD> setPtnPinStatus -cell sram_w16_160 -pin {D[37]} -status unplaced -silent
<CMD> setPtnPinStatus -cell sram_w16_160 -pin {D[38]} -status unplaced -silent
<CMD> setPtnPinStatus -cell sram_w16_160 -pin {D[39]} -status unplaced -silent
<CMD> setPtnPinStatus -cell sram_w16_160 -pin {D[40]} -status unplaced -silent
<CMD> setPtnPinStatus -cell sram_w16_160 -pin {D[41]} -status unplaced -silent
<CMD> setPtnPinStatus -cell sram_w16_160 -pin {D[42]} -status unplaced -silent
<CMD> setPtnPinStatus -cell sram_w16_160 -pin {D[43]} -status unplaced -silent
<CMD> setPtnPinStatus -cell sram_w16_160 -pin {D[44]} -status unplaced -silent
<CMD> setPtnPinStatus -cell sram_w16_160 -pin {D[45]} -status unplaced -silent
<CMD> setPtnPinStatus -cell sram_w16_160 -pin {D[46]} -status unplaced -silent
<CMD> setPtnPinStatus -cell sram_w16_160 -pin {D[47]} -status unplaced -silent
<CMD> setPtnPinStatus -cell sram_w16_160 -pin {D[48]} -status unplaced -silent
<CMD> setPtnPinStatus -cell sram_w16_160 -pin {D[49]} -status unplaced -silent
<CMD> setPtnPinStatus -cell sram_w16_160 -pin {D[50]} -status unplaced -silent
<CMD> setPtnPinStatus -cell sram_w16_160 -pin {D[51]} -status unplaced -silent
<CMD> setPtnPinStatus -cell sram_w16_160 -pin {D[52]} -status unplaced -silent
<CMD> setPtnPinStatus -cell sram_w16_160 -pin {D[53]} -status unplaced -silent
<CMD> setPtnPinStatus -cell sram_w16_160 -pin {D[54]} -status unplaced -silent
<CMD> setPtnPinStatus -cell sram_w16_160 -pin {D[55]} -status unplaced -silent
<CMD> setPtnPinStatus -cell sram_w16_160 -pin {D[56]} -status unplaced -silent
<CMD> setPtnPinStatus -cell sram_w16_160 -pin {D[57]} -status unplaced -silent
<CMD> setPtnPinStatus -cell sram_w16_160 -pin {D[58]} -status unplaced -silent
<CMD> setPtnPinStatus -cell sram_w16_160 -pin {D[59]} -status unplaced -silent
<CMD> setPtnPinStatus -cell sram_w16_160 -pin {D[60]} -status unplaced -silent
<CMD> setPtnPinStatus -cell sram_w16_160 -pin {D[61]} -status unplaced -silent
<CMD> setPtnPinStatus -cell sram_w16_160 -pin {D[62]} -status unplaced -silent
<CMD> setPtnPinStatus -cell sram_w16_160 -pin {D[63]} -status unplaced -silent
<CMD> setPtnPinStatus -cell sram_w16_160 -pin {D[64]} -status unplaced -silent
<CMD> setPtnPinStatus -cell sram_w16_160 -pin {D[65]} -status unplaced -silent
<CMD> setPtnPinStatus -cell sram_w16_160 -pin {D[66]} -status unplaced -silent
<CMD> setPtnPinStatus -cell sram_w16_160 -pin {D[67]} -status unplaced -silent
<CMD> setPtnPinStatus -cell sram_w16_160 -pin {D[68]} -status unplaced -silent
<CMD> setPtnPinStatus -cell sram_w16_160 -pin {D[69]} -status unplaced -silent
<CMD> setPtnPinStatus -cell sram_w16_160 -pin {D[70]} -status unplaced -silent
<CMD> setPtnPinStatus -cell sram_w16_160 -pin {D[71]} -status unplaced -silent
<CMD> setPtnPinStatus -cell sram_w16_160 -pin {D[72]} -status unplaced -silent
<CMD> setPtnPinStatus -cell sram_w16_160 -pin {D[73]} -status unplaced -silent
<CMD> setPtnPinStatus -cell sram_w16_160 -pin {D[74]} -status unplaced -silent
<CMD> setPtnPinStatus -cell sram_w16_160 -pin {D[75]} -status unplaced -silent
<CMD> setPtnPinStatus -cell sram_w16_160 -pin {D[76]} -status unplaced -silent
<CMD> setPtnPinStatus -cell sram_w16_160 -pin {D[77]} -status unplaced -silent
<CMD> setPtnPinStatus -cell sram_w16_160 -pin {D[78]} -status unplaced -silent
<CMD> setPtnPinStatus -cell sram_w16_160 -pin {D[79]} -status unplaced -silent
<CMD> setPtnPinStatus -cell sram_w16_160 -pin {D[80]} -status unplaced -silent
<CMD> setPtnPinStatus -cell sram_w16_160 -pin {D[81]} -status unplaced -silent
<CMD> setPtnPinStatus -cell sram_w16_160 -pin {D[82]} -status unplaced -silent
<CMD> setPtnPinStatus -cell sram_w16_160 -pin {D[83]} -status unplaced -silent
<CMD> setPtnPinStatus -cell sram_w16_160 -pin {D[84]} -status unplaced -silent
<CMD> setPtnPinStatus -cell sram_w16_160 -pin {D[85]} -status unplaced -silent
<CMD> setPtnPinStatus -cell sram_w16_160 -pin {D[86]} -status unplaced -silent
<CMD> setPtnPinStatus -cell sram_w16_160 -pin {D[87]} -status unplaced -silent
<CMD> setPtnPinStatus -cell sram_w16_160 -pin {D[88]} -status unplaced -silent
<CMD> setPtnPinStatus -cell sram_w16_160 -pin {D[89]} -status unplaced -silent
<CMD> setPtnPinStatus -cell sram_w16_160 -pin {D[90]} -status unplaced -silent
<CMD> setPtnPinStatus -cell sram_w16_160 -pin {D[91]} -status unplaced -silent
<CMD> setPtnPinStatus -cell sram_w16_160 -pin {D[92]} -status unplaced -silent
<CMD> setPtnPinStatus -cell sram_w16_160 -pin {D[93]} -status unplaced -silent
<CMD> setPtnPinStatus -cell sram_w16_160 -pin {D[94]} -status unplaced -silent
<CMD> setPtnPinStatus -cell sram_w16_160 -pin {D[95]} -status unplaced -silent
<CMD> setPtnPinStatus -cell sram_w16_160 -pin {D[96]} -status unplaced -silent
<CMD> setPtnPinStatus -cell sram_w16_160 -pin {D[97]} -status unplaced -silent
<CMD> setPtnPinStatus -cell sram_w16_160 -pin {D[98]} -status unplaced -silent
<CMD> setPtnPinStatus -cell sram_w16_160 -pin {D[99]} -status unplaced -silent
<CMD> setPtnPinStatus -cell sram_w16_160 -pin {D[100]} -status unplaced -silent
<CMD> setPtnPinStatus -cell sram_w16_160 -pin {D[101]} -status unplaced -silent
<CMD> setPtnPinStatus -cell sram_w16_160 -pin {D[102]} -status unplaced -silent
<CMD> setPtnPinStatus -cell sram_w16_160 -pin {D[103]} -status unplaced -silent
<CMD> setPtnPinStatus -cell sram_w16_160 -pin {D[104]} -status unplaced -silent
<CMD> setPtnPinStatus -cell sram_w16_160 -pin {D[105]} -status unplaced -silent
<CMD> setPtnPinStatus -cell sram_w16_160 -pin {D[106]} -status unplaced -silent
<CMD> setPtnPinStatus -cell sram_w16_160 -pin {D[107]} -status unplaced -silent
<CMD> setPtnPinStatus -cell sram_w16_160 -pin {D[108]} -status unplaced -silent
<CMD> setPtnPinStatus -cell sram_w16_160 -pin {D[109]} -status unplaced -silent
<CMD> setPtnPinStatus -cell sram_w16_160 -pin {D[110]} -status unplaced -silent
<CMD> setPtnPinStatus -cell sram_w16_160 -pin {D[111]} -status unplaced -silent
<CMD> setPtnPinStatus -cell sram_w16_160 -pin {D[112]} -status unplaced -silent
<CMD> setPtnPinStatus -cell sram_w16_160 -pin {D[113]} -status unplaced -silent
<CMD> setPtnPinStatus -cell sram_w16_160 -pin {D[114]} -status unplaced -silent
<CMD> setPtnPinStatus -cell sram_w16_160 -pin {D[115]} -status unplaced -silent
<CMD> setPtnPinStatus -cell sram_w16_160 -pin {D[116]} -status unplaced -silent
<CMD> setPtnPinStatus -cell sram_w16_160 -pin {D[117]} -status unplaced -silent
<CMD> setPtnPinStatus -cell sram_w16_160 -pin {D[118]} -status unplaced -silent
<CMD> setPtnPinStatus -cell sram_w16_160 -pin {D[119]} -status unplaced -silent
<CMD> setPtnPinStatus -cell sram_w16_160 -pin {D[120]} -status unplaced -silent
<CMD> setPtnPinStatus -cell sram_w16_160 -pin {D[121]} -status unplaced -silent
<CMD> setPtnPinStatus -cell sram_w16_160 -pin {D[122]} -status unplaced -silent
<CMD> setPtnPinStatus -cell sram_w16_160 -pin {D[123]} -status unplaced -silent
<CMD> setPtnPinStatus -cell sram_w16_160 -pin {D[124]} -status unplaced -silent
<CMD> setPtnPinStatus -cell sram_w16_160 -pin {D[125]} -status unplaced -silent
<CMD> setPtnPinStatus -cell sram_w16_160 -pin {D[126]} -status unplaced -silent
<CMD> setPtnPinStatus -cell sram_w16_160 -pin {D[127]} -status unplaced -silent
<CMD> setPtnPinStatus -cell sram_w16_160 -pin {D[128]} -status unplaced -silent
<CMD> setPtnPinStatus -cell sram_w16_160 -pin {D[129]} -status unplaced -silent
<CMD> setPtnPinStatus -cell sram_w16_160 -pin {D[130]} -status unplaced -silent
<CMD> setPtnPinStatus -cell sram_w16_160 -pin {D[131]} -status unplaced -silent
<CMD> setPtnPinStatus -cell sram_w16_160 -pin {D[132]} -status unplaced -silent
<CMD> setPtnPinStatus -cell sram_w16_160 -pin {D[133]} -status unplaced -silent
<CMD> setPtnPinStatus -cell sram_w16_160 -pin {D[134]} -status unplaced -silent
<CMD> setPtnPinStatus -cell sram_w16_160 -pin {D[135]} -status unplaced -silent
<CMD> setPtnPinStatus -cell sram_w16_160 -pin {D[136]} -status unplaced -silent
<CMD> setPtnPinStatus -cell sram_w16_160 -pin {D[137]} -status unplaced -silent
<CMD> setPtnPinStatus -cell sram_w16_160 -pin {D[138]} -status unplaced -silent
<CMD> setPtnPinStatus -cell sram_w16_160 -pin {D[139]} -status unplaced -silent
<CMD> setPtnPinStatus -cell sram_w16_160 -pin {D[140]} -status unplaced -silent
<CMD> setPtnPinStatus -cell sram_w16_160 -pin {D[141]} -status unplaced -silent
<CMD> setPtnPinStatus -cell sram_w16_160 -pin {D[142]} -status unplaced -silent
<CMD> setPtnPinStatus -cell sram_w16_160 -pin {D[143]} -status unplaced -silent
<CMD> setPtnPinStatus -cell sram_w16_160 -pin {D[144]} -status unplaced -silent
<CMD> setPtnPinStatus -cell sram_w16_160 -pin {D[145]} -status unplaced -silent
<CMD> setPtnPinStatus -cell sram_w16_160 -pin {D[146]} -status unplaced -silent
<CMD> setPtnPinStatus -cell sram_w16_160 -pin {D[147]} -status unplaced -silent
<CMD> setPtnPinStatus -cell sram_w16_160 -pin {D[148]} -status unplaced -silent
<CMD> setPtnPinStatus -cell sram_w16_160 -pin {D[149]} -status unplaced -silent
<CMD> setPtnPinStatus -cell sram_w16_160 -pin {D[150]} -status unplaced -silent
<CMD> setPtnPinStatus -cell sram_w16_160 -pin {D[151]} -status unplaced -silent
<CMD> setPtnPinStatus -cell sram_w16_160 -pin {D[152]} -status unplaced -silent
<CMD> setPtnPinStatus -cell sram_w16_160 -pin {D[153]} -status unplaced -silent
<CMD> setPtnPinStatus -cell sram_w16_160 -pin {D[154]} -status unplaced -silent
<CMD> setPtnPinStatus -cell sram_w16_160 -pin {D[155]} -status unplaced -silent
<CMD> setPtnPinStatus -cell sram_w16_160 -pin {D[156]} -status unplaced -silent
<CMD> setPtnPinStatus -cell sram_w16_160 -pin {D[157]} -status unplaced -silent
<CMD> setPtnPinStatus -cell sram_w16_160 -pin {D[158]} -status unplaced -silent
<CMD> setPtnPinStatus -cell sram_w16_160 -pin {D[159]} -status unplaced -silent
<CMD> set ptngSprNoRefreshPins 0
<CMD_INTERNAL> ptnSprRefreshPinsAndBlockages
<CMD> set ptngSprNoRefreshPins 1
<CMD> setPtnPinStatus -cell sram_w16_160 -pin {Q[0]} -status unplaced -silent
<CMD> setPtnPinStatus -cell sram_w16_160 -pin {Q[1]} -status unplaced -silent
<CMD> setPtnPinStatus -cell sram_w16_160 -pin {Q[2]} -status unplaced -silent
<CMD> setPtnPinStatus -cell sram_w16_160 -pin {Q[3]} -status unplaced -silent
<CMD> setPtnPinStatus -cell sram_w16_160 -pin {Q[4]} -status unplaced -silent
<CMD> setPtnPinStatus -cell sram_w16_160 -pin {Q[5]} -status unplaced -silent
<CMD> setPtnPinStatus -cell sram_w16_160 -pin {Q[6]} -status unplaced -silent
<CMD> setPtnPinStatus -cell sram_w16_160 -pin {Q[7]} -status unplaced -silent
<CMD> setPtnPinStatus -cell sram_w16_160 -pin {Q[8]} -status unplaced -silent
<CMD> setPtnPinStatus -cell sram_w16_160 -pin {Q[9]} -status unplaced -silent
<CMD> setPtnPinStatus -cell sram_w16_160 -pin {Q[10]} -status unplaced -silent
<CMD> setPtnPinStatus -cell sram_w16_160 -pin {Q[11]} -status unplaced -silent
<CMD> setPtnPinStatus -cell sram_w16_160 -pin {Q[12]} -status unplaced -silent
<CMD> setPtnPinStatus -cell sram_w16_160 -pin {Q[13]} -status unplaced -silent
<CMD> setPtnPinStatus -cell sram_w16_160 -pin {Q[14]} -status unplaced -silent
<CMD> setPtnPinStatus -cell sram_w16_160 -pin {Q[15]} -status unplaced -silent
<CMD> setPtnPinStatus -cell sram_w16_160 -pin {Q[16]} -status unplaced -silent
<CMD> setPtnPinStatus -cell sram_w16_160 -pin {Q[17]} -status unplaced -silent
<CMD> setPtnPinStatus -cell sram_w16_160 -pin {Q[18]} -status unplaced -silent
<CMD> setPtnPinStatus -cell sram_w16_160 -pin {Q[19]} -status unplaced -silent
<CMD> setPtnPinStatus -cell sram_w16_160 -pin {Q[20]} -status unplaced -silent
<CMD> setPtnPinStatus -cell sram_w16_160 -pin {Q[21]} -status unplaced -silent
<CMD> setPtnPinStatus -cell sram_w16_160 -pin {Q[22]} -status unplaced -silent
<CMD> setPtnPinStatus -cell sram_w16_160 -pin {Q[23]} -status unplaced -silent
<CMD> setPtnPinStatus -cell sram_w16_160 -pin {Q[24]} -status unplaced -silent
<CMD> setPtnPinStatus -cell sram_w16_160 -pin {Q[25]} -status unplaced -silent
<CMD> setPtnPinStatus -cell sram_w16_160 -pin {Q[26]} -status unplaced -silent
<CMD> setPtnPinStatus -cell sram_w16_160 -pin {Q[27]} -status unplaced -silent
<CMD> setPtnPinStatus -cell sram_w16_160 -pin {Q[28]} -status unplaced -silent
<CMD> setPtnPinStatus -cell sram_w16_160 -pin {Q[29]} -status unplaced -silent
<CMD> setPtnPinStatus -cell sram_w16_160 -pin {Q[30]} -status unplaced -silent
<CMD> setPtnPinStatus -cell sram_w16_160 -pin {Q[31]} -status unplaced -silent
<CMD> setPtnPinStatus -cell sram_w16_160 -pin {Q[32]} -status unplaced -silent
<CMD> setPtnPinStatus -cell sram_w16_160 -pin {Q[33]} -status unplaced -silent
<CMD> setPtnPinStatus -cell sram_w16_160 -pin {Q[34]} -status unplaced -silent
<CMD> setPtnPinStatus -cell sram_w16_160 -pin {Q[35]} -status unplaced -silent
<CMD> setPtnPinStatus -cell sram_w16_160 -pin {Q[36]} -status unplaced -silent
<CMD> setPtnPinStatus -cell sram_w16_160 -pin {Q[37]} -status unplaced -silent
<CMD> setPtnPinStatus -cell sram_w16_160 -pin {Q[38]} -status unplaced -silent
<CMD> setPtnPinStatus -cell sram_w16_160 -pin {Q[39]} -status unplaced -silent
<CMD> setPtnPinStatus -cell sram_w16_160 -pin {Q[40]} -status unplaced -silent
<CMD> setPtnPinStatus -cell sram_w16_160 -pin {Q[41]} -status unplaced -silent
<CMD> setPtnPinStatus -cell sram_w16_160 -pin {Q[42]} -status unplaced -silent
<CMD> setPtnPinStatus -cell sram_w16_160 -pin {Q[43]} -status unplaced -silent
<CMD> setPtnPinStatus -cell sram_w16_160 -pin {Q[44]} -status unplaced -silent
<CMD> setPtnPinStatus -cell sram_w16_160 -pin {Q[45]} -status unplaced -silent
<CMD> setPtnPinStatus -cell sram_w16_160 -pin {Q[46]} -status unplaced -silent
<CMD> setPtnPinStatus -cell sram_w16_160 -pin {Q[47]} -status unplaced -silent
<CMD> setPtnPinStatus -cell sram_w16_160 -pin {Q[48]} -status unplaced -silent
<CMD> setPtnPinStatus -cell sram_w16_160 -pin {Q[49]} -status unplaced -silent
<CMD> setPtnPinStatus -cell sram_w16_160 -pin {Q[50]} -status unplaced -silent
<CMD> setPtnPinStatus -cell sram_w16_160 -pin {Q[51]} -status unplaced -silent
<CMD> setPtnPinStatus -cell sram_w16_160 -pin {Q[52]} -status unplaced -silent
<CMD> setPtnPinStatus -cell sram_w16_160 -pin {Q[53]} -status unplaced -silent
<CMD> setPtnPinStatus -cell sram_w16_160 -pin {Q[54]} -status unplaced -silent
<CMD> setPtnPinStatus -cell sram_w16_160 -pin {Q[55]} -status unplaced -silent
<CMD> setPtnPinStatus -cell sram_w16_160 -pin {Q[56]} -status unplaced -silent
<CMD> setPtnPinStatus -cell sram_w16_160 -pin {Q[57]} -status unplaced -silent
<CMD> setPtnPinStatus -cell sram_w16_160 -pin {Q[58]} -status unplaced -silent
<CMD> setPtnPinStatus -cell sram_w16_160 -pin {Q[59]} -status unplaced -silent
<CMD> setPtnPinStatus -cell sram_w16_160 -pin {Q[60]} -status unplaced -silent
<CMD> setPtnPinStatus -cell sram_w16_160 -pin {Q[61]} -status unplaced -silent
<CMD> setPtnPinStatus -cell sram_w16_160 -pin {Q[62]} -status unplaced -silent
<CMD> setPtnPinStatus -cell sram_w16_160 -pin {Q[63]} -status unplaced -silent
<CMD> setPtnPinStatus -cell sram_w16_160 -pin {Q[64]} -status unplaced -silent
<CMD> setPtnPinStatus -cell sram_w16_160 -pin {Q[65]} -status unplaced -silent
<CMD> setPtnPinStatus -cell sram_w16_160 -pin {Q[66]} -status unplaced -silent
<CMD> setPtnPinStatus -cell sram_w16_160 -pin {Q[67]} -status unplaced -silent
<CMD> setPtnPinStatus -cell sram_w16_160 -pin {Q[68]} -status unplaced -silent
<CMD> setPtnPinStatus -cell sram_w16_160 -pin {Q[69]} -status unplaced -silent
<CMD> setPtnPinStatus -cell sram_w16_160 -pin {Q[70]} -status unplaced -silent
<CMD> setPtnPinStatus -cell sram_w16_160 -pin {Q[71]} -status unplaced -silent
<CMD> setPtnPinStatus -cell sram_w16_160 -pin {Q[72]} -status unplaced -silent
<CMD> setPtnPinStatus -cell sram_w16_160 -pin {Q[73]} -status unplaced -silent
<CMD> setPtnPinStatus -cell sram_w16_160 -pin {Q[74]} -status unplaced -silent
<CMD> setPtnPinStatus -cell sram_w16_160 -pin {Q[75]} -status unplaced -silent
<CMD> setPtnPinStatus -cell sram_w16_160 -pin {Q[76]} -status unplaced -silent
<CMD> setPtnPinStatus -cell sram_w16_160 -pin {Q[77]} -status unplaced -silent
<CMD> setPtnPinStatus -cell sram_w16_160 -pin {Q[78]} -status unplaced -silent
<CMD> setPtnPinStatus -cell sram_w16_160 -pin {Q[79]} -status unplaced -silent
<CMD> setPtnPinStatus -cell sram_w16_160 -pin {Q[80]} -status unplaced -silent
<CMD> setPtnPinStatus -cell sram_w16_160 -pin {Q[81]} -status unplaced -silent
<CMD> setPtnPinStatus -cell sram_w16_160 -pin {Q[82]} -status unplaced -silent
<CMD> setPtnPinStatus -cell sram_w16_160 -pin {Q[83]} -status unplaced -silent
<CMD> setPtnPinStatus -cell sram_w16_160 -pin {Q[84]} -status unplaced -silent
<CMD> setPtnPinStatus -cell sram_w16_160 -pin {Q[85]} -status unplaced -silent
<CMD> setPtnPinStatus -cell sram_w16_160 -pin {Q[86]} -status unplaced -silent
<CMD> setPtnPinStatus -cell sram_w16_160 -pin {Q[87]} -status unplaced -silent
<CMD> setPtnPinStatus -cell sram_w16_160 -pin {Q[88]} -status unplaced -silent
<CMD> setPtnPinStatus -cell sram_w16_160 -pin {Q[89]} -status unplaced -silent
<CMD> setPtnPinStatus -cell sram_w16_160 -pin {Q[90]} -status unplaced -silent
<CMD> setPtnPinStatus -cell sram_w16_160 -pin {Q[91]} -status unplaced -silent
<CMD> setPtnPinStatus -cell sram_w16_160 -pin {Q[92]} -status unplaced -silent
<CMD> setPtnPinStatus -cell sram_w16_160 -pin {Q[93]} -status unplaced -silent
<CMD> setPtnPinStatus -cell sram_w16_160 -pin {Q[94]} -status unplaced -silent
<CMD> setPtnPinStatus -cell sram_w16_160 -pin {Q[95]} -status unplaced -silent
<CMD> setPtnPinStatus -cell sram_w16_160 -pin {Q[96]} -status unplaced -silent
<CMD> setPtnPinStatus -cell sram_w16_160 -pin {Q[97]} -status unplaced -silent
<CMD> setPtnPinStatus -cell sram_w16_160 -pin {Q[98]} -status unplaced -silent
<CMD> setPtnPinStatus -cell sram_w16_160 -pin {Q[99]} -status unplaced -silent
<CMD> setPtnPinStatus -cell sram_w16_160 -pin {Q[100]} -status unplaced -silent
<CMD> setPtnPinStatus -cell sram_w16_160 -pin {Q[101]} -status unplaced -silent
<CMD> setPtnPinStatus -cell sram_w16_160 -pin {Q[102]} -status unplaced -silent
<CMD> setPtnPinStatus -cell sram_w16_160 -pin {Q[103]} -status unplaced -silent
<CMD> setPtnPinStatus -cell sram_w16_160 -pin {Q[104]} -status unplaced -silent
<CMD> setPtnPinStatus -cell sram_w16_160 -pin {Q[105]} -status unplaced -silent
<CMD> setPtnPinStatus -cell sram_w16_160 -pin {Q[106]} -status unplaced -silent
<CMD> setPtnPinStatus -cell sram_w16_160 -pin {Q[107]} -status unplaced -silent
<CMD> setPtnPinStatus -cell sram_w16_160 -pin {Q[108]} -status unplaced -silent
<CMD> setPtnPinStatus -cell sram_w16_160 -pin {Q[109]} -status unplaced -silent
<CMD> setPtnPinStatus -cell sram_w16_160 -pin {Q[110]} -status unplaced -silent
<CMD> setPtnPinStatus -cell sram_w16_160 -pin {Q[111]} -status unplaced -silent
<CMD> setPtnPinStatus -cell sram_w16_160 -pin {Q[112]} -status unplaced -silent
<CMD> setPtnPinStatus -cell sram_w16_160 -pin {Q[113]} -status unplaced -silent
<CMD> setPtnPinStatus -cell sram_w16_160 -pin {Q[114]} -status unplaced -silent
<CMD> setPtnPinStatus -cell sram_w16_160 -pin {Q[115]} -status unplaced -silent
<CMD> setPtnPinStatus -cell sram_w16_160 -pin {Q[116]} -status unplaced -silent
<CMD> setPtnPinStatus -cell sram_w16_160 -pin {Q[117]} -status unplaced -silent
<CMD> setPtnPinStatus -cell sram_w16_160 -pin {Q[118]} -status unplaced -silent
<CMD> setPtnPinStatus -cell sram_w16_160 -pin {Q[119]} -status unplaced -silent
<CMD> setPtnPinStatus -cell sram_w16_160 -pin {Q[120]} -status unplaced -silent
<CMD> setPtnPinStatus -cell sram_w16_160 -pin {Q[121]} -status unplaced -silent
<CMD> setPtnPinStatus -cell sram_w16_160 -pin {Q[122]} -status unplaced -silent
<CMD> setPtnPinStatus -cell sram_w16_160 -pin {Q[123]} -status unplaced -silent
<CMD> setPtnPinStatus -cell sram_w16_160 -pin {Q[124]} -status unplaced -silent
<CMD> setPtnPinStatus -cell sram_w16_160 -pin {Q[125]} -status unplaced -silent
<CMD> setPtnPinStatus -cell sram_w16_160 -pin {Q[126]} -status unplaced -silent
<CMD> setPtnPinStatus -cell sram_w16_160 -pin {Q[127]} -status unplaced -silent
<CMD> setPtnPinStatus -cell sram_w16_160 -pin {Q[128]} -status unplaced -silent
<CMD> setPtnPinStatus -cell sram_w16_160 -pin {Q[129]} -status unplaced -silent
<CMD> setPtnPinStatus -cell sram_w16_160 -pin {Q[130]} -status unplaced -silent
<CMD> setPtnPinStatus -cell sram_w16_160 -pin {Q[131]} -status unplaced -silent
<CMD> setPtnPinStatus -cell sram_w16_160 -pin {Q[132]} -status unplaced -silent
<CMD> setPtnPinStatus -cell sram_w16_160 -pin {Q[133]} -status unplaced -silent
<CMD> setPtnPinStatus -cell sram_w16_160 -pin {Q[134]} -status unplaced -silent
<CMD> setPtnPinStatus -cell sram_w16_160 -pin {Q[135]} -status unplaced -silent
<CMD> setPtnPinStatus -cell sram_w16_160 -pin {Q[136]} -status unplaced -silent
<CMD> setPtnPinStatus -cell sram_w16_160 -pin {Q[137]} -status unplaced -silent
<CMD> setPtnPinStatus -cell sram_w16_160 -pin {Q[138]} -status unplaced -silent
<CMD> setPtnPinStatus -cell sram_w16_160 -pin {Q[139]} -status unplaced -silent
<CMD> setPtnPinStatus -cell sram_w16_160 -pin {Q[140]} -status unplaced -silent
<CMD> setPtnPinStatus -cell sram_w16_160 -pin {Q[141]} -status unplaced -silent
<CMD> setPtnPinStatus -cell sram_w16_160 -pin {Q[142]} -status unplaced -silent
<CMD> setPtnPinStatus -cell sram_w16_160 -pin {Q[143]} -status unplaced -silent
<CMD> setPtnPinStatus -cell sram_w16_160 -pin {Q[144]} -status unplaced -silent
<CMD> setPtnPinStatus -cell sram_w16_160 -pin {Q[145]} -status unplaced -silent
<CMD> setPtnPinStatus -cell sram_w16_160 -pin {Q[146]} -status unplaced -silent
<CMD> setPtnPinStatus -cell sram_w16_160 -pin {Q[147]} -status unplaced -silent
<CMD> setPtnPinStatus -cell sram_w16_160 -pin {Q[148]} -status unplaced -silent
<CMD> setPtnPinStatus -cell sram_w16_160 -pin {Q[149]} -status unplaced -silent
<CMD> setPtnPinStatus -cell sram_w16_160 -pin {Q[150]} -status unplaced -silent
<CMD> setPtnPinStatus -cell sram_w16_160 -pin {Q[151]} -status unplaced -silent
<CMD> setPtnPinStatus -cell sram_w16_160 -pin {Q[152]} -status unplaced -silent
<CMD> setPtnPinStatus -cell sram_w16_160 -pin {Q[153]} -status unplaced -silent
<CMD> setPtnPinStatus -cell sram_w16_160 -pin {Q[154]} -status unplaced -silent
<CMD> setPtnPinStatus -cell sram_w16_160 -pin {Q[155]} -status unplaced -silent
<CMD> setPtnPinStatus -cell sram_w16_160 -pin {Q[156]} -status unplaced -silent
<CMD> setPtnPinStatus -cell sram_w16_160 -pin {Q[157]} -status unplaced -silent
<CMD> setPtnPinStatus -cell sram_w16_160 -pin {Q[158]} -status unplaced -silent
<CMD> setPtnPinStatus -cell sram_w16_160 -pin {Q[159]} -status unplaced -silent
<CMD> set ptngSprNoRefreshPins 0
<CMD_INTERNAL> ptnSprRefreshPinsAndBlockages
<CMD> setPinAssignMode -pinEditInBatch true
<CMD> editPin -fixOverlap 1 -unit MICRON -spreadDirection clockwise -side Top -layer 3 -spreadType center -spacing 1 -pin {{Q[0]} {Q[1]} {Q[2]} {Q[3]} {Q[4]} {Q[5]} {Q[6]} {Q[7]} {Q[8]} {Q[9]} {Q[10]} {Q[11]} {Q[12]} {Q[13]} {Q[14]} {Q[15]} {Q[16]} {Q[17]} {Q[18]} {Q[19]} {Q[20]} {Q[21]} {Q[22]} {Q[23]} {Q[24]} {Q[25]} {Q[26]} {Q[27]} {Q[28]} {Q[29]} {Q[30]} {Q[31]} {Q[32]} {Q[33]} {Q[34]} {Q[35]} {Q[36]} {Q[37]} {Q[38]} {Q[39]} {Q[40]} {Q[41]} {Q[42]} {Q[43]} {Q[44]} {Q[45]} {Q[46]} {Q[47]} {Q[48]} {Q[49]} {Q[50]} {Q[51]} {Q[52]} {Q[53]} {Q[54]} {Q[55]} {Q[56]} {Q[57]} {Q[58]} {Q[59]} {Q[60]} {Q[61]} {Q[62]} {Q[63]} {Q[64]} {Q[65]} {Q[66]} {Q[67]} {Q[68]} {Q[69]} {Q[70]} {Q[71]} {Q[72]} {Q[73]} {Q[74]} {Q[75]} {Q[76]} {Q[77]} {Q[78]} {Q[79]} {Q[80]} {Q[81]} {Q[82]} {Q[83]} {Q[84]} {Q[85]} {Q[86]} {Q[87]} {Q[88]} {Q[89]} {Q[90]} {Q[91]} {Q[92]} {Q[93]} {Q[94]} {Q[95]} {Q[96]} {Q[97]} {Q[98]} {Q[99]} {Q[100]} {Q[101]} {Q[102]} {Q[103]} {Q[104]} {Q[105]} {Q[106]} {Q[107]} {Q[108]} {Q[109]} {Q[110]} {Q[111]} {Q[112]} {Q[113]} {Q[114]} {Q[115]} {Q[116]} {Q[117]} {Q[118]} {Q[119]} {Q[120]} {Q[121]} {Q[122]} {Q[123]} {Q[124]} {Q[125]} {Q[126]} {Q[127]} {Q[128]} {Q[129]} {Q[130]} {Q[131]} {Q[132]} {Q[133]} {Q[134]} {Q[135]} {Q[136]} {Q[137]} {Q[138]} {Q[139]} {Q[140]} {Q[141]} {Q[142]} {Q[143]} {Q[144]} {Q[145]} {Q[146]} {Q[147]} {Q[148]} {Q[149]} {Q[150]} {Q[151]} {Q[152]} {Q[153]} {Q[154]} {Q[155]} {Q[156]} {Q[157]} {Q[158]} {Q[159]}}
Successfully spread [160] pins.
editPin : finished (cpu = 0:00:00.0 real = 0:00:00.0, mem = 976.5M).
<CMD> setPinAssignMode -pinEditInBatch true
<CMD> editPin -fixOverlap 1 -unit MICRON -spreadDirection clockwise -side Bottom -layer 1 -spreadType center -spacing 1.0 -pin {{D[0]} {D[1]} {D[2]} {D[3]} {D[4]} {D[5]} {D[6]} {D[7]} {D[8]} {D[9]} {D[10]} {D[11]} {D[12]} {D[13]} {D[14]} {D[15]} {D[16]} {D[17]} {D[18]} {D[19]} {D[20]} {D[21]} {D[22]} {D[23]} {D[24]} {D[25]} {D[26]} {D[27]} {D[28]} {D[29]} {D[30]} {D[31]} {D[32]} {D[33]} {D[34]} {D[35]} {D[36]} {D[37]} {D[38]} {D[39]} {D[40]} {D[41]} {D[42]} {D[43]} {D[44]} {D[45]} {D[46]} {D[47]} {D[48]} {D[49]} {D[50]} {D[51]} {D[52]} {D[53]} {D[54]} {D[55]} {D[56]} {D[57]} {D[58]} {D[59]} {D[60]} {D[61]} {D[62]} {D[63]} {D[64]} {D[65]} {D[66]} {D[67]} {D[68]} {D[69]} {D[70]} {D[71]} {D[72]} {D[73]} {D[74]} {D[75]} {D[76]} {D[77]} {D[78]} {D[79]} {D[80]} {D[81]} {D[82]} {D[83]} {D[84]} {D[85]} {D[86]} {D[87]} {D[88]} {D[89]} {D[90]} {D[91]} {D[92]} {D[93]} {D[94]} {D[95]} {D[96]} {D[97]} {D[98]} {D[99]} {D[100]} {D[101]} {D[102]} {D[103]} {D[104]} {D[105]} {D[106]} {D[107]} {D[108]} {D[109]} {D[110]} {D[111]} {D[112]} {D[113]} {D[114]} {D[115]} {D[116]} {D[117]} {D[118]} {D[119]} {D[120]} {D[121]} {D[122]} {D[123]} {D[124]} {D[125]} {D[126]} {D[127]} {D[128]} {D[129]} {D[130]} {D[131]} {D[132]} {D[133]} {D[134]} {D[135]} {D[136]} {D[137]} {D[138]} {D[139]} {D[140]} {D[141]} {D[142]} {D[143]} {D[144]} {D[145]} {D[146]} {D[147]} {D[148]} {D[149]} {D[150]} {D[151]} {D[152]} {D[153]} {D[154]} {D[155]} {D[156]} {D[157]} {D[158]} {D[159]}}
Successfully spread [160] pins.
editPin : finished (cpu = 0:00:00.0 real = 0:00:00.0, mem = 977.5M).

*** Memory Usage v#1 (Current mem = 977.465M, initial mem = 152.258M) ***
*** Message Summary: 1640 warning(s), 5 error(s)

--- Ending "Innovus" (totcpu=0:00:51.2, real=0:03:52, mem=977.5M) ---
