###############################################################
#  Generated by:      Cadence Innovus 15.23-s045_1
#  OS:                Linux x86_64(Host ID ieng6-ece-17.ucsd.edu)
#  Generated on:      Fri Mar 21 19:10:38 2025
#  Design:            sram_w16_256
#  Command:           report_timing -max_paths 5 > ${design}.post_route.timing.rpt
###############################################################
Path 1: MET Setup Check with Pin Q_reg_152_/CP 
Endpoint:   Q_reg_152_/D (v) checked with  leading edge of 'clk'
Beginpoint: A[0]         (^) triggered by  leading edge of 'clk'
Path Groups: {clk}
Analysis View: WC_VIEW
Other End Arrival Time          0.173
- Setup                         0.117
+ Phase Shift                   1.000
+ CPPR Adjustment               0.000
= Required Time                 1.055
- Arrival Time                  1.034
= Slack Time                    0.021
     Clock Rise Edge                      0.000
     + Input Delay                        0.200
     = Beginpoint Arrival Time            0.200
     +-----------------------------------------------------------------------+ 
     |    Instance     |     Arc      |  Cell   | Delay | Arrival | Required | 
     |                 |              |         |       |  Time   |   Time   | 
     |-----------------+--------------+---------+-------+---------+----------| 
     |                 | A[0] ^       |         |       |   0.200 |    0.221 | 
     | U1309           | I ^ -> ZN v  | CKND3   | 0.023 |   0.223 |    0.244 | 
     | U1323           | A2 v -> ZN ^ | CKND2D2 | 0.045 |   0.269 |    0.290 | 
     | U1383           | A2 ^ -> ZN v | NR2D4   | 0.037 |   0.305 |    0.326 | 
     | FE_OFC133_n1057 | I v -> ZN ^  | CKND1   | 0.048 |   0.353 |    0.375 | 
     | FE_OFC135_n1057 | I ^ -> ZN v  | INVD6   | 0.067 |   0.421 |    0.442 | 
     | FE_OFC252_n1057 | I v -> Z v   | BUFFD8  | 0.133 |   0.554 |    0.575 | 
     | FE_OFC255_n1057 | I v -> Z v   | BUFFD0  | 0.154 |   0.708 |    0.729 | 
     | U2454           | B1 v -> ZN ^ | AOI22D0 | 0.119 |   0.828 |    0.849 | 
     | U1651           | A2 ^ -> ZN v | ND4D0   | 0.206 |   1.034 |    1.055 | 
     | Q_reg_152_      | D v          | EDFQD1  | 0.000 |   1.034 |    1.055 | 
     +-----------------------------------------------------------------------+ 
Path 2: MET Setup Check with Pin Q_reg_154_/CP 
Endpoint:   Q_reg_154_/D (v) checked with  leading edge of 'clk'
Beginpoint: A[0]         (v) triggered by  leading edge of 'clk'
Path Groups: {clk}
Analysis View: WC_VIEW
Other End Arrival Time          0.173
- Setup                         0.115
+ Phase Shift                   1.000
+ CPPR Adjustment               0.000
= Required Time                 1.058
- Arrival Time                  1.035
= Slack Time                    0.023
     Clock Rise Edge                      0.000
     + Input Delay                        0.200
     = Beginpoint Arrival Time            0.200
     +-----------------------------------------------------------------------+ 
     |    Instance     |     Arc      |  Cell   | Delay | Arrival | Required | 
     |                 |              |         |       |  Time   |   Time   | 
     |-----------------+--------------+---------+-------+---------+----------| 
     |                 | A[0] v       |         |       |   0.200 |    0.223 | 
     | U1333           | A2 v -> ZN ^ | CKND2D2 | 0.027 |   0.227 |    0.250 | 
     | U1855           | A2 ^ -> ZN v | NR2XD1  | 0.079 |   0.307 |    0.329 | 
     | FE_OFC176_n1528 | I v -> ZN ^  | CKND2   | 0.049 |   0.355 |    0.378 | 
     | FE_OFC178_n1528 | I ^ -> ZN v  | CKND4   | 0.111 |   0.466 |    0.489 | 
     | FE_OFC293_n1528 | I v -> ZN ^  | CKND3   | 0.086 |   0.552 |    0.575 | 
     | FE_OFC295_n1528 | I ^ -> ZN v  | INVD6   | 0.061 |   0.613 |    0.636 | 
     | FE_OFC297_n1528 | I v -> Z v   | BUFFD0  | 0.124 |   0.737 |    0.760 | 
     | U2449           | A1 v -> ZN ^ | AOI22D0 | 0.097 |   0.834 |    0.857 | 
     | U2450           | A4 ^ -> ZN v | ND4D0   | 0.201 |   1.035 |    1.058 | 
     | Q_reg_154_      | D v          | EDFQD1  | 0.000 |   1.035 |    1.058 | 
     +-----------------------------------------------------------------------+ 
Path 3: MET Setup Check with Pin memory6_reg_251_/CP 
Endpoint:   memory6_reg_251_/E (^) checked with  leading edge of 'clk'
Beginpoint: A[0]               (v) triggered by  leading edge of 'clk'
Path Groups: {clk}
Analysis View: WC_VIEW
Other End Arrival Time          0.170
- Setup                         0.100
+ Phase Shift                   1.000
+ CPPR Adjustment               0.000
= Required Time                 1.070
- Arrival Time                  1.046
= Slack Time                    0.024
     Clock Rise Edge                      0.000
     + Input Delay                        0.200
     = Beginpoint Arrival Time            0.200
     +------------------------------------------------------------------------+ 
     |     Instance     |     Arc      |  Cell   | Delay | Arrival | Required | 
     |                  |              |         |       |  Time   |   Time   | 
     |------------------+--------------+---------+-------+---------+----------| 
     |                  | A[0] v       |         |       |   0.200 |    0.224 | 
     | U1309            | I v -> ZN ^  | CKND3   | 0.027 |   0.227 |    0.251 | 
     | U1323            | A2 ^ -> ZN v | CKND2D2 | 0.044 |   0.271 |    0.295 | 
     | U1320            | A2 v -> ZN ^ | NR2D2   | 0.084 |   0.355 |    0.379 | 
     | U1950            | A1 ^ -> ZN ^ | INR2XD0 | 0.088 |   0.443 |    0.466 | 
     | FE_OFC167_N356   | I ^ -> ZN v  | CKND2   | 0.042 |   0.485 |    0.508 | 
     | FE_OFC168_N356   | I v -> ZN ^  | CKND8   | 0.080 |   0.565 |    0.589 | 
     | FE_OFC173_N356   | I ^ -> Z ^   | CKBD8   | 0.157 |   0.722 |    0.746 | 
     | FE_OFC339_N356   | I ^ -> Z ^   | CKBD12  | 0.130 |   0.852 |    0.876 | 
     | FE_OFC340_N356   | I ^ -> Z ^   | BUFFD8  | 0.167 |   1.019 |    1.043 | 
     | memory6_reg_251_ | E ^          | EDFQD1  | 0.027 |   1.046 |    1.070 | 
     +------------------------------------------------------------------------+ 
Path 4: MET Setup Check with Pin memory6_reg_249_/CP 
Endpoint:   memory6_reg_249_/E (^) checked with  leading edge of 'clk'
Beginpoint: A[0]               (v) triggered by  leading edge of 'clk'
Path Groups: {clk}
Analysis View: WC_VIEW
Other End Arrival Time          0.172
- Setup                         0.100
+ Phase Shift                   1.000
+ CPPR Adjustment               0.000
= Required Time                 1.072
- Arrival Time                  1.047
= Slack Time                    0.024
     Clock Rise Edge                      0.000
     + Input Delay                        0.200
     = Beginpoint Arrival Time            0.200
     +------------------------------------------------------------------------+ 
     |     Instance     |     Arc      |  Cell   | Delay | Arrival | Required | 
     |                  |              |         |       |  Time   |   Time   | 
     |------------------+--------------+---------+-------+---------+----------| 
     |                  | A[0] v       |         |       |   0.200 |    0.224 | 
     | U1309            | I v -> ZN ^  | CKND3   | 0.027 |   0.227 |    0.252 | 
     | U1323            | A2 ^ -> ZN v | CKND2D2 | 0.044 |   0.271 |    0.296 | 
     | U1320            | A2 v -> ZN ^ | NR2D2   | 0.084 |   0.355 |    0.380 | 
     | U1950            | A1 ^ -> ZN ^ | INR2XD0 | 0.088 |   0.443 |    0.467 | 
     | FE_OFC167_N356   | I ^ -> ZN v  | CKND2   | 0.042 |   0.485 |    0.509 | 
     | FE_OFC168_N356   | I v -> ZN ^  | CKND8   | 0.080 |   0.565 |    0.590 | 
     | FE_OFC173_N356   | I ^ -> Z ^   | CKBD8   | 0.157 |   0.722 |    0.747 | 
     | FE_OFC339_N356   | I ^ -> Z ^   | CKBD12  | 0.130 |   0.852 |    0.876 | 
     | FE_OFC340_N356   | I ^ -> Z ^   | BUFFD8  | 0.167 |   1.019 |    1.044 | 
     | memory6_reg_249_ | E ^          | EDFQD1  | 0.028 |   1.047 |    1.072 | 
     +------------------------------------------------------------------------+ 
Path 5: MET Setup Check with Pin memory6_reg_245_/CP 
Endpoint:   memory6_reg_245_/E (^) checked with  leading edge of 'clk'
Beginpoint: A[0]               (v) triggered by  leading edge of 'clk'
Path Groups: {clk}
Analysis View: WC_VIEW
Other End Arrival Time          0.172
- Setup                         0.100
+ Phase Shift                   1.000
+ CPPR Adjustment               0.000
= Required Time                 1.072
- Arrival Time                  1.047
= Slack Time                    0.025
     Clock Rise Edge                      0.000
     + Input Delay                        0.200
     = Beginpoint Arrival Time            0.200
     +------------------------------------------------------------------------+ 
     |     Instance     |     Arc      |  Cell   | Delay | Arrival | Required | 
     |                  |              |         |       |  Time   |   Time   | 
     |------------------+--------------+---------+-------+---------+----------| 
     |                  | A[0] v       |         |       |   0.200 |    0.225 | 
     | U1309            | I v -> ZN ^  | CKND3   | 0.027 |   0.227 |    0.252 | 
     | U1323            | A2 ^ -> ZN v | CKND2D2 | 0.044 |   0.271 |    0.296 | 
     | U1320            | A2 v -> ZN ^ | NR2D2   | 0.084 |   0.355 |    0.380 | 
     | U1950            | A1 ^ -> ZN ^ | INR2XD0 | 0.088 |   0.443 |    0.467 | 
     | FE_OFC167_N356   | I ^ -> ZN v  | CKND2   | 0.042 |   0.485 |    0.509 | 
     | FE_OFC168_N356   | I v -> ZN ^  | CKND8   | 0.080 |   0.565 |    0.590 | 
     | FE_OFC173_N356   | I ^ -> Z ^   | CKBD8   | 0.157 |   0.722 |    0.747 | 
     | FE_OFC339_N356   | I ^ -> Z ^   | CKBD12  | 0.130 |   0.852 |    0.877 | 
     | FE_OFC340_N356   | I ^ -> Z ^   | BUFFD8  | 0.167 |   1.019 |    1.044 | 
     | memory6_reg_245_ | E ^          | EDFQD1  | 0.028 |   1.047 |    1.072 | 
     +------------------------------------------------------------------------+ 

