###############################################################
#  Generated by:      Cadence Innovus 15.23-s045_1
#  OS:                Linux x86_64(Host ID ieng6-ece-05.ucsd.edu)
#  Generated on:      Sat Mar 22 17:45:10 2025
#  Design:            core
#  Command:           report_timing -max_paths 5 > ${design}.post_route.timing.rpt
###############################################################
Path 1: MET Setup Check with Pin ofifo_inst/col_idx_1__fifo_instance/q0_reg_19_/
CP 
Endpoint:   ofifo_inst/col_idx_1__fifo_instance/q0_reg_19_/D             (v) 
checked with  leading edge of 'clk'
Beginpoint: mac_array_instance/col_idx_2__mac_col_inst/query_q_reg_21_/Q (^) 
triggered by  leading edge of 'clk'
Path Groups: {clk}
Analysis View: WC_VIEW
Other End Arrival Time          0.234
- Setup                         0.000
+ Phase Shift                  10.000
+ CPPR Adjustment               0.000
= Required Time                10.234
- Arrival Time                  5.247
= Slack Time                    4.987
     Clock Rise Edge                 0.000
     + Clock Network Latency (Prop)  0.226
     = Beginpoint Arrival Time       0.226
     +-----------------------------------------------------------------------------------------------------------+ 
     |                      Instance                      |     Arc      |   Cell   | Delay | Arrival | Required | 
     |                                                    |              |          |       |  Time   |   Time   | 
     |----------------------------------------------------+--------------+----------+-------+---------+----------| 
     | mac_array_instance/col_idx_2__mac_col_inst/query_q | CP ^         |          |       |   0.226 |    5.213 | 
     | _reg_21_                                           |              |          |       |         |          | 
     | mac_array_instance/col_idx_2__mac_col_inst/query_q | CP ^ -> Q ^  | EDFQD1   | 0.285 |   0.511 |    5.498 | 
     | _reg_21_                                           |              |          |       |         |          | 
     | mac_array_instance/col_idx_2__mac_col_inst/mac_16i | I ^ -> ZN v  | CKND0    | 0.261 |   0.772 |    5.759 | 
     | n_instance/U293                                    |              |          |       |         |          | 
     | mac_array_instance/col_idx_2__mac_col_inst/mac_16i | A2 v -> ZN ^ | AOI22D0  | 0.349 |   1.121 |    6.108 | 
     | n_instance/U295                                    |              |          |       |         |          | 
     | mac_array_instance/col_idx_2__mac_col_inst/mac_16i | I ^ -> ZN v  | CKND0    | 0.141 |   1.263 |    6.250 | 
     | n_instance/U38                                     |              |          |       |         |          | 
     | mac_array_instance/col_idx_2__mac_col_inst/mac_16i | C v -> ZN ^  | AOI221D0 | 0.272 |   1.534 |    6.521 | 
     | n_instance/U299                                    |              |          |       |         |          | 
     | mac_array_instance/col_idx_2__mac_col_inst/mac_16i | I ^ -> ZN v  | CKND0    | 0.179 |   1.713 |    6.700 | 
     | n_instance/U300                                    |              |          |       |         |          | 
     | mac_array_instance/col_idx_2__mac_col_inst/mac_16i | B2 v -> ZN ^ | OAI22D0  | 0.273 |   1.987 |    6.974 | 
     | n_instance/U736                                    |              |          |       |         |          | 
     | mac_array_instance/col_idx_2__mac_col_inst/mac_16i | B ^ -> S ^   | CMPE42D1 | 0.386 |   2.372 |    7.359 | 
     | n_instance/DP_OP_38J4_122_7155_U98                 |              |          |       |         |          | 
     | mac_array_instance/col_idx_2__mac_col_inst/mac_16i | B ^ -> S v   | CMPE42D1 | 0.312 |   2.685 |    7.672 | 
     | n_instance/DP_OP_38J4_122_7155_U90                 |              |          |       |         |          | 
     | mac_array_instance/col_idx_2__mac_col_inst/mac_16i | C v -> S v   | CMPE42D1 | 0.254 |   2.939 |    7.926 | 
     | n_instance/DP_OP_38J4_122_7155_U88                 |              |          |       |         |          | 
     | mac_array_instance/col_idx_2__mac_col_inst/mac_16i | A v -> S ^   | CMPE42D1 | 0.309 |   3.248 |    8.235 | 
     | n_instance/DP_OP_38J4_122_7155_U86                 |              |          |       |         |          | 
     | mac_array_instance/col_idx_2__mac_col_inst/mac_16i | B ^ -> CO ^  | FA1D0    | 0.182 |   3.430 |    8.417 | 
     | n_instance/intadd_7_U11                            |              |          |       |         |          | 
     | mac_array_instance/col_idx_2__mac_col_inst/mac_16i | CI ^ -> CO ^ | FA1D0    | 0.134 |   3.564 |    8.551 | 
     | n_instance/intadd_7_U10                            |              |          |       |         |          | 
     | mac_array_instance/col_idx_2__mac_col_inst/mac_16i | CI ^ -> CO ^ | FA1D0    | 0.112 |   3.676 |    8.663 | 
     | n_instance/intadd_7_U9                             |              |          |       |         |          | 
     | mac_array_instance/col_idx_2__mac_col_inst/mac_16i | CI ^ -> CO ^ | FA1D0    | 0.092 |   3.768 |    8.755 | 
     | n_instance/intadd_7_U8                             |              |          |       |         |          | 
     | mac_array_instance/col_idx_2__mac_col_inst/mac_16i | CI ^ -> CO ^ | FA1D0    | 0.102 |   3.870 |    8.857 | 
     | n_instance/intadd_7_U7                             |              |          |       |         |          | 
     | mac_array_instance/col_idx_2__mac_col_inst/mac_16i | CI ^ -> CO ^ | FA1D0    | 0.112 |   3.982 |    8.969 | 
     | n_instance/intadd_7_U6                             |              |          |       |         |          | 
     | mac_array_instance/col_idx_2__mac_col_inst/mac_16i | CI ^ -> CO ^ | FA1D0    | 0.130 |   4.112 |    9.099 | 
     | n_instance/intadd_7_U5                             |              |          |       |         |          | 
     | mac_array_instance/col_idx_2__mac_col_inst/mac_16i | CI ^ -> CO ^ | FA1D0    | 0.148 |   4.260 |    9.247 | 
     | n_instance/intadd_7_U4                             |              |          |       |         |          | 
     | mac_array_instance/col_idx_2__mac_col_inst/mac_16i | CI ^ -> CO ^ | FA1D0    | 0.110 |   4.370 |    9.357 | 
     | n_instance/intadd_7_U3                             |              |          |       |         |          | 
     | mac_array_instance/col_idx_2__mac_col_inst/mac_16i | CI ^ -> CO ^ | FA1D0    | 0.288 |   4.657 |    9.644 | 
     | n_instance/intadd_7_U2                             |              |          |       |         |          | 
     | mac_array_instance/col_idx_2__mac_col_inst/mac_16i | I ^ -> Z ^   | CKBD0    | 0.183 |   4.840 |    9.827 | 
     | n_instance/FE_OFC225_intadd_7_n1                   |              |          |       |         |          | 
     | mac_array_instance/col_idx_2__mac_col_inst/mac_16i | I ^ -> ZN v  | CKND0    | 0.247 |   5.088 |   10.075 | 
     | n_instance/U57                                     |              |          |       |         |          | 
     | ofifo_inst/col_idx_1__fifo_instance/U64            | A2 v -> Z v  | OA22D0   | 0.159 |   5.247 |   10.234 | 
     | ofifo_inst/col_idx_1__fifo_instance/q0_reg_19_     | D v          | DFQD1    | 0.000 |   5.247 |   10.234 | 
     +-----------------------------------------------------------------------------------------------------------+ 
Path 2: MET Setup Check with Pin ofifo_inst/col_idx_1__fifo_instance/q6_reg_19_/
CP 
Endpoint:   ofifo_inst/col_idx_1__fifo_instance/q6_reg_19_/D             (v) 
checked with  leading edge of 'clk'
Beginpoint: mac_array_instance/col_idx_2__mac_col_inst/query_q_reg_21_/Q (^) 
triggered by  leading edge of 'clk'
Path Groups: {clk}
Analysis View: WC_VIEW
Other End Arrival Time          0.237
- Setup                        -0.005
+ Phase Shift                  10.000
+ CPPR Adjustment               0.000
= Required Time                10.242
- Arrival Time                  5.245
= Slack Time                    4.997
     Clock Rise Edge                 0.000
     + Clock Network Latency (Prop)  0.226
     = Beginpoint Arrival Time       0.226
     +-----------------------------------------------------------------------------------------------------------+ 
     |                      Instance                      |     Arc      |   Cell   | Delay | Arrival | Required | 
     |                                                    |              |          |       |  Time   |   Time   | 
     |----------------------------------------------------+--------------+----------+-------+---------+----------| 
     | mac_array_instance/col_idx_2__mac_col_inst/query_q | CP ^         |          |       |   0.226 |    5.223 | 
     | _reg_21_                                           |              |          |       |         |          | 
     | mac_array_instance/col_idx_2__mac_col_inst/query_q | CP ^ -> Q ^  | EDFQD1   | 0.285 |   0.511 |    5.508 | 
     | _reg_21_                                           |              |          |       |         |          | 
     | mac_array_instance/col_idx_2__mac_col_inst/mac_16i | I ^ -> ZN v  | CKND0    | 0.261 |   0.772 |    5.769 | 
     | n_instance/U293                                    |              |          |       |         |          | 
     | mac_array_instance/col_idx_2__mac_col_inst/mac_16i | A2 v -> ZN ^ | AOI22D0  | 0.349 |   1.121 |    6.118 | 
     | n_instance/U295                                    |              |          |       |         |          | 
     | mac_array_instance/col_idx_2__mac_col_inst/mac_16i | I ^ -> ZN v  | CKND0    | 0.141 |   1.263 |    6.260 | 
     | n_instance/U38                                     |              |          |       |         |          | 
     | mac_array_instance/col_idx_2__mac_col_inst/mac_16i | C v -> ZN ^  | AOI221D0 | 0.272 |   1.534 |    6.531 | 
     | n_instance/U299                                    |              |          |       |         |          | 
     | mac_array_instance/col_idx_2__mac_col_inst/mac_16i | I ^ -> ZN v  | CKND0    | 0.179 |   1.713 |    6.710 | 
     | n_instance/U300                                    |              |          |       |         |          | 
     | mac_array_instance/col_idx_2__mac_col_inst/mac_16i | B2 v -> ZN ^ | OAI22D0  | 0.273 |   1.987 |    6.984 | 
     | n_instance/U736                                    |              |          |       |         |          | 
     | mac_array_instance/col_idx_2__mac_col_inst/mac_16i | B ^ -> S ^   | CMPE42D1 | 0.386 |   2.372 |    7.369 | 
     | n_instance/DP_OP_38J4_122_7155_U98                 |              |          |       |         |          | 
     | mac_array_instance/col_idx_2__mac_col_inst/mac_16i | B ^ -> S v   | CMPE42D1 | 0.312 |   2.685 |    7.682 | 
     | n_instance/DP_OP_38J4_122_7155_U90                 |              |          |       |         |          | 
     | mac_array_instance/col_idx_2__mac_col_inst/mac_16i | C v -> S v   | CMPE42D1 | 0.254 |   2.939 |    7.936 | 
     | n_instance/DP_OP_38J4_122_7155_U88                 |              |          |       |         |          | 
     | mac_array_instance/col_idx_2__mac_col_inst/mac_16i | A v -> S ^   | CMPE42D1 | 0.309 |   3.248 |    8.245 | 
     | n_instance/DP_OP_38J4_122_7155_U86                 |              |          |       |         |          | 
     | mac_array_instance/col_idx_2__mac_col_inst/mac_16i | B ^ -> CO ^  | FA1D0    | 0.182 |   3.430 |    8.427 | 
     | n_instance/intadd_7_U11                            |              |          |       |         |          | 
     | mac_array_instance/col_idx_2__mac_col_inst/mac_16i | CI ^ -> CO ^ | FA1D0    | 0.134 |   3.564 |    8.561 | 
     | n_instance/intadd_7_U10                            |              |          |       |         |          | 
     | mac_array_instance/col_idx_2__mac_col_inst/mac_16i | CI ^ -> CO ^ | FA1D0    | 0.112 |   3.676 |    8.673 | 
     | n_instance/intadd_7_U9                             |              |          |       |         |          | 
     | mac_array_instance/col_idx_2__mac_col_inst/mac_16i | CI ^ -> CO ^ | FA1D0    | 0.092 |   3.768 |    8.765 | 
     | n_instance/intadd_7_U8                             |              |          |       |         |          | 
     | mac_array_instance/col_idx_2__mac_col_inst/mac_16i | CI ^ -> CO ^ | FA1D0    | 0.102 |   3.870 |    8.867 | 
     | n_instance/intadd_7_U7                             |              |          |       |         |          | 
     | mac_array_instance/col_idx_2__mac_col_inst/mac_16i | CI ^ -> CO ^ | FA1D0    | 0.112 |   3.982 |    8.979 | 
     | n_instance/intadd_7_U6                             |              |          |       |         |          | 
     | mac_array_instance/col_idx_2__mac_col_inst/mac_16i | CI ^ -> CO ^ | FA1D0    | 0.130 |   4.112 |    9.109 | 
     | n_instance/intadd_7_U5                             |              |          |       |         |          | 
     | mac_array_instance/col_idx_2__mac_col_inst/mac_16i | CI ^ -> CO ^ | FA1D0    | 0.148 |   4.260 |    9.257 | 
     | n_instance/intadd_7_U4                             |              |          |       |         |          | 
     | mac_array_instance/col_idx_2__mac_col_inst/mac_16i | CI ^ -> CO ^ | FA1D0    | 0.110 |   4.370 |    9.367 | 
     | n_instance/intadd_7_U3                             |              |          |       |         |          | 
     | mac_array_instance/col_idx_2__mac_col_inst/mac_16i | CI ^ -> CO ^ | FA1D0    | 0.288 |   4.657 |    9.654 | 
     | n_instance/intadd_7_U2                             |              |          |       |         |          | 
     | mac_array_instance/col_idx_2__mac_col_inst/mac_16i | I ^ -> Z ^   | CKBD0    | 0.183 |   4.840 |    9.837 | 
     | n_instance/FE_OFC225_intadd_7_n1                   |              |          |       |         |          | 
     | mac_array_instance/col_idx_2__mac_col_inst/mac_16i | I ^ -> ZN v  | CKND0    | 0.247 |   5.088 |   10.085 | 
     | n_instance/U57                                     |              |          |       |         |          | 
     | ofifo_inst/col_idx_1__fifo_instance/U60            | A2 v -> Z v  | OA22D0   | 0.157 |   5.245 |   10.242 | 
     | ofifo_inst/col_idx_1__fifo_instance/q6_reg_19_     | D v          | DFQD1    | 0.000 |   5.245 |   10.242 | 
     +-----------------------------------------------------------------------------------------------------------+ 
Path 3: MET Setup Check with Pin ofifo_inst/col_idx_1__fifo_instance/q6_reg_18_/
CP 
Endpoint:   ofifo_inst/col_idx_1__fifo_instance/q6_reg_18_/D             (v) 
checked with  leading edge of 'clk'
Beginpoint: mac_array_instance/col_idx_2__mac_col_inst/query_q_reg_21_/Q (^) 
triggered by  leading edge of 'clk'
Path Groups: {clk}
Analysis View: WC_VIEW
Other End Arrival Time          0.239
- Setup                        -0.004
+ Phase Shift                  10.000
+ CPPR Adjustment               0.000
= Required Time                10.243
- Arrival Time                  5.246
= Slack Time                    4.998
     Clock Rise Edge                 0.000
     + Clock Network Latency (Prop)  0.226
     = Beginpoint Arrival Time       0.226
     +-----------------------------------------------------------------------------------------------------------+ 
     |                      Instance                      |     Arc      |   Cell   | Delay | Arrival | Required | 
     |                                                    |              |          |       |  Time   |   Time   | 
     |----------------------------------------------------+--------------+----------+-------+---------+----------| 
     | mac_array_instance/col_idx_2__mac_col_inst/query_q | CP ^         |          |       |   0.226 |    5.224 | 
     | _reg_21_                                           |              |          |       |         |          | 
     | mac_array_instance/col_idx_2__mac_col_inst/query_q | CP ^ -> Q ^  | EDFQD1   | 0.285 |   0.511 |    5.508 | 
     | _reg_21_                                           |              |          |       |         |          | 
     | mac_array_instance/col_idx_2__mac_col_inst/mac_16i | I ^ -> ZN v  | CKND0    | 0.261 |   0.772 |    5.770 | 
     | n_instance/U293                                    |              |          |       |         |          | 
     | mac_array_instance/col_idx_2__mac_col_inst/mac_16i | A2 v -> ZN ^ | AOI22D0  | 0.349 |   1.121 |    6.119 | 
     | n_instance/U295                                    |              |          |       |         |          | 
     | mac_array_instance/col_idx_2__mac_col_inst/mac_16i | I ^ -> ZN v  | CKND0    | 0.141 |   1.263 |    6.260 | 
     | n_instance/U38                                     |              |          |       |         |          | 
     | mac_array_instance/col_idx_2__mac_col_inst/mac_16i | C v -> ZN ^  | AOI221D0 | 0.272 |   1.534 |    6.532 | 
     | n_instance/U299                                    |              |          |       |         |          | 
     | mac_array_instance/col_idx_2__mac_col_inst/mac_16i | I ^ -> ZN v  | CKND0    | 0.179 |   1.713 |    6.711 | 
     | n_instance/U300                                    |              |          |       |         |          | 
     | mac_array_instance/col_idx_2__mac_col_inst/mac_16i | B2 v -> ZN ^ | OAI22D0  | 0.273 |   1.987 |    6.984 | 
     | n_instance/U736                                    |              |          |       |         |          | 
     | mac_array_instance/col_idx_2__mac_col_inst/mac_16i | B ^ -> S ^   | CMPE42D1 | 0.386 |   2.372 |    7.370 | 
     | n_instance/DP_OP_38J4_122_7155_U98                 |              |          |       |         |          | 
     | mac_array_instance/col_idx_2__mac_col_inst/mac_16i | B ^ -> S v   | CMPE42D1 | 0.312 |   2.685 |    7.682 | 
     | n_instance/DP_OP_38J4_122_7155_U90                 |              |          |       |         |          | 
     | mac_array_instance/col_idx_2__mac_col_inst/mac_16i | C v -> S v   | CMPE42D1 | 0.254 |   2.939 |    7.937 | 
     | n_instance/DP_OP_38J4_122_7155_U88                 |              |          |       |         |          | 
     | mac_array_instance/col_idx_2__mac_col_inst/mac_16i | A v -> S ^   | CMPE42D1 | 0.309 |   3.248 |    8.246 | 
     | n_instance/DP_OP_38J4_122_7155_U86                 |              |          |       |         |          | 
     | mac_array_instance/col_idx_2__mac_col_inst/mac_16i | B ^ -> CO ^  | FA1D0    | 0.182 |   3.430 |    8.427 | 
     | n_instance/intadd_7_U11                            |              |          |       |         |          | 
     | mac_array_instance/col_idx_2__mac_col_inst/mac_16i | CI ^ -> CO ^ | FA1D0    | 0.134 |   3.564 |    8.561 | 
     | n_instance/intadd_7_U10                            |              |          |       |         |          | 
     | mac_array_instance/col_idx_2__mac_col_inst/mac_16i | CI ^ -> CO ^ | FA1D0    | 0.112 |   3.676 |    8.674 | 
     | n_instance/intadd_7_U9                             |              |          |       |         |          | 
     | mac_array_instance/col_idx_2__mac_col_inst/mac_16i | CI ^ -> CO ^ | FA1D0    | 0.092 |   3.768 |    8.765 | 
     | n_instance/intadd_7_U8                             |              |          |       |         |          | 
     | mac_array_instance/col_idx_2__mac_col_inst/mac_16i | CI ^ -> CO ^ | FA1D0    | 0.102 |   3.870 |    8.868 | 
     | n_instance/intadd_7_U7                             |              |          |       |         |          | 
     | mac_array_instance/col_idx_2__mac_col_inst/mac_16i | CI ^ -> CO ^ | FA1D0    | 0.112 |   3.982 |    8.980 | 
     | n_instance/intadd_7_U6                             |              |          |       |         |          | 
     | mac_array_instance/col_idx_2__mac_col_inst/mac_16i | CI ^ -> CO ^ | FA1D0    | 0.130 |   4.112 |    9.109 | 
     | n_instance/intadd_7_U5                             |              |          |       |         |          | 
     | mac_array_instance/col_idx_2__mac_col_inst/mac_16i | CI ^ -> CO ^ | FA1D0    | 0.148 |   4.260 |    9.258 | 
     | n_instance/intadd_7_U4                             |              |          |       |         |          | 
     | mac_array_instance/col_idx_2__mac_col_inst/mac_16i | CI ^ -> CO ^ | FA1D0    | 0.110 |   4.370 |    9.367 | 
     | n_instance/intadd_7_U3                             |              |          |       |         |          | 
     | mac_array_instance/col_idx_2__mac_col_inst/mac_16i | CI ^ -> CO ^ | FA1D0    | 0.288 |   4.657 |    9.655 | 
     | n_instance/intadd_7_U2                             |              |          |       |         |          | 
     | mac_array_instance/col_idx_2__mac_col_inst/mac_16i | I ^ -> Z ^   | CKBD0    | 0.183 |   4.840 |    9.838 | 
     | n_instance/FE_OFC225_intadd_7_n1                   |              |          |       |         |          | 
     | mac_array_instance/col_idx_2__mac_col_inst/mac_16i | I ^ -> ZN v  | CKND0    | 0.247 |   5.088 |   10.085 | 
     | n_instance/U57                                     |              |          |       |         |          | 
     | ofifo_inst/col_idx_1__fifo_instance/U59            | A2 v -> Z v  | OA22D0   | 0.158 |   5.246 |   10.243 | 
     | ofifo_inst/col_idx_1__fifo_instance/q6_reg_18_     | D v          | DFQD1    | 0.000 |   5.246 |   10.243 | 
     +-----------------------------------------------------------------------------------------------------------+ 
Path 4: MET Setup Check with Pin ofifo_inst/col_idx_1__fifo_instance/q0_reg_18_/
CP 
Endpoint:   ofifo_inst/col_idx_1__fifo_instance/q0_reg_18_/D             (v) 
checked with  leading edge of 'clk'
Beginpoint: mac_array_instance/col_idx_2__mac_col_inst/query_q_reg_21_/Q (^) 
triggered by  leading edge of 'clk'
Path Groups: {clk}
Analysis View: WC_VIEW
Other End Arrival Time          0.238
- Setup                        -0.003
+ Phase Shift                  10.000
+ CPPR Adjustment               0.000
= Required Time                10.241
- Arrival Time                  5.243
= Slack Time                    4.998
     Clock Rise Edge                 0.000
     + Clock Network Latency (Prop)  0.226
     = Beginpoint Arrival Time       0.226
     +-----------------------------------------------------------------------------------------------------------+ 
     |                      Instance                      |     Arc      |   Cell   | Delay | Arrival | Required | 
     |                                                    |              |          |       |  Time   |   Time   | 
     |----------------------------------------------------+--------------+----------+-------+---------+----------| 
     | mac_array_instance/col_idx_2__mac_col_inst/query_q | CP ^         |          |       |   0.226 |    5.224 | 
     | _reg_21_                                           |              |          |       |         |          | 
     | mac_array_instance/col_idx_2__mac_col_inst/query_q | CP ^ -> Q ^  | EDFQD1   | 0.285 |   0.511 |    5.509 | 
     | _reg_21_                                           |              |          |       |         |          | 
     | mac_array_instance/col_idx_2__mac_col_inst/mac_16i | I ^ -> ZN v  | CKND0    | 0.261 |   0.772 |    5.770 | 
     | n_instance/U293                                    |              |          |       |         |          | 
     | mac_array_instance/col_idx_2__mac_col_inst/mac_16i | A2 v -> ZN ^ | AOI22D0  | 0.349 |   1.121 |    6.119 | 
     | n_instance/U295                                    |              |          |       |         |          | 
     | mac_array_instance/col_idx_2__mac_col_inst/mac_16i | I ^ -> ZN v  | CKND0    | 0.141 |   1.263 |    6.261 | 
     | n_instance/U38                                     |              |          |       |         |          | 
     | mac_array_instance/col_idx_2__mac_col_inst/mac_16i | C v -> ZN ^  | AOI221D0 | 0.272 |   1.534 |    6.532 | 
     | n_instance/U299                                    |              |          |       |         |          | 
     | mac_array_instance/col_idx_2__mac_col_inst/mac_16i | I ^ -> ZN v  | CKND0    | 0.179 |   1.713 |    6.711 | 
     | n_instance/U300                                    |              |          |       |         |          | 
     | mac_array_instance/col_idx_2__mac_col_inst/mac_16i | B2 v -> ZN ^ | OAI22D0  | 0.273 |   1.987 |    6.985 | 
     | n_instance/U736                                    |              |          |       |         |          | 
     | mac_array_instance/col_idx_2__mac_col_inst/mac_16i | B ^ -> S ^   | CMPE42D1 | 0.386 |   2.372 |    7.370 | 
     | n_instance/DP_OP_38J4_122_7155_U98                 |              |          |       |         |          | 
     | mac_array_instance/col_idx_2__mac_col_inst/mac_16i | B ^ -> S v   | CMPE42D1 | 0.312 |   2.685 |    7.683 | 
     | n_instance/DP_OP_38J4_122_7155_U90                 |              |          |       |         |          | 
     | mac_array_instance/col_idx_2__mac_col_inst/mac_16i | C v -> S v   | CMPE42D1 | 0.254 |   2.939 |    7.937 | 
     | n_instance/DP_OP_38J4_122_7155_U88                 |              |          |       |         |          | 
     | mac_array_instance/col_idx_2__mac_col_inst/mac_16i | A v -> S ^   | CMPE42D1 | 0.309 |   3.248 |    8.246 | 
     | n_instance/DP_OP_38J4_122_7155_U86                 |              |          |       |         |          | 
     | mac_array_instance/col_idx_2__mac_col_inst/mac_16i | B ^ -> CO ^  | FA1D0    | 0.182 |   3.430 |    8.428 | 
     | n_instance/intadd_7_U11                            |              |          |       |         |          | 
     | mac_array_instance/col_idx_2__mac_col_inst/mac_16i | CI ^ -> CO ^ | FA1D0    | 0.134 |   3.564 |    8.562 | 
     | n_instance/intadd_7_U10                            |              |          |       |         |          | 
     | mac_array_instance/col_idx_2__mac_col_inst/mac_16i | CI ^ -> CO ^ | FA1D0    | 0.112 |   3.676 |    8.674 | 
     | n_instance/intadd_7_U9                             |              |          |       |         |          | 
     | mac_array_instance/col_idx_2__mac_col_inst/mac_16i | CI ^ -> CO ^ | FA1D0    | 0.092 |   3.768 |    8.766 | 
     | n_instance/intadd_7_U8                             |              |          |       |         |          | 
     | mac_array_instance/col_idx_2__mac_col_inst/mac_16i | CI ^ -> CO ^ | FA1D0    | 0.102 |   3.870 |    8.868 | 
     | n_instance/intadd_7_U7                             |              |          |       |         |          | 
     | mac_array_instance/col_idx_2__mac_col_inst/mac_16i | CI ^ -> CO ^ | FA1D0    | 0.112 |   3.982 |    8.980 | 
     | n_instance/intadd_7_U6                             |              |          |       |         |          | 
     | mac_array_instance/col_idx_2__mac_col_inst/mac_16i | CI ^ -> CO ^ | FA1D0    | 0.130 |   4.112 |    9.110 | 
     | n_instance/intadd_7_U5                             |              |          |       |         |          | 
     | mac_array_instance/col_idx_2__mac_col_inst/mac_16i | CI ^ -> CO ^ | FA1D0    | 0.148 |   4.260 |    9.258 | 
     | n_instance/intadd_7_U4                             |              |          |       |         |          | 
     | mac_array_instance/col_idx_2__mac_col_inst/mac_16i | CI ^ -> CO ^ | FA1D0    | 0.110 |   4.370 |    9.368 | 
     | n_instance/intadd_7_U3                             |              |          |       |         |          | 
     | mac_array_instance/col_idx_2__mac_col_inst/mac_16i | CI ^ -> CO ^ | FA1D0    | 0.288 |   4.657 |    9.655 | 
     | n_instance/intadd_7_U2                             |              |          |       |         |          | 
     | mac_array_instance/col_idx_2__mac_col_inst/mac_16i | I ^ -> Z ^   | CKBD0    | 0.183 |   4.840 |    9.838 | 
     | n_instance/FE_OFC225_intadd_7_n1                   |              |          |       |         |          | 
     | mac_array_instance/col_idx_2__mac_col_inst/mac_16i | I ^ -> ZN v  | CKND0    | 0.247 |   5.088 |   10.086 | 
     | n_instance/U57                                     |              |          |       |         |          | 
     | ofifo_inst/col_idx_1__fifo_instance/U65            | A2 v -> Z v  | OA22D0   | 0.155 |   5.243 |   10.241 | 
     | ofifo_inst/col_idx_1__fifo_instance/q0_reg_18_     | D v          | DFQD1    | 0.000 |   5.243 |   10.241 | 
     +-----------------------------------------------------------------------------------------------------------+ 
Path 5: MET Setup Check with Pin ofifo_inst/col_idx_1__fifo_instance/q1_reg_19_/
CP 
Endpoint:   ofifo_inst/col_idx_1__fifo_instance/q1_reg_19_/D             (v) 
checked with  leading edge of 'clk'
Beginpoint: mac_array_instance/col_idx_2__mac_col_inst/query_q_reg_21_/Q (^) 
triggered by  leading edge of 'clk'
Path Groups: {clk}
Analysis View: WC_VIEW
Other End Arrival Time          0.234
- Setup                         0.136
+ Phase Shift                  10.000
+ CPPR Adjustment               0.000
= Required Time                10.099
- Arrival Time                  5.089
= Slack Time                    5.010
     Clock Rise Edge                 0.000
     + Clock Network Latency (Prop)  0.226
     = Beginpoint Arrival Time       0.226
     +-----------------------------------------------------------------------------------------------------------+ 
     |                      Instance                      |     Arc      |   Cell   | Delay | Arrival | Required | 
     |                                                    |              |          |       |  Time   |   Time   | 
     |----------------------------------------------------+--------------+----------+-------+---------+----------| 
     | mac_array_instance/col_idx_2__mac_col_inst/query_q | CP ^         |          |       |   0.226 |    5.236 | 
     | _reg_21_                                           |              |          |       |         |          | 
     | mac_array_instance/col_idx_2__mac_col_inst/query_q | CP ^ -> Q ^  | EDFQD1   | 0.285 |   0.511 |    5.521 | 
     | _reg_21_                                           |              |          |       |         |          | 
     | mac_array_instance/col_idx_2__mac_col_inst/mac_16i | I ^ -> ZN v  | CKND0    | 0.261 |   0.772 |    5.782 | 
     | n_instance/U293                                    |              |          |       |         |          | 
     | mac_array_instance/col_idx_2__mac_col_inst/mac_16i | A2 v -> ZN ^ | AOI22D0  | 0.349 |   1.121 |    6.131 | 
     | n_instance/U295                                    |              |          |       |         |          | 
     | mac_array_instance/col_idx_2__mac_col_inst/mac_16i | I ^ -> ZN v  | CKND0    | 0.141 |   1.263 |    6.273 | 
     | n_instance/U38                                     |              |          |       |         |          | 
     | mac_array_instance/col_idx_2__mac_col_inst/mac_16i | C v -> ZN ^  | AOI221D0 | 0.272 |   1.534 |    6.544 | 
     | n_instance/U299                                    |              |          |       |         |          | 
     | mac_array_instance/col_idx_2__mac_col_inst/mac_16i | I ^ -> ZN v  | CKND0    | 0.179 |   1.713 |    6.723 | 
     | n_instance/U300                                    |              |          |       |         |          | 
     | mac_array_instance/col_idx_2__mac_col_inst/mac_16i | B2 v -> ZN ^ | OAI22D0  | 0.273 |   1.987 |    6.997 | 
     | n_instance/U736                                    |              |          |       |         |          | 
     | mac_array_instance/col_idx_2__mac_col_inst/mac_16i | B ^ -> S ^   | CMPE42D1 | 0.386 |   2.372 |    7.382 | 
     | n_instance/DP_OP_38J4_122_7155_U98                 |              |          |       |         |          | 
     | mac_array_instance/col_idx_2__mac_col_inst/mac_16i | B ^ -> S v   | CMPE42D1 | 0.312 |   2.685 |    7.695 | 
     | n_instance/DP_OP_38J4_122_7155_U90                 |              |          |       |         |          | 
     | mac_array_instance/col_idx_2__mac_col_inst/mac_16i | C v -> S v   | CMPE42D1 | 0.254 |   2.939 |    7.949 | 
     | n_instance/DP_OP_38J4_122_7155_U88                 |              |          |       |         |          | 
     | mac_array_instance/col_idx_2__mac_col_inst/mac_16i | A v -> S ^   | CMPE42D1 | 0.309 |   3.248 |    8.258 | 
     | n_instance/DP_OP_38J4_122_7155_U86                 |              |          |       |         |          | 
     | mac_array_instance/col_idx_2__mac_col_inst/mac_16i | B ^ -> CO ^  | FA1D0    | 0.182 |   3.430 |    8.440 | 
     | n_instance/intadd_7_U11                            |              |          |       |         |          | 
     | mac_array_instance/col_idx_2__mac_col_inst/mac_16i | CI ^ -> CO ^ | FA1D0    | 0.134 |   3.564 |    8.574 | 
     | n_instance/intadd_7_U10                            |              |          |       |         |          | 
     | mac_array_instance/col_idx_2__mac_col_inst/mac_16i | CI ^ -> CO ^ | FA1D0    | 0.112 |   3.676 |    8.686 | 
     | n_instance/intadd_7_U9                             |              |          |       |         |          | 
     | mac_array_instance/col_idx_2__mac_col_inst/mac_16i | CI ^ -> CO ^ | FA1D0    | 0.092 |   3.768 |    8.778 | 
     | n_instance/intadd_7_U8                             |              |          |       |         |          | 
     | mac_array_instance/col_idx_2__mac_col_inst/mac_16i | CI ^ -> CO ^ | FA1D0    | 0.102 |   3.870 |    8.880 | 
     | n_instance/intadd_7_U7                             |              |          |       |         |          | 
     | mac_array_instance/col_idx_2__mac_col_inst/mac_16i | CI ^ -> CO ^ | FA1D0    | 0.112 |   3.982 |    8.992 | 
     | n_instance/intadd_7_U6                             |              |          |       |         |          | 
     | mac_array_instance/col_idx_2__mac_col_inst/mac_16i | CI ^ -> CO ^ | FA1D0    | 0.130 |   4.112 |    9.122 | 
     | n_instance/intadd_7_U5                             |              |          |       |         |          | 
     | mac_array_instance/col_idx_2__mac_col_inst/mac_16i | CI ^ -> CO ^ | FA1D0    | 0.148 |   4.260 |    9.270 | 
     | n_instance/intadd_7_U4                             |              |          |       |         |          | 
     | mac_array_instance/col_idx_2__mac_col_inst/mac_16i | CI ^ -> CO ^ | FA1D0    | 0.110 |   4.370 |    9.380 | 
     | n_instance/intadd_7_U3                             |              |          |       |         |          | 
     | mac_array_instance/col_idx_2__mac_col_inst/mac_16i | CI ^ -> CO ^ | FA1D0    | 0.288 |   4.657 |    9.667 | 
     | n_instance/intadd_7_U2                             |              |          |       |         |          | 
     | mac_array_instance/col_idx_2__mac_col_inst/mac_16i | I ^ -> Z ^   | CKBD0    | 0.183 |   4.840 |    9.850 | 
     | n_instance/FE_OFC225_intadd_7_n1                   |              |          |       |         |          | 
     | mac_array_instance/col_idx_2__mac_col_inst/mac_16i | I ^ -> ZN v  | CKND0    | 0.247 |   5.088 |   10.098 | 
     | n_instance/U57                                     |              |          |       |         |          | 
     | ofifo_inst/col_idx_1__fifo_instance/q1_reg_19_     | D v          | EDFQD1   | 0.001 |   5.089 |   10.099 | 
     +-----------------------------------------------------------------------------------------------------------+ 

