*----------------------------------------------------------------------------------------
*	Innovus 15.23-s045_1 (64bit) 04/22/2016 12:32 (Linux 2.6.18-194.el5)
*	
*
* 	Date & Time:	2025-Mar-22 17:45:17 (2025-Mar-23 00:45:17 GMT)
*
*----------------------------------------------------------------------------------------
*
*	Design: core
*
*	Liberty Libraries used: 
*	        WC_VIEW: /home/linux/ieng6/ee260bwi25/public/PDKdata/lib/tcbn65gpluswc.lib
*
*	Power Domain used: 
*		Rail:        VDD 	Voltage:        0.9 
*
*       Power View : WC_VIEW
*
*       User-Defined Activity : N.A.
*
*       Activity File: N.A.
*
*       Hierarchical Global Activity: N.A.
*
*       Global Activity: N.A.
*
*       Sequential Element Activity: 0.200000
*
*       Primary Input Activity: 0.200000
*
*       Default icg ratio: N.A.
*
*       Global Comb ClockGate Ratio: N.A.
*
*	Power Units = 1mW
*
*	Time Units = 1e-09 secs 
*
*       report_power -outfile core.post_route.power.rpt
*
-----------------------------------------------------------------------------------------


Total Power 
-----------------------------------------------------------------------------------------
Total Internal Power:        6.37544478 	   67.9929%
Total Switching Power:       2.23649389 	   23.8518%
Total Leakage Power:         0.76469441 	    8.1553%
Total Power:                 9.37663304 
-----------------------------------------------------------------------------------------


Group                           Internal   Switching     Leakage       Total  Percentage 
                                Power      Power         Power         Power  (%)        
-----------------------------------------------------------------------------------------
Sequential                         4.256      0.2443      0.2754       4.776       50.94 
Macro                                  0           0     0.07122     0.07122      0.7596 
IO                                     0           0           0           0           0 
Combinational                       1.92        1.34      0.4049       3.665       39.08 
Clock (Combinational)             0.1994      0.6519     0.01309      0.8644       9.219 
Clock (Sequential)                     0           0           0           0           0 
-----------------------------------------------------------------------------------------
Total                              6.375       2.236      0.7647       9.377         100 
-----------------------------------------------------------------------------------------


Rail                  Voltage   Internal   Switching     Leakage       Total  Percentage 
                                Power      Power         Power         Power  (%)        
-----------------------------------------------------------------------------------------
VDD                       0.9      6.375       2.236      0.7647       9.377         100 


Clock                           Internal   Switching     Leakage       Total  Percentage 
                                Power      Power         Power         Power  (%)        
-----------------------------------------------------------------------------------------
clk                               0.1994      0.6519     0.01309      0.8644       9.219 
-----------------------------------------------------------------------------------------
Total (excluding duplicates)      0.1994      0.6519     0.01309      0.8644       9.219 
-----------------------------------------------------------------------------------------


-----------------------------------------------------------------------------------------
*	Power Distribution Summary: 
* 		Highest Average Power:   CTS_ccl_BUF_clk_G0_L3_7 (CKBD16): 	   0.01519 
* 		Highest Leakage Power: mac_array_instance/col_idx_8__mac_col_inst/mac_16in_instance/DP_OP_38J4_122_7155_U99 (CMPE42D1): 	 0.0002456 
* 		Total Cap: 	1.36415e-10 F
* 		Total instances in design: 31198
* 		Total instances in design with no power:     0
*          Total instances in design with no activity:     0
* 		Total Fillers and Decap: 12295
-----------------------------------------------------------------------------------------

