/software/nonrdist64/dc-2015.06-64/auxx/gui/dv/dv_setup.tcl
/software/nonrdist64/dc-2015.06-64/auxx/gui/syn/snpsSynProcs.tcl
/software/nonrdist64/dc-2015.06-64/auxx/tcllib/lib/tcl8.5/tm.tcl
/software/nonrdist64/dc-2015.06-64/auxx/tcllib/lib/tcl8.5/package.tcl
/software/nonrdist64/dc-2015.06-64/auxx/gui/syn/layout/pkgIndex.tcl
/software/nonrdist64/dc-2015.06-64/auxx/gui/common/palettegroup/pkgIndex.tcl
/software/nonrdist64/dc-2015.06-64/auxx/gui/common/libviewer/pkgIndex.tcl
/software/nonrdist64/dc-2015.06-64/auxx/gui/common/fanoutviewer/pkgIndex.tcl
/software/nonrdist64/dc-2015.06-64/auxx/gui/common/WindowFrameWork/pkgIndex.tcl
/software/nonrdist64/dc-2015.06-64/auxx/gui/common/view/pkgIndex.tcl
/software/nonrdist64/dc-2015.06-64/auxx/gui/common/dialogs/pkgIndex.tcl
/software/nonrdist64/dc-2015.06-64/auxx/gui/common/mrupalette/pkgIndex.tcl
/software/nonrdist64/dc-2015.06-64/auxx/gui/common/opdlg/pkgIndex.tcl
/software/nonrdist64/dc-2015.06-64/auxx/gui/common/table/pkgIndex.tcl
/software/nonrdist64/dc-2015.06-64/auxx/gui/common/strokes/pkgIndex.tcl
/software/nonrdist64/dc-2015.06-64/auxx/gui/common/docBrowser/pkgIndex.tcl
/software/nonrdist64/dc-2015.06-64/auxx/gui/common/tcl-dp/pkgIndex.tcl
/software/nonrdist64/dc-2015.06-64/auxx/gui/common/profiler/pkgIndex.tcl
/software/nonrdist64/dc-2015.06-64/auxx/gui/common/tq/pkgIndex.tcl
/software/nonrdist64/dc-2015.06-64/auxx/gui/common/setup/pkgIndex.tcl
/software/nonrdist64/dc-2015.06-64/auxx/gui/common/commandform/pkgIndex.tcl
/software/nonrdist64/dc-2015.06-64/auxx/gui/common/layout/pkgIndex.tcl
/software/nonrdist64/dc-2015.06-64/auxx/gui/common/regressionToolkit/pkgIndex.tcl
/software/nonrdist64/dc-2015.06-64/auxx/gui/common/qtcl/pkgIndex.tcl
/software/nonrdist64/dc-2015.06-64/auxx/gui/common/menus/pkgIndex.tcl
/software/nonrdist64/dc-2015.06-64/auxx/gui/common/hierarchy/pkgIndex.tcl
/software/nonrdist64/dc-2015.06-64/auxx/gui/common/histogram/pkgIndex.tcl
/software/nonrdist64/dc-2015.06-64/auxx/gui/common/select/pkgIndex.tcl
/software/nonrdist64/dc-2015.06-64/auxx/gui/common/tiledview/pkgIndex.tcl
/software/nonrdist64/dc-2015.06-64/auxx/gui/common/pathinspector/pkgIndex.tcl
/software/nonrdist64/dc-2015.06-64/auxx/gui/common/misc/pkgIndex.tcl
/software/nonrdist64/dc-2015.06-64/auxx/gui/common/highlight/pkgIndex.tcl
/software/nonrdist64/dc-2015.06-64/auxx/gui/common/schematic/pkgIndex.tcl
/software/nonrdist64/dc-2015.06-64/auxx/gui/common/acg/pkgIndex.tcl
/software/nonrdist64/dc-2015.06-64/auxx/gui/common/timing/pkgIndex.tcl
/software/nonrdist64/dc-2015.06-64/auxx/gui/dv/pkgIndex.tcl
/software/nonrdist64/dc-2015.06-64/auxx/tcllib/snps_tcl/snpsUtils/pkgIndex.tcl
/software/nonrdist64/dc-2015.06-64/auxx/tcllib/snps_tcl/snpsTest/pkgIndex.tcl
/software/nonrdist64/dc-2015.06-64/auxx/tcllib/snps_tcl/snpsTclPro/pkgIndex.tcl
/software/nonrdist64/dc-2015.06-64/auxx/tcllib/snps_tcl/pkgIndex.tcl
/software/nonrdist64/dc-2015.06-64/auxx/tcllib/lib/tcl8.5/msgcat/pkgIndex.tcl
/software/nonrdist64/dc-2015.06-64/auxx/tcllib/lib/tcl8.5/platform/pkgIndex.tcl
/software/nonrdist64/dc-2015.06-64/auxx/tcllib/lib/tcl8.5/tcltest/pkgIndex.tcl
/software/nonrdist64/dc-2015.06-64/auxx/tcllib/lib/tcl8.5/dde/pkgIndex.tcl
/software/nonrdist64/dc-2015.06-64/auxx/tcllib/lib/tcl8.5/opt/pkgIndex.tcl
/software/nonrdist64/dc-2015.06-64/auxx/tcllib/lib/tcl8.5/reg/pkgIndex.tcl
/software/nonrdist64/dc-2015.06-64/auxx/tcllib/lib/tcl8.5/http/pkgIndex.tcl
/software/nonrdist64/dc-2015.06-64/auxx/tcllib/lib/tcl8.5/http1.0/pkgIndex.tcl
/software/nonrdist64/dc-2015.06-64/auxx/gui/common/setup/snpsCommonSetup.tcl
/software/nonrdist64/dc-2015.06-64/auxx/gui/common/setup/snpsCustomize.tcl
/software/nonrdist64/dc-2015.06-64/auxx/gui/common/setup/snpsProcheck.tcl
/software/nonrdist64/dc-2015.06-64/auxx/gui/common/qtcl/.synopsys_qtcl.tcl
/software/nonrdist64/dc-2015.06-64/auxx/gui/common/highlight/highlight.tcl
/software/nonrdist64/dc-2015.06-64/auxx/gui/common/misc/base.tcl
/software/nonrdist64/dc-2015.06-64/auxx/gui/common/misc/timing.tcl
/software/nonrdist64/dc-2015.06-64/auxx/gui/common/misc/setting.tcl
/software/nonrdist64/dc-2015.06-64/auxx/gui/common/misc/preset.tcl
/software/nonrdist64/dc-2015.06-64/auxx/gui/common/WindowFrameWork/windowFrameWork.tcl
/software/nonrdist64/dc-2015.06-64/auxx/gui/common/WindowFrameWork/skipBusyCursorCmdList.tcl
/software/nonrdist64/dc-2015.06-64/auxx/gui/common/docBrowser/docBrowser.tcl
/software/nonrdist64/dc-2015.06-64/auxx/tcllib/snps_tcl/snpsUtils/snpsUtils.tcl
/software/nonrdist64/dc-2015.06-64/auxx/gui/common/dialogs/ObjectChooser.tcl
/software/nonrdist64/dc-2015.06-64/auxx/gui/common/misc/DialogObjectChooser.tcl
/software/nonrdist64/dc-2015.06-64/auxx/gui/common/dialogs/HistBinInformation.tcl
/software/nonrdist64/dc-2015.06-64/auxx/gui/common/dialogs/HistBin1Information.tcl
/software/nonrdist64/dc-2015.06-64/auxx/gui/common/dialogs/BinsOnlyInformation.tcl
/software/nonrdist64/dc-2015.06-64/auxx/gui/common/dialogs/FileChooser.tcl
/software/nonrdist64/dc-2015.06-64/auxx/gui/common/dialogs/PathPinSimpleInfo.tcl
/software/nonrdist64/dc-2015.06-64/auxx/gui/common/dialogs/PathsBasicInfo.tcl
/software/nonrdist64/dc-2015.06-64/auxx/gui/common/dialogs/PathsBasicSimpleInfo.tcl
/software/nonrdist64/dc-2015.06-64/auxx/gui/common/dialogs/SlctOperationInfo.tcl
/software/nonrdist64/dc-2015.06-64/auxx/gui/common/dialogs/ObjectListInfo.tcl
/software/nonrdist64/dc-2015.06-64/auxx/gui/common/dialogs/FanInOutInfo.tcl
/software/nonrdist64/dc-2015.06-64/auxx/gui/common/dialogs/NumberOfLevelsChooser.tcl
/software/nonrdist64/dc-2015.06-64/auxx/gui/common/dialogs/WindowReuseInfo.tcl
/software/nonrdist64/dc-2015.06-64/auxx/gui/common/dialogs/ReportOutputOptionInfo.tcl
/software/nonrdist64/dc-2015.06-64/auxx/gui/common/setup/snpsCollections.tcl
/software/nonrdist64/dc-2015.06-64/auxx/gui/common/dialogs/CompileLinkDesign.tcl
/software/nonrdist64/dc-2015.06-64/auxx/gui/common/histogram/DialogEndpointSlack.tcl
/software/nonrdist64/dc-2015.06-64/auxx/gui/common/histogram/DialogPathsSlack.tcl
/software/nonrdist64/dc-2015.06-64/auxx/gui/common/histogram/DialogNetCapacitance.tcl
/software/nonrdist64/dc-2015.06-64/auxx/gui/common/schematic/DialogPathSchematicFanInOut.tcl
/software/nonrdist64/dc-2015.06-64/auxx/gui/common/schematic/DialogPathSchematicAddPaths.tcl
/home/linux/ieng6/ee260bwi25/trhussain/finalProject/ece260_project/synthesis/run_dc.tcl
/home/linux/ieng6/ee260bwi25/trhussain/finalProject/ece260_project/synthesis/verilog/core.v
/home/linux/ieng6/ee260bwi25/public/PDKdata/db/tcbn65gplustc.db
/home/linux/ieng6/ee260bwi25/trhussain/finalProject/ece260_project/synthesis/verilog/mac_col.v
/home/linux/ieng6/ee260bwi25/trhussain/finalProject/ece260_project/synthesis/verilog/fifo_depth16.v
/home/linux/ieng6/ee260bwi25/trhussain/finalProject/ece260_project/synthesis/verilog/fifo_mux_2_1.v
/home/linux/ieng6/ee260bwi25/trhussain/finalProject/ece260_project/synthesis/verilog/fifo_mux_8_1.v
/home/linux/ieng6/ee260bwi25/trhussain/finalProject/ece260_project/synthesis/verilog/fifo_mux_16_1.v
/home/linux/ieng6/ee260bwi25/trhussain/finalProject/ece260_project/synthesis/verilog/fullchip.v
/home/linux/ieng6/ee260bwi25/trhussain/finalProject/ece260_project/synthesis/verilog/mac_16in.v
/home/linux/ieng6/ee260bwi25/trhussain/finalProject/ece260_project/synthesis/verilog/mac_64in.v
/home/linux/ieng6/ee260bwi25/trhussain/finalProject/ece260_project/synthesis/verilog/mac_array.v
/home/linux/ieng6/ee260bwi25/trhussain/finalProject/ece260_project/synthesis/verilog/ofifo.v
/home/linux/ieng6/ee260bwi25/trhussain/finalProject/ece260_project/synthesis/verilog/sfp_row.v
/home/linux/ieng6/ee260bwi25/trhussain/finalProject/ece260_project/synthesis/verilog/sram_128b_w16.v
/home/linux/ieng6/ee260bwi25/trhussain/finalProject/ece260_project/synthesis/verilog/sram_160b_w16.v
/home/linux/ieng6/ee260bwi25/trhussain/finalProject/ece260_project/synthesis/verilog/sram_w16.v
/home/linux/ieng6/ee260bwi25/trhussain/finalProject/ece260_project/synthesis/verilog/sync.v
/software/nonrdist64/dc-2015.06-64/libraries/syn/gtech.db
/software/nonrdist64/dc-2015.06-64/libraries/syn/standard.sldb
/home/linux/ieng6/ee260bwi25/trhussain/finalProject/ece260_project/synthesis/core.sdc
/home/linux/ieng6/ee260bwi25/public/PDKdata/db/tcbn65gplustc.db
/home/linux/ieng6/ee260bwi25/trhussain/finalProject/ece260_project/synthesis/alib-52/tcbn65gplustc.db.alib
/software/nonrdist64/dc-2015.06-64/libraries/syn/dw_foundation.sldb
/home/linux/ieng6/ee260bwi25/public/PDKdata/db/tcbn65gplustc.db
/home/linux/ieng6/ee260bwi25/trhussain/finalProject/ece260_project/synthesis/alib-52/tcbn65gplustc.db.alib
/home/linux/ieng6/ee260bwi25/public/PDKdata/db/tcbn65gplustc.db
/home/linux/ieng6/ee260bwi25/trhussain/finalProject/ece260_project/synthesis/run_dc.tcl
/home/linux/ieng6/ee260bwi25/trhussain/finalProject/ece260_project/synthesis/verilog/core.v
/home/linux/ieng6/ee260bwi25/public/PDKdata/db/tcbn65gplustc.db
/home/linux/ieng6/ee260bwi25/trhussain/finalProject/ece260_project/synthesis/verilog/mac_col.v
/home/linux/ieng6/ee260bwi25/trhussain/finalProject/ece260_project/synthesis/verilog/fifo_depth16.v
/home/linux/ieng6/ee260bwi25/trhussain/finalProject/ece260_project/synthesis/verilog/fifo_mux_2_1.v
/home/linux/ieng6/ee260bwi25/trhussain/finalProject/ece260_project/synthesis/verilog/fifo_mux_8_1.v
/home/linux/ieng6/ee260bwi25/trhussain/finalProject/ece260_project/synthesis/verilog/fifo_mux_16_1.v
/home/linux/ieng6/ee260bwi25/trhussain/finalProject/ece260_project/synthesis/verilog/fullchip.v
/home/linux/ieng6/ee260bwi25/trhussain/finalProject/ece260_project/synthesis/verilog/mac_16in.v
/home/linux/ieng6/ee260bwi25/trhussain/finalProject/ece260_project/synthesis/verilog/mac_64in.v
/home/linux/ieng6/ee260bwi25/trhussain/finalProject/ece260_project/synthesis/verilog/mac_array.v
/home/linux/ieng6/ee260bwi25/trhussain/finalProject/ece260_project/synthesis/verilog/ofifo.v
/home/linux/ieng6/ee260bwi25/trhussain/finalProject/ece260_project/synthesis/verilog/sfp_row.v
/home/linux/ieng6/ee260bwi25/trhussain/finalProject/ece260_project/synthesis/verilog/sram_128b_w16.v
/home/linux/ieng6/ee260bwi25/trhussain/finalProject/ece260_project/synthesis/verilog/sram_160b_w16.v
/home/linux/ieng6/ee260bwi25/trhussain/finalProject/ece260_project/synthesis/verilog/sram_w16.v
/home/linux/ieng6/ee260bwi25/trhussain/finalProject/ece260_project/synthesis/verilog/sync.v
/software/nonrdist64/dc-2015.06-64/libraries/syn/gtech.db
/software/nonrdist64/dc-2015.06-64/libraries/syn/standard.sldb
/home/linux/ieng6/ee260bwi25/trhussain/finalProject/ece260_project/synthesis/core.sdc
/home/linux/ieng6/ee260bwi25/public/PDKdata/db/tcbn65gplustc.db
/home/linux/ieng6/ee260bwi25/trhussain/finalProject/ece260_project/synthesis/alib-52/tcbn65gplustc.db.alib
/software/nonrdist64/dc-2015.06-64/libraries/syn/dw_foundation.sldb
/home/linux/ieng6/ee260bwi25/public/PDKdata/db/tcbn65gplustc.db
/home/linux/ieng6/ee260bwi25/trhussain/finalProject/ece260_project/synthesis/alib-52/tcbn65gplustc.db.alib
/home/linux/ieng6/ee260bwi25/public/PDKdata/db/tcbn65gplustc.db
/home/linux/ieng6/ee260bwi25/trhussain/finalProject/ece260_project/synthesis/run_dc.tcl
/home/linux/ieng6/ee260bwi25/trhussain/finalProject/ece260_project/synthesis/verilog/core.v
/home/linux/ieng6/ee260bwi25/public/PDKdata/db/tcbn65gplustc.db
/home/linux/ieng6/ee260bwi25/trhussain/finalProject/ece260_project/synthesis/verilog/mac_col.v
/home/linux/ieng6/ee260bwi25/trhussain/finalProject/ece260_project/synthesis/verilog/fifo_depth16.v
/home/linux/ieng6/ee260bwi25/trhussain/finalProject/ece260_project/synthesis/verilog/fifo_mux_2_1.v
/home/linux/ieng6/ee260bwi25/trhussain/finalProject/ece260_project/synthesis/verilog/fifo_mux_8_1.v
/home/linux/ieng6/ee260bwi25/trhussain/finalProject/ece260_project/synthesis/verilog/fifo_mux_16_1.v
/home/linux/ieng6/ee260bwi25/trhussain/finalProject/ece260_project/synthesis/verilog/fullchip.v
/home/linux/ieng6/ee260bwi25/trhussain/finalProject/ece260_project/synthesis/verilog/mac_16in.v
/home/linux/ieng6/ee260bwi25/trhussain/finalProject/ece260_project/synthesis/verilog/mac_64in.v
/home/linux/ieng6/ee260bwi25/trhussain/finalProject/ece260_project/synthesis/verilog/mac_array.v
/home/linux/ieng6/ee260bwi25/trhussain/finalProject/ece260_project/synthesis/verilog/ofifo.v
/home/linux/ieng6/ee260bwi25/trhussain/finalProject/ece260_project/synthesis/verilog/sfp_row.v
/home/linux/ieng6/ee260bwi25/trhussain/finalProject/ece260_project/synthesis/verilog/sram_128b_w16.v
/home/linux/ieng6/ee260bwi25/trhussain/finalProject/ece260_project/synthesis/verilog/sram_160b_w16.v
/home/linux/ieng6/ee260bwi25/trhussain/finalProject/ece260_project/synthesis/verilog/sram_w16.v
/home/linux/ieng6/ee260bwi25/trhussain/finalProject/ece260_project/synthesis/verilog/sync.v
/software/nonrdist64/dc-2015.06-64/libraries/syn/gtech.db
/software/nonrdist64/dc-2015.06-64/libraries/syn/standard.sldb
/home/linux/ieng6/ee260bwi25/trhussain/finalProject/ece260_project/synthesis/core.sdc
/home/linux/ieng6/ee260bwi25/public/PDKdata/db/tcbn65gplustc.db
/home/linux/ieng6/ee260bwi25/trhussain/finalProject/ece260_project/synthesis/alib-52/tcbn65gplustc.db.alib
/software/nonrdist64/dc-2015.06-64/libraries/syn/dw_foundation.sldb
/home/linux/ieng6/ee260bwi25/public/PDKdata/db/tcbn65gplustc.db
/home/linux/ieng6/ee260bwi25/trhussain/finalProject/ece260_project/synthesis/alib-52/tcbn65gplustc.db.alib
/home/linux/ieng6/ee260bwi25/public/PDKdata/db/tcbn65gplustc.db
