*----------------------------------------------------------------------------------------
*	Innovus 15.23-s045_1 (64bit) 04/22/2016 12:32 (Linux 2.6.18-194.el5)
*	
*
* 	Date & Time:	2025-Mar-22 18:56:50 (2025-Mar-23 01:56:50 GMT)
*
*----------------------------------------------------------------------------------------
*
*	Design: core
*
*	Liberty Libraries used: 
*	        WC_VIEW: /home/linux/ieng6/ee260bwi25/public/PDKdata/lib/tcbn65gpluswc.lib
*	        WC_VIEW: ./subckt/sram_w16_160_WC.lib
*	        WC_VIEW: ./subckt/sram_w16_64_WC.lib
*
*	Power Domain used: 
*		Rail:        VDD 	Voltage:        0.9 
*
*       Power View : WC_VIEW
*
*       User-Defined Activity : N.A.
*
*       Activity File: N.A.
*
*       Hierarchical Global Activity: N.A.
*
*       Global Activity: N.A.
*
*       Sequential Element Activity: 0.200000
*
*       Primary Input Activity: 0.200000
*
*       Default icg ratio: N.A.
*
*       Global Comb ClockGate Ratio: N.A.
*
*	Power Units = 1mW
*
*	Time Units = 1e-09 secs 
*
*       report_power -outfile core.post_route.power.rpt
*
-----------------------------------------------------------------------------------------


Total Power 
-----------------------------------------------------------------------------------------
Total Internal Power:        4.27430685 	   60.7112%
Total Switching Power:       2.06171817 	   29.2841%
Total Leakage Power:         0.70437329 	   10.0047%
Total Power:                 7.04039829 
-----------------------------------------------------------------------------------------


Group                           Internal   Switching     Leakage       Total  Percentage 
                                Power      Power         Power         Power  (%)        
-----------------------------------------------------------------------------------------
Sequential                         2.321      0.1821      0.1358       2.639       37.48 
Macro                                  0      0.1122      0.1933      0.3055        4.34 
IO                                     0           0           0           0           0 
Combinational                      1.833       1.419      0.3673        3.62       51.41 
Clock (Combinational)             0.1203      0.3482    0.007976      0.4764       6.767 
Clock (Sequential)                     0           0           0           0           0 
-----------------------------------------------------------------------------------------
Total                              4.274       2.062      0.7044        7.04         100 
-----------------------------------------------------------------------------------------


Rail                  Voltage   Internal   Switching     Leakage       Total  Percentage 
                                Power      Power         Power         Power  (%)        
-----------------------------------------------------------------------------------------
VDD                       0.9      4.274       2.062      0.7044        7.04         100 


Clock                           Internal   Switching     Leakage       Total  Percentage 
                                Power      Power         Power         Power  (%)        
-----------------------------------------------------------------------------------------
clk                               0.1203      0.3482    0.007976      0.4764       6.767 
-----------------------------------------------------------------------------------------
Total (excluding duplicates)      0.1203      0.3482    0.007976      0.4764       6.767 
-----------------------------------------------------------------------------------------


-----------------------------------------------------------------------------------------
*	Power Distribution Summary: 
* 		Highest Average Power:         psum_mem_instance (sram_w16_160): 	    0.1007 
* 		Highest Leakage Power: mac_array_instance/col_idx_8__mac_col_inst/mac_16in_instance/DP_OP_38J2_122_7155_U99 (CMPE42D1): 	 0.0002456 
* 		Total Cap: 	1.19292e-10 F
* 		Total instances in design: 32642
* 		Total instances in design with no power:     0
*          Total instances in design with no activity:     0
* 		Total Fillers and Decap: 19749
-----------------------------------------------------------------------------------------

