###############################################################
#  Generated by:      Cadence Innovus 15.23-s045_1
#  OS:                Linux x86_64(Host ID ieng6-ece-17.ucsd.edu)
#  Generated on:      Sat Mar 22 15:48:17 2025
#  Design:            core
#  Command:           verifyConnectivity
###############################################################
Verify Connectivity Report is created on Sat Mar 22 15:48:17 2025



Net VDD: has special routes with opens at (1.000, 1.000) (633.000, 325.000)
Net VDD: has special routes with opens at (232.600, 272.040) (412.000, 273.565)
Net VDD: has special routes with opens at (232.600, 268.440) (412.000, 269.960)
Net VDD: has special routes with opens at (232.600, 264.840) (412.000, 266.360)
Net VDD: has special routes with opens at (232.600, 261.240) (412.000, 262.770)
Net VDD: has special routes with opens at (232.600, 275.620) (412.000, 277.180)
Net VDD: has special routes with opens at (232.600, 257.620) (412.000, 259.165)
Net VDD: has special routes with opens at (232.600, 254.040) (412.000, 255.580)
Net VDD: has special routes with opens at (232.600, 250.440) (412.000, 251.980)
Net VDD: has special routes with opens at (232.600, 246.830) (412.000, 248.380)
Net VDD: has special routes with opens at (232.600, 243.220) (412.000, 244.760)
Net VDD: has special routes with opens at (232.600, 236.020) (412.000, 237.560)
Net VDD: has special routes with opens at (232.600, 239.640) (412.000, 241.180)
Net VDD: has special routes with opens at (232.600, 218.030) (412.000, 219.560)
Net VDD: has special routes with opens at (232.600, 203.620) (412.000, 205.165)
Net VDD: has special routes with opens at (232.600, 232.420) (412.000, 233.960)
Net VDD: has special routes with opens at (232.600, 228.835) (412.000, 230.380)
Net VDD: has special routes with opens at (232.600, 225.220) (412.000, 226.770)
Net VDD: has special routes with opens at (232.600, 221.620) (412.000, 223.160)
Net VDD: has special routes with opens at (232.600, 214.440) (412.000, 215.980)
Net VDD: has special routes with opens at (232.600, 210.835) (412.000, 212.380)
Net VDD: has special routes with opens at (232.600, 207.240) (412.000, 208.780)
Net VDD: has special routes with opens at (232.600, 200.040) (412.000, 201.570)
Net VDD: has special routes with opens at (232.600, 196.420) (412.000, 197.960)
Net VDD: has special routes with opens at (232.600, 192.820) (412.000, 194.380)
Net VDD: has special routes with opens at (232.600, 189.240) (412.000, 190.760)
Net VSS: has special routes with opens at (6.000, 6.000) (628.000, 320.000)
Net VSS: has special routes with opens at (232.600, 245.105) (412.000, 246.505)
Net VSS: has special routes with opens at (232.600, 248.705) (412.000, 250.095)
Net VSS: has special routes with opens at (232.600, 252.305) (412.000, 253.695)
Net VSS: has special routes with opens at (232.600, 255.905) (412.000, 257.295)
Net VSS: has special routes with opens at (232.600, 277.505) (412.000, 278.895)
Net VSS: has special routes with opens at (232.600, 259.505) (412.000, 260.895)
Net VSS: has special routes with opens at (232.600, 263.105) (412.000, 264.495)
Net VSS: has special routes with opens at (232.600, 266.705) (412.000, 268.095)
Net VSS: has special routes with opens at (232.600, 270.305) (412.000, 271.695)
Net VSS: has special routes with opens at (232.600, 273.905) (412.000, 275.295)
Net VSS: has special routes with opens at (232.600, 234.305) (412.000, 235.705)
Net VSS: has special routes with opens at (232.600, 237.895) (412.000, 239.295)
Net VSS: has special routes with opens at (232.600, 209.105) (412.000, 210.495)
Net VSS: has special routes with opens at (232.600, 212.705) (412.000, 214.095)
Net VSS: has special routes with opens at (232.600, 216.305) (412.000, 217.695)
Net VSS: has special routes with opens at (232.600, 219.905) (412.000, 221.295)
Net VSS: has special routes with opens at (232.600, 223.505) (412.000, 224.895)
Net VSS: has special routes with opens at (232.600, 227.095) (412.000, 228.495)
Net VSS: has special routes with opens at (232.600, 230.705) (412.000, 232.105)
Net VSS: has special routes with opens at (232.600, 205.505) (412.000, 206.895)
Net VSS: has special routes with opens at (232.600, 187.495) (412.000, 188.895)
Net VSS: has special routes with opens at (232.600, 191.105) (412.000, 192.495)
Net VSS: has special routes with opens at (232.600, 194.705) (412.000, 196.095)
Net VSS: has special routes with opens at (232.600, 198.305) (412.000, 199.695)
Net VSS: has special routes with opens at (232.600, 201.905) (412.000, 203.295)
Net VSS: has special routes with opens at (232.600, 241.505) (412.000, 242.895)

Begin Summary
    53 Problem(s) (IMPVFC-200): Special Wires: Pieces of the net are not connected together.
    53 total info(s) created.
End Summary
