###############################################################
#  Generated by:      Cadence Innovus 15.23-s045_1
#  OS:                Linux x86_64(Host ID ieng6-ece-17.ucsd.edu)
#  Generated on:      Fri Mar 21 18:38:23 2025
#  Design:            sram_w16_64
#  Command:           report_timing -max_paths 5 > ${design}.post_route.timing.rpt
###############################################################
Path 1: MET Setup Check with Pin Q_reg_23_/CP 
Endpoint:   Q_reg_23_/D (v) checked with  leading edge of 'clk'
Beginpoint: A[0]        (^) triggered by  leading edge of 'clk'
Path Groups: {clk}
Analysis View: WC_VIEW
Other End Arrival Time          0.071
- Setup                         0.132
+ Phase Shift                   1.000
+ CPPR Adjustment               0.000
= Required Time                 0.939
- Arrival Time                  0.933
= Slack Time                    0.006
     Clock Rise Edge                      0.000
     + Input Delay                        0.200
     = Beginpoint Arrival Time            0.200
     +---------------------------------------------------------------------+ 
     |   Instance    |     Arc      |  Cell   | Delay | Arrival | Required | 
     |               |              |         |       |  Time   |   Time   | 
     |---------------+--------------+---------+-------+---------+----------| 
     |               | A[0] ^       |         |       |   0.200 |    0.206 | 
     | U354          | I ^ -> ZN v  | INVD1   | 0.021 |   0.221 |    0.226 | 
     | U357          | A2 v -> ZN ^ | ND2D1   | 0.030 |   0.251 |    0.257 | 
     | U447          | A2 ^ -> ZN v | NR2D0   | 0.023 |   0.274 |    0.280 | 
     | FE_OFC28_n322 | I v -> ZN ^  | CKND0   | 0.052 |   0.327 |    0.332 | 
     | FE_OFC29_n322 | I ^ -> ZN v  | CKND4   | 0.139 |   0.466 |    0.471 | 
     | U489          | B1 v -> ZN ^ | AOI22D0 | 0.152 |   0.618 |    0.624 | 
     | U380          | A4 ^ -> ZN v | ND4D0   | 0.315 |   0.933 |    0.939 | 
     | Q_reg_23_     | D v          | EDFQD1  | 0.000 |   0.933 |    0.939 | 
     +---------------------------------------------------------------------+ 
Path 2: MET Setup Check with Pin Q_reg_22_/CP 
Endpoint:   Q_reg_22_/D (v) checked with  leading edge of 'clk'
Beginpoint: A[0]        (v) triggered by  leading edge of 'clk'
Path Groups: {clk}
Analysis View: WC_VIEW
Other End Arrival Time          0.071
- Setup                         0.142
+ Phase Shift                   1.000
+ CPPR Adjustment               0.000
= Required Time                 0.929
- Arrival Time                  0.901
= Slack Time                    0.028
     Clock Rise Edge                      0.000
     + Input Delay                        0.200
     = Beginpoint Arrival Time            0.200
     +--------------------------------------------------------------------+ 
     |   Instance   |     Arc      |  Cell   | Delay | Arrival | Required | 
     |              |              |         |       |  Time   |   Time   | 
     |--------------+--------------+---------+-------+---------+----------| 
     |              | A[0] v       |         |       |   0.200 |    0.228 | 
     | U356         | A2 v -> ZN ^ | CKND2D0 | 0.067 |   0.267 |    0.295 | 
     | U444         | A2 ^ -> ZN v | NR2D0   | 0.052 |   0.319 |    0.346 | 
     | FE_OFC5_n509 | I v -> Z v   | CKBD4   | 0.150 |   0.469 |    0.497 | 
     | U466         | A1 v -> ZN ^ | AOI22D0 | 0.147 |   0.616 |    0.644 | 
     | U379         | A2 ^ -> ZN v | ND4D0   | 0.285 |   0.901 |    0.929 | 
     | Q_reg_22_    | D v          | EDFQD1  | 0.000 |   0.901 |    0.929 | 
     +--------------------------------------------------------------------+ 
Path 3: MET Setup Check with Pin Q_reg_38_/CP 
Endpoint:   Q_reg_38_/D (v) checked with  leading edge of 'clk'
Beginpoint: A[0]        (v) triggered by  leading edge of 'clk'
Path Groups: {clk}
Analysis View: WC_VIEW
Other End Arrival Time          0.073
- Setup                         0.139
+ Phase Shift                   1.000
+ CPPR Adjustment               0.000
= Required Time                 0.933
- Arrival Time                  0.892
= Slack Time                    0.041
     Clock Rise Edge                      0.000
     + Input Delay                        0.200
     = Beginpoint Arrival Time            0.200
     +--------------------------------------------------------------------+ 
     |   Instance   |     Arc      |  Cell   | Delay | Arrival | Required | 
     |              |              |         |       |  Time   |   Time   | 
     |--------------+--------------+---------+-------+---------+----------| 
     |              | A[0] v       |         |       |   0.200 |    0.241 | 
     | U356         | A2 v -> ZN ^ | CKND2D0 | 0.067 |   0.267 |    0.308 | 
     | U444         | A2 ^ -> ZN v | NR2D0   | 0.052 |   0.319 |    0.359 | 
     | FE_OFC5_n509 | I v -> Z v   | CKBD4   | 0.150 |   0.469 |    0.510 | 
     | U537         | A1 v -> ZN ^ | AOI22D0 | 0.148 |   0.618 |    0.658 | 
     | FE_RC_5_0    | A3 ^ -> ZN v | ND4D0   | 0.275 |   0.892 |    0.933 | 
     | Q_reg_38_    | D v          | EDFQD1  | 0.000 |   0.892 |    0.933 | 
     +--------------------------------------------------------------------+ 
Path 4: MET Setup Check with Pin Q_reg_55_/CP 
Endpoint:   Q_reg_55_/D (v) checked with  leading edge of 'clk'
Beginpoint: A[0]        (^) triggered by  leading edge of 'clk'
Path Groups: {clk}
Analysis View: WC_VIEW
Other End Arrival Time          0.079
- Setup                         0.141
+ Phase Shift                   1.000
+ CPPR Adjustment               0.000
= Required Time                 0.938
- Arrival Time                  0.897
= Slack Time                    0.041
     Clock Rise Edge                      0.000
     + Input Delay                        0.200
     = Beginpoint Arrival Time            0.200
     +---------------------------------------------------------------------+ 
     |   Instance    |     Arc      |  Cell   | Delay | Arrival | Required | 
     |               |              |         |       |  Time   |   Time   | 
     |---------------+--------------+---------+-------+---------+----------| 
     |               | A[0] ^       |         |       |   0.200 |    0.241 | 
     | U354          | I ^ -> ZN v  | INVD1   | 0.021 |   0.221 |    0.262 | 
     | U357          | A2 v -> ZN ^ | ND2D1   | 0.030 |   0.251 |    0.292 | 
     | U447          | A2 ^ -> ZN v | NR2D0   | 0.023 |   0.274 |    0.316 | 
     | FE_OFC28_n322 | I v -> ZN ^  | CKND0   | 0.052 |   0.327 |    0.368 | 
     | FE_OFC29_n322 | I ^ -> ZN v  | CKND4   | 0.139 |   0.466 |    0.507 | 
     | U524          | B1 v -> ZN ^ | AOI22D0 | 0.154 |   0.620 |    0.661 | 
     | FE_RC_2_0     | A1 ^ -> ZN v | ND4D0   | 0.277 |   0.897 |    0.938 | 
     | Q_reg_55_     | D v          | EDFQD1  | 0.000 |   0.897 |    0.938 | 
     +---------------------------------------------------------------------+ 
Path 5: MET Setup Check with Pin Q_reg_26_/CP 
Endpoint:   Q_reg_26_/D (v) checked with  leading edge of 'clk'
Beginpoint: A[0]        (^) triggered by  leading edge of 'clk'
Path Groups: {clk}
Analysis View: WC_VIEW
Other End Arrival Time          0.070
- Setup                         0.136
+ Phase Shift                   1.000
+ CPPR Adjustment               0.000
= Required Time                 0.934
- Arrival Time                  0.888
= Slack Time                    0.046
     Clock Rise Edge                      0.000
     + Input Delay                        0.200
     = Beginpoint Arrival Time            0.200
     +---------------------------------------------------------------------+ 
     |   Instance    |     Arc      |  Cell   | Delay | Arrival | Required | 
     |               |              |         |       |  Time   |   Time   | 
     |---------------+--------------+---------+-------+---------+----------| 
     |               | A[0] ^       |         |       |   0.200 |    0.246 | 
     | U354          | I ^ -> ZN v  | INVD1   | 0.021 |   0.221 |    0.266 | 
     | U357          | A2 v -> ZN ^ | ND2D1   | 0.030 |   0.251 |    0.297 | 
     | U447          | A2 ^ -> ZN v | NR2D0   | 0.023 |   0.274 |    0.320 | 
     | FE_OFC28_n322 | I v -> ZN ^  | CKND0   | 0.052 |   0.327 |    0.372 | 
     | FE_OFC29_n322 | I ^ -> ZN v  | CKND4   | 0.139 |   0.466 |    0.512 | 
     | U560          | B1 v -> ZN ^ | AOI22D0 | 0.137 |   0.603 |    0.649 | 
     | U383          | A4 ^ -> ZN v | ND4D0   | 0.285 |   0.888 |    0.934 | 
     | Q_reg_26_     | D v          | EDFQD1  | 0.000 |   0.888 |    0.934 | 
     +---------------------------------------------------------------------+ 

