###############################################################
#  Generated by:      Cadence Innovus 15.23-s045_1
#  OS:                Linux x86_64(Host ID ieng6-ece-17.ucsd.edu)
#  Generated on:      Thu Mar 20 19:10:29 2025
#  Design:            sram_w16
#  Command:           checkPinAssignment
###############################################################

Start Checking pins of top cell: [sram_w16] 
**ERROR: (IMPPTN-1755):   Pin [D[116]] of partition [sram_w16] is [FIXED] at location ( 210.700,    0.000) on layer 3 is NOT ON ALLOWED PIN LAYER.
**ERROR: (IMPPTN-1755):   Pin [D[116]] of partition [sram_w16] is [FIXED] at location ( 210.700,    0.000) on layer 3 is OVERLAPPED WITH CORNER-MASK of partition sram_w16.
**ERROR: (IMPPTN-1755):   Pin [D[115]] of partition [sram_w16] is [FIXED] at location ( 209.100,    0.000) on layer 3 is NOT ON ALLOWED PIN LAYER.
**ERROR: (IMPPTN-1755):   Pin [D[114]] of partition [sram_w16] is [FIXED] at location ( 207.500,    0.000) on layer 3 is NOT ON ALLOWED PIN LAYER.
**ERROR: (IMPPTN-1755):   Pin [D[113]] of partition [sram_w16] is [FIXED] at location ( 205.900,    0.000) on layer 3 is NOT ON ALLOWED PIN LAYER.
**ERROR: (IMPPTN-1755):   Pin [D[112]] of partition [sram_w16] is [FIXED] at location ( 204.300,    0.000) on layer 3 is NOT ON ALLOWED PIN LAYER.
**ERROR: (IMPPTN-1755):   Pin [D[111]] of partition [sram_w16] is [FIXED] at location ( 202.700,    0.000) on layer 3 is NOT ON ALLOWED PIN LAYER.
**ERROR: (IMPPTN-1755):   Pin [D[110]] of partition [sram_w16] is [FIXED] at location ( 201.100,    0.000) on layer 3 is NOT ON ALLOWED PIN LAYER.
**ERROR: (IMPPTN-1755):   Pin [D[109]] of partition [sram_w16] is [FIXED] at location ( 199.500,    0.000) on layer 3 is NOT ON ALLOWED PIN LAYER.
**ERROR: (IMPPTN-1755):   Pin [D[108]] of partition [sram_w16] is [FIXED] at location ( 197.900,    0.000) on layer 3 is NOT ON ALLOWED PIN LAYER.
**ERROR: (IMPPTN-1755):   Pin [D[107]] of partition [sram_w16] is [FIXED] at location ( 196.300,    0.000) on layer 3 is NOT ON ALLOWED PIN LAYER.
**ERROR: (IMPPTN-1755):   Pin [D[106]] of partition [sram_w16] is [FIXED] at location ( 194.700,    0.000) on layer 3 is NOT ON ALLOWED PIN LAYER.
**ERROR: (IMPPTN-1755):   Pin [D[105]] of partition [sram_w16] is [FIXED] at location ( 193.100,    0.000) on layer 3 is NOT ON ALLOWED PIN LAYER.
**ERROR: (IMPPTN-1755):   Pin [D[104]] of partition [sram_w16] is [FIXED] at location ( 191.500,    0.000) on layer 3 is NOT ON ALLOWED PIN LAYER.
**ERROR: (IMPPTN-1755):   Pin [D[103]] of partition [sram_w16] is [FIXED] at location ( 189.900,    0.000) on layer 3 is NOT ON ALLOWED PIN LAYER.
**ERROR: (IMPPTN-1755):   Pin [D[102]] of partition [sram_w16] is [FIXED] at location ( 188.300,    0.000) on layer 3 is NOT ON ALLOWED PIN LAYER.
**ERROR: (IMPPTN-1755):   Pin [D[101]] of partition [sram_w16] is [FIXED] at location ( 186.700,    0.000) on layer 3 is NOT ON ALLOWED PIN LAYER.
**ERROR: (IMPPTN-1755):   Pin [D[100]] of partition [sram_w16] is [FIXED] at location ( 185.100,    0.000) on layer 3 is NOT ON ALLOWED PIN LAYER.
**ERROR: (IMPPTN-1755):   Pin [D[99]] of partition [sram_w16] is [FIXED] at location ( 183.500,    0.000) on layer 3 is NOT ON ALLOWED PIN LAYER.
**ERROR: (IMPPTN-1755):   Pin [D[98]] of partition [sram_w16] is [FIXED] at location ( 181.900,    0.000) on layer 3 is NOT ON ALLOWED PIN LAYER.
**ERROR: (IMPPTN-1755):   Pin [D[97]] of partition [sram_w16] is [FIXED] at location ( 180.300,    0.000) on layer 3 is NOT ON ALLOWED PIN LAYER.
**ERROR: (IMPPTN-1755):   Pin [D[96]] of partition [sram_w16] is [FIXED] at location ( 178.700,    0.000) on layer 3 is NOT ON ALLOWED PIN LAYER.
**ERROR: (IMPPTN-1755):   Pin [D[95]] of partition [sram_w16] is [FIXED] at location ( 177.100,    0.000) on layer 3 is NOT ON ALLOWED PIN LAYER.
**ERROR: (IMPPTN-1755):   Pin [D[94]] of partition [sram_w16] is [FIXED] at location ( 175.500,    0.000) on layer 3 is NOT ON ALLOWED PIN LAYER.
**ERROR: (IMPPTN-1755):   Pin [D[93]] of partition [sram_w16] is [FIXED] at location ( 173.900,    0.000) on layer 3 is NOT ON ALLOWED PIN LAYER.
**ERROR: (IMPPTN-1755):   Pin [D[92]] of partition [sram_w16] is [FIXED] at location ( 172.300,    0.000) on layer 3 is NOT ON ALLOWED PIN LAYER.
**ERROR: (IMPPTN-1755):   Pin [D[91]] of partition [sram_w16] is [FIXED] at location ( 170.700,    0.000) on layer 3 is NOT ON ALLOWED PIN LAYER.
**ERROR: (IMPPTN-1755):   Pin [D[90]] of partition [sram_w16] is [FIXED] at location ( 169.100,    0.000) on layer 3 is NOT ON ALLOWED PIN LAYER.
**ERROR: (IMPPTN-1755):   Pin [D[89]] of partition [sram_w16] is [FIXED] at location ( 167.500,    0.000) on layer 3 is NOT ON ALLOWED PIN LAYER.
**ERROR: (IMPPTN-1755):   Pin [D[88]] of partition [sram_w16] is [FIXED] at location ( 165.900,    0.000) on layer 3 is NOT ON ALLOWED PIN LAYER.
**ERROR: (IMPPTN-1755):   Pin [D[87]] of partition [sram_w16] is [FIXED] at location ( 164.300,    0.000) on layer 3 is NOT ON ALLOWED PIN LAYER.
**ERROR: (IMPPTN-1755):   Pin [D[86]] of partition [sram_w16] is [FIXED] at location ( 162.700,    0.000) on layer 3 is NOT ON ALLOWED PIN LAYER.
**ERROR: (IMPPTN-1755):   Pin [D[85]] of partition [sram_w16] is [FIXED] at location ( 161.100,    0.000) on layer 3 is NOT ON ALLOWED PIN LAYER.
**ERROR: (IMPPTN-1755):   Pin [D[84]] of partition [sram_w16] is [FIXED] at location ( 159.500,    0.000) on layer 3 is NOT ON ALLOWED PIN LAYER.
**ERROR: (IMPPTN-1755):   Pin [D[83]] of partition [sram_w16] is [FIXED] at location ( 157.900,    0.000) on layer 3 is NOT ON ALLOWED PIN LAYER.
**ERROR: (IMPPTN-1755):   Pin [D[82]] of partition [sram_w16] is [FIXED] at location ( 156.300,    0.000) on layer 3 is NOT ON ALLOWED PIN LAYER.
**ERROR: (IMPPTN-1755):   Pin [D[81]] of partition [sram_w16] is [FIXED] at location ( 154.700,    0.000) on layer 3 is NOT ON ALLOWED PIN LAYER.
**ERROR: (IMPPTN-1755):   Pin [D[80]] of partition [sram_w16] is [FIXED] at location ( 153.100,    0.000) on layer 3 is NOT ON ALLOWED PIN LAYER.
**ERROR: (IMPPTN-1755):   Pin [D[79]] of partition [sram_w16] is [FIXED] at location ( 151.500,    0.000) on layer 3 is NOT ON ALLOWED PIN LAYER.
**ERROR: (IMPPTN-1755):   Pin [D[78]] of partition [sram_w16] is [FIXED] at location ( 149.900,    0.000) on layer 3 is NOT ON ALLOWED PIN LAYER.
**ERROR: (IMPPTN-1755):   Pin [D[77]] of partition [sram_w16] is [FIXED] at location ( 148.300,    0.000) on layer 3 is NOT ON ALLOWED PIN LAYER.
**ERROR: (IMPPTN-1755):   Pin [D[76]] of partition [sram_w16] is [FIXED] at location ( 146.700,    0.000) on layer 3 is NOT ON ALLOWED PIN LAYER.
**ERROR: (IMPPTN-1755):   Pin [D[75]] of partition [sram_w16] is [FIXED] at location ( 145.100,    0.000) on layer 3 is NOT ON ALLOWED PIN LAYER.
**ERROR: (IMPPTN-1755):   Pin [D[74]] of partition [sram_w16] is [FIXED] at location ( 143.500,    0.000) on layer 3 is NOT ON ALLOWED PIN LAYER.
**ERROR: (IMPPTN-1755):   Pin [D[73]] of partition [sram_w16] is [FIXED] at location ( 141.900,    0.000) on layer 3 is NOT ON ALLOWED PIN LAYER.
**ERROR: (IMPPTN-1755):   Pin [D[72]] of partition [sram_w16] is [FIXED] at location ( 140.300,    0.000) on layer 3 is NOT ON ALLOWED PIN LAYER.
**ERROR: (IMPPTN-1755):   Pin [D[71]] of partition [sram_w16] is [FIXED] at location ( 138.700,    0.000) on layer 3 is NOT ON ALLOWED PIN LAYER.
**ERROR: (IMPPTN-1755):   Pin [D[70]] of partition [sram_w16] is [FIXED] at location ( 137.100,    0.000) on layer 3 is NOT ON ALLOWED PIN LAYER.
**ERROR: (IMPPTN-1755):   Pin [D[69]] of partition [sram_w16] is [FIXED] at location ( 135.500,    0.000) on layer 3 is NOT ON ALLOWED PIN LAYER.
**ERROR: (IMPPTN-1755):   Pin [D[68]] of partition [sram_w16] is [FIXED] at location ( 133.900,    0.000) on layer 3 is NOT ON ALLOWED PIN LAYER.
**ERROR: (IMPPTN-1755):   Pin [D[67]] of partition [sram_w16] is [FIXED] at location ( 132.300,    0.000) on layer 3 is NOT ON ALLOWED PIN LAYER.
**ERROR: (IMPPTN-1755):   Pin [D[66]] of partition [sram_w16] is [FIXED] at location ( 130.700,    0.000) on layer 3 is NOT ON ALLOWED PIN LAYER.
**ERROR: (IMPPTN-1755):   Pin [D[65]] of partition [sram_w16] is [FIXED] at location ( 129.100,    0.000) on layer 3 is NOT ON ALLOWED PIN LAYER.
**ERROR: (IMPPTN-1755):   Pin [D[64]] of partition [sram_w16] is [FIXED] at location ( 127.500,    0.000) on layer 3 is NOT ON ALLOWED PIN LAYER.
**ERROR: (IMPPTN-1755):   Pin [D[63]] of partition [sram_w16] is [FIXED] at location ( 125.900,    0.000) on layer 3 is NOT ON ALLOWED PIN LAYER.
**ERROR: (IMPPTN-1755):   Pin [D[62]] of partition [sram_w16] is [FIXED] at location ( 124.300,    0.000) on layer 3 is NOT ON ALLOWED PIN LAYER.
**ERROR: (IMPPTN-1755):   Pin [D[61]] of partition [sram_w16] is [FIXED] at location ( 122.700,    0.000) on layer 3 is NOT ON ALLOWED PIN LAYER.
**ERROR: (IMPPTN-1755):   Pin [D[60]] of partition [sram_w16] is [FIXED] at location ( 121.100,    0.000) on layer 3 is NOT ON ALLOWED PIN LAYER.
**ERROR: (IMPPTN-1755):   Pin [D[59]] of partition [sram_w16] is [FIXED] at location ( 119.500,    0.000) on layer 3 is NOT ON ALLOWED PIN LAYER.
**ERROR: (IMPPTN-1755):   Pin [D[58]] of partition [sram_w16] is [FIXED] at location ( 117.900,    0.000) on layer 3 is NOT ON ALLOWED PIN LAYER.
**ERROR: (IMPPTN-1755):   Pin [D[57]] of partition [sram_w16] is [FIXED] at location ( 116.300,    0.000) on layer 3 is NOT ON ALLOWED PIN LAYER.
**ERROR: (IMPPTN-1755):   Pin [D[56]] of partition [sram_w16] is [FIXED] at location ( 114.700,    0.000) on layer 3 is NOT ON ALLOWED PIN LAYER.
**ERROR: (IMPPTN-1755):   Pin [D[55]] of partition [sram_w16] is [FIXED] at location ( 113.100,    0.000) on layer 3 is NOT ON ALLOWED PIN LAYER.
**ERROR: (IMPPTN-1755):   Pin [D[54]] of partition [sram_w16] is [FIXED] at location ( 111.500,    0.000) on layer 3 is NOT ON ALLOWED PIN LAYER.
**ERROR: (IMPPTN-1755):   Pin [D[53]] of partition [sram_w16] is [FIXED] at location ( 109.900,    0.000) on layer 3 is NOT ON ALLOWED PIN LAYER.
**ERROR: (IMPPTN-1755):   Pin [D[52]] of partition [sram_w16] is [FIXED] at location ( 108.300,    0.000) on layer 3 is NOT ON ALLOWED PIN LAYER.
**ERROR: (IMPPTN-1755):   Pin [D[51]] of partition [sram_w16] is [FIXED] at location ( 106.700,    0.000) on layer 3 is NOT ON ALLOWED PIN LAYER.
**ERROR: (IMPPTN-1755):   Pin [D[50]] of partition [sram_w16] is [FIXED] at location ( 105.100,    0.000) on layer 3 is NOT ON ALLOWED PIN LAYER.
**ERROR: (IMPPTN-1755):   Pin [D[49]] of partition [sram_w16] is [FIXED] at location ( 103.500,    0.000) on layer 3 is NOT ON ALLOWED PIN LAYER.
**ERROR: (IMPPTN-1755):   Pin [D[48]] of partition [sram_w16] is [FIXED] at location ( 101.900,    0.000) on layer 3 is NOT ON ALLOWED PIN LAYER.
**ERROR: (IMPPTN-1755):   Pin [D[47]] of partition [sram_w16] is [FIXED] at location ( 100.300,    0.000) on layer 3 is NOT ON ALLOWED PIN LAYER.
**ERROR: (IMPPTN-1755):   Pin [D[46]] of partition [sram_w16] is [FIXED] at location (  98.700,    0.000) on layer 3 is NOT ON ALLOWED PIN LAYER.
**ERROR: (IMPPTN-1755):   Pin [D[45]] of partition [sram_w16] is [FIXED] at location (  97.100,    0.000) on layer 3 is NOT ON ALLOWED PIN LAYER.
**ERROR: (IMPPTN-1755):   Pin [D[44]] of partition [sram_w16] is [FIXED] at location (  95.500,    0.000) on layer 3 is NOT ON ALLOWED PIN LAYER.
**ERROR: (IMPPTN-1755):   Pin [D[43]] of partition [sram_w16] is [FIXED] at location (  93.900,    0.000) on layer 3 is NOT ON ALLOWED PIN LAYER.
**ERROR: (IMPPTN-1755):   Pin [D[42]] of partition [sram_w16] is [FIXED] at location (  92.300,    0.000) on layer 3 is NOT ON ALLOWED PIN LAYER.
**ERROR: (IMPPTN-1755):   Pin [D[41]] of partition [sram_w16] is [FIXED] at location (  90.700,    0.000) on layer 3 is NOT ON ALLOWED PIN LAYER.
**ERROR: (IMPPTN-1755):   Pin [D[40]] of partition [sram_w16] is [FIXED] at location (  89.100,    0.000) on layer 3 is NOT ON ALLOWED PIN LAYER.
**ERROR: (IMPPTN-1755):   Pin [D[39]] of partition [sram_w16] is [FIXED] at location (  87.500,    0.000) on layer 3 is NOT ON ALLOWED PIN LAYER.
**ERROR: (IMPPTN-1755):   Pin [D[38]] of partition [sram_w16] is [FIXED] at location (  85.900,    0.000) on layer 3 is NOT ON ALLOWED PIN LAYER.
**ERROR: (IMPPTN-1755):   Pin [D[37]] of partition [sram_w16] is [FIXED] at location (  84.300,    0.000) on layer 3 is NOT ON ALLOWED PIN LAYER.
**ERROR: (IMPPTN-1755):   Pin [D[36]] of partition [sram_w16] is [FIXED] at location (  82.700,    0.000) on layer 3 is NOT ON ALLOWED PIN LAYER.
**ERROR: (IMPPTN-1755):   Pin [D[35]] of partition [sram_w16] is [FIXED] at location (  81.100,    0.000) on layer 3 is NOT ON ALLOWED PIN LAYER.
**ERROR: (IMPPTN-1755):   Pin [D[34]] of partition [sram_w16] is [FIXED] at location (  79.500,    0.000) on layer 3 is NOT ON ALLOWED PIN LAYER.
**ERROR: (IMPPTN-1755):   Pin [D[33]] of partition [sram_w16] is [FIXED] at location (  77.900,    0.000) on layer 3 is NOT ON ALLOWED PIN LAYER.
**ERROR: (IMPPTN-1755):   Pin [D[32]] of partition [sram_w16] is [FIXED] at location (  76.300,    0.000) on layer 3 is NOT ON ALLOWED PIN LAYER.
**ERROR: (IMPPTN-1755):   Pin [D[31]] of partition [sram_w16] is [FIXED] at location (  74.700,    0.000) on layer 3 is NOT ON ALLOWED PIN LAYER.
**ERROR: (IMPPTN-1755):   Pin [D[30]] of partition [sram_w16] is [FIXED] at location (  73.100,    0.000) on layer 3 is NOT ON ALLOWED PIN LAYER.
**ERROR: (IMPPTN-1755):   Pin [D[29]] of partition [sram_w16] is [FIXED] at location (  71.500,    0.000) on layer 3 is NOT ON ALLOWED PIN LAYER.
**ERROR: (IMPPTN-1755):   Pin [D[28]] of partition [sram_w16] is [FIXED] at location (  69.900,    0.000) on layer 3 is NOT ON ALLOWED PIN LAYER.
**ERROR: (IMPPTN-1755):   Pin [D[27]] of partition [sram_w16] is [FIXED] at location (  68.300,    0.000) on layer 3 is NOT ON ALLOWED PIN LAYER.
**ERROR: (IMPPTN-1755):   Pin [D[26]] of partition [sram_w16] is [FIXED] at location (  66.700,    0.000) on layer 3 is NOT ON ALLOWED PIN LAYER.
**ERROR: (IMPPTN-1755):   Pin [D[25]] of partition [sram_w16] is [FIXED] at location (  65.100,    0.000) on layer 3 is NOT ON ALLOWED PIN LAYER.
**ERROR: (IMPPTN-1755):   Pin [D[24]] of partition [sram_w16] is [FIXED] at location (  63.500,    0.000) on layer 3 is NOT ON ALLOWED PIN LAYER.
**ERROR: (IMPPTN-1755):   Pin [D[23]] of partition [sram_w16] is [FIXED] at location (  61.900,    0.000) on layer 3 is NOT ON ALLOWED PIN LAYER.
**ERROR: (IMPPTN-1755):   Pin [D[22]] of partition [sram_w16] is [FIXED] at location (  60.300,    0.000) on layer 3 is NOT ON ALLOWED PIN LAYER.
**ERROR: (IMPPTN-1755):   Pin [D[21]] of partition [sram_w16] is [FIXED] at location (  58.700,    0.000) on layer 3 is NOT ON ALLOWED PIN LAYER.
**ERROR: (IMPPTN-1755):   Pin [D[20]] of partition [sram_w16] is [FIXED] at location (  57.100,    0.000) on layer 3 is NOT ON ALLOWED PIN LAYER.
**ERROR: (IMPPTN-1755):   Pin [D[19]] of partition [sram_w16] is [FIXED] at location (  55.500,    0.000) on layer 3 is NOT ON ALLOWED PIN LAYER.
**ERROR: (IMPPTN-1755):   Pin [D[18]] of partition [sram_w16] is [FIXED] at location (  53.900,    0.000) on layer 3 is NOT ON ALLOWED PIN LAYER.
**ERROR: (IMPPTN-1755):   Pin [D[17]] of partition [sram_w16] is [FIXED] at location (  52.300,    0.000) on layer 3 is NOT ON ALLOWED PIN LAYER.
**ERROR: (IMPPTN-1755):   Pin [D[16]] of partition [sram_w16] is [FIXED] at location (  50.700,    0.000) on layer 3 is NOT ON ALLOWED PIN LAYER.
**ERROR: (IMPPTN-1755):   Pin [D[15]] of partition [sram_w16] is [FIXED] at location (  49.100,    0.000) on layer 3 is NOT ON ALLOWED PIN LAYER.
**ERROR: (IMPPTN-1755):   Pin [D[14]] of partition [sram_w16] is [FIXED] at location (  47.500,    0.000) on layer 3 is NOT ON ALLOWED PIN LAYER.
**ERROR: (IMPPTN-1755):   Pin [D[13]] of partition [sram_w16] is [FIXED] at location (  45.900,    0.000) on layer 3 is NOT ON ALLOWED PIN LAYER.
**ERROR: (IMPPTN-1755):   Pin [D[12]] of partition [sram_w16] is [FIXED] at location (  44.300,    0.000) on layer 3 is NOT ON ALLOWED PIN LAYER.
**ERROR: (IMPPTN-1755):   Pin [D[11]] of partition [sram_w16] is [FIXED] at location (  42.700,    0.000) on layer 3 is NOT ON ALLOWED PIN LAYER.
**ERROR: (IMPPTN-1755):   Pin [D[10]] of partition [sram_w16] is [FIXED] at location (  41.100,    0.000) on layer 3 is NOT ON ALLOWED PIN LAYER.
**ERROR: (IMPPTN-1755):   Pin [D[9]] of partition [sram_w16] is [FIXED] at location (  39.500,    0.000) on layer 3 is NOT ON ALLOWED PIN LAYER.
**ERROR: (IMPPTN-1755):   Pin [D[8]] of partition [sram_w16] is [FIXED] at location (  37.900,    0.000) on layer 3 is NOT ON ALLOWED PIN LAYER.
**ERROR: (IMPPTN-1755):   Pin [D[7]] of partition [sram_w16] is [FIXED] at location (  36.300,    0.000) on layer 3 is NOT ON ALLOWED PIN LAYER.
**ERROR: (IMPPTN-1755):   Pin [D[6]] of partition [sram_w16] is [FIXED] at location (  34.700,    0.000) on layer 3 is NOT ON ALLOWED PIN LAYER.
**ERROR: (IMPPTN-1755):   Pin [D[5]] of partition [sram_w16] is [FIXED] at location (  33.100,    0.000) on layer 3 is NOT ON ALLOWED PIN LAYER.
**ERROR: (IMPPTN-1755):   Pin [D[4]] of partition [sram_w16] is [FIXED] at location (  31.500,    0.000) on layer 3 is NOT ON ALLOWED PIN LAYER.
**ERROR: (IMPPTN-1755):   Pin [D[3]] of partition [sram_w16] is [FIXED] at location (  29.900,    0.000) on layer 3 is NOT ON ALLOWED PIN LAYER.
**ERROR: (IMPPTN-1755):   Pin [D[2]] of partition [sram_w16] is [FIXED] at location (  28.300,    0.000) on layer 3 is NOT ON ALLOWED PIN LAYER.
**ERROR: (IMPPTN-1755):   Pin [D[1]] of partition [sram_w16] is [FIXED] at location (  26.700,    0.000) on layer 3 is NOT ON ALLOWED PIN LAYER.
**ERROR: (IMPPTN-1755):   Pin [D[0]] of partition [sram_w16] is [FIXED] at location (  25.100,    0.000) on layer 3 is NOT ON ALLOWED PIN LAYER.
Summary report for top level: [sram_w16] 
	Total Pins                         : 263
	Legally Assigned Pins              : 146
	Illegally Assigned Pins            : 117
End of Summary report
End Checking pins of top cell: [sram_w16] 

