###############################################################
#  Generated by:      Cadence Innovus 15.23-s045_1
#  OS:                Linux x86_64(Host ID ieng6-ece-17.ucsd.edu)
#  Generated on:      Thu Mar 20 19:09:38 2025
#  Design:            sram_w16
#  Command:           verifyConnectivity
###############################################################
Verify Connectivity Report is created on Thu Mar 20 19:09:38 2025



Net VDD: dangling Wire at (200.800, 74.800) (200.800, 74.800) on layer: M1
Net VDD: dangling Wire at (200.800, 92.800) (200.800, 92.800) on layer: M1
Net VDD: dangling Wire at (200.800, 100.000) (200.800, 100.000) on layer: M1
Net VDD: dangling Wire at (200.800, 60.400) (200.800, 60.400) on layer: M1
Net VDD: dangling Wire at (200.800, 64.000) (200.800, 64.000) on layer: M1
Net VDD: dangling Wire at (200.800, 38.800) (200.800, 38.800) on layer: M1
Net VDD: dangling Wire at (200.800, 31.600) (200.800, 31.600) on layer: M1
Net VDD: dangling Wire at (200.800, 10.000) (200.800, 10.000) on layer: M1
Net VDD: dangling Wire at (200.800, 56.800) (200.800, 56.800) on layer: M1
Net VSS: dangling Wire at (200.800, 87.400) (200.800, 87.400) on layer: M1
Net VSS: dangling Wire at (200.800, 58.600) (200.800, 58.600) on layer: M1
Net VSS: dangling Wire at (200.800, 62.200) (200.800, 62.200) on layer: M1
Net VSS: dangling Wire at (200.800, 55.000) (200.800, 55.000) on layer: M1
Net VSS: dangling Wire at (172.795, 10.000) (172.795, 10.000) on layer: M4
Net VSS: dangling Wire at (172.795, 103.600) (172.795, 103.600) on layer: M4
Net VSS: dangling Wire at (125.530, 10.000) (125.530, 10.000) on layer: M4
Net VSS: dangling Wire at (125.530, 103.600) (125.530, 103.600) on layer: M4
Net VSS: dangling Wire at (78.265, 10.000) (78.265, 10.000) on layer: M4
Net VSS: dangling Wire at (78.265, 103.600) (78.265, 103.600) on layer: M4
Net VSS: dangling Wire at (31.000, 10.000) (31.000, 10.000) on layer: M4
Net VSS: dangling Wire at (31.000, 103.600) (31.000, 103.600) on layer: M4

Begin Summary
    21 Problem(s) (IMPVFC-94): The net has dangling wire(s).
    21 total info(s) created.
End Summary
