*----------------------------------------------------------------------------------------
*	Innovus 15.23-s045_1 (64bit) 04/22/2016 12:32 (Linux 2.6.18-194.el5)
*	
*
* 	Date & Time:	2025-Mar-20 19:09:38 (2025-Mar-21 02:09:38 GMT)
*
*----------------------------------------------------------------------------------------
*
*	Design: sram_w16
*
*	Liberty Libraries used: 
*	        WC_VIEW: /home/linux/ieng6/ee260bwi25/public/PDKdata/lib/tcbn65gpluswc.lib
*
*	Power Domain used: 
*		Rail:        VDD 	Voltage:        0.9 
*
*       Power View : WC_VIEW
*
*       User-Defined Activity : N.A.
*
*       Activity File: N.A.
*
*       Hierarchical Global Activity: N.A.
*
*       Global Activity: N.A.
*
*       Sequential Element Activity: 0.200000
*
*       Primary Input Activity: 0.200000
*
*       Default icg ratio: N.A.
*
*       Global Comb ClockGate Ratio: N.A.
*
*	Power Units = 1mW
*
*	Time Units = 1e-09 secs 
*
*       report_power -outfile sram_w16.post_route.power.rpt
*
-----------------------------------------------------------------------------------------


Total Power 
-----------------------------------------------------------------------------------------
Total Internal Power:        9.32940232 	   82.0615%
Total Switching Power:       1.94938483 	   17.1468%
Total Leakage Power:         0.09000445 	    0.7917%
Total Power:                11.36879170 
-----------------------------------------------------------------------------------------


Group                           Internal   Switching     Leakage       Total  Percentage 
                                Power      Power         Power         Power  (%)        
-----------------------------------------------------------------------------------------
Sequential                         8.745      0.1555     0.06632       8.967       78.88 
Macro                                  0           0     0.01223     0.01223      0.1076 
IO                                     0           0           0           0           0 
Combinational                     0.1319      0.3223    0.008494      0.4628        4.07 
Clock (Combinational)              0.452       1.472    0.002961       1.927       16.95 
Clock (Sequential)                     0           0           0           0           0 
-----------------------------------------------------------------------------------------
Total                              9.329       1.949        0.09       11.37         100 
-----------------------------------------------------------------------------------------


Rail                  Voltage   Internal   Switching     Leakage       Total  Percentage 
                                Power      Power         Power         Power  (%)        
-----------------------------------------------------------------------------------------
VDD                       0.9      9.329       1.949        0.09       11.37         100 


Clock                           Internal   Switching     Leakage       Total  Percentage 
                                Power      Power         Power         Power  (%)        
-----------------------------------------------------------------------------------------
clk                                0.452       1.472    0.002961       1.927       16.95 
-----------------------------------------------------------------------------------------
Total (excluding duplicates)       0.452       1.472    0.002961       1.927       16.95 
-----------------------------------------------------------------------------------------


-----------------------------------------------------------------------------------------
*	Power Distribution Summary: 
* 		Highest Average Power:   CTS_ccl_BUF_clk_G0_L1_1 (CKBD16): 	     0.128 
* 		Highest Leakage Power:            FE_OFC63_n1058 (CKBD16): 	 0.0002381 
* 		Total Cap: 	1.10443e-11 F
* 		Total instances in design:  3893
* 		Total instances in design with no power:     0
*          Total instances in design with no activity:     0
* 		Total Fillers and Decap:  2032
-----------------------------------------------------------------------------------------

