xrun(64): 20.09-s017: (c) Copyright 1995-2021 Cadence Design Systems, Inc.
TOOL:	xrun(64)	20.09-s017: Started on Mar 21, 2025 at 18:33:10 PDT
xrun
	-define INITIALIZE_MEMORY
	-xminitialize 0
	+gui
	+access+rwc
	+xm64bit
	+xmstatus
	+xmtimescale+1ns/1ps
	+xmoveride_timescale
	-v ./netlist/core.out.v
	-v /home/linux/ieng6/ee260bwi25/public/PDKdata/verilog/tcbn65gplus.v
	./netlist/fullchip_tb.v
	-v ./netlist/fullchip.v

   User defined plus("+") options:
	+xmoveride_timescale

file: ./netlist/fullchip_tb.v
	module worklib.fullchip_tb:v
		errors: 0, warnings: 0
file: ./netlist/core.out.v
file: /home/linux/ieng6/ee260bwi25/public/PDKdata/verilog/tcbn65gplus.v
file: ./netlist/fullchip.v
	module fullchip.fullchip:v
		errors: 0, warnings: 0
file: ./netlist/core.out.v
	module core.core:v
		errors: 0, warnings: 0
file: ./netlist/core.out.v
	module core.mac_array_col8_bw8_bw_psum20_pr8:v
		errors: 0, warnings: 0
	module core.ofifo_col8_bw20:v
		errors: 0, warnings: 0
	module core.sram_w16_sram_bit64_1:v
		errors: 0, warnings: 0
	module core.sram_w16_sram_bit160:v
		errors: 0, warnings: 0
	module core.sram_w16_sram_bit64_0:v
		errors: 0, warnings: 0
file: ./netlist/core.out.v
	module core.mac_col_bw8_bw_psum20_pr8_col_id1:v
		errors: 0, warnings: 0
	module core.mac_col_bw8_bw_psum20_pr8_col_id2:v
		errors: 0, warnings: 0
	module core.mac_col_bw8_bw_psum20_pr8_col_id3:v
		errors: 0, warnings: 0
	module core.mac_col_bw8_bw_psum20_pr8_col_id4:v
		errors: 0, warnings: 0
	module core.mac_col_bw8_bw_psum20_pr8_col_id5:v
		errors: 0, warnings: 0
	module core.mac_col_bw8_bw_psum20_pr8_col_id6:v
		errors: 0, warnings: 0
	module core.mac_col_bw8_bw_psum20_pr8_col_id7:v
		errors: 0, warnings: 0
	module core.mac_col_bw8_bw_psum20_pr8_col_id8:v
		errors: 0, warnings: 0
	module core.fifo_depth8_bw20_simd1_7:v
		errors: 0, warnings: 0
	module core.fifo_depth8_bw20_simd1_6:v
		errors: 0, warnings: 0
	module core.fifo_depth8_bw20_simd1_0:v
		errors: 0, warnings: 0
	module core.fifo_depth8_bw20_simd1_1:v
		errors: 0, warnings: 0
	module core.fifo_depth8_bw20_simd1_2:v
		errors: 0, warnings: 0
	module core.fifo_depth8_bw20_simd1_3:v
		errors: 0, warnings: 0
	module core.fifo_depth8_bw20_simd1_4:v
		errors: 0, warnings: 0
	module core.fifo_depth8_bw20_simd1_5:v
		errors: 0, warnings: 0
file: ./netlist/core.out.v
	module core.mac_16in_bw8_bw_psum20_pr8_7:v
		errors: 0, warnings: 0
	module core.mac_16in_bw8_bw_psum20_pr8_6:v
		errors: 0, warnings: 0
	module core.mac_16in_bw8_bw_psum20_pr8_5:v
		errors: 0, warnings: 0
	module core.mac_16in_bw8_bw_psum20_pr8_4:v
		errors: 0, warnings: 0
	module core.mac_16in_bw8_bw_psum20_pr8_3:v
		errors: 0, warnings: 0
	module core.mac_16in_bw8_bw_psum20_pr8_2:v
		errors: 0, warnings: 0
	module core.mac_16in_bw8_bw_psum20_pr8_1:v
		errors: 0, warnings: 0
	module core.mac_16in_bw8_bw_psum20_pr8_0:v
		errors: 0, warnings: 0
	module core.fifo_mux_8_1_bw20_simd1_7:v
		errors: 0, warnings: 0
	module core.fifo_mux_8_1_bw20_simd1_6:v
		errors: 0, warnings: 0
	module core.fifo_mux_8_1_bw20_simd1_0:v
		errors: 0, warnings: 0
	module core.fifo_mux_8_1_bw20_simd1_1:v
		errors: 0, warnings: 0
	module core.fifo_mux_8_1_bw20_simd1_2:v
		errors: 0, warnings: 0
	module core.fifo_mux_8_1_bw20_simd1_3:v
		errors: 0, warnings: 0
	module core.fifo_mux_8_1_bw20_simd1_4:v
		errors: 0, warnings: 0
	module core.fifo_mux_8_1_bw20_simd1_5:v
		errors: 0, warnings: 0
file: ./netlist/core.out.v
	module core.fifo_mux_2_1_bw20_simd1_55:v
		errors: 0, warnings: 0
	module core.fifo_mux_2_1_bw20_simd1_49:v
		errors: 0, warnings: 0
	module core.fifo_mux_2_1_bw20_simd1_50:v
		errors: 0, warnings: 0
	module core.fifo_mux_2_1_bw20_simd1_51:v
		errors: 0, warnings: 0
	module core.fifo_mux_2_1_bw20_simd1_52:v
		errors: 0, warnings: 0
	module core.fifo_mux_2_1_bw20_simd1_53:v
		errors: 0, warnings: 0
	module core.fifo_mux_2_1_bw20_simd1_54:v
		errors: 0, warnings: 0
	module core.fifo_mux_2_1_bw20_simd1_42:v
		errors: 0, warnings: 0
	module core.fifo_mux_2_1_bw20_simd1_43:v
		errors: 0, warnings: 0
	module core.fifo_mux_2_1_bw20_simd1_44:v
		errors: 0, warnings: 0
	module core.fifo_mux_2_1_bw20_simd1_45:v
		errors: 0, warnings: 0
	module core.fifo_mux_2_1_bw20_simd1_46:v
		errors: 0, warnings: 0
	module core.fifo_mux_2_1_bw20_simd1_47:v
		errors: 0, warnings: 0
	module core.fifo_mux_2_1_bw20_simd1_48:v
		errors: 0, warnings: 0
	module core.fifo_mux_2_1_bw20_simd1_0:v
		errors: 0, warnings: 0
	module core.fifo_mux_2_1_bw20_simd1_1:v
		errors: 0, warnings: 0
	module core.fifo_mux_2_1_bw20_simd1_2:v
		errors: 0, warnings: 0
	module core.fifo_mux_2_1_bw20_simd1_3:v
		errors: 0, warnings: 0
	module core.fifo_mux_2_1_bw20_simd1_4:v
		errors: 0, warnings: 0
	module core.fifo_mux_2_1_bw20_simd1_5:v
		errors: 0, warnings: 0
	module core.fifo_mux_2_1_bw20_simd1_6:v
		errors: 0, warnings: 0
	module core.fifo_mux_2_1_bw20_simd1_7:v
		errors: 0, warnings: 0
	module core.fifo_mux_2_1_bw20_simd1_8:v
		errors: 0, warnings: 0
	module core.fifo_mux_2_1_bw20_simd1_9:v
		errors: 0, warnings: 0
	module core.fifo_mux_2_1_bw20_simd1_10:v
		errors: 0, warnings: 0
	module core.fifo_mux_2_1_bw20_simd1_11:v
		errors: 0, warnings: 0
	module core.fifo_mux_2_1_bw20_simd1_12:v
		errors: 0, warnings: 0
	module core.fifo_mux_2_1_bw20_simd1_13:v
		errors: 0, warnings: 0
	module core.fifo_mux_2_1_bw20_simd1_14:v
		errors: 0, warnings: 0
	module core.fifo_mux_2_1_bw20_simd1_15:v
		errors: 0, warnings: 0
	module core.fifo_mux_2_1_bw20_simd1_16:v
		errors: 0, warnings: 0
	module core.fifo_mux_2_1_bw20_simd1_17:v
		errors: 0, warnings: 0
	module core.fifo_mux_2_1_bw20_simd1_18:v
		errors: 0, warnings: 0
	module core.fifo_mux_2_1_bw20_simd1_19:v
		errors: 0, warnings: 0
	module core.fifo_mux_2_1_bw20_simd1_20:v
		errors: 0, warnings: 0
	module core.fifo_mux_2_1_bw20_simd1_21:v
		errors: 0, warnings: 0
	module core.fifo_mux_2_1_bw20_simd1_22:v
		errors: 0, warnings: 0
	module core.fifo_mux_2_1_bw20_simd1_23:v
		errors: 0, warnings: 0
	module core.fifo_mux_2_1_bw20_simd1_24:v
		errors: 0, warnings: 0
	module core.fifo_mux_2_1_bw20_simd1_25:v
		errors: 0, warnings: 0
	module core.fifo_mux_2_1_bw20_simd1_26:v
		errors: 0, warnings: 0
	module core.fifo_mux_2_1_bw20_simd1_27:v
		errors: 0, warnings: 0
	module core.fifo_mux_2_1_bw20_simd1_28:v
		errors: 0, warnings: 0
	module core.fifo_mux_2_1_bw20_simd1_29:v
		errors: 0, warnings: 0
	module core.fifo_mux_2_1_bw20_simd1_30:v
		errors: 0, warnings: 0
	module core.fifo_mux_2_1_bw20_simd1_31:v
		errors: 0, warnings: 0
	module core.fifo_mux_2_1_bw20_simd1_32:v
		errors: 0, warnings: 0
	module core.fifo_mux_2_1_bw20_simd1_33:v
		errors: 0, warnings: 0
	module core.fifo_mux_2_1_bw20_simd1_34:v
		errors: 0, warnings: 0
	module core.fifo_mux_2_1_bw20_simd1_35:v
		errors: 0, warnings: 0
	module core.fifo_mux_2_1_bw20_simd1_36:v
		errors: 0, warnings: 0
	module core.fifo_mux_2_1_bw20_simd1_37:v
		errors: 0, warnings: 0
	module core.fifo_mux_2_1_bw20_simd1_38:v
		errors: 0, warnings: 0
	module core.fifo_mux_2_1_bw20_simd1_39:v
		errors: 0, warnings: 0
	module core.fifo_mux_2_1_bw20_simd1_40:v
		errors: 0, warnings: 0
	module core.fifo_mux_2_1_bw20_simd1_41:v
		errors: 0, warnings: 0
file: /home/linux/ieng6/ee260bwi25/public/PDKdata/verilog/tcbn65gplus.v
	module tcbn65gplus.AN2D0:v
		errors: 0, warnings: 0
	module tcbn65gplus.AN2D1:v
		errors: 0, warnings: 0
	module tcbn65gplus.AN2XD1:v
		errors: 0, warnings: 0
	module tcbn65gplus.AN3D2:v
		errors: 0, warnings: 0
	module tcbn65gplus.AO21D0:v
		errors: 0, warnings: 0
	module tcbn65gplus.AO21D1:v
		errors: 0, warnings: 0
	module tcbn65gplus.AO22D0:v
		errors: 0, warnings: 0
	module tcbn65gplus.AOI21D0:v
		errors: 0, warnings: 0
	module tcbn65gplus.AOI21D1:v
		errors: 0, warnings: 0
	module tcbn65gplus.AOI21D2:v
		errors: 0, warnings: 0
	module tcbn65gplus.AOI21D4:v
		errors: 0, warnings: 0
	module tcbn65gplus.AOI221D0:v
		errors: 0, warnings: 0
	module tcbn65gplus.AOI22D0:v
		errors: 0, warnings: 0
	module tcbn65gplus.BUFFD0:v
		errors: 0, warnings: 0
	module tcbn65gplus.BUFFD1:v
		errors: 0, warnings: 0
	module tcbn65gplus.BUFFD2:v
		errors: 0, warnings: 0
	module tcbn65gplus.BUFFD3:v
		errors: 0, warnings: 0
	module tcbn65gplus.CKAN2D0:v
		errors: 0, warnings: 0
	module tcbn65gplus.CKAN2D4:v
		errors: 0, warnings: 0
	module tcbn65gplus.CKBD1:v
		errors: 0, warnings: 0
	module tcbn65gplus.CKBD2:v
		errors: 0, warnings: 0
	module tcbn65gplus.CKBD3:v
		errors: 0, warnings: 0
	module tcbn65gplus.CKBD4:v
		errors: 0, warnings: 0
	module tcbn65gplus.CKMUX2D1:v
		errors: 0, warnings: 0
	module tcbn65gplus.CKND2:v
		errors: 0, warnings: 0
	module tcbn65gplus.CKND2D0:v
		errors: 0, warnings: 0
	module tcbn65gplus.CKND2D1:v
		errors: 0, warnings: 0
	module tcbn65gplus.CKND2D2:v
		errors: 0, warnings: 0
	module tcbn65gplus.CKND2D3:v
		errors: 0, warnings: 0
	module tcbn65gplus.CKND2D4:v
		errors: 0, warnings: 0
	module tcbn65gplus.CKND2D8:v
		errors: 0, warnings: 0
	module tcbn65gplus.CKND3:v
		errors: 0, warnings: 0
	module tcbn65gplus.CKND4:v
		errors: 0, warnings: 0
	module tcbn65gplus.CKND6:v
		errors: 0, warnings: 0
	module tcbn65gplus.CKXOR2D0:v
		errors: 0, warnings: 0
	module tcbn65gplus.CKXOR2D1:v
		errors: 0, warnings: 0
	module tcbn65gplus.CKXOR2D4:v
		errors: 0, warnings: 0
	module tcbn65gplus.DFCND1:v
		errors: 0, warnings: 0
	module tcbn65gplus.DFCNQD1:v
		errors: 0, warnings: 0
	module tcbn65gplus.DFQD1:v
		errors: 0, warnings: 0
	module tcbn65gplus.DFQD2:v
		errors: 0, warnings: 0
	module tcbn65gplus.DFQD4:v
		errors: 0, warnings: 0
	module tcbn65gplus.EDFCNQD1:v
		errors: 0, warnings: 0
	module tcbn65gplus.EDFD1:v
		errors: 0, warnings: 0
	module tcbn65gplus.EDFQD1:v
		errors: 0, warnings: 0
	module tcbn65gplus.EDFQD2:v
		errors: 0, warnings: 0
	module tcbn65gplus.EDFQD4:v
		errors: 0, warnings: 0
	module tcbn65gplus.FA1D0:v
		errors: 0, warnings: 0
	module tcbn65gplus.FA1D1:v
		errors: 0, warnings: 0
	module tcbn65gplus.FA1D2:v
		errors: 0, warnings: 0
	module tcbn65gplus.FA1D4:v
		errors: 0, warnings: 0
	module tcbn65gplus.FICOND1:v
		errors: 0, warnings: 0
	module tcbn65gplus.HA1D0:v
		errors: 0, warnings: 0
	module tcbn65gplus.HA1D1:v
		errors: 0, warnings: 0
	module tcbn65gplus.HA1D2:v
		errors: 0, warnings: 0
	module tcbn65gplus.IAO21D0:v
		errors: 0, warnings: 0
	module tcbn65gplus.IAO21D1:v
		errors: 0, warnings: 0
	module tcbn65gplus.IAO21D2:v
		errors: 0, warnings: 0
	module tcbn65gplus.IAO21D4:v
		errors: 0, warnings: 0
	module tcbn65gplus.IND2D0:v
		errors: 0, warnings: 0
	module tcbn65gplus.IND2D1:v
		errors: 0, warnings: 0
	module tcbn65gplus.IND2D2:v
		errors: 0, warnings: 0
	module tcbn65gplus.IND4D1:v
		errors: 0, warnings: 0
	module tcbn65gplus.INR2D0:v
		errors: 0, warnings: 0
	module tcbn65gplus.INR2D1:v
		errors: 0, warnings: 0
	module tcbn65gplus.INR2D2:v
		errors: 0, warnings: 0
	module tcbn65gplus.INR2D4:v
		errors: 0, warnings: 0
	module tcbn65gplus.INR2XD0:v
		errors: 0, warnings: 0
	module tcbn65gplus.INR2XD1:v
		errors: 0, warnings: 0
	module tcbn65gplus.INR2XD2:v
		errors: 0, warnings: 0
	module tcbn65gplus.INR4D0:v
		errors: 0, warnings: 0
	module tcbn65gplus.INVD0:v
		errors: 0, warnings: 0
	module tcbn65gplus.INVD1:v
		errors: 0, warnings: 0
	module tcbn65gplus.INVD2:v
		errors: 0, warnings: 0
	module tcbn65gplus.INVD3:v
		errors: 0, warnings: 0
	module tcbn65gplus.INVD4:v
		errors: 0, warnings: 0
	module tcbn65gplus.IOA21D0:v
		errors: 0, warnings: 0
	module tcbn65gplus.IOA21D1:v
		errors: 0, warnings: 0
	module tcbn65gplus.IOA21D2:v
		errors: 0, warnings: 0
	module tcbn65gplus.MAOI222D1:v
		errors: 0, warnings: 0
	module tcbn65gplus.MOAI22D1:v
		errors: 0, warnings: 0
	module tcbn65gplus.MUX2D0:v
		errors: 0, warnings: 0
	module tcbn65gplus.MUX2ND0:v
		errors: 0, warnings: 0
	module tcbn65gplus.ND2D0:v
		errors: 0, warnings: 0
	module tcbn65gplus.ND2D1:v
		errors: 0, warnings: 0
	module tcbn65gplus.ND2D2:v
		errors: 0, warnings: 0
	module tcbn65gplus.ND2D3:v
		errors: 0, warnings: 0
	module tcbn65gplus.ND2D4:v
		errors: 0, warnings: 0
	module tcbn65gplus.ND2D8:v
		errors: 0, warnings: 0
	module tcbn65gplus.ND3D0:v
		errors: 0, warnings: 0
	module tcbn65gplus.ND3D1:v
		errors: 0, warnings: 0
	module tcbn65gplus.ND3D2:v
		errors: 0, warnings: 0
	module tcbn65gplus.ND4D0:v
		errors: 0, warnings: 0
	module tcbn65gplus.NR2D0:v
		errors: 0, warnings: 0
	module tcbn65gplus.NR2D1:v
		errors: 0, warnings: 0
	module tcbn65gplus.NR2D2:v
		errors: 0, warnings: 0
	module tcbn65gplus.NR2D3:v
		errors: 0, warnings: 0
	module tcbn65gplus.NR2D4:v
		errors: 0, warnings: 0
	module tcbn65gplus.NR2XD0:v
		errors: 0, warnings: 0
	module tcbn65gplus.NR2XD1:v
		errors: 0, warnings: 0
	module tcbn65gplus.NR2XD2:v
		errors: 0, warnings: 0
	module tcbn65gplus.NR2XD3:v
		errors: 0, warnings: 0
	module tcbn65gplus.NR3D0:v
		errors: 0, warnings: 0
	module tcbn65gplus.NR3D1:v
		errors: 0, warnings: 0
	module tcbn65gplus.NR3D2:v
		errors: 0, warnings: 0
	module tcbn65gplus.NR3D4:v
		errors: 0, warnings: 0
	module tcbn65gplus.NR4D0:v
		errors: 0, warnings: 0
	module tcbn65gplus.OA21D0:v
		errors: 0, warnings: 0
	module tcbn65gplus.OA21D1:v
		errors: 0, warnings: 0
	module tcbn65gplus.OA21D2:v
		errors: 0, warnings: 0
	module tcbn65gplus.OA22D0:v
		errors: 0, warnings: 0
	module tcbn65gplus.OAI21D0:v
		errors: 0, warnings: 0
	module tcbn65gplus.OAI21D1:v
		errors: 0, warnings: 0
	module tcbn65gplus.OAI21D2:v
		errors: 0, warnings: 0
	module tcbn65gplus.OAI21D4:v
		errors: 0, warnings: 0
	module tcbn65gplus.OAI221D0:v
		errors: 0, warnings: 0
	module tcbn65gplus.OAI22D0:v
		errors: 0, warnings: 0
	module tcbn65gplus.OAI22D1:v
		errors: 0, warnings: 0
	module tcbn65gplus.OAI22D2:v
		errors: 0, warnings: 0
	module tcbn65gplus.OR2D0:v
		errors: 0, warnings: 0
	module tcbn65gplus.OR2D1:v
		errors: 0, warnings: 0
	module tcbn65gplus.OR2XD1:v
		errors: 0, warnings: 0
	module tcbn65gplus.OR3D1:v
		errors: 0, warnings: 0
	module tcbn65gplus.OR4D1:v
		errors: 0, warnings: 0
	module tcbn65gplus.XNR2D0:v
		errors: 0, warnings: 0
	module tcbn65gplus.XNR2D1:v
		errors: 0, warnings: 0
	module tcbn65gplus.XNR2D2:v
		errors: 0, warnings: 0
	module tcbn65gplus.XNR2D4:v
		errors: 0, warnings: 0
	module tcbn65gplus.XNR3D1:v
		errors: 0, warnings: 0
	module tcbn65gplus.XNR3D2:v
		errors: 0, warnings: 0
	module tcbn65gplus.XNR3D4:v
		errors: 0, warnings: 0
	module tcbn65gplus.XOR2D0:v
		errors: 0, warnings: 0
	module tcbn65gplus.XOR2D2:v
		errors: 0, warnings: 0
	module tcbn65gplus.XOR3D0:v
		errors: 0, warnings: 0
	module tcbn65gplus.XOR3D1:v
		errors: 0, warnings: 0
	module tcbn65gplus.XOR3D2:v
		errors: 0, warnings: 0
	primitive tcbn65gplus.tsmc_mux:v
		errors: 0, warnings: 0
	primitive tcbn65gplus.tsmc_xbuf:v
		errors: 0, warnings: 0
	primitive tcbn65gplus.tsmc_dff:v
		errors: 0, warnings: 0
xmvlog: Memory Usage - Current physical: 21.4M, Current virtual: 92.6M
xmvlog: CPU Usage - 0.1s system + 1.2s user = 1.2s total (1.3s, 92.9% cpu)
		Caching library 'fullchip' ....... Done
		Caching library 'worklib' ....... Done
		Caching library 'core' ....... Done
		Caching library 'tcbn65gplus' ....... Done
	Elaborating the design hierarchy:
  FA1D1 U13 ( .A(n731), .B(n730), .CI(n729), .S(n33) );
          |
xmelab: *W,CUVWSP (./netlist/core.out.v,1906|10): 1 output port was not connected:
xmelab: (/home/linux/ieng6/ee260bwi25/public/PDKdata/verilog/tcbn65gplus.v,9795): CO

  DFCND1 cnt_q_reg_1_ ( .D(n74), .CP(clk), .CDN(n77), .QN(n6) );
                    |
xmelab: *W,CUVWSP (./netlist/core.out.v,3385|20): 1 output port was not connected:
xmelab: (/home/linux/ieng6/ee260bwi25/public/PDKdata/verilog/tcbn65gplus.v,4786): Q

  DFCND1 cnt_q_reg_1_ ( .D(n11), .CP(clk), .CDN(n15), .QN(n7) );
                    |
xmelab: *W,CUVWSP (./netlist/core.out.v,5194|20): 1 output port was not connected:
xmelab: (/home/linux/ieng6/ee260bwi25/public/PDKdata/verilog/tcbn65gplus.v,4786): Q

  FA1D1 U331 ( .A(n1086), .B(n1085), .CI(n1084), .S(n65) );
           |
xmelab: *W,CUVWSP (./netlist/core.out.v,12696|11): 1 output port was not connected:
xmelab: (/home/linux/ieng6/ee260bwi25/public/PDKdata/verilog/tcbn65gplus.v,9795): CO

  FA1D0 U335 ( .A(n334), .B(n333), .CI(n332), .S(n70) );
           |
xmelab: *W,CUVWSP (./netlist/core.out.v,12700|11): 1 output port was not connected:
xmelab: (/home/linux/ieng6/ee260bwi25/public/PDKdata/verilog/tcbn65gplus.v,9754): CO

  FA1D1 U678 ( .A(n1206), .B(n1205), .CI(n1204), .S(n76) );
           |
xmelab: *W,CUVWSP (./netlist/core.out.v,13043|11): 1 output port was not connected:
xmelab: (/home/linux/ieng6/ee260bwi25/public/PDKdata/verilog/tcbn65gplus.v,9795): CO

  ofifo_col8_bw20 ofifo_inst ( .clk(clk), .in(array_out), .out(pmem_in), .rd(
                           |
xmelab: *W,CUVWSP (./netlist/core.out.v,26732|27): 2 output ports were not connected:
xmelab: (./netlist/core.out.v,18477): o_valid
xmelab: (./netlist/core.out.v,18477): o_full

  fifo_depth8_bw20_simd1_7 col_idx_0__fifo_instance ( .rd_clk(clk), .wr_clk(
                                                  |
xmelab: *W,CUVWSP (./netlist/core.out.v,18485|50): 2 output ports were not connected:
xmelab: (./netlist/core.out.v,14355): o_full
xmelab: (./netlist/core.out.v,14356): o_empty

  DFCND1 rd_ptr_reg_0_ ( .D(n79), .CP(rd_clk), .CDN(n93), .Q(rd_ptr[0]) );
                     |
xmelab: *W,CUVWSP (./netlist/core.out.v,14405|21): 1 output port was not connected:
xmelab: (/home/linux/ieng6/ee260bwi25/public/PDKdata/verilog/tcbn65gplus.v,4786): QN

  fifo_depth8_bw20_simd1_6 col_idx_1__fifo_instance ( .rd_clk(clk), .wr_clk(
                                                  |
xmelab: *W,CUVWSP (./netlist/core.out.v,18488|50): 2 output ports were not connected:
xmelab: (./netlist/core.out.v,14897): o_full
xmelab: (./netlist/core.out.v,14898): o_empty

  DFCND1 rd_ptr_reg_0_ ( .D(n79), .CP(rd_clk), .CDN(n96), .Q(rd_ptr[0]) );
                     |
xmelab: *W,CUVWSP (./netlist/core.out.v,14947|21): 1 output port was not connected:
xmelab: (/home/linux/ieng6/ee260bwi25/public/PDKdata/verilog/tcbn65gplus.v,4786): QN

  fifo_depth8_bw20_simd1_5 col_idx_2__fifo_instance ( .rd_clk(clk), .wr_clk(
                                                  |
xmelab: *W,CUVWSP (./netlist/core.out.v,18491|50): 2 output ports were not connected:
xmelab: (./netlist/core.out.v,18178): o_full
xmelab: (./netlist/core.out.v,18179): o_empty

  DFCND1 rd_ptr_reg_0_ ( .D(n97), .CP(rd_clk), .CDN(n94), .Q(rd_ptr[0]) );
                     |
xmelab: *W,CUVWSP (./netlist/core.out.v,18229|21): 1 output port was not connected:
xmelab: (/home/linux/ieng6/ee260bwi25/public/PDKdata/verilog/tcbn65gplus.v,4786): QN

  fifo_depth8_bw20_simd1_4 col_idx_3__fifo_instance ( .rd_clk(clk), .wr_clk(
                                                  |
xmelab: *W,CUVWSP (./netlist/core.out.v,18494|50): 2 output ports were not connected:
xmelab: (./netlist/core.out.v,17626): o_full
xmelab: (./netlist/core.out.v,17627): o_empty

  DFCND1 rd_ptr_reg_0_ ( .D(n104), .CP(rd_clk), .CDN(n101), .Q(rd_ptr[0]) );
                     |
xmelab: *W,CUVWSP (./netlist/core.out.v,17678|21): 1 output port was not connected:
xmelab: (/home/linux/ieng6/ee260bwi25/public/PDKdata/verilog/tcbn65gplus.v,4786): QN

  fifo_depth8_bw20_simd1_3 col_idx_4__fifo_instance ( .rd_clk(clk), .wr_clk(
                                                  |
xmelab: *W,CUVWSP (./netlist/core.out.v,18497|50): 2 output ports were not connected:
xmelab: (./netlist/core.out.v,17085): o_full
xmelab: (./netlist/core.out.v,17086): o_empty

  DFCND1 rd_ptr_reg_0_ ( .D(n94), .CP(rd_clk), .CDN(n91), .Q(rd_ptr[0]) );
                     |
xmelab: *W,CUVWSP (./netlist/core.out.v,17136|21): 1 output port was not connected:
xmelab: (/home/linux/ieng6/ee260bwi25/public/PDKdata/verilog/tcbn65gplus.v,4786): QN

  fifo_depth8_bw20_simd1_2 col_idx_5__fifo_instance ( .rd_clk(clk), .wr_clk(
                                                  |
xmelab: *W,CUVWSP (./netlist/core.out.v,18500|50): 2 output ports were not connected:
xmelab: (./netlist/core.out.v,16538): o_full
xmelab: (./netlist/core.out.v,16539): o_empty

  DFCND1 rd_ptr_reg_0_ ( .D(n100), .CP(rd_clk), .CDN(n97), .Q(rd_ptr[0]) );
                     |
xmelab: *W,CUVWSP (./netlist/core.out.v,16589|21): 1 output port was not connected:
xmelab: (/home/linux/ieng6/ee260bwi25/public/PDKdata/verilog/tcbn65gplus.v,4786): QN

  fifo_depth8_bw20_simd1_1 col_idx_6__fifo_instance ( .rd_clk(clk), .wr_clk(
                                                  |
xmelab: *W,CUVWSP (./netlist/core.out.v,18503|50): 2 output ports were not connected:
xmelab: (./netlist/core.out.v,15998): o_full
xmelab: (./netlist/core.out.v,15999): o_empty

  DFCND1 rd_ptr_reg_0_ ( .D(n97), .CP(rd_clk), .CDN(n94), .Q(rd_ptr[0]) );
                     |
xmelab: *W,CUVWSP (./netlist/core.out.v,16050|21): 1 output port was not connected:
xmelab: (/home/linux/ieng6/ee260bwi25/public/PDKdata/verilog/tcbn65gplus.v,4786): QN

  EDFD1 q5_reg_16_ ( .D(in[16]), .E(n91), .CP(wr_clk), .Q(n14) );
                 |
xmelab: *W,CUVWSP (./netlist/core.out.v,16195|17): 1 output port was not connected:
xmelab: (/home/linux/ieng6/ee260bwi25/public/PDKdata/verilog/tcbn65gplus.v,8968): QN

  EDFD1 q4_reg_16_ ( .D(in[16]), .E(n144), .CP(wr_clk), .Q(n13) );
                 |
xmelab: *W,CUVWSP (./netlist/core.out.v,16196|17): 1 output port was not connected:
xmelab: (/home/linux/ieng6/ee260bwi25/public/PDKdata/verilog/tcbn65gplus.v,8968): QN

  EDFD1 q1_reg_16_ ( .D(in[16]), .E(n89), .CP(wr_clk), .Q(n11) );
                 |
xmelab: *W,CUVWSP (./netlist/core.out.v,16197|17): 1 output port was not connected:
xmelab: (/home/linux/ieng6/ee260bwi25/public/PDKdata/verilog/tcbn65gplus.v,8968): QN

  EDFD1 q3_reg_16_ ( .D(in[16]), .E(n90), .CP(wr_clk), .Q(n10) );
                 |
xmelab: *W,CUVWSP (./netlist/core.out.v,16198|17): 1 output port was not connected:
xmelab: (/home/linux/ieng6/ee260bwi25/public/PDKdata/verilog/tcbn65gplus.v,8968): QN

  EDFD1 q2_reg_16_ ( .D(in[16]), .E(n141), .CP(wr_clk), .Q(n9) );
                 |
xmelab: *W,CUVWSP (./netlist/core.out.v,16199|17): 1 output port was not connected:
xmelab: (/home/linux/ieng6/ee260bwi25/public/PDKdata/verilog/tcbn65gplus.v,8968): QN

  EDFD1 q7_reg_16_ ( .D(in[16]), .E(n142), .CP(wr_clk), .Q(n8) );
                 |
xmelab: *W,CUVWSP (./netlist/core.out.v,16200|17): 1 output port was not connected:
xmelab: (/home/linux/ieng6/ee260bwi25/public/PDKdata/verilog/tcbn65gplus.v,8968): QN

  fifo_depth8_bw20_simd1_0 col_idx_7__fifo_instance ( .rd_clk(clk), .wr_clk(
                                                  |
xmelab: *W,CUVWSP (./netlist/core.out.v,18506|50): 2 output ports were not connected:
xmelab: (./netlist/core.out.v,15445): o_full
xmelab: (./netlist/core.out.v,15446): o_empty

  DFCND1 rd_ptr_reg_0_ ( .D(n102), .CP(rd_clk), .CDN(n99), .Q(rd_ptr[0]) );
                     |
xmelab: *W,CUVWSP (./netlist/core.out.v,15497|21): 1 output port was not connected:
xmelab: (/home/linux/ieng6/ee260bwi25/public/PDKdata/verilog/tcbn65gplus.v,4786): QN

	Top level design units:
		fullchip_tb
	Building instance overlay tables: .................... Done
	Generating native compiled code:
		worklib.fullchip_tb:v <0x798900e2>
			streams:  28, words: 48505
		fullchip.fullchip:v <0x4b07e94e>
			streams:   2, words:  2324
		core.fifo_depth8_bw20_simd1_1:v <0x2496df43>
			streams:   0, words:     0
		core.mac_array_col8_bw8_bw_psum20_pr8:v <0x3a2a669b>
			streams:   0, words:     0
		tcbn65gplus.DFQD1:v <0x489b6498>
			streams:   0, words:     0
		tcbn65gplus.EDFD1:v <0x16354e83>
			streams:   0, words:     0
		tcbn65gplus.CKXOR2D0:v <0x65cbc26e>
			streams:   0, words:     0
		tcbn65gplus.MUX2ND0:v <0x059508c6>
			streams:   0, words:     0
		tcbn65gplus.CKMUX2D1:v <0x50eedb0d>
			streams:   0, words:     0
		tcbn65gplus.EDFCNQD1:v <0x76c01172>
			streams:   0, words:     0
		tcbn65gplus.MUX2D0:v <0x48ec7697>
			streams:   0, words:     0
		tcbn65gplus.XNR3D1:v <0x28eda738>
			streams:   0, words:     0
		tcbn65gplus.HA1D2:v <0x2796c2df>
			streams:   0, words:     0
		tcbn65gplus.XOR2D0:v <0x343407ea>
			streams:   0, words:     0
		tcbn65gplus.MUX2ND0:v <0x62f856ea>
			streams:   0, words:     0
		tcbn65gplus.MUX2D0:v <0x2f8128bb>
			streams:   0, words:     0
		tcbn65gplus.DFQD2:v <0x6e7d2335>
			streams:   0, words:     0
		tcbn65gplus.DFQD4:v <0x59ffa190>
			streams:   0, words:     0
		tcbn65gplus.DFQD1:v <0x7b98d892>
			streams:   0, words:     0
		tcbn65gplus.DFCND1:v <0x1af30cd4>
			streams:   0, words:     0
		tcbn65gplus.XOR2D2:v <0x690d085f>
			streams:   0, words:     0
		tcbn65gplus.CKXOR2D0:v <0x7e9bb5e8>
			streams:   0, words:     0
		tcbn65gplus.XNR3D2:v <0x73bccb3a>
			streams:   0, words:     0
		tcbn65gplus.XNR2D0:v <0x10461c8a>
			streams:   0, words:     0
		tcbn65gplus.EDFQD4:v <0x427664a8>
			streams:   0, words:     0
		tcbn65gplus.EDFQD2:v <0x16c2ca31>
			streams:   0, words:     0
		tcbn65gplus.EDFQD1:v <0x2296b14b>
			streams:   0, words:     0
		tcbn65gplus.EDFQD4:v <0x251b3a84>
			streams:   0, words:     0
		tcbn65gplus.EDFQD2:v <0x71af941d>
			streams:   0, words:     0
		tcbn65gplus.EDFQD1:v <0x45fbef67>
			streams:   0, words:     0
		tcbn65gplus.DFCNQD1:v <0x1e8ccfcd>
			streams:   0, words:     0
		tcbn65gplus.DFCNQD1:v <0x79e191e1>
			streams:   0, words:     0
		tcbn65gplus.XNR2D2:v <0x562f64b9>
			streams:   0, words:     0
		tcbn65gplus.FICOND1:v <0x5dcdc2b6>
			streams:   0, words:     0
		tcbn65gplus.FA1D2:v <0x3183ed1f>
			streams:   0, words:     0
		tcbn65gplus.HA1D0:v <0x21f3d3ab>
			streams:   0, words:     0
		tcbn65gplus.HA1D1:v <0x22c15b11>
			streams:   0, words:     0
		tcbn65gplus.XNR2D4:v <0x47e5eaad>
			streams:   0, words:     0
		tcbn65gplus.XOR2D2:v <0x725d7fd9>
			streams:   0, words:     0
		tcbn65gplus.XNR2D1:v <0x2f2c9321>
			streams:   0, words:     0
		tcbn65gplus.CKXOR2D1:v <0x67663f2b>
			streams:   0, words:     0
		tcbn65gplus.XNR2D2:v <0x4d7f133f>
			streams:   0, words:     0
		tcbn65gplus.XOR3D2:v <0x780e9c2c>
			streams:   0, words:     0
		tcbn65gplus.XNR3D4:v <0x40653b8f>
			streams:   0, words:     0
		tcbn65gplus.XNR2D4:v <0x5cb59d2b>
			streams:   0, words:     0
		tcbn65gplus.FA1D4:v <0x7b44e6d1>
			streams:   0, words:     0
		tcbn65gplus.XNR2D0:v <0x0b166b0c>
			streams:   0, words:     0
		tcbn65gplus.XOR2D0:v <0x2f64706c>
			streams:   0, words:     0
		tcbn65gplus.XNR2D1:v <0x347ce4a7>
			streams:   0, words:     0
		tcbn65gplus.CKXOR2D4:v <0x02ef3db9>
			streams:   0, words:     0
		tcbn65gplus.CKXOR2D1:v <0x7c3648ad>
			streams:   0, words:     0
		tcbn65gplus.FA1D1:v <0x54e068f8>
			streams:   0, words:     0
		tcbn65gplus.XOR3D1:v <0x4c5ae756>
			streams:   0, words:     0
		tcbn65gplus.FA1D0:v <0x4111e99a>
			streams:   0, words:     0
		tcbn65gplus.XOR3D0:v <0x20693180>
			streams:   0, words:     0
	Building instance specific data structures.
	Loading native compiled code:     .................... Done
	Design hierarchy summary:
		                   Instances  Unique
		Modules:               21678     232
		UDPs:                  12459       3
		Primitives:            50386       9
		Timing outputs:        23638     155
		Registers:              5051      46
		Scalar wires:          28878       -
		Expanded wires:           72       3
		Vectored wires:            1       -
		Always blocks:             1       1
		Initial blocks:           14      14
		Cont. assignments:        12      12
		Pseudo assignments:        3       3
		Timing checks:         41432       -
		Simulation timescale:    1ps
	Writing initial simulation snapshot: worklib.fullchip_tb:v
xmelab: Memory Usage - Final: 54.4M, Peak: 60.8M, Peak virtual: 185.5M
xmelab: CPU Usage - 0.2s system + 2.6s user = 2.8s total (2.9s, 95.4% cpu)

-------------------------------------
Relinquished control to SimVision...
xcelium> 
xcelium> source /software/ECE/XCELIUM-2009/tools/xcelium/files/xmsimrc
xcelium> run
##### Q data txt reading #####
##### K data txt reading #####
##### Feed in data for Q  #####
---------------------------------------------------
     -5 |      7 |     -5 |     -7 |     -1 |      6 |      1 |      2 |
     -4 |      7 |     -2 |     -5 |     -3 |      4 |      1 |     -3 |
     -4 |     -1 |     -4 |     -4 |     -1 |      0 |      5 |      2 |
     -3 |      3 |      6 |     -4 |      6 |      2 |      1 |      6 |
     -8 |      5 |     -2 |      6 |      2 |      1 |     -3 |      4 |
     -2 |     -1 |     -2 |     -6 |     -1 |      4 |      0 |      2 |
      5 |     -7 |     -1 |      3 |      2 |      1 |     -7 |      6 |
      5 |     -8 |     -3 |      6 |      0 |     -2 |      6 |     -1 |
---------------------------------------------------
##### Feed in data for K  #####
---------------------------------------------------
     -6 |      3 |     -2 |     -1 |     -5 |      1 |      0 |      7 |
      0 |     -5 |     -8 |      0 |      6 |      0 |     -5 |     -7 |
      4 |     -7 |     -6 |      3 |      7 |      7 |      6 |      6 |
     -3 |      0 |      0 |     -7 |      6 |      3 |      4 |      7 |
      6 |     -3 |      4 |     -7 |     -4 |     -3 |     -2 |     -5 |
      0 |     -7 |      3 |      3 |     -2 |      6 |      4 |     -1 |
      7 |     -5 |      2 |      1 |      3 |      6 |      1 |     -5 |
      3 |     -1 |      6 |      3 |     -6 |     -2 |      1 |     -4 |
---------------------------------------------------
##### Estimated multiplication result (HEX) #####
Q[ 0][ 0] * K[ 0][ 0] = -5 * -6
Q[ 0][ 1] * K[ 0][ 1] =  7 *  3
Q[ 0][ 2] * K[ 0][ 2] = -5 * -2
Q[ 0][ 3] * K[ 0][ 3] = -7 * -1
Q[ 0][ 4] * K[ 0][ 4] = -1 * -5
Q[ 0][ 5] * K[ 0][ 5] =  6 *  1
Q[ 0][ 6] * K[ 0][ 6] =  1 *  0
Q[ 0][ 7] * K[ 0][ 7] =  2 *  7
@cycle 0:  93
Q[ 0][ 0] * K[ 1][ 0] = -5 *  0
Q[ 0][ 1] * K[ 1][ 1] =  7 * -5
Q[ 0][ 2] * K[ 1][ 2] = -5 * -8
Q[ 0][ 3] * K[ 1][ 3] = -7 *  0
Q[ 0][ 4] * K[ 1][ 4] = -1 *  6
Q[ 0][ 5] * K[ 1][ 5] =  6 *  0
Q[ 0][ 6] * K[ 1][ 6] =  1 * -5
Q[ 0][ 7] * K[ 1][ 7] =  2 * -7
@cycle 0: -20
Q[ 0][ 0] * K[ 2][ 0] = -5 *  4
Q[ 0][ 1] * K[ 2][ 1] =  7 * -7
Q[ 0][ 2] * K[ 2][ 2] = -5 * -6
Q[ 0][ 3] * K[ 2][ 3] = -7 *  3
Q[ 0][ 4] * K[ 2][ 4] = -1 *  7
Q[ 0][ 5] * K[ 2][ 5] =  6 *  7
Q[ 0][ 6] * K[ 2][ 6] =  1 *  6
Q[ 0][ 7] * K[ 2][ 7] =  2 *  6
@cycle 0:  -7
Q[ 0][ 0] * K[ 3][ 0] = -5 * -3
Q[ 0][ 1] * K[ 3][ 1] =  7 *  0
Q[ 0][ 2] * K[ 3][ 2] = -5 *  0
Q[ 0][ 3] * K[ 3][ 3] = -7 * -7
Q[ 0][ 4] * K[ 3][ 4] = -1 *  6
Q[ 0][ 5] * K[ 3][ 5] =  6 *  3
Q[ 0][ 6] * K[ 3][ 6] =  1 *  4
Q[ 0][ 7] * K[ 3][ 7] =  2 *  7
@cycle 0:  94
Q[ 0][ 0] * K[ 4][ 0] = -5 *  6
Q[ 0][ 1] * K[ 4][ 1] =  7 * -3
Q[ 0][ 2] * K[ 4][ 2] = -5 *  4
Q[ 0][ 3] * K[ 4][ 3] = -7 * -7
Q[ 0][ 4] * K[ 4][ 4] = -1 * -4
Q[ 0][ 5] * K[ 4][ 5] =  6 * -3
Q[ 0][ 6] * K[ 4][ 6] =  1 * -2
Q[ 0][ 7] * K[ 4][ 7] =  2 * -5
@cycle 0: -48
Q[ 0][ 0] * K[ 5][ 0] = -5 *  0
Q[ 0][ 1] * K[ 5][ 1] =  7 * -7
Q[ 0][ 2] * K[ 5][ 2] = -5 *  3
Q[ 0][ 3] * K[ 5][ 3] = -7 *  3
Q[ 0][ 4] * K[ 5][ 4] = -1 * -2
Q[ 0][ 5] * K[ 5][ 5] =  6 *  6
Q[ 0][ 6] * K[ 5][ 6] =  1 *  4
Q[ 0][ 7] * K[ 5][ 7] =  2 * -1
@cycle 0: -45
Q[ 0][ 0] * K[ 6][ 0] = -5 *  7
Q[ 0][ 1] * K[ 6][ 1] =  7 * -5
Q[ 0][ 2] * K[ 6][ 2] = -5 *  2
Q[ 0][ 3] * K[ 6][ 3] = -7 *  1
Q[ 0][ 4] * K[ 6][ 4] = -1 *  3
Q[ 0][ 5] * K[ 6][ 5] =  6 *  6
Q[ 0][ 6] * K[ 6][ 6] =  1 *  1
Q[ 0][ 7] * K[ 6][ 7] =  2 * -5
@cycle 0: -63
Q[ 0][ 0] * K[ 7][ 0] = -5 *  3
Q[ 0][ 1] * K[ 7][ 1] =  7 * -1
Q[ 0][ 2] * K[ 7][ 2] = -5 *  6
Q[ 0][ 3] * K[ 7][ 3] = -7 *  3
Q[ 0][ 4] * K[ 7][ 4] = -1 * -6
Q[ 0][ 5] * K[ 7][ 5] =  6 * -2
Q[ 0][ 6] * K[ 7][ 6] =  1 *  1
Q[ 0][ 7] * K[ 7][ 7] =  2 * -4
@cycle 0: -86
prd @cycle 0: 0005dfffecffff90005efffd0fffd3fffc1fffaa
Q[ 1][ 0] * K[ 0][ 0] = -4 * -6
Q[ 1][ 1] * K[ 0][ 1] =  7 *  3
Q[ 1][ 2] * K[ 0][ 2] = -2 * -2
Q[ 1][ 3] * K[ 0][ 3] = -5 * -1
Q[ 1][ 4] * K[ 0][ 4] = -3 * -5
Q[ 1][ 5] * K[ 0][ 5] =  4 *  1
Q[ 1][ 6] * K[ 0][ 6] =  1 *  0
Q[ 1][ 7] * K[ 0][ 7] = -3 *  7
@cycle 1:  52
Q[ 1][ 0] * K[ 1][ 0] = -4 *  0
Q[ 1][ 1] * K[ 1][ 1] =  7 * -5
Q[ 1][ 2] * K[ 1][ 2] = -2 * -8
Q[ 1][ 3] * K[ 1][ 3] = -5 *  0
Q[ 1][ 4] * K[ 1][ 4] = -3 *  6
Q[ 1][ 5] * K[ 1][ 5] =  4 *  0
Q[ 1][ 6] * K[ 1][ 6] =  1 * -5
Q[ 1][ 7] * K[ 1][ 7] = -3 * -7
@cycle 1: -21
Q[ 1][ 0] * K[ 2][ 0] = -4 *  4
Q[ 1][ 1] * K[ 2][ 1] =  7 * -7
Q[ 1][ 2] * K[ 2][ 2] = -2 * -6
Q[ 1][ 3] * K[ 2][ 3] = -5 *  3
Q[ 1][ 4] * K[ 2][ 4] = -3 *  7
Q[ 1][ 5] * K[ 2][ 5] =  4 *  7
Q[ 1][ 6] * K[ 2][ 6] =  1 *  6
Q[ 1][ 7] * K[ 2][ 7] = -3 *  6
@cycle 1: -73
Q[ 1][ 0] * K[ 3][ 0] = -4 * -3
Q[ 1][ 1] * K[ 3][ 1] =  7 *  0
Q[ 1][ 2] * K[ 3][ 2] = -2 *  0
Q[ 1][ 3] * K[ 3][ 3] = -5 * -7
Q[ 1][ 4] * K[ 3][ 4] = -3 *  6
Q[ 1][ 5] * K[ 3][ 5] =  4 *  3
Q[ 1][ 6] * K[ 3][ 6] =  1 *  4
Q[ 1][ 7] * K[ 3][ 7] = -3 *  7
@cycle 1:  24
Q[ 1][ 0] * K[ 4][ 0] = -4 *  6
Q[ 1][ 1] * K[ 4][ 1] =  7 * -3
Q[ 1][ 2] * K[ 4][ 2] = -2 *  4
Q[ 1][ 3] * K[ 4][ 3] = -5 * -7
Q[ 1][ 4] * K[ 4][ 4] = -3 * -4
Q[ 1][ 5] * K[ 4][ 5] =  4 * -3
Q[ 1][ 6] * K[ 4][ 6] =  1 * -2
Q[ 1][ 7] * K[ 4][ 7] = -3 * -5
@cycle 1:  -5
Q[ 1][ 0] * K[ 5][ 0] = -4 *  0
Q[ 1][ 1] * K[ 5][ 1] =  7 * -7
Q[ 1][ 2] * K[ 5][ 2] = -2 *  3
Q[ 1][ 3] * K[ 5][ 3] = -5 *  3
Q[ 1][ 4] * K[ 5][ 4] = -3 * -2
Q[ 1][ 5] * K[ 5][ 5] =  4 *  6
Q[ 1][ 6] * K[ 5][ 6] =  1 *  4
Q[ 1][ 7] * K[ 5][ 7] = -3 * -1
@cycle 1: -33
Q[ 1][ 0] * K[ 6][ 0] = -4 *  7
Q[ 1][ 1] * K[ 6][ 1] =  7 * -5
Q[ 1][ 2] * K[ 6][ 2] = -2 *  2
Q[ 1][ 3] * K[ 6][ 3] = -5 *  1
Q[ 1][ 4] * K[ 6][ 4] = -3 *  3
Q[ 1][ 5] * K[ 6][ 5] =  4 *  6
Q[ 1][ 6] * K[ 6][ 6] =  1 *  1
Q[ 1][ 7] * K[ 6][ 7] = -3 * -5
@cycle 1: -41
Q[ 1][ 0] * K[ 7][ 0] = -4 *  3
Q[ 1][ 1] * K[ 7][ 1] =  7 * -1
Q[ 1][ 2] * K[ 7][ 2] = -2 *  6
Q[ 1][ 3] * K[ 7][ 3] = -5 *  3
Q[ 1][ 4] * K[ 7][ 4] = -3 * -6
Q[ 1][ 5] * K[ 7][ 5] =  4 * -2
Q[ 1][ 6] * K[ 7][ 6] =  1 *  1
Q[ 1][ 7] * K[ 7][ 7] = -3 * -4
@cycle 1: -23
prd @cycle 1: 00034fffebfffb700018ffffbfffdffffd7fffe9
Q[ 2][ 0] * K[ 0][ 0] = -4 * -6
Q[ 2][ 1] * K[ 0][ 1] = -1 *  3
Q[ 2][ 2] * K[ 0][ 2] = -4 * -2
Q[ 2][ 3] * K[ 0][ 3] = -4 * -1
Q[ 2][ 4] * K[ 0][ 4] = -1 * -5
Q[ 2][ 5] * K[ 0][ 5] =  0 *  1
Q[ 2][ 6] * K[ 0][ 6] =  5 *  0
Q[ 2][ 7] * K[ 0][ 7] =  2 *  7
@cycle 2:  52
Q[ 2][ 0] * K[ 1][ 0] = -4 *  0
Q[ 2][ 1] * K[ 1][ 1] = -1 * -5
Q[ 2][ 2] * K[ 1][ 2] = -4 * -8
Q[ 2][ 3] * K[ 1][ 3] = -4 *  0
Q[ 2][ 4] * K[ 1][ 4] = -1 *  6
Q[ 2][ 5] * K[ 1][ 5] =  0 *  0
Q[ 2][ 6] * K[ 1][ 6] =  5 * -5
Q[ 2][ 7] * K[ 1][ 7] =  2 * -7
@cycle 2:  -8
Q[ 2][ 0] * K[ 2][ 0] = -4 *  4
Q[ 2][ 1] * K[ 2][ 1] = -1 * -7
Q[ 2][ 2] * K[ 2][ 2] = -4 * -6
Q[ 2][ 3] * K[ 2][ 3] = -4 *  3
Q[ 2][ 4] * K[ 2][ 4] = -1 *  7
Q[ 2][ 5] * K[ 2][ 5] =  0 *  7
Q[ 2][ 6] * K[ 2][ 6] =  5 *  6
Q[ 2][ 7] * K[ 2][ 7] =  2 *  6
@cycle 2:  38
Q[ 2][ 0] * K[ 3][ 0] = -4 * -3
Q[ 2][ 1] * K[ 3][ 1] = -1 *  0
Q[ 2][ 2] * K[ 3][ 2] = -4 *  0
Q[ 2][ 3] * K[ 3][ 3] = -4 * -7
Q[ 2][ 4] * K[ 3][ 4] = -1 *  6
Q[ 2][ 5] * K[ 3][ 5] =  0 *  3
Q[ 2][ 6] * K[ 3][ 6] =  5 *  4
Q[ 2][ 7] * K[ 3][ 7] =  2 *  7
@cycle 2:  68
Q[ 2][ 0] * K[ 4][ 0] = -4 *  6
Q[ 2][ 1] * K[ 4][ 1] = -1 * -3
Q[ 2][ 2] * K[ 4][ 2] = -4 *  4
Q[ 2][ 3] * K[ 4][ 3] = -4 * -7
Q[ 2][ 4] * K[ 4][ 4] = -1 * -4
Q[ 2][ 5] * K[ 4][ 5] =  0 * -3
Q[ 2][ 6] * K[ 4][ 6] =  5 * -2
Q[ 2][ 7] * K[ 4][ 7] =  2 * -5
@cycle 2: -25
Q[ 2][ 0] * K[ 5][ 0] = -4 *  0
Q[ 2][ 1] * K[ 5][ 1] = -1 * -7
Q[ 2][ 2] * K[ 5][ 2] = -4 *  3
Q[ 2][ 3] * K[ 5][ 3] = -4 *  3
Q[ 2][ 4] * K[ 5][ 4] = -1 * -2
Q[ 2][ 5] * K[ 5][ 5] =  0 *  6
Q[ 2][ 6] * K[ 5][ 6] =  5 *  4
Q[ 2][ 7] * K[ 5][ 7] =  2 * -1
@cycle 2:   3
Q[ 2][ 0] * K[ 6][ 0] = -4 *  7
Q[ 2][ 1] * K[ 6][ 1] = -1 * -5
Q[ 2][ 2] * K[ 6][ 2] = -4 *  2
Q[ 2][ 3] * K[ 6][ 3] = -4 *  1
Q[ 2][ 4] * K[ 6][ 4] = -1 *  3
Q[ 2][ 5] * K[ 6][ 5] =  0 *  6
Q[ 2][ 6] * K[ 6][ 6] =  5 *  1
Q[ 2][ 7] * K[ 6][ 7] =  2 * -5
@cycle 2: -43
Q[ 2][ 0] * K[ 7][ 0] = -4 *  3
Q[ 2][ 1] * K[ 7][ 1] = -1 * -1
Q[ 2][ 2] * K[ 7][ 2] = -4 *  6
Q[ 2][ 3] * K[ 7][ 3] = -4 *  3
Q[ 2][ 4] * K[ 7][ 4] = -1 * -6
Q[ 2][ 5] * K[ 7][ 5] =  0 * -2
Q[ 2][ 6] * K[ 7][ 6] =  5 *  1
Q[ 2][ 7] * K[ 7][ 7] =  2 * -4
@cycle 2: -44
prd @cycle 2: 00034ffff80002600044fffe700003fffd5fffd4
Q[ 3][ 0] * K[ 0][ 0] = -3 * -6
Q[ 3][ 1] * K[ 0][ 1] =  3 *  3
Q[ 3][ 2] * K[ 0][ 2] =  6 * -2
Q[ 3][ 3] * K[ 0][ 3] = -4 * -1
Q[ 3][ 4] * K[ 0][ 4] =  6 * -5
Q[ 3][ 5] * K[ 0][ 5] =  2 *  1
Q[ 3][ 6] * K[ 0][ 6] =  1 *  0
Q[ 3][ 7] * K[ 0][ 7] =  6 *  7
@cycle 3:  33
Q[ 3][ 0] * K[ 1][ 0] = -3 *  0
Q[ 3][ 1] * K[ 1][ 1] =  3 * -5
Q[ 3][ 2] * K[ 1][ 2] =  6 * -8
Q[ 3][ 3] * K[ 1][ 3] = -4 *  0
Q[ 3][ 4] * K[ 1][ 4] =  6 *  6
Q[ 3][ 5] * K[ 1][ 5] =  2 *  0
Q[ 3][ 6] * K[ 1][ 6] =  1 * -5
Q[ 3][ 7] * K[ 1][ 7] =  6 * -7
@cycle 3: -74
Q[ 3][ 0] * K[ 2][ 0] = -3 *  4
Q[ 3][ 1] * K[ 2][ 1] =  3 * -7
Q[ 3][ 2] * K[ 2][ 2] =  6 * -6
Q[ 3][ 3] * K[ 2][ 3] = -4 *  3
Q[ 3][ 4] * K[ 2][ 4] =  6 *  7
Q[ 3][ 5] * K[ 2][ 5] =  2 *  7
Q[ 3][ 6] * K[ 2][ 6] =  1 *  6
Q[ 3][ 7] * K[ 2][ 7] =  6 *  6
@cycle 3:  17
Q[ 3][ 0] * K[ 3][ 0] = -3 * -3
Q[ 3][ 1] * K[ 3][ 1] =  3 *  0
Q[ 3][ 2] * K[ 3][ 2] =  6 *  0
Q[ 3][ 3] * K[ 3][ 3] = -4 * -7
Q[ 3][ 4] * K[ 3][ 4] =  6 *  6
Q[ 3][ 5] * K[ 3][ 5] =  2 *  3
Q[ 3][ 6] * K[ 3][ 6] =  1 *  4
Q[ 3][ 7] * K[ 3][ 7] =  6 *  7
@cycle 3: 125
Q[ 3][ 0] * K[ 4][ 0] = -3 *  6
Q[ 3][ 1] * K[ 4][ 1] =  3 * -3
Q[ 3][ 2] * K[ 4][ 2] =  6 *  4
Q[ 3][ 3] * K[ 4][ 3] = -4 * -7
Q[ 3][ 4] * K[ 4][ 4] =  6 * -4
Q[ 3][ 5] * K[ 4][ 5] =  2 * -3
Q[ 3][ 6] * K[ 4][ 6] =  1 * -2
Q[ 3][ 7] * K[ 4][ 7] =  6 * -5
@cycle 3: -37
Q[ 3][ 0] * K[ 5][ 0] = -3 *  0
Q[ 3][ 1] * K[ 5][ 1] =  3 * -7
Q[ 3][ 2] * K[ 5][ 2] =  6 *  3
Q[ 3][ 3] * K[ 5][ 3] = -4 *  3
Q[ 3][ 4] * K[ 5][ 4] =  6 * -2
Q[ 3][ 5] * K[ 5][ 5] =  2 *  6
Q[ 3][ 6] * K[ 5][ 6] =  1 *  4
Q[ 3][ 7] * K[ 5][ 7] =  6 * -1
@cycle 3: -17
Q[ 3][ 0] * K[ 6][ 0] = -3 *  7
Q[ 3][ 1] * K[ 6][ 1] =  3 * -5
Q[ 3][ 2] * K[ 6][ 2] =  6 *  2
Q[ 3][ 3] * K[ 6][ 3] = -4 *  1
Q[ 3][ 4] * K[ 6][ 4] =  6 *  3
Q[ 3][ 5] * K[ 6][ 5] =  2 *  6
Q[ 3][ 6] * K[ 6][ 6] =  1 *  1
Q[ 3][ 7] * K[ 6][ 7] =  6 * -5
@cycle 3: -27
Q[ 3][ 0] * K[ 7][ 0] = -3 *  3
Q[ 3][ 1] * K[ 7][ 1] =  3 * -1
Q[ 3][ 2] * K[ 7][ 2] =  6 *  6
Q[ 3][ 3] * K[ 7][ 3] = -4 *  3
Q[ 3][ 4] * K[ 7][ 4] =  6 * -6
Q[ 3][ 5] * K[ 7][ 5] =  2 * -2
Q[ 3][ 6] * K[ 7][ 6] =  1 *  1
Q[ 3][ 7] * K[ 7][ 7] =  6 * -4
@cycle 3: -51
prd @cycle 3: 00021fffb6000110007dfffdbfffeffffe5fffcd
Q[ 4][ 0] * K[ 0][ 0] = -8 * -6
Q[ 4][ 1] * K[ 0][ 1] =  5 *  3
Q[ 4][ 2] * K[ 0][ 2] = -2 * -2
Q[ 4][ 3] * K[ 0][ 3] =  6 * -1
Q[ 4][ 4] * K[ 0][ 4] =  2 * -5
Q[ 4][ 5] * K[ 0][ 5] =  1 *  1
Q[ 4][ 6] * K[ 0][ 6] = -3 *  0
Q[ 4][ 7] * K[ 0][ 7] =  4 *  7
@cycle 4:  80
Q[ 4][ 0] * K[ 1][ 0] = -8 *  0
Q[ 4][ 1] * K[ 1][ 1] =  5 * -5
Q[ 4][ 2] * K[ 1][ 2] = -2 * -8
Q[ 4][ 3] * K[ 1][ 3] =  6 *  0
Q[ 4][ 4] * K[ 1][ 4] =  2 *  6
Q[ 4][ 5] * K[ 1][ 5] =  1 *  0
Q[ 4][ 6] * K[ 1][ 6] = -3 * -5
Q[ 4][ 7] * K[ 1][ 7] =  4 * -7
@cycle 4: -10
Q[ 4][ 0] * K[ 2][ 0] = -8 *  4
Q[ 4][ 1] * K[ 2][ 1] =  5 * -7
Q[ 4][ 2] * K[ 2][ 2] = -2 * -6
Q[ 4][ 3] * K[ 2][ 3] =  6 *  3
Q[ 4][ 4] * K[ 2][ 4] =  2 *  7
Q[ 4][ 5] * K[ 2][ 5] =  1 *  7
Q[ 4][ 6] * K[ 2][ 6] = -3 *  6
Q[ 4][ 7] * K[ 2][ 7] =  4 *  6
@cycle 4: -10
Q[ 4][ 0] * K[ 3][ 0] = -8 * -3
Q[ 4][ 1] * K[ 3][ 1] =  5 *  0
Q[ 4][ 2] * K[ 3][ 2] = -2 *  0
Q[ 4][ 3] * K[ 3][ 3] =  6 * -7
Q[ 4][ 4] * K[ 3][ 4] =  2 *  6
Q[ 4][ 5] * K[ 3][ 5] =  1 *  3
Q[ 4][ 6] * K[ 3][ 6] = -3 *  4
Q[ 4][ 7] * K[ 3][ 7] =  4 *  7
@cycle 4:  13
Q[ 4][ 0] * K[ 4][ 0] = -8 *  6
Q[ 4][ 1] * K[ 4][ 1] =  5 * -3
Q[ 4][ 2] * K[ 4][ 2] = -2 *  4
Q[ 4][ 3] * K[ 4][ 3] =  6 * -7
Q[ 4][ 4] * K[ 4][ 4] =  2 * -4
Q[ 4][ 5] * K[ 4][ 5] =  1 * -3
Q[ 4][ 6] * K[ 4][ 6] = -3 * -2
Q[ 4][ 7] * K[ 4][ 7] =  4 * -5
@cycle 4: -138
Q[ 4][ 0] * K[ 5][ 0] = -8 *  0
Q[ 4][ 1] * K[ 5][ 1] =  5 * -7
Q[ 4][ 2] * K[ 5][ 2] = -2 *  3
Q[ 4][ 3] * K[ 5][ 3] =  6 *  3
Q[ 4][ 4] * K[ 5][ 4] =  2 * -2
Q[ 4][ 5] * K[ 5][ 5] =  1 *  6
Q[ 4][ 6] * K[ 5][ 6] = -3 *  4
Q[ 4][ 7] * K[ 5][ 7] =  4 * -1
@cycle 4: -37
Q[ 4][ 0] * K[ 6][ 0] = -8 *  7
Q[ 4][ 1] * K[ 6][ 1] =  5 * -5
Q[ 4][ 2] * K[ 6][ 2] = -2 *  2
Q[ 4][ 3] * K[ 6][ 3] =  6 *  1
Q[ 4][ 4] * K[ 6][ 4] =  2 *  3
Q[ 4][ 5] * K[ 6][ 5] =  1 *  6
Q[ 4][ 6] * K[ 6][ 6] = -3 *  1
Q[ 4][ 7] * K[ 6][ 7] =  4 * -5
@cycle 4: -90
Q[ 4][ 0] * K[ 7][ 0] = -8 *  3
Q[ 4][ 1] * K[ 7][ 1] =  5 * -1
Q[ 4][ 2] * K[ 7][ 2] = -2 *  6
Q[ 4][ 3] * K[ 7][ 3] =  6 *  3
Q[ 4][ 4] * K[ 7][ 4] =  2 * -6
Q[ 4][ 5] * K[ 7][ 5] =  1 * -2
Q[ 4][ 6] * K[ 7][ 6] = -3 *  1
Q[ 4][ 7] * K[ 7][ 7] =  4 * -4
@cycle 4: -56
prd @cycle 4: 00050ffff6ffff60000dfff76fffdbfffa6fffc8
Q[ 5][ 0] * K[ 0][ 0] = -2 * -6
Q[ 5][ 1] * K[ 0][ 1] = -1 *  3
Q[ 5][ 2] * K[ 0][ 2] = -2 * -2
Q[ 5][ 3] * K[ 0][ 3] = -6 * -1
Q[ 5][ 4] * K[ 0][ 4] = -1 * -5
Q[ 5][ 5] * K[ 0][ 5] =  4 *  1
Q[ 5][ 6] * K[ 0][ 6] =  0 *  0
Q[ 5][ 7] * K[ 0][ 7] =  2 *  7
@cycle 5:  42
Q[ 5][ 0] * K[ 1][ 0] = -2 *  0
Q[ 5][ 1] * K[ 1][ 1] = -1 * -5
Q[ 5][ 2] * K[ 1][ 2] = -2 * -8
Q[ 5][ 3] * K[ 1][ 3] = -6 *  0
Q[ 5][ 4] * K[ 1][ 4] = -1 *  6
Q[ 5][ 5] * K[ 1][ 5] =  4 *  0
Q[ 5][ 6] * K[ 1][ 6] =  0 * -5
Q[ 5][ 7] * K[ 1][ 7] =  2 * -7
@cycle 5:   1
Q[ 5][ 0] * K[ 2][ 0] = -2 *  4
Q[ 5][ 1] * K[ 2][ 1] = -1 * -7
Q[ 5][ 2] * K[ 2][ 2] = -2 * -6
Q[ 5][ 3] * K[ 2][ 3] = -6 *  3
Q[ 5][ 4] * K[ 2][ 4] = -1 *  7
Q[ 5][ 5] * K[ 2][ 5] =  4 *  7
Q[ 5][ 6] * K[ 2][ 6] =  0 *  6
Q[ 5][ 7] * K[ 2][ 7] =  2 *  6
@cycle 5:  26
Q[ 5][ 0] * K[ 3][ 0] = -2 * -3
Q[ 5][ 1] * K[ 3][ 1] = -1 *  0
Q[ 5][ 2] * K[ 3][ 2] = -2 *  0
Q[ 5][ 3] * K[ 3][ 3] = -6 * -7
Q[ 5][ 4] * K[ 3][ 4] = -1 *  6
Q[ 5][ 5] * K[ 3][ 5] =  4 *  3
Q[ 5][ 6] * K[ 3][ 6] =  0 *  4
Q[ 5][ 7] * K[ 3][ 7] =  2 *  7
@cycle 5:  68
Q[ 5][ 0] * K[ 4][ 0] = -2 *  6
Q[ 5][ 1] * K[ 4][ 1] = -1 * -3
Q[ 5][ 2] * K[ 4][ 2] = -2 *  4
Q[ 5][ 3] * K[ 4][ 3] = -6 * -7
Q[ 5][ 4] * K[ 4][ 4] = -1 * -4
Q[ 5][ 5] * K[ 4][ 5] =  4 * -3
Q[ 5][ 6] * K[ 4][ 6] =  0 * -2
Q[ 5][ 7] * K[ 4][ 7] =  2 * -5
@cycle 5:   7
Q[ 5][ 0] * K[ 5][ 0] = -2 *  0
Q[ 5][ 1] * K[ 5][ 1] = -1 * -7
Q[ 5][ 2] * K[ 5][ 2] = -2 *  3
Q[ 5][ 3] * K[ 5][ 3] = -6 *  3
Q[ 5][ 4] * K[ 5][ 4] = -1 * -2
Q[ 5][ 5] * K[ 5][ 5] =  4 *  6
Q[ 5][ 6] * K[ 5][ 6] =  0 *  4
Q[ 5][ 7] * K[ 5][ 7] =  2 * -1
@cycle 5:   7
Q[ 5][ 0] * K[ 6][ 0] = -2 *  7
Q[ 5][ 1] * K[ 6][ 1] = -1 * -5
Q[ 5][ 2] * K[ 6][ 2] = -2 *  2
Q[ 5][ 3] * K[ 6][ 3] = -6 *  1
Q[ 5][ 4] * K[ 6][ 4] = -1 *  3
Q[ 5][ 5] * K[ 6][ 5] =  4 *  6
Q[ 5][ 6] * K[ 6][ 6] =  0 *  1
Q[ 5][ 7] * K[ 6][ 7] =  2 * -5
@cycle 5:  -8
Q[ 5][ 0] * K[ 7][ 0] = -2 *  3
Q[ 5][ 1] * K[ 7][ 1] = -1 * -1
Q[ 5][ 2] * K[ 7][ 2] = -2 *  6
Q[ 5][ 3] * K[ 7][ 3] = -6 *  3
Q[ 5][ 4] * K[ 7][ 4] = -1 * -6
Q[ 5][ 5] * K[ 7][ 5] =  4 * -2
Q[ 5][ 6] * K[ 7][ 6] =  0 *  1
Q[ 5][ 7] * K[ 7][ 7] =  2 * -4
@cycle 5: -45
prd @cycle 5: 0002a000010001a000440000700007ffff8fffd3
Q[ 6][ 0] * K[ 0][ 0] =  5 * -6
Q[ 6][ 1] * K[ 0][ 1] = -7 *  3
Q[ 6][ 2] * K[ 0][ 2] = -1 * -2
Q[ 6][ 3] * K[ 0][ 3] =  3 * -1
Q[ 6][ 4] * K[ 0][ 4] =  2 * -5
Q[ 6][ 5] * K[ 0][ 5] =  1 *  1
Q[ 6][ 6] * K[ 0][ 6] = -7 *  0
Q[ 6][ 7] * K[ 0][ 7] =  6 *  7
@cycle 6: -19
Q[ 6][ 0] * K[ 1][ 0] =  5 *  0
Q[ 6][ 1] * K[ 1][ 1] = -7 * -5
Q[ 6][ 2] * K[ 1][ 2] = -1 * -8
Q[ 6][ 3] * K[ 1][ 3] =  3 *  0
Q[ 6][ 4] * K[ 1][ 4] =  2 *  6
Q[ 6][ 5] * K[ 1][ 5] =  1 *  0
Q[ 6][ 6] * K[ 1][ 6] = -7 * -5
Q[ 6][ 7] * K[ 1][ 7] =  6 * -7
@cycle 6:  48
Q[ 6][ 0] * K[ 2][ 0] =  5 *  4
Q[ 6][ 1] * K[ 2][ 1] = -7 * -7
Q[ 6][ 2] * K[ 2][ 2] = -1 * -6
Q[ 6][ 3] * K[ 2][ 3] =  3 *  3
Q[ 6][ 4] * K[ 2][ 4] =  2 *  7
Q[ 6][ 5] * K[ 2][ 5] =  1 *  7
Q[ 6][ 6] * K[ 2][ 6] = -7 *  6
Q[ 6][ 7] * K[ 2][ 7] =  6 *  6
@cycle 6:  99
Q[ 6][ 0] * K[ 3][ 0] =  5 * -3
Q[ 6][ 1] * K[ 3][ 1] = -7 *  0
Q[ 6][ 2] * K[ 3][ 2] = -1 *  0
Q[ 6][ 3] * K[ 3][ 3] =  3 * -7
Q[ 6][ 4] * K[ 3][ 4] =  2 *  6
Q[ 6][ 5] * K[ 3][ 5] =  1 *  3
Q[ 6][ 6] * K[ 3][ 6] = -7 *  4
Q[ 6][ 7] * K[ 3][ 7] =  6 *  7
@cycle 6:  -7
Q[ 6][ 0] * K[ 4][ 0] =  5 *  6
Q[ 6][ 1] * K[ 4][ 1] = -7 * -3
Q[ 6][ 2] * K[ 4][ 2] = -1 *  4
Q[ 6][ 3] * K[ 4][ 3] =  3 * -7
Q[ 6][ 4] * K[ 4][ 4] =  2 * -4
Q[ 6][ 5] * K[ 4][ 5] =  1 * -3
Q[ 6][ 6] * K[ 4][ 6] = -7 * -2
Q[ 6][ 7] * K[ 4][ 7] =  6 * -5
@cycle 6:  -1
Q[ 6][ 0] * K[ 5][ 0] =  5 *  0
Q[ 6][ 1] * K[ 5][ 1] = -7 * -7
Q[ 6][ 2] * K[ 5][ 2] = -1 *  3
Q[ 6][ 3] * K[ 5][ 3] =  3 *  3
Q[ 6][ 4] * K[ 5][ 4] =  2 * -2
Q[ 6][ 5] * K[ 5][ 5] =  1 *  6
Q[ 6][ 6] * K[ 5][ 6] = -7 *  4
Q[ 6][ 7] * K[ 5][ 7] =  6 * -1
@cycle 6:  23
Q[ 6][ 0] * K[ 6][ 0] =  5 *  7
Q[ 6][ 1] * K[ 6][ 1] = -7 * -5
Q[ 6][ 2] * K[ 6][ 2] = -1 *  2
Q[ 6][ 3] * K[ 6][ 3] =  3 *  1
Q[ 6][ 4] * K[ 6][ 4] =  2 *  3
Q[ 6][ 5] * K[ 6][ 5] =  1 *  6
Q[ 6][ 6] * K[ 6][ 6] = -7 *  1
Q[ 6][ 7] * K[ 6][ 7] =  6 * -5
@cycle 6:  46
Q[ 6][ 0] * K[ 7][ 0] =  5 *  3
Q[ 6][ 1] * K[ 7][ 1] = -7 * -1
Q[ 6][ 2] * K[ 7][ 2] = -1 *  6
Q[ 6][ 3] * K[ 7][ 3] =  3 *  3
Q[ 6][ 4] * K[ 7][ 4] =  2 * -6
Q[ 6][ 5] * K[ 7][ 5] =  1 * -2
Q[ 6][ 6] * K[ 7][ 6] = -7 *  1
Q[ 6][ 7] * K[ 7][ 7] =  6 * -4
@cycle 6: -20
prd @cycle 6: fffed0003000063ffff9fffff000170002efffec
Q[ 7][ 0] * K[ 0][ 0] =  5 * -6
Q[ 7][ 1] * K[ 0][ 1] = -8 *  3
Q[ 7][ 2] * K[ 0][ 2] = -3 * -2
Q[ 7][ 3] * K[ 0][ 3] =  6 * -1
Q[ 7][ 4] * K[ 0][ 4] =  0 * -5
Q[ 7][ 5] * K[ 0][ 5] = -2 *  1
Q[ 7][ 6] * K[ 0][ 6] =  6 *  0
Q[ 7][ 7] * K[ 0][ 7] = -1 *  7
@cycle 7: -63
Q[ 7][ 0] * K[ 1][ 0] =  5 *  0
Q[ 7][ 1] * K[ 1][ 1] = -8 * -5
Q[ 7][ 2] * K[ 1][ 2] = -3 * -8
Q[ 7][ 3] * K[ 1][ 3] =  6 *  0
Q[ 7][ 4] * K[ 1][ 4] =  0 *  6
Q[ 7][ 5] * K[ 1][ 5] = -2 *  0
Q[ 7][ 6] * K[ 1][ 6] =  6 * -5
Q[ 7][ 7] * K[ 1][ 7] = -1 * -7
@cycle 7:  41
Q[ 7][ 0] * K[ 2][ 0] =  5 *  4
Q[ 7][ 1] * K[ 2][ 1] = -8 * -7
Q[ 7][ 2] * K[ 2][ 2] = -3 * -6
Q[ 7][ 3] * K[ 2][ 3] =  6 *  3
Q[ 7][ 4] * K[ 2][ 4] =  0 *  7
Q[ 7][ 5] * K[ 2][ 5] = -2 *  7
Q[ 7][ 6] * K[ 2][ 6] =  6 *  6
Q[ 7][ 7] * K[ 2][ 7] = -1 *  6
@cycle 7: 128
Q[ 7][ 0] * K[ 3][ 0] =  5 * -3
Q[ 7][ 1] * K[ 3][ 1] = -8 *  0
Q[ 7][ 2] * K[ 3][ 2] = -3 *  0
Q[ 7][ 3] * K[ 3][ 3] =  6 * -7
Q[ 7][ 4] * K[ 3][ 4] =  0 *  6
Q[ 7][ 5] * K[ 3][ 5] = -2 *  3
Q[ 7][ 6] * K[ 3][ 6] =  6 *  4
Q[ 7][ 7] * K[ 3][ 7] = -1 *  7
@cycle 7: -46
Q[ 7][ 0] * K[ 4][ 0] =  5 *  6
Q[ 7][ 1] * K[ 4][ 1] = -8 * -3
Q[ 7][ 2] * K[ 4][ 2] = -3 *  4
Q[ 7][ 3] * K[ 4][ 3] =  6 * -7
Q[ 7][ 4] * K[ 4][ 4] =  0 * -4
Q[ 7][ 5] * K[ 4][ 5] = -2 * -3
Q[ 7][ 6] * K[ 4][ 6] =  6 * -2
Q[ 7][ 7] * K[ 4][ 7] = -1 * -5
@cycle 7:  -1
Q[ 7][ 0] * K[ 5][ 0] =  5 *  0
Q[ 7][ 1] * K[ 5][ 1] = -8 * -7
Q[ 7][ 2] * K[ 5][ 2] = -3 *  3
Q[ 7][ 3] * K[ 5][ 3] =  6 *  3
Q[ 7][ 4] * K[ 5][ 4] =  0 * -2
Q[ 7][ 5] * K[ 5][ 5] = -2 *  6
Q[ 7][ 6] * K[ 5][ 6] =  6 *  4
Q[ 7][ 7] * K[ 5][ 7] = -1 * -1
@cycle 7:  78
Q[ 7][ 0] * K[ 6][ 0] =  5 *  7
Q[ 7][ 1] * K[ 6][ 1] = -8 * -5
Q[ 7][ 2] * K[ 6][ 2] = -3 *  2
Q[ 7][ 3] * K[ 6][ 3] =  6 *  1
Q[ 7][ 4] * K[ 6][ 4] =  0 *  3
Q[ 7][ 5] * K[ 6][ 5] = -2 *  6
Q[ 7][ 6] * K[ 6][ 6] =  6 *  1
Q[ 7][ 7] * K[ 6][ 7] = -1 * -5
@cycle 7:  74
Q[ 7][ 0] * K[ 7][ 0] =  5 *  3
Q[ 7][ 1] * K[ 7][ 1] = -8 * -1
Q[ 7][ 2] * K[ 7][ 2] = -3 *  6
Q[ 7][ 3] * K[ 7][ 3] =  6 *  3
Q[ 7][ 4] * K[ 7][ 4] =  0 * -6
Q[ 7][ 5] * K[ 7][ 5] = -2 * -2
Q[ 7][ 6] * K[ 7][ 6] =  6 *  1
Q[ 7][ 7] * K[ 7][ 7] = -1 * -4
@cycle 7:  37
prd @cycle 7: fffc10002900080fffd2fffff0004e0004a00025
##### Estimated Multiplication Result (Decimal) #####
---------------------------------------------------
Cycle  0 |     93 |    -20 |     -7 |     94 |    -48 |    -45 |    -63 |    -86 |
Cycle  1 |     52 |    -21 |    -73 |     24 |     -5 |    -33 |    -41 |    -23 |
Cycle  2 |     52 |     -8 |     38 |     68 |    -25 |      3 |    -43 |    -44 |
Cycle  3 |     33 |    -74 |     17 |    125 |    -37 |    -17 |    -27 |    -51 |
Cycle  4 |     80 |    -10 |    -10 |     13 |   -138 |    -37 |    -90 |    -56 |
Cycle  5 |     42 |      1 |     26 |     68 |      7 |      7 |     -8 |    -45 |
Cycle  6 |    -19 |     48 |     99 |     -7 |     -1 |     23 |     46 |    -20 |
Cycle  7 |    -63 |     41 |    128 |    -46 |     -1 |     78 |     74 |     37 |
---------------------------------------------------
##### Qmem writing  #####
##### Kmem writing #####
##### K data loading to processor #####
##### execute #####
##### move ofifo to pmem #####
##### PMEM TO OUT #####
Core Output |      x |      x |      x |      x |      x |      x |      x |      x |
---------------------------------------------------
Core Output |     93 |    -20 |     -7 |     94 |    -48 |    -45 |    -63 |    -86 |
---------------------------------------------------
Core Output |     52 |    -21 |    -73 |     24 |     -5 |    -33 |    -41 |    -23 |
---------------------------------------------------
Core Output |     52 |     -8 |     38 |     68 |    -25 |      3 |    -43 |    -44 |
---------------------------------------------------
Core Output |     33 |    -74 |     17 |    125 |    -37 |    -17 |    -27 |    -51 |
---------------------------------------------------
Core Output |     80 |    -10 |    -10 |     13 |   -138 |    -37 |    -90 |    -56 |
---------------------------------------------------
Core Output |     42 |      1 |     26 |     68 |      7 |      7 |     -8 |    -45 |
---------------------------------------------------
Core Output |    -19 |     48 |     99 |     -7 |     -1 |     23 |     46 |    -20 |
---------------------------------------------------
Core Output |    -63 |     41 |    128 |    -46 |     -1 |     78 |     74 |     37 |
---------------------------------------------------
Simulation complete via $finish(1) at time 915 NS + 0
./netlist/fullchip_tb.v:381   #0.50 $finish;
xcelium> probe -create -shm fullchip_tb.fullchip_instance.clk fullchip_tb.fullchip_instance.core_out fullchip_tb.fullchip_instance.full_out fullchip_tb.fullchip_instance.inst fullchip_tb.fullchip_instance.mem_in
Created default SHM database xcelium.shm
Created probe 1
xcelium> reset
Loaded snapshot worklib.fullchip_tb:v
xcelium> run
##### Q data txt reading #####
##### K data txt reading #####
##### Feed in data for Q  #####
---------------------------------------------------
     -5 |      7 |     -5 |     -7 |     -1 |      6 |      1 |      2 |
     -4 |      7 |     -2 |     -5 |     -3 |      4 |      1 |     -3 |
     -4 |     -1 |     -4 |     -4 |     -1 |      0 |      5 |      2 |
     -3 |      3 |      6 |     -4 |      6 |      2 |      1 |      6 |
     -8 |      5 |     -2 |      6 |      2 |      1 |     -3 |      4 |
     -2 |     -1 |     -2 |     -6 |     -1 |      4 |      0 |      2 |
      5 |     -7 |     -1 |      3 |      2 |      1 |     -7 |      6 |
      5 |     -8 |     -3 |      6 |      0 |     -2 |      6 |     -1 |
---------------------------------------------------
##### Feed in data for K  #####
---------------------------------------------------
     -6 |      3 |     -2 |     -1 |     -5 |      1 |      0 |      7 |
      0 |     -5 |     -8 |      0 |      6 |      0 |     -5 |     -7 |
      4 |     -7 |     -6 |      3 |      7 |      7 |      6 |      6 |
     -3 |      0 |      0 |     -7 |      6 |      3 |      4 |      7 |
      6 |     -3 |      4 |     -7 |     -4 |     -3 |     -2 |     -5 |
      0 |     -7 |      3 |      3 |     -2 |      6 |      4 |     -1 |
      7 |     -5 |      2 |      1 |      3 |      6 |      1 |     -5 |
      3 |     -1 |      6 |      3 |     -6 |     -2 |      1 |     -4 |
---------------------------------------------------
##### Estimated multiplication result (HEX) #####
Q[ 0][ 0] * K[ 0][ 0] = -5 * -6
Q[ 0][ 1] * K[ 0][ 1] =  7 *  3
Q[ 0][ 2] * K[ 0][ 2] = -5 * -2
Q[ 0][ 3] * K[ 0][ 3] = -7 * -1
Q[ 0][ 4] * K[ 0][ 4] = -1 * -5
Q[ 0][ 5] * K[ 0][ 5] =  6 *  1
Q[ 0][ 6] * K[ 0][ 6] =  1 *  0
Q[ 0][ 7] * K[ 0][ 7] =  2 *  7
@cycle 0:  93
Q[ 0][ 0] * K[ 1][ 0] = -5 *  0
Q[ 0][ 1] * K[ 1][ 1] =  7 * -5
Q[ 0][ 2] * K[ 1][ 2] = -5 * -8
Q[ 0][ 3] * K[ 1][ 3] = -7 *  0
Q[ 0][ 4] * K[ 1][ 4] = -1 *  6
Q[ 0][ 5] * K[ 1][ 5] =  6 *  0
Q[ 0][ 6] * K[ 1][ 6] =  1 * -5
Q[ 0][ 7] * K[ 1][ 7] =  2 * -7
@cycle 0: -20
Q[ 0][ 0] * K[ 2][ 0] = -5 *  4
Q[ 0][ 1] * K[ 2][ 1] =  7 * -7
Q[ 0][ 2] * K[ 2][ 2] = -5 * -6
Q[ 0][ 3] * K[ 2][ 3] = -7 *  3
Q[ 0][ 4] * K[ 2][ 4] = -1 *  7
Q[ 0][ 5] * K[ 2][ 5] =  6 *  7
Q[ 0][ 6] * K[ 2][ 6] =  1 *  6
Q[ 0][ 7] * K[ 2][ 7] =  2 *  6
@cycle 0:  -7
Q[ 0][ 0] * K[ 3][ 0] = -5 * -3
Q[ 0][ 1] * K[ 3][ 1] =  7 *  0
Q[ 0][ 2] * K[ 3][ 2] = -5 *  0
Q[ 0][ 3] * K[ 3][ 3] = -7 * -7
Q[ 0][ 4] * K[ 3][ 4] = -1 *  6
Q[ 0][ 5] * K[ 3][ 5] =  6 *  3
Q[ 0][ 6] * K[ 3][ 6] =  1 *  4
Q[ 0][ 7] * K[ 3][ 7] =  2 *  7
@cycle 0:  94
Q[ 0][ 0] * K[ 4][ 0] = -5 *  6
Q[ 0][ 1] * K[ 4][ 1] =  7 * -3
Q[ 0][ 2] * K[ 4][ 2] = -5 *  4
Q[ 0][ 3] * K[ 4][ 3] = -7 * -7
Q[ 0][ 4] * K[ 4][ 4] = -1 * -4
Q[ 0][ 5] * K[ 4][ 5] =  6 * -3
Q[ 0][ 6] * K[ 4][ 6] =  1 * -2
Q[ 0][ 7] * K[ 4][ 7] =  2 * -5
@cycle 0: -48
Q[ 0][ 0] * K[ 5][ 0] = -5 *  0
Q[ 0][ 1] * K[ 5][ 1] =  7 * -7
Q[ 0][ 2] * K[ 5][ 2] = -5 *  3
Q[ 0][ 3] * K[ 5][ 3] = -7 *  3
Q[ 0][ 4] * K[ 5][ 4] = -1 * -2
Q[ 0][ 5] * K[ 5][ 5] =  6 *  6
Q[ 0][ 6] * K[ 5][ 6] =  1 *  4
Q[ 0][ 7] * K[ 5][ 7] =  2 * -1
@cycle 0: -45
Q[ 0][ 0] * K[ 6][ 0] = -5 *  7
Q[ 0][ 1] * K[ 6][ 1] =  7 * -5
Q[ 0][ 2] * K[ 6][ 2] = -5 *  2
Q[ 0][ 3] * K[ 6][ 3] = -7 *  1
Q[ 0][ 4] * K[ 6][ 4] = -1 *  3
Q[ 0][ 5] * K[ 6][ 5] =  6 *  6
Q[ 0][ 6] * K[ 6][ 6] =  1 *  1
Q[ 0][ 7] * K[ 6][ 7] =  2 * -5
@cycle 0: -63
Q[ 0][ 0] * K[ 7][ 0] = -5 *  3
Q[ 0][ 1] * K[ 7][ 1] =  7 * -1
Q[ 0][ 2] * K[ 7][ 2] = -5 *  6
Q[ 0][ 3] * K[ 7][ 3] = -7 *  3
Q[ 0][ 4] * K[ 7][ 4] = -1 * -6
Q[ 0][ 5] * K[ 7][ 5] =  6 * -2
Q[ 0][ 6] * K[ 7][ 6] =  1 *  1
Q[ 0][ 7] * K[ 7][ 7] =  2 * -4
@cycle 0: -86
prd @cycle 0: 0005dfffecffff90005efffd0fffd3fffc1fffaa
Q[ 1][ 0] * K[ 0][ 0] = -4 * -6
Q[ 1][ 1] * K[ 0][ 1] =  7 *  3
Q[ 1][ 2] * K[ 0][ 2] = -2 * -2
Q[ 1][ 3] * K[ 0][ 3] = -5 * -1
Q[ 1][ 4] * K[ 0][ 4] = -3 * -5
Q[ 1][ 5] * K[ 0][ 5] =  4 *  1
Q[ 1][ 6] * K[ 0][ 6] =  1 *  0
Q[ 1][ 7] * K[ 0][ 7] = -3 *  7
@cycle 1:  52
Q[ 1][ 0] * K[ 1][ 0] = -4 *  0
Q[ 1][ 1] * K[ 1][ 1] =  7 * -5
Q[ 1][ 2] * K[ 1][ 2] = -2 * -8
Q[ 1][ 3] * K[ 1][ 3] = -5 *  0
Q[ 1][ 4] * K[ 1][ 4] = -3 *  6
Q[ 1][ 5] * K[ 1][ 5] =  4 *  0
Q[ 1][ 6] * K[ 1][ 6] =  1 * -5
Q[ 1][ 7] * K[ 1][ 7] = -3 * -7
@cycle 1: -21
Q[ 1][ 0] * K[ 2][ 0] = -4 *  4
Q[ 1][ 1] * K[ 2][ 1] =  7 * -7
Q[ 1][ 2] * K[ 2][ 2] = -2 * -6
Q[ 1][ 3] * K[ 2][ 3] = -5 *  3
Q[ 1][ 4] * K[ 2][ 4] = -3 *  7
Q[ 1][ 5] * K[ 2][ 5] =  4 *  7
Q[ 1][ 6] * K[ 2][ 6] =  1 *  6
Q[ 1][ 7] * K[ 2][ 7] = -3 *  6
@cycle 1: -73
Q[ 1][ 0] * K[ 3][ 0] = -4 * -3
Q[ 1][ 1] * K[ 3][ 1] =  7 *  0
Q[ 1][ 2] * K[ 3][ 2] = -2 *  0
Q[ 1][ 3] * K[ 3][ 3] = -5 * -7
Q[ 1][ 4] * K[ 3][ 4] = -3 *  6
Q[ 1][ 5] * K[ 3][ 5] =  4 *  3
Q[ 1][ 6] * K[ 3][ 6] =  1 *  4
Q[ 1][ 7] * K[ 3][ 7] = -3 *  7
@cycle 1:  24
Q[ 1][ 0] * K[ 4][ 0] = -4 *  6
Q[ 1][ 1] * K[ 4][ 1] =  7 * -3
Q[ 1][ 2] * K[ 4][ 2] = -2 *  4
Q[ 1][ 3] * K[ 4][ 3] = -5 * -7
Q[ 1][ 4] * K[ 4][ 4] = -3 * -4
Q[ 1][ 5] * K[ 4][ 5] =  4 * -3
Q[ 1][ 6] * K[ 4][ 6] =  1 * -2
Q[ 1][ 7] * K[ 4][ 7] = -3 * -5
@cycle 1:  -5
Q[ 1][ 0] * K[ 5][ 0] = -4 *  0
Q[ 1][ 1] * K[ 5][ 1] =  7 * -7
Q[ 1][ 2] * K[ 5][ 2] = -2 *  3
Q[ 1][ 3] * K[ 5][ 3] = -5 *  3
Q[ 1][ 4] * K[ 5][ 4] = -3 * -2
Q[ 1][ 5] * K[ 5][ 5] =  4 *  6
Q[ 1][ 6] * K[ 5][ 6] =  1 *  4
Q[ 1][ 7] * K[ 5][ 7] = -3 * -1
@cycle 1: -33
Q[ 1][ 0] * K[ 6][ 0] = -4 *  7
Q[ 1][ 1] * K[ 6][ 1] =  7 * -5
Q[ 1][ 2] * K[ 6][ 2] = -2 *  2
Q[ 1][ 3] * K[ 6][ 3] = -5 *  1
Q[ 1][ 4] * K[ 6][ 4] = -3 *  3
Q[ 1][ 5] * K[ 6][ 5] =  4 *  6
Q[ 1][ 6] * K[ 6][ 6] =  1 *  1
Q[ 1][ 7] * K[ 6][ 7] = -3 * -5
@cycle 1: -41
Q[ 1][ 0] * K[ 7][ 0] = -4 *  3
Q[ 1][ 1] * K[ 7][ 1] =  7 * -1
Q[ 1][ 2] * K[ 7][ 2] = -2 *  6
Q[ 1][ 3] * K[ 7][ 3] = -5 *  3
Q[ 1][ 4] * K[ 7][ 4] = -3 * -6
Q[ 1][ 5] * K[ 7][ 5] =  4 * -2
Q[ 1][ 6] * K[ 7][ 6] =  1 *  1
Q[ 1][ 7] * K[ 7][ 7] = -3 * -4
@cycle 1: -23
prd @cycle 1: 00034fffebfffb700018ffffbfffdffffd7fffe9
Q[ 2][ 0] * K[ 0][ 0] = -4 * -6
Q[ 2][ 1] * K[ 0][ 1] = -1 *  3
Q[ 2][ 2] * K[ 0][ 2] = -4 * -2
Q[ 2][ 3] * K[ 0][ 3] = -4 * -1
Q[ 2][ 4] * K[ 0][ 4] = -1 * -5
Q[ 2][ 5] * K[ 0][ 5] =  0 *  1
Q[ 2][ 6] * K[ 0][ 6] =  5 *  0
Q[ 2][ 7] * K[ 0][ 7] =  2 *  7
@cycle 2:  52
Q[ 2][ 0] * K[ 1][ 0] = -4 *  0
Q[ 2][ 1] * K[ 1][ 1] = -1 * -5
Q[ 2][ 2] * K[ 1][ 2] = -4 * -8
Q[ 2][ 3] * K[ 1][ 3] = -4 *  0
Q[ 2][ 4] * K[ 1][ 4] = -1 *  6
Q[ 2][ 5] * K[ 1][ 5] =  0 *  0
Q[ 2][ 6] * K[ 1][ 6] =  5 * -5
Q[ 2][ 7] * K[ 1][ 7] =  2 * -7
@cycle 2:  -8
Q[ 2][ 0] * K[ 2][ 0] = -4 *  4
Q[ 2][ 1] * K[ 2][ 1] = -1 * -7
Q[ 2][ 2] * K[ 2][ 2] = -4 * -6
Q[ 2][ 3] * K[ 2][ 3] = -4 *  3
Q[ 2][ 4] * K[ 2][ 4] = -1 *  7
Q[ 2][ 5] * K[ 2][ 5] =  0 *  7
Q[ 2][ 6] * K[ 2][ 6] =  5 *  6
Q[ 2][ 7] * K[ 2][ 7] =  2 *  6
@cycle 2:  38
Q[ 2][ 0] * K[ 3][ 0] = -4 * -3
Q[ 2][ 1] * K[ 3][ 1] = -1 *  0
Q[ 2][ 2] * K[ 3][ 2] = -4 *  0
Q[ 2][ 3] * K[ 3][ 3] = -4 * -7
Q[ 2][ 4] * K[ 3][ 4] = -1 *  6
Q[ 2][ 5] * K[ 3][ 5] =  0 *  3
Q[ 2][ 6] * K[ 3][ 6] =  5 *  4
Q[ 2][ 7] * K[ 3][ 7] =  2 *  7
@cycle 2:  68
Q[ 2][ 0] * K[ 4][ 0] = -4 *  6
Q[ 2][ 1] * K[ 4][ 1] = -1 * -3
Q[ 2][ 2] * K[ 4][ 2] = -4 *  4
Q[ 2][ 3] * K[ 4][ 3] = -4 * -7
Q[ 2][ 4] * K[ 4][ 4] = -1 * -4
Q[ 2][ 5] * K[ 4][ 5] =  0 * -3
Q[ 2][ 6] * K[ 4][ 6] =  5 * -2
Q[ 2][ 7] * K[ 4][ 7] =  2 * -5
@cycle 2: -25
Q[ 2][ 0] * K[ 5][ 0] = -4 *  0
Q[ 2][ 1] * K[ 5][ 1] = -1 * -7
Q[ 2][ 2] * K[ 5][ 2] = -4 *  3
Q[ 2][ 3] * K[ 5][ 3] = -4 *  3
Q[ 2][ 4] * K[ 5][ 4] = -1 * -2
Q[ 2][ 5] * K[ 5][ 5] =  0 *  6
Q[ 2][ 6] * K[ 5][ 6] =  5 *  4
Q[ 2][ 7] * K[ 5][ 7] =  2 * -1
@cycle 2:   3
Q[ 2][ 0] * K[ 6][ 0] = -4 *  7
Q[ 2][ 1] * K[ 6][ 1] = -1 * -5
Q[ 2][ 2] * K[ 6][ 2] = -4 *  2
Q[ 2][ 3] * K[ 6][ 3] = -4 *  1
Q[ 2][ 4] * K[ 6][ 4] = -1 *  3
Q[ 2][ 5] * K[ 6][ 5] =  0 *  6
Q[ 2][ 6] * K[ 6][ 6] =  5 *  1
Q[ 2][ 7] * K[ 6][ 7] =  2 * -5
@cycle 2: -43
Q[ 2][ 0] * K[ 7][ 0] = -4 *  3
Q[ 2][ 1] * K[ 7][ 1] = -1 * -1
Q[ 2][ 2] * K[ 7][ 2] = -4 *  6
Q[ 2][ 3] * K[ 7][ 3] = -4 *  3
Q[ 2][ 4] * K[ 7][ 4] = -1 * -6
Q[ 2][ 5] * K[ 7][ 5] =  0 * -2
Q[ 2][ 6] * K[ 7][ 6] =  5 *  1
Q[ 2][ 7] * K[ 7][ 7] =  2 * -4
@cycle 2: -44
prd @cycle 2: 00034ffff80002600044fffe700003fffd5fffd4
Q[ 3][ 0] * K[ 0][ 0] = -3 * -6
Q[ 3][ 1] * K[ 0][ 1] =  3 *  3
Q[ 3][ 2] * K[ 0][ 2] =  6 * -2
Q[ 3][ 3] * K[ 0][ 3] = -4 * -1
Q[ 3][ 4] * K[ 0][ 4] =  6 * -5
Q[ 3][ 5] * K[ 0][ 5] =  2 *  1
Q[ 3][ 6] * K[ 0][ 6] =  1 *  0
Q[ 3][ 7] * K[ 0][ 7] =  6 *  7
@cycle 3:  33
Q[ 3][ 0] * K[ 1][ 0] = -3 *  0
Q[ 3][ 1] * K[ 1][ 1] =  3 * -5
Q[ 3][ 2] * K[ 1][ 2] =  6 * -8
Q[ 3][ 3] * K[ 1][ 3] = -4 *  0
Q[ 3][ 4] * K[ 1][ 4] =  6 *  6
Q[ 3][ 5] * K[ 1][ 5] =  2 *  0
Q[ 3][ 6] * K[ 1][ 6] =  1 * -5
Q[ 3][ 7] * K[ 1][ 7] =  6 * -7
@cycle 3: -74
Q[ 3][ 0] * K[ 2][ 0] = -3 *  4
Q[ 3][ 1] * K[ 2][ 1] =  3 * -7
Q[ 3][ 2] * K[ 2][ 2] =  6 * -6
Q[ 3][ 3] * K[ 2][ 3] = -4 *  3
Q[ 3][ 4] * K[ 2][ 4] =  6 *  7
Q[ 3][ 5] * K[ 2][ 5] =  2 *  7
Q[ 3][ 6] * K[ 2][ 6] =  1 *  6
Q[ 3][ 7] * K[ 2][ 7] =  6 *  6
@cycle 3:  17
Q[ 3][ 0] * K[ 3][ 0] = -3 * -3
Q[ 3][ 1] * K[ 3][ 1] =  3 *  0
Q[ 3][ 2] * K[ 3][ 2] =  6 *  0
Q[ 3][ 3] * K[ 3][ 3] = -4 * -7
Q[ 3][ 4] * K[ 3][ 4] =  6 *  6
Q[ 3][ 5] * K[ 3][ 5] =  2 *  3
Q[ 3][ 6] * K[ 3][ 6] =  1 *  4
Q[ 3][ 7] * K[ 3][ 7] =  6 *  7
@cycle 3: 125
Q[ 3][ 0] * K[ 4][ 0] = -3 *  6
Q[ 3][ 1] * K[ 4][ 1] =  3 * -3
Q[ 3][ 2] * K[ 4][ 2] =  6 *  4
Q[ 3][ 3] * K[ 4][ 3] = -4 * -7
Q[ 3][ 4] * K[ 4][ 4] =  6 * -4
Q[ 3][ 5] * K[ 4][ 5] =  2 * -3
Q[ 3][ 6] * K[ 4][ 6] =  1 * -2
Q[ 3][ 7] * K[ 4][ 7] =  6 * -5
@cycle 3: -37
Q[ 3][ 0] * K[ 5][ 0] = -3 *  0
Q[ 3][ 1] * K[ 5][ 1] =  3 * -7
Q[ 3][ 2] * K[ 5][ 2] =  6 *  3
Q[ 3][ 3] * K[ 5][ 3] = -4 *  3
Q[ 3][ 4] * K[ 5][ 4] =  6 * -2
Q[ 3][ 5] * K[ 5][ 5] =  2 *  6
Q[ 3][ 6] * K[ 5][ 6] =  1 *  4
Q[ 3][ 7] * K[ 5][ 7] =  6 * -1
@cycle 3: -17
Q[ 3][ 0] * K[ 6][ 0] = -3 *  7
Q[ 3][ 1] * K[ 6][ 1] =  3 * -5
Q[ 3][ 2] * K[ 6][ 2] =  6 *  2
Q[ 3][ 3] * K[ 6][ 3] = -4 *  1
Q[ 3][ 4] * K[ 6][ 4] =  6 *  3
Q[ 3][ 5] * K[ 6][ 5] =  2 *  6
Q[ 3][ 6] * K[ 6][ 6] =  1 *  1
Q[ 3][ 7] * K[ 6][ 7] =  6 * -5
@cycle 3: -27
Q[ 3][ 0] * K[ 7][ 0] = -3 *  3
Q[ 3][ 1] * K[ 7][ 1] =  3 * -1
Q[ 3][ 2] * K[ 7][ 2] =  6 *  6
Q[ 3][ 3] * K[ 7][ 3] = -4 *  3
Q[ 3][ 4] * K[ 7][ 4] =  6 * -6
Q[ 3][ 5] * K[ 7][ 5] =  2 * -2
Q[ 3][ 6] * K[ 7][ 6] =  1 *  1
Q[ 3][ 7] * K[ 7][ 7] =  6 * -4
@cycle 3: -51
prd @cycle 3: 00021fffb6000110007dfffdbfffeffffe5fffcd
Q[ 4][ 0] * K[ 0][ 0] = -8 * -6
Q[ 4][ 1] * K[ 0][ 1] =  5 *  3
Q[ 4][ 2] * K[ 0][ 2] = -2 * -2
Q[ 4][ 3] * K[ 0][ 3] =  6 * -1
Q[ 4][ 4] * K[ 0][ 4] =  2 * -5
Q[ 4][ 5] * K[ 0][ 5] =  1 *  1
Q[ 4][ 6] * K[ 0][ 6] = -3 *  0
Q[ 4][ 7] * K[ 0][ 7] =  4 *  7
@cycle 4:  80
Q[ 4][ 0] * K[ 1][ 0] = -8 *  0
Q[ 4][ 1] * K[ 1][ 1] =  5 * -5
Q[ 4][ 2] * K[ 1][ 2] = -2 * -8
Q[ 4][ 3] * K[ 1][ 3] =  6 *  0
Q[ 4][ 4] * K[ 1][ 4] =  2 *  6
Q[ 4][ 5] * K[ 1][ 5] =  1 *  0
Q[ 4][ 6] * K[ 1][ 6] = -3 * -5
Q[ 4][ 7] * K[ 1][ 7] =  4 * -7
@cycle 4: -10
Q[ 4][ 0] * K[ 2][ 0] = -8 *  4
Q[ 4][ 1] * K[ 2][ 1] =  5 * -7
Q[ 4][ 2] * K[ 2][ 2] = -2 * -6
Q[ 4][ 3] * K[ 2][ 3] =  6 *  3
Q[ 4][ 4] * K[ 2][ 4] =  2 *  7
Q[ 4][ 5] * K[ 2][ 5] =  1 *  7
Q[ 4][ 6] * K[ 2][ 6] = -3 *  6
Q[ 4][ 7] * K[ 2][ 7] =  4 *  6
@cycle 4: -10
Q[ 4][ 0] * K[ 3][ 0] = -8 * -3
Q[ 4][ 1] * K[ 3][ 1] =  5 *  0
Q[ 4][ 2] * K[ 3][ 2] = -2 *  0
Q[ 4][ 3] * K[ 3][ 3] =  6 * -7
Q[ 4][ 4] * K[ 3][ 4] =  2 *  6
Q[ 4][ 5] * K[ 3][ 5] =  1 *  3
Q[ 4][ 6] * K[ 3][ 6] = -3 *  4
Q[ 4][ 7] * K[ 3][ 7] =  4 *  7
@cycle 4:  13
Q[ 4][ 0] * K[ 4][ 0] = -8 *  6
Q[ 4][ 1] * K[ 4][ 1] =  5 * -3
Q[ 4][ 2] * K[ 4][ 2] = -2 *  4
Q[ 4][ 3] * K[ 4][ 3] =  6 * -7
Q[ 4][ 4] * K[ 4][ 4] =  2 * -4
Q[ 4][ 5] * K[ 4][ 5] =  1 * -3
Q[ 4][ 6] * K[ 4][ 6] = -3 * -2
Q[ 4][ 7] * K[ 4][ 7] =  4 * -5
@cycle 4: -138
Q[ 4][ 0] * K[ 5][ 0] = -8 *  0
Q[ 4][ 1] * K[ 5][ 1] =  5 * -7
Q[ 4][ 2] * K[ 5][ 2] = -2 *  3
Q[ 4][ 3] * K[ 5][ 3] =  6 *  3
Q[ 4][ 4] * K[ 5][ 4] =  2 * -2
Q[ 4][ 5] * K[ 5][ 5] =  1 *  6
Q[ 4][ 6] * K[ 5][ 6] = -3 *  4
Q[ 4][ 7] * K[ 5][ 7] =  4 * -1
@cycle 4: -37
Q[ 4][ 0] * K[ 6][ 0] = -8 *  7
Q[ 4][ 1] * K[ 6][ 1] =  5 * -5
Q[ 4][ 2] * K[ 6][ 2] = -2 *  2
Q[ 4][ 3] * K[ 6][ 3] =  6 *  1
Q[ 4][ 4] * K[ 6][ 4] =  2 *  3
Q[ 4][ 5] * K[ 6][ 5] =  1 *  6
Q[ 4][ 6] * K[ 6][ 6] = -3 *  1
Q[ 4][ 7] * K[ 6][ 7] =  4 * -5
@cycle 4: -90
Q[ 4][ 0] * K[ 7][ 0] = -8 *  3
Q[ 4][ 1] * K[ 7][ 1] =  5 * -1
Q[ 4][ 2] * K[ 7][ 2] = -2 *  6
Q[ 4][ 3] * K[ 7][ 3] =  6 *  3
Q[ 4][ 4] * K[ 7][ 4] =  2 * -6
Q[ 4][ 5] * K[ 7][ 5] =  1 * -2
Q[ 4][ 6] * K[ 7][ 6] = -3 *  1
Q[ 4][ 7] * K[ 7][ 7] =  4 * -4
@cycle 4: -56
prd @cycle 4: 00050ffff6ffff60000dfff76fffdbfffa6fffc8
Q[ 5][ 0] * K[ 0][ 0] = -2 * -6
Q[ 5][ 1] * K[ 0][ 1] = -1 *  3
Q[ 5][ 2] * K[ 0][ 2] = -2 * -2
Q[ 5][ 3] * K[ 0][ 3] = -6 * -1
Q[ 5][ 4] * K[ 0][ 4] = -1 * -5
Q[ 5][ 5] * K[ 0][ 5] =  4 *  1
Q[ 5][ 6] * K[ 0][ 6] =  0 *  0
Q[ 5][ 7] * K[ 0][ 7] =  2 *  7
@cycle 5:  42
Q[ 5][ 0] * K[ 1][ 0] = -2 *  0
Q[ 5][ 1] * K[ 1][ 1] = -1 * -5
Q[ 5][ 2] * K[ 1][ 2] = -2 * -8
Q[ 5][ 3] * K[ 1][ 3] = -6 *  0
Q[ 5][ 4] * K[ 1][ 4] = -1 *  6
Q[ 5][ 5] * K[ 1][ 5] =  4 *  0
Q[ 5][ 6] * K[ 1][ 6] =  0 * -5
Q[ 5][ 7] * K[ 1][ 7] =  2 * -7
@cycle 5:   1
Q[ 5][ 0] * K[ 2][ 0] = -2 *  4
Q[ 5][ 1] * K[ 2][ 1] = -1 * -7
Q[ 5][ 2] * K[ 2][ 2] = -2 * -6
Q[ 5][ 3] * K[ 2][ 3] = -6 *  3
Q[ 5][ 4] * K[ 2][ 4] = -1 *  7
Q[ 5][ 5] * K[ 2][ 5] =  4 *  7
Q[ 5][ 6] * K[ 2][ 6] =  0 *  6
Q[ 5][ 7] * K[ 2][ 7] =  2 *  6
@cycle 5:  26
Q[ 5][ 0] * K[ 3][ 0] = -2 * -3
Q[ 5][ 1] * K[ 3][ 1] = -1 *  0
Q[ 5][ 2] * K[ 3][ 2] = -2 *  0
Q[ 5][ 3] * K[ 3][ 3] = -6 * -7
Q[ 5][ 4] * K[ 3][ 4] = -1 *  6
Q[ 5][ 5] * K[ 3][ 5] =  4 *  3
Q[ 5][ 6] * K[ 3][ 6] =  0 *  4
Q[ 5][ 7] * K[ 3][ 7] =  2 *  7
@cycle 5:  68
Q[ 5][ 0] * K[ 4][ 0] = -2 *  6
Q[ 5][ 1] * K[ 4][ 1] = -1 * -3
Q[ 5][ 2] * K[ 4][ 2] = -2 *  4
Q[ 5][ 3] * K[ 4][ 3] = -6 * -7
Q[ 5][ 4] * K[ 4][ 4] = -1 * -4
Q[ 5][ 5] * K[ 4][ 5] =  4 * -3
Q[ 5][ 6] * K[ 4][ 6] =  0 * -2
Q[ 5][ 7] * K[ 4][ 7] =  2 * -5
@cycle 5:   7
Q[ 5][ 0] * K[ 5][ 0] = -2 *  0
Q[ 5][ 1] * K[ 5][ 1] = -1 * -7
Q[ 5][ 2] * K[ 5][ 2] = -2 *  3
Q[ 5][ 3] * K[ 5][ 3] = -6 *  3
Q[ 5][ 4] * K[ 5][ 4] = -1 * -2
Q[ 5][ 5] * K[ 5][ 5] =  4 *  6
Q[ 5][ 6] * K[ 5][ 6] =  0 *  4
Q[ 5][ 7] * K[ 5][ 7] =  2 * -1
@cycle 5:   7
Q[ 5][ 0] * K[ 6][ 0] = -2 *  7
Q[ 5][ 1] * K[ 6][ 1] = -1 * -5
Q[ 5][ 2] * K[ 6][ 2] = -2 *  2
Q[ 5][ 3] * K[ 6][ 3] = -6 *  1
Q[ 5][ 4] * K[ 6][ 4] = -1 *  3
Q[ 5][ 5] * K[ 6][ 5] =  4 *  6
Q[ 5][ 6] * K[ 6][ 6] =  0 *  1
Q[ 5][ 7] * K[ 6][ 7] =  2 * -5
@cycle 5:  -8
Q[ 5][ 0] * K[ 7][ 0] = -2 *  3
Q[ 5][ 1] * K[ 7][ 1] = -1 * -1
Q[ 5][ 2] * K[ 7][ 2] = -2 *  6
Q[ 5][ 3] * K[ 7][ 3] = -6 *  3
Q[ 5][ 4] * K[ 7][ 4] = -1 * -6
Q[ 5][ 5] * K[ 7][ 5] =  4 * -2
Q[ 5][ 6] * K[ 7][ 6] =  0 *  1
Q[ 5][ 7] * K[ 7][ 7] =  2 * -4
@cycle 5: -45
prd @cycle 5: 0002a000010001a000440000700007ffff8fffd3
Q[ 6][ 0] * K[ 0][ 0] =  5 * -6
Q[ 6][ 1] * K[ 0][ 1] = -7 *  3
Q[ 6][ 2] * K[ 0][ 2] = -1 * -2
Q[ 6][ 3] * K[ 0][ 3] =  3 * -1
Q[ 6][ 4] * K[ 0][ 4] =  2 * -5
Q[ 6][ 5] * K[ 0][ 5] =  1 *  1
Q[ 6][ 6] * K[ 0][ 6] = -7 *  0
Q[ 6][ 7] * K[ 0][ 7] =  6 *  7
@cycle 6: -19
Q[ 6][ 0] * K[ 1][ 0] =  5 *  0
Q[ 6][ 1] * K[ 1][ 1] = -7 * -5
Q[ 6][ 2] * K[ 1][ 2] = -1 * -8
Q[ 6][ 3] * K[ 1][ 3] =  3 *  0
Q[ 6][ 4] * K[ 1][ 4] =  2 *  6
Q[ 6][ 5] * K[ 1][ 5] =  1 *  0
Q[ 6][ 6] * K[ 1][ 6] = -7 * -5
Q[ 6][ 7] * K[ 1][ 7] =  6 * -7
@cycle 6:  48
Q[ 6][ 0] * K[ 2][ 0] =  5 *  4
Q[ 6][ 1] * K[ 2][ 1] = -7 * -7
Q[ 6][ 2] * K[ 2][ 2] = -1 * -6
Q[ 6][ 3] * K[ 2][ 3] =  3 *  3
Q[ 6][ 4] * K[ 2][ 4] =  2 *  7
Q[ 6][ 5] * K[ 2][ 5] =  1 *  7
Q[ 6][ 6] * K[ 2][ 6] = -7 *  6
Q[ 6][ 7] * K[ 2][ 7] =  6 *  6
@cycle 6:  99
Q[ 6][ 0] * K[ 3][ 0] =  5 * -3
Q[ 6][ 1] * K[ 3][ 1] = -7 *  0
Q[ 6][ 2] * K[ 3][ 2] = -1 *  0
Q[ 6][ 3] * K[ 3][ 3] =  3 * -7
Q[ 6][ 4] * K[ 3][ 4] =  2 *  6
Q[ 6][ 5] * K[ 3][ 5] =  1 *  3
Q[ 6][ 6] * K[ 3][ 6] = -7 *  4
Q[ 6][ 7] * K[ 3][ 7] =  6 *  7
@cycle 6:  -7
Q[ 6][ 0] * K[ 4][ 0] =  5 *  6
Q[ 6][ 1] * K[ 4][ 1] = -7 * -3
Q[ 6][ 2] * K[ 4][ 2] = -1 *  4
Q[ 6][ 3] * K[ 4][ 3] =  3 * -7
Q[ 6][ 4] * K[ 4][ 4] =  2 * -4
Q[ 6][ 5] * K[ 4][ 5] =  1 * -3
Q[ 6][ 6] * K[ 4][ 6] = -7 * -2
Q[ 6][ 7] * K[ 4][ 7] =  6 * -5
@cycle 6:  -1
Q[ 6][ 0] * K[ 5][ 0] =  5 *  0
Q[ 6][ 1] * K[ 5][ 1] = -7 * -7
Q[ 6][ 2] * K[ 5][ 2] = -1 *  3
Q[ 6][ 3] * K[ 5][ 3] =  3 *  3
Q[ 6][ 4] * K[ 5][ 4] =  2 * -2
Q[ 6][ 5] * K[ 5][ 5] =  1 *  6
Q[ 6][ 6] * K[ 5][ 6] = -7 *  4
Q[ 6][ 7] * K[ 5][ 7] =  6 * -1
@cycle 6:  23
Q[ 6][ 0] * K[ 6][ 0] =  5 *  7
Q[ 6][ 1] * K[ 6][ 1] = -7 * -5
Q[ 6][ 2] * K[ 6][ 2] = -1 *  2
Q[ 6][ 3] * K[ 6][ 3] =  3 *  1
Q[ 6][ 4] * K[ 6][ 4] =  2 *  3
Q[ 6][ 5] * K[ 6][ 5] =  1 *  6
Q[ 6][ 6] * K[ 6][ 6] = -7 *  1
Q[ 6][ 7] * K[ 6][ 7] =  6 * -5
@cycle 6:  46
Q[ 6][ 0] * K[ 7][ 0] =  5 *  3
Q[ 6][ 1] * K[ 7][ 1] = -7 * -1
Q[ 6][ 2] * K[ 7][ 2] = -1 *  6
Q[ 6][ 3] * K[ 7][ 3] =  3 *  3
Q[ 6][ 4] * K[ 7][ 4] =  2 * -6
Q[ 6][ 5] * K[ 7][ 5] =  1 * -2
Q[ 6][ 6] * K[ 7][ 6] = -7 *  1
Q[ 6][ 7] * K[ 7][ 7] =  6 * -4
@cycle 6: -20
prd @cycle 6: fffed0003000063ffff9fffff000170002efffec
Q[ 7][ 0] * K[ 0][ 0] =  5 * -6
Q[ 7][ 1] * K[ 0][ 1] = -8 *  3
Q[ 7][ 2] * K[ 0][ 2] = -3 * -2
Q[ 7][ 3] * K[ 0][ 3] =  6 * -1
Q[ 7][ 4] * K[ 0][ 4] =  0 * -5
Q[ 7][ 5] * K[ 0][ 5] = -2 *  1
Q[ 7][ 6] * K[ 0][ 6] =  6 *  0
Q[ 7][ 7] * K[ 0][ 7] = -1 *  7
@cycle 7: -63
Q[ 7][ 0] * K[ 1][ 0] =  5 *  0
Q[ 7][ 1] * K[ 1][ 1] = -8 * -5
Q[ 7][ 2] * K[ 1][ 2] = -3 * -8
Q[ 7][ 3] * K[ 1][ 3] =  6 *  0
Q[ 7][ 4] * K[ 1][ 4] =  0 *  6
Q[ 7][ 5] * K[ 1][ 5] = -2 *  0
Q[ 7][ 6] * K[ 1][ 6] =  6 * -5
Q[ 7][ 7] * K[ 1][ 7] = -1 * -7
@cycle 7:  41
Q[ 7][ 0] * K[ 2][ 0] =  5 *  4
Q[ 7][ 1] * K[ 2][ 1] = -8 * -7
Q[ 7][ 2] * K[ 2][ 2] = -3 * -6
Q[ 7][ 3] * K[ 2][ 3] =  6 *  3
Q[ 7][ 4] * K[ 2][ 4] =  0 *  7
Q[ 7][ 5] * K[ 2][ 5] = -2 *  7
Q[ 7][ 6] * K[ 2][ 6] =  6 *  6
Q[ 7][ 7] * K[ 2][ 7] = -1 *  6
@cycle 7: 128
Q[ 7][ 0] * K[ 3][ 0] =  5 * -3
Q[ 7][ 1] * K[ 3][ 1] = -8 *  0
Q[ 7][ 2] * K[ 3][ 2] = -3 *  0
Q[ 7][ 3] * K[ 3][ 3] =  6 * -7
Q[ 7][ 4] * K[ 3][ 4] =  0 *  6
Q[ 7][ 5] * K[ 3][ 5] = -2 *  3
Q[ 7][ 6] * K[ 3][ 6] =  6 *  4
Q[ 7][ 7] * K[ 3][ 7] = -1 *  7
@cycle 7: -46
Q[ 7][ 0] * K[ 4][ 0] =  5 *  6
Q[ 7][ 1] * K[ 4][ 1] = -8 * -3
Q[ 7][ 2] * K[ 4][ 2] = -3 *  4
Q[ 7][ 3] * K[ 4][ 3] =  6 * -7
Q[ 7][ 4] * K[ 4][ 4] =  0 * -4
Q[ 7][ 5] * K[ 4][ 5] = -2 * -3
Q[ 7][ 6] * K[ 4][ 6] =  6 * -2
Q[ 7][ 7] * K[ 4][ 7] = -1 * -5
@cycle 7:  -1
Q[ 7][ 0] * K[ 5][ 0] =  5 *  0
Q[ 7][ 1] * K[ 5][ 1] = -8 * -7
Q[ 7][ 2] * K[ 5][ 2] = -3 *  3
Q[ 7][ 3] * K[ 5][ 3] =  6 *  3
Q[ 7][ 4] * K[ 5][ 4] =  0 * -2
Q[ 7][ 5] * K[ 5][ 5] = -2 *  6
Q[ 7][ 6] * K[ 5][ 6] =  6 *  4
Q[ 7][ 7] * K[ 5][ 7] = -1 * -1
@cycle 7:  78
Q[ 7][ 0] * K[ 6][ 0] =  5 *  7
Q[ 7][ 1] * K[ 6][ 1] = -8 * -5
Q[ 7][ 2] * K[ 6][ 2] = -3 *  2
Q[ 7][ 3] * K[ 6][ 3] =  6 *  1
Q[ 7][ 4] * K[ 6][ 4] =  0 *  3
Q[ 7][ 5] * K[ 6][ 5] = -2 *  6
Q[ 7][ 6] * K[ 6][ 6] =  6 *  1
Q[ 7][ 7] * K[ 6][ 7] = -1 * -5
@cycle 7:  74
Q[ 7][ 0] * K[ 7][ 0] =  5 *  3
Q[ 7][ 1] * K[ 7][ 1] = -8 * -1
Q[ 7][ 2] * K[ 7][ 2] = -3 *  6
Q[ 7][ 3] * K[ 7][ 3] =  6 *  3
Q[ 7][ 4] * K[ 7][ 4] =  0 * -6
Q[ 7][ 5] * K[ 7][ 5] = -2 * -2
Q[ 7][ 6] * K[ 7][ 6] =  6 *  1
Q[ 7][ 7] * K[ 7][ 7] = -1 * -4
@cycle 7:  37
prd @cycle 7: fffc10002900080fffd2fffff0004e0004a00025
##### Estimated Multiplication Result (Decimal) #####
---------------------------------------------------
Cycle  0 |     93 |    -20 |     -7 |     94 |    -48 |    -45 |    -63 |    -86 |
Cycle  1 |     52 |    -21 |    -73 |     24 |     -5 |    -33 |    -41 |    -23 |
Cycle  2 |     52 |     -8 |     38 |     68 |    -25 |      3 |    -43 |    -44 |
Cycle  3 |     33 |    -74 |     17 |    125 |    -37 |    -17 |    -27 |    -51 |
Cycle  4 |     80 |    -10 |    -10 |     13 |   -138 |    -37 |    -90 |    -56 |
Cycle  5 |     42 |      1 |     26 |     68 |      7 |      7 |     -8 |    -45 |
Cycle  6 |    -19 |     48 |     99 |     -7 |     -1 |     23 |     46 |    -20 |
Cycle  7 |    -63 |     41 |    128 |    -46 |     -1 |     78 |     74 |     37 |
---------------------------------------------------
##### Qmem writing  #####
##### Kmem writing #####
##### K data loading to processor #####
##### execute #####
##### move ofifo to pmem #####
##### PMEM TO OUT #####
Core Output |      x |      x |      x |      x |      x |      x |      x |      x |
---------------------------------------------------
Core Output |     93 |    -20 |     -7 |     94 |    -48 |    -45 |    -63 |    -86 |
---------------------------------------------------
Core Output |     52 |    -21 |    -73 |     24 |     -5 |    -33 |    -41 |    -23 |
---------------------------------------------------
Core Output |     52 |     -8 |     38 |     68 |    -25 |      3 |    -43 |    -44 |
---------------------------------------------------
Core Output |     33 |    -74 |     17 |    125 |    -37 |    -17 |    -27 |    -51 |
---------------------------------------------------
Core Output |     80 |    -10 |    -10 |     13 |   -138 |    -37 |    -90 |    -56 |
---------------------------------------------------
Core Output |     42 |      1 |     26 |     68 |      7 |      7 |     -8 |    -45 |
---------------------------------------------------
Core Output |    -19 |     48 |     99 |     -7 |     -1 |     23 |     46 |    -20 |
---------------------------------------------------
Core Output |    -63 |     41 |    128 |    -46 |     -1 |     78 |     74 |     37 |
---------------------------------------------------
Simulation complete via $finish(1) at time 915 NS + 0
./netlist/fullchip_tb.v:381   #0.50 $finish;
xcelium> 