*----------------------------------------------------------------------------------------
*	Innovus 15.23-s045_1 (64bit) 04/22/2016 12:32 (Linux 2.6.18-194.el5)
*	
*
* 	Date & Time:	2025-Mar-21 23:15:02 (2025-Mar-22 06:15:02 GMT)
*
*----------------------------------------------------------------------------------------
*
*	Design: core
*
*	Liberty Libraries used: 
*	        WC_VIEW: /home/linux/ieng6/ee260bwi25/public/PDKdata/lib/tcbn65gpluswc.lib
*	        WC_VIEW: ./subckt/sram_w16_160_WC.lib
*	        WC_VIEW: ./subckt/sram_w16_64_WC.lib
*
*	Power Domain used: 
*		Rail:        VDD 	Voltage:        0.9 
*
*       Power View : WC_VIEW
*
*       User-Defined Activity : N.A.
*
*       Activity File: N.A.
*
*       Hierarchical Global Activity: N.A.
*
*       Global Activity: N.A.
*
*       Sequential Element Activity: 0.200000
*
*       Primary Input Activity: 0.200000
*
*       Default icg ratio: N.A.
*
*       Global Comb ClockGate Ratio: N.A.
*
*	Power Units = 1mW
*
*	Time Units = 1e-09 secs 
*
*       report_power -outfile core.post_route.power.rpt
*
-----------------------------------------------------------------------------------------


Total Power 
-----------------------------------------------------------------------------------------
Total Internal Power:       62.46408819 	   59.8768%
Total Switching Power:      40.63066810 	   38.9477%
Total Leakage Power:         1.22631629 	    1.1755%
Total Power:               104.32107265 
-----------------------------------------------------------------------------------------


Group                           Internal   Switching     Leakage       Total  Percentage 
                                Power      Power         Power         Power  (%)        
-----------------------------------------------------------------------------------------
Sequential                         24.73       2.092      0.1865       27.01       25.89 
Macro                                  0      0.9505     0.08972        1.04      0.9971 
IO                                     0           0           0           0           0 
Combinational                      34.53        32.9      0.9279       68.36       65.53 
Clock (Combinational)              3.201       4.688     0.02219       7.911       7.584 
Clock (Sequential)                     0           0           0           0           0 
-----------------------------------------------------------------------------------------
Total                              62.46       40.63       1.226       104.3         100 
-----------------------------------------------------------------------------------------


Rail                  Voltage   Internal   Switching     Leakage       Total  Percentage 
                                Power      Power         Power         Power  (%)        
-----------------------------------------------------------------------------------------
VDD                       0.9      62.46       40.63       1.226       104.3         100 


Clock                           Internal   Switching     Leakage       Total  Percentage 
                                Power      Power         Power         Power  (%)        
-----------------------------------------------------------------------------------------
clk                                3.201       4.688     0.02219       7.911       7.584 
-----------------------------------------------------------------------------------------
Total (excluding duplicates)       3.201       4.688     0.02219       7.911       7.584 
-----------------------------------------------------------------------------------------


-----------------------------------------------------------------------------------------
*	Power Distribution Summary: 
* 		Highest Average Power:         psum_mem_instance (sram_w16_160): 	    0.8618 
* 		Highest Leakage Power: mac_array_instance/col_idx_7__mac_col_inst/mac_16in_instance/U1194 (FA1D4): 	 0.0002644 
* 		Total Cap: 	1.91585e-10 F
* 		Total instances in design: 34490
* 		Total instances in design with no power:     0
*          Total instances in design with no activity:     0
* 		Total Fillers and Decap:  9886
-----------------------------------------------------------------------------------------

