
Cadence Innovus(TM) Implementation System.
Copyright 2015 Cadence Design Systems, Inc. All rights reserved worldwide.

Version:	v15.23-s045_1, built Fri Apr 22 12:32:52 PDT 2016
Options:	
Date:		Thu Mar 20 17:02:39 2025
Host:		ieng6-ece-17.ucsd.edu (x86_64 w/Linux 3.10.0-1160.119.1.el7.x86_64) (4cores*8cpus*Intel(R) Xeon(R) Gold 5220 CPU @ 2.20GHz 25344KB)
OS:		CentOS Linux release 7.9.2009 (Core)

License:
		invs	Innovus Implementation System	15.2	checkout succeeded
		8 CPU jobs allowed with the current license(s). Use setMultiCpuUsage to set your required CPU count.
**ERROR: (IMPOAX-142):	Could not open shared library libinnovusoax22.so : /acsnfs3/software/cadence-innovus152/tools/lib/64bit/libcdsSkillPcell.so: undefined symbol: _ZTIN12OpenAccess_413oaFSComponentE

**ERROR: (IMPOAX-142):	Could not open shared library libcdsSkillPcell.so : (null)

**ERROR: (IMPOAX-142):	OA features will be disabled in this session.


**INFO:  MMMC transition support version v31-84 

<CMD> set_global _enable_mmmc_by_default_flow      $CTE::mmmc_default
<CMD> suppressMessage ENCEXT-2799
<CMD> getDrawView
<CMD> loadWorkspace -name Physical
<CMD> win
<CMD> set init_pwr_net VDD
<CMD> set init_gnd_net VSS
<CMD> set init_verilog ./netlist/core.out.v
<CMD> set init_design_netlisttype Verilog
<CMD> set init_design_settop 1
<CMD> set init_top_cell core
<CMD> set init_lef_file /home/linux/ieng6/ee260bwi25/public/PDKdata/lef/tcbn65gplus_8lmT2.lef
<CMD> create_library_set -name WC_LIB -timing $worst_timing_lib ./subckt/sram_w16_160_WC.lib
**ERROR: (TCLCMD-981):	Unsupported extra argument './subckt/sram_w16_160_WC.lib' in command 'create_library_set'.

