###############################################################
#  Generated by:      Cadence Innovus 15.23-s045_1
#  OS:                Linux x86_64(Host ID ieng6-ece-17.ucsd.edu)
#  Generated on:      Fri Mar 21 14:37:47 2025
#  Design:            sram_w16
#  Command:           checkPinAssignment
###############################################################

Start Checking pins of top cell: [sram_w16] 
**ERROR: (IMPPTN-1755):   Pin [D[127]] of partition [sram_w16] is [FIXED] at location ( 228.300,    0.000) on layer 3 is NOT ON ALLOWED PIN LAYER.
**ERROR: (IMPPTN-1755):   Pin [D[126]] of partition [sram_w16] is [FIXED] at location ( 226.700,    0.000) on layer 3 is NOT ON ALLOWED PIN LAYER.
**ERROR: (IMPPTN-1755):   Pin [D[125]] of partition [sram_w16] is [FIXED] at location ( 225.100,    0.000) on layer 3 is NOT ON ALLOWED PIN LAYER.
**ERROR: (IMPPTN-1755):   Pin [D[124]] of partition [sram_w16] is [FIXED] at location ( 223.500,    0.000) on layer 3 is NOT ON ALLOWED PIN LAYER.
**ERROR: (IMPPTN-1755):   Pin [D[123]] of partition [sram_w16] is [FIXED] at location ( 221.900,    0.000) on layer 3 is NOT ON ALLOWED PIN LAYER.
**ERROR: (IMPPTN-1755):   Pin [D[122]] of partition [sram_w16] is [FIXED] at location ( 220.300,    0.000) on layer 3 is NOT ON ALLOWED PIN LAYER.
**ERROR: (IMPPTN-1755):   Pin [D[121]] of partition [sram_w16] is [FIXED] at location ( 218.700,    0.000) on layer 3 is NOT ON ALLOWED PIN LAYER.
**ERROR: (IMPPTN-1755):   Pin [D[120]] of partition [sram_w16] is [FIXED] at location ( 217.100,    0.000) on layer 3 is NOT ON ALLOWED PIN LAYER.
**ERROR: (IMPPTN-1755):   Pin [D[119]] of partition [sram_w16] is [FIXED] at location ( 215.500,    0.000) on layer 3 is NOT ON ALLOWED PIN LAYER.
**ERROR: (IMPPTN-1755):   Pin [D[118]] of partition [sram_w16] is [FIXED] at location ( 213.900,    0.000) on layer 3 is NOT ON ALLOWED PIN LAYER.
**ERROR: (IMPPTN-1755):   Pin [D[117]] of partition [sram_w16] is [FIXED] at location ( 212.300,    0.000) on layer 3 is NOT ON ALLOWED PIN LAYER.
**ERROR: (IMPPTN-1755):   Pin [D[116]] of partition [sram_w16] is [FIXED] at location ( 210.700,    0.000) on layer 3 is NOT ON ALLOWED PIN LAYER.
**ERROR: (IMPPTN-1755):   Pin [D[115]] of partition [sram_w16] is [FIXED] at location ( 209.100,    0.000) on layer 3 is NOT ON ALLOWED PIN LAYER.
**ERROR: (IMPPTN-1755):   Pin [D[114]] of partition [sram_w16] is [FIXED] at location ( 207.500,    0.000) on layer 3 is NOT ON ALLOWED PIN LAYER.
**ERROR: (IMPPTN-1755):   Pin [D[113]] of partition [sram_w16] is [FIXED] at location ( 205.900,    0.000) on layer 3 is NOT ON ALLOWED PIN LAYER.
**ERROR: (IMPPTN-1755):   Pin [D[112]] of partition [sram_w16] is [FIXED] at location ( 204.300,    0.000) on layer 3 is NOT ON ALLOWED PIN LAYER.
**ERROR: (IMPPTN-1755):   Pin [D[111]] of partition [sram_w16] is [FIXED] at location ( 202.700,    0.000) on layer 3 is NOT ON ALLOWED PIN LAYER.
**ERROR: (IMPPTN-1755):   Pin [D[110]] of partition [sram_w16] is [FIXED] at location ( 201.100,    0.000) on layer 3 is NOT ON ALLOWED PIN LAYER.
**ERROR: (IMPPTN-1755):   Pin [D[109]] of partition [sram_w16] is [FIXED] at location ( 199.500,    0.000) on layer 3 is NOT ON ALLOWED PIN LAYER.
**ERROR: (IMPPTN-1755):   Pin [D[108]] of partition [sram_w16] is [FIXED] at location ( 197.900,    0.000) on layer 3 is NOT ON ALLOWED PIN LAYER.
**ERROR: (IMPPTN-1755):   Pin [D[107]] of partition [sram_w16] is [FIXED] at location ( 196.300,    0.000) on layer 3 is NOT ON ALLOWED PIN LAYER.
**ERROR: (IMPPTN-1755):   Pin [D[106]] of partition [sram_w16] is [FIXED] at location ( 194.700,    0.000) on layer 3 is NOT ON ALLOWED PIN LAYER.
**ERROR: (IMPPTN-1755):   Pin [D[105]] of partition [sram_w16] is [FIXED] at location ( 193.100,    0.000) on layer 3 is NOT ON ALLOWED PIN LAYER.
**ERROR: (IMPPTN-1755):   Pin [D[104]] of partition [sram_w16] is [FIXED] at location ( 191.500,    0.000) on layer 3 is NOT ON ALLOWED PIN LAYER.
**ERROR: (IMPPTN-1755):   Pin [D[103]] of partition [sram_w16] is [FIXED] at location ( 189.900,    0.000) on layer 3 is NOT ON ALLOWED PIN LAYER.
**ERROR: (IMPPTN-1755):   Pin [D[102]] of partition [sram_w16] is [FIXED] at location ( 188.300,    0.000) on layer 3 is NOT ON ALLOWED PIN LAYER.
**ERROR: (IMPPTN-1755):   Pin [D[101]] of partition [sram_w16] is [FIXED] at location ( 186.700,    0.000) on layer 3 is NOT ON ALLOWED PIN LAYER.
**ERROR: (IMPPTN-1755):   Pin [D[100]] of partition [sram_w16] is [FIXED] at location ( 185.100,    0.000) on layer 3 is NOT ON ALLOWED PIN LAYER.
**ERROR: (IMPPTN-1755):   Pin [D[99]] of partition [sram_w16] is [FIXED] at location ( 183.500,    0.000) on layer 3 is NOT ON ALLOWED PIN LAYER.
**ERROR: (IMPPTN-1755):   Pin [D[98]] of partition [sram_w16] is [FIXED] at location ( 181.900,    0.000) on layer 3 is NOT ON ALLOWED PIN LAYER.
**ERROR: (IMPPTN-1755):   Pin [D[97]] of partition [sram_w16] is [FIXED] at location ( 180.300,    0.000) on layer 3 is NOT ON ALLOWED PIN LAYER.
**ERROR: (IMPPTN-1755):   Pin [D[96]] of partition [sram_w16] is [FIXED] at location ( 178.700,    0.000) on layer 3 is NOT ON ALLOWED PIN LAYER.
**ERROR: (IMPPTN-1755):   Pin [D[95]] of partition [sram_w16] is [FIXED] at location ( 177.100,    0.000) on layer 3 is NOT ON ALLOWED PIN LAYER.
**ERROR: (IMPPTN-1755):   Pin [D[94]] of partition [sram_w16] is [FIXED] at location ( 175.500,    0.000) on layer 3 is NOT ON ALLOWED PIN LAYER.
**ERROR: (IMPPTN-1755):   Pin [D[93]] of partition [sram_w16] is [FIXED] at location ( 173.900,    0.000) on layer 3 is NOT ON ALLOWED PIN LAYER.
**ERROR: (IMPPTN-1755):   Pin [D[92]] of partition [sram_w16] is [FIXED] at location ( 172.300,    0.000) on layer 3 is NOT ON ALLOWED PIN LAYER.
**ERROR: (IMPPTN-1755):   Pin [D[91]] of partition [sram_w16] is [FIXED] at location ( 170.700,    0.000) on layer 3 is NOT ON ALLOWED PIN LAYER.
**ERROR: (IMPPTN-1755):   Pin [D[90]] of partition [sram_w16] is [FIXED] at location ( 169.100,    0.000) on layer 3 is NOT ON ALLOWED PIN LAYER.
**ERROR: (IMPPTN-1755):   Pin [D[89]] of partition [sram_w16] is [FIXED] at location ( 167.500,    0.000) on layer 3 is NOT ON ALLOWED PIN LAYER.
**ERROR: (IMPPTN-1755):   Pin [D[88]] of partition [sram_w16] is [FIXED] at location ( 165.900,    0.000) on layer 3 is NOT ON ALLOWED PIN LAYER.
**ERROR: (IMPPTN-1755):   Pin [D[87]] of partition [sram_w16] is [FIXED] at location ( 164.300,    0.000) on layer 3 is NOT ON ALLOWED PIN LAYER.
**ERROR: (IMPPTN-1755):   Pin [D[86]] of partition [sram_w16] is [FIXED] at location ( 162.700,    0.000) on layer 3 is NOT ON ALLOWED PIN LAYER.
**ERROR: (IMPPTN-1755):   Pin [D[85]] of partition [sram_w16] is [FIXED] at location ( 161.100,    0.000) on layer 3 is NOT ON ALLOWED PIN LAYER.
**ERROR: (IMPPTN-1755):   Pin [D[84]] of partition [sram_w16] is [FIXED] at location ( 159.500,    0.000) on layer 3 is NOT ON ALLOWED PIN LAYER.
**ERROR: (IMPPTN-1755):   Pin [D[83]] of partition [sram_w16] is [FIXED] at location ( 157.900,    0.000) on layer 3 is NOT ON ALLOWED PIN LAYER.
**ERROR: (IMPPTN-1755):   Pin [D[82]] of partition [sram_w16] is [FIXED] at location ( 156.300,    0.000) on layer 3 is NOT ON ALLOWED PIN LAYER.
**ERROR: (IMPPTN-1755):   Pin [D[81]] of partition [sram_w16] is [FIXED] at location ( 154.700,    0.000) on layer 3 is NOT ON ALLOWED PIN LAYER.
**ERROR: (IMPPTN-1755):   Pin [D[80]] of partition [sram_w16] is [FIXED] at location ( 153.100,    0.000) on layer 3 is NOT ON ALLOWED PIN LAYER.
**ERROR: (IMPPTN-1755):   Pin [D[79]] of partition [sram_w16] is [FIXED] at location ( 151.500,    0.000) on layer 3 is NOT ON ALLOWED PIN LAYER.
**ERROR: (IMPPTN-1755):   Pin [D[78]] of partition [sram_w16] is [FIXED] at location ( 149.900,    0.000) on layer 3 is NOT ON ALLOWED PIN LAYER.
**ERROR: (IMPPTN-1755):   Pin [D[77]] of partition [sram_w16] is [FIXED] at location ( 148.300,    0.000) on layer 3 is NOT ON ALLOWED PIN LAYER.
**ERROR: (IMPPTN-1755):   Pin [D[76]] of partition [sram_w16] is [FIXED] at location ( 146.700,    0.000) on layer 3 is NOT ON ALLOWED PIN LAYER.
**ERROR: (IMPPTN-1755):   Pin [D[75]] of partition [sram_w16] is [FIXED] at location ( 145.100,    0.000) on layer 3 is NOT ON ALLOWED PIN LAYER.
**ERROR: (IMPPTN-1755):   Pin [D[74]] of partition [sram_w16] is [FIXED] at location ( 143.500,    0.000) on layer 3 is NOT ON ALLOWED PIN LAYER.
**ERROR: (IMPPTN-1755):   Pin [D[73]] of partition [sram_w16] is [FIXED] at location ( 141.900,    0.000) on layer 3 is NOT ON ALLOWED PIN LAYER.
**ERROR: (IMPPTN-1755):   Pin [D[72]] of partition [sram_w16] is [FIXED] at location ( 140.300,    0.000) on layer 3 is NOT ON ALLOWED PIN LAYER.
**ERROR: (IMPPTN-1755):   Pin [D[71]] of partition [sram_w16] is [FIXED] at location ( 138.700,    0.000) on layer 3 is NOT ON ALLOWED PIN LAYER.
**ERROR: (IMPPTN-1755):   Pin [D[70]] of partition [sram_w16] is [FIXED] at location ( 137.100,    0.000) on layer 3 is NOT ON ALLOWED PIN LAYER.
**ERROR: (IMPPTN-1755):   Pin [D[69]] of partition [sram_w16] is [FIXED] at location ( 135.500,    0.000) on layer 3 is NOT ON ALLOWED PIN LAYER.
**ERROR: (IMPPTN-1755):   Pin [D[68]] of partition [sram_w16] is [FIXED] at location ( 133.900,    0.000) on layer 3 is NOT ON ALLOWED PIN LAYER.
**ERROR: (IMPPTN-1755):   Pin [D[67]] of partition [sram_w16] is [FIXED] at location ( 132.300,    0.000) on layer 3 is NOT ON ALLOWED PIN LAYER.
**ERROR: (IMPPTN-1755):   Pin [D[66]] of partition [sram_w16] is [FIXED] at location ( 130.700,    0.000) on layer 3 is NOT ON ALLOWED PIN LAYER.
**ERROR: (IMPPTN-1755):   Pin [D[65]] of partition [sram_w16] is [FIXED] at location ( 129.100,    0.000) on layer 3 is NOT ON ALLOWED PIN LAYER.
**ERROR: (IMPPTN-1755):   Pin [D[64]] of partition [sram_w16] is [FIXED] at location ( 127.500,    0.000) on layer 3 is NOT ON ALLOWED PIN LAYER.
**ERROR: (IMPPTN-1755):   Pin [D[63]] of partition [sram_w16] is [FIXED] at location ( 125.900,    0.000) on layer 3 is NOT ON ALLOWED PIN LAYER.
**ERROR: (IMPPTN-1755):   Pin [D[62]] of partition [sram_w16] is [FIXED] at location ( 124.300,    0.000) on layer 3 is NOT ON ALLOWED PIN LAYER.
**ERROR: (IMPPTN-1755):   Pin [D[61]] of partition [sram_w16] is [FIXED] at location ( 122.700,    0.000) on layer 3 is NOT ON ALLOWED PIN LAYER.
**ERROR: (IMPPTN-1755):   Pin [D[60]] of partition [sram_w16] is [FIXED] at location ( 121.100,    0.000) on layer 3 is NOT ON ALLOWED PIN LAYER.
**ERROR: (IMPPTN-1755):   Pin [D[59]] of partition [sram_w16] is [FIXED] at location ( 119.500,    0.000) on layer 3 is NOT ON ALLOWED PIN LAYER.
**ERROR: (IMPPTN-1755):   Pin [D[58]] of partition [sram_w16] is [FIXED] at location ( 117.900,    0.000) on layer 3 is NOT ON ALLOWED PIN LAYER.
**ERROR: (IMPPTN-1755):   Pin [D[57]] of partition [sram_w16] is [FIXED] at location ( 116.300,    0.000) on layer 3 is NOT ON ALLOWED PIN LAYER.
**ERROR: (IMPPTN-1755):   Pin [D[56]] of partition [sram_w16] is [FIXED] at location ( 114.700,    0.000) on layer 3 is NOT ON ALLOWED PIN LAYER.
**ERROR: (IMPPTN-1755):   Pin [D[55]] of partition [sram_w16] is [FIXED] at location ( 113.100,    0.000) on layer 3 is NOT ON ALLOWED PIN LAYER.
**ERROR: (IMPPTN-1755):   Pin [D[54]] of partition [sram_w16] is [FIXED] at location ( 111.500,    0.000) on layer 3 is NOT ON ALLOWED PIN LAYER.
**ERROR: (IMPPTN-1755):   Pin [D[53]] of partition [sram_w16] is [FIXED] at location ( 109.900,    0.000) on layer 3 is NOT ON ALLOWED PIN LAYER.
**ERROR: (IMPPTN-1755):   Pin [D[52]] of partition [sram_w16] is [FIXED] at location ( 108.300,    0.000) on layer 3 is NOT ON ALLOWED PIN LAYER.
**ERROR: (IMPPTN-1755):   Pin [D[51]] of partition [sram_w16] is [FIXED] at location ( 106.700,    0.000) on layer 3 is NOT ON ALLOWED PIN LAYER.
**ERROR: (IMPPTN-1755):   Pin [D[50]] of partition [sram_w16] is [FIXED] at location ( 105.100,    0.000) on layer 3 is NOT ON ALLOWED PIN LAYER.
**ERROR: (IMPPTN-1755):   Pin [D[49]] of partition [sram_w16] is [FIXED] at location ( 103.500,    0.000) on layer 3 is NOT ON ALLOWED PIN LAYER.
**ERROR: (IMPPTN-1755):   Pin [D[48]] of partition [sram_w16] is [FIXED] at location ( 101.900,    0.000) on layer 3 is NOT ON ALLOWED PIN LAYER.
**ERROR: (IMPPTN-1755):   Pin [D[47]] of partition [sram_w16] is [FIXED] at location ( 100.300,    0.000) on layer 3 is NOT ON ALLOWED PIN LAYER.
**ERROR: (IMPPTN-1755):   Pin [D[46]] of partition [sram_w16] is [FIXED] at location (  98.700,    0.000) on layer 3 is NOT ON ALLOWED PIN LAYER.
**ERROR: (IMPPTN-1755):   Pin [D[45]] of partition [sram_w16] is [FIXED] at location (  97.100,    0.000) on layer 3 is NOT ON ALLOWED PIN LAYER.
**ERROR: (IMPPTN-1755):   Pin [D[44]] of partition [sram_w16] is [FIXED] at location (  95.500,    0.000) on layer 3 is NOT ON ALLOWED PIN LAYER.
**ERROR: (IMPPTN-1755):   Pin [D[43]] of partition [sram_w16] is [FIXED] at location (  93.900,    0.000) on layer 3 is NOT ON ALLOWED PIN LAYER.
**ERROR: (IMPPTN-1755):   Pin [D[42]] of partition [sram_w16] is [FIXED] at location (  92.300,    0.000) on layer 3 is NOT ON ALLOWED PIN LAYER.
**ERROR: (IMPPTN-1755):   Pin [D[41]] of partition [sram_w16] is [FIXED] at location (  90.700,    0.000) on layer 3 is NOT ON ALLOWED PIN LAYER.
**ERROR: (IMPPTN-1755):   Pin [D[40]] of partition [sram_w16] is [FIXED] at location (  89.100,    0.000) on layer 3 is NOT ON ALLOWED PIN LAYER.
**ERROR: (IMPPTN-1755):   Pin [D[39]] of partition [sram_w16] is [FIXED] at location (  87.500,    0.000) on layer 3 is NOT ON ALLOWED PIN LAYER.
**ERROR: (IMPPTN-1755):   Pin [D[38]] of partition [sram_w16] is [FIXED] at location (  85.900,    0.000) on layer 3 is NOT ON ALLOWED PIN LAYER.
**ERROR: (IMPPTN-1755):   Pin [D[37]] of partition [sram_w16] is [FIXED] at location (  84.300,    0.000) on layer 3 is NOT ON ALLOWED PIN LAYER.
**ERROR: (IMPPTN-1755):   Pin [D[36]] of partition [sram_w16] is [FIXED] at location (  82.700,    0.000) on layer 3 is NOT ON ALLOWED PIN LAYER.
**ERROR: (IMPPTN-1755):   Pin [D[35]] of partition [sram_w16] is [FIXED] at location (  81.100,    0.000) on layer 3 is NOT ON ALLOWED PIN LAYER.
**ERROR: (IMPPTN-1755):   Pin [D[34]] of partition [sram_w16] is [FIXED] at location (  79.500,    0.000) on layer 3 is NOT ON ALLOWED PIN LAYER.
**ERROR: (IMPPTN-1755):   Pin [D[33]] of partition [sram_w16] is [FIXED] at location (  77.900,    0.000) on layer 3 is NOT ON ALLOWED PIN LAYER.
**ERROR: (IMPPTN-1755):   Pin [D[32]] of partition [sram_w16] is [FIXED] at location (  76.300,    0.000) on layer 3 is NOT ON ALLOWED PIN LAYER.
**ERROR: (IMPPTN-1755):   Pin [D[31]] of partition [sram_w16] is [FIXED] at location (  74.700,    0.000) on layer 3 is NOT ON ALLOWED PIN LAYER.
**ERROR: (IMPPTN-1755):   Pin [D[30]] of partition [sram_w16] is [FIXED] at location (  73.100,    0.000) on layer 3 is NOT ON ALLOWED PIN LAYER.
**ERROR: (IMPPTN-1755):   Pin [D[29]] of partition [sram_w16] is [FIXED] at location (  71.500,    0.000) on layer 3 is NOT ON ALLOWED PIN LAYER.
**ERROR: (IMPPTN-1755):   Pin [D[28]] of partition [sram_w16] is [FIXED] at location (  69.900,    0.000) on layer 3 is NOT ON ALLOWED PIN LAYER.
**ERROR: (IMPPTN-1755):   Pin [D[27]] of partition [sram_w16] is [FIXED] at location (  68.300,    0.000) on layer 3 is NOT ON ALLOWED PIN LAYER.
**ERROR: (IMPPTN-1755):   Pin [D[26]] of partition [sram_w16] is [FIXED] at location (  66.700,    0.000) on layer 3 is NOT ON ALLOWED PIN LAYER.
**ERROR: (IMPPTN-1755):   Pin [D[25]] of partition [sram_w16] is [FIXED] at location (  65.100,    0.000) on layer 3 is NOT ON ALLOWED PIN LAYER.
**ERROR: (IMPPTN-1755):   Pin [D[24]] of partition [sram_w16] is [FIXED] at location (  63.500,    0.000) on layer 3 is NOT ON ALLOWED PIN LAYER.
**ERROR: (IMPPTN-1755):   Pin [D[23]] of partition [sram_w16] is [FIXED] at location (  61.900,    0.000) on layer 3 is NOT ON ALLOWED PIN LAYER.
**ERROR: (IMPPTN-1755):   Pin [D[22]] of partition [sram_w16] is [FIXED] at location (  60.300,    0.000) on layer 3 is NOT ON ALLOWED PIN LAYER.
**ERROR: (IMPPTN-1755):   Pin [D[21]] of partition [sram_w16] is [FIXED] at location (  58.700,    0.000) on layer 3 is NOT ON ALLOWED PIN LAYER.
**ERROR: (IMPPTN-1755):   Pin [D[20]] of partition [sram_w16] is [FIXED] at location (  57.100,    0.000) on layer 3 is NOT ON ALLOWED PIN LAYER.
**ERROR: (IMPPTN-1755):   Pin [D[19]] of partition [sram_w16] is [FIXED] at location (  55.500,    0.000) on layer 3 is NOT ON ALLOWED PIN LAYER.
**ERROR: (IMPPTN-1755):   Pin [D[18]] of partition [sram_w16] is [FIXED] at location (  53.900,    0.000) on layer 3 is NOT ON ALLOWED PIN LAYER.
**ERROR: (IMPPTN-1755):   Pin [D[17]] of partition [sram_w16] is [FIXED] at location (  52.300,    0.000) on layer 3 is NOT ON ALLOWED PIN LAYER.
**ERROR: (IMPPTN-1755):   Pin [D[16]] of partition [sram_w16] is [FIXED] at location (  50.700,    0.000) on layer 3 is NOT ON ALLOWED PIN LAYER.
**ERROR: (IMPPTN-1755):   Pin [D[15]] of partition [sram_w16] is [FIXED] at location (  49.100,    0.000) on layer 3 is NOT ON ALLOWED PIN LAYER.
**ERROR: (IMPPTN-1755):   Pin [D[14]] of partition [sram_w16] is [FIXED] at location (  47.500,    0.000) on layer 3 is NOT ON ALLOWED PIN LAYER.
**ERROR: (IMPPTN-1755):   Pin [D[13]] of partition [sram_w16] is [FIXED] at location (  45.900,    0.000) on layer 3 is NOT ON ALLOWED PIN LAYER.
**ERROR: (IMPPTN-1755):   Pin [D[12]] of partition [sram_w16] is [FIXED] at location (  44.300,    0.000) on layer 3 is NOT ON ALLOWED PIN LAYER.
**ERROR: (IMPPTN-1755):   Pin [D[11]] of partition [sram_w16] is [FIXED] at location (  42.700,    0.000) on layer 3 is NOT ON ALLOWED PIN LAYER.
**ERROR: (IMPPTN-1755):   Pin [D[10]] of partition [sram_w16] is [FIXED] at location (  41.100,    0.000) on layer 3 is NOT ON ALLOWED PIN LAYER.
**ERROR: (IMPPTN-1755):   Pin [D[9]] of partition [sram_w16] is [FIXED] at location (  39.500,    0.000) on layer 3 is NOT ON ALLOWED PIN LAYER.
**ERROR: (IMPPTN-1755):   Pin [D[8]] of partition [sram_w16] is [FIXED] at location (  37.900,    0.000) on layer 3 is NOT ON ALLOWED PIN LAYER.
**ERROR: (IMPPTN-1755):   Pin [D[7]] of partition [sram_w16] is [FIXED] at location (  36.300,    0.000) on layer 3 is NOT ON ALLOWED PIN LAYER.
**ERROR: (IMPPTN-1755):   Pin [D[6]] of partition [sram_w16] is [FIXED] at location (  34.700,    0.000) on layer 3 is NOT ON ALLOWED PIN LAYER.
**ERROR: (IMPPTN-1755):   Pin [D[5]] of partition [sram_w16] is [FIXED] at location (  33.100,    0.000) on layer 3 is NOT ON ALLOWED PIN LAYER.
**ERROR: (IMPPTN-1755):   Pin [D[4]] of partition [sram_w16] is [FIXED] at location (  31.500,    0.000) on layer 3 is NOT ON ALLOWED PIN LAYER.
**ERROR: (IMPPTN-1755):   Pin [D[3]] of partition [sram_w16] is [FIXED] at location (  29.900,    0.000) on layer 3 is NOT ON ALLOWED PIN LAYER.
**ERROR: (IMPPTN-1755):   Pin [D[2]] of partition [sram_w16] is [FIXED] at location (  28.300,    0.000) on layer 3 is NOT ON ALLOWED PIN LAYER.
**ERROR: (IMPPTN-1755):   Pin [D[1]] of partition [sram_w16] is [FIXED] at location (  26.700,    0.000) on layer 3 is NOT ON ALLOWED PIN LAYER.
**ERROR: (IMPPTN-1755):   Pin [D[0]] of partition [sram_w16] is [FIXED] at location (  25.100,    0.000) on layer 3 is NOT ON ALLOWED PIN LAYER.
**ERROR: (IMPPTN-1755):   Pin [Q[127]] of partition [sram_w16] is [FIXED] at location ( 228.300,   92.000) on layer 3 is NOT ON ALLOWED PIN LAYER.
**ERROR: (IMPPTN-1755):   Pin [Q[126]] of partition [sram_w16] is [FIXED] at location ( 226.700,   92.000) on layer 3 is NOT ON ALLOWED PIN LAYER.
**ERROR: (IMPPTN-1755):   Pin [Q[125]] of partition [sram_w16] is [FIXED] at location ( 225.100,   92.000) on layer 3 is NOT ON ALLOWED PIN LAYER.
**ERROR: (IMPPTN-1755):   Pin [Q[124]] of partition [sram_w16] is [FIXED] at location ( 223.500,   92.000) on layer 3 is NOT ON ALLOWED PIN LAYER.
**ERROR: (IMPPTN-1755):   Pin [Q[123]] of partition [sram_w16] is [FIXED] at location ( 221.900,   92.000) on layer 3 is NOT ON ALLOWED PIN LAYER.
**ERROR: (IMPPTN-1755):   Pin [Q[122]] of partition [sram_w16] is [FIXED] at location ( 220.300,   92.000) on layer 3 is NOT ON ALLOWED PIN LAYER.
**ERROR: (IMPPTN-1755):   Pin [Q[121]] of partition [sram_w16] is [FIXED] at location ( 218.700,   92.000) on layer 3 is NOT ON ALLOWED PIN LAYER.
**ERROR: (IMPPTN-1755):   Pin [Q[120]] of partition [sram_w16] is [FIXED] at location ( 217.100,   92.000) on layer 3 is NOT ON ALLOWED PIN LAYER.
**ERROR: (IMPPTN-1755):   Pin [Q[119]] of partition [sram_w16] is [FIXED] at location ( 215.500,   92.000) on layer 3 is NOT ON ALLOWED PIN LAYER.
**ERROR: (IMPPTN-1755):   Pin [Q[118]] of partition [sram_w16] is [FIXED] at location ( 213.900,   92.000) on layer 3 is NOT ON ALLOWED PIN LAYER.
**ERROR: (IMPPTN-1755):   Pin [Q[117]] of partition [sram_w16] is [FIXED] at location ( 212.300,   92.000) on layer 3 is NOT ON ALLOWED PIN LAYER.
**ERROR: (IMPPTN-1755):   Pin [Q[116]] of partition [sram_w16] is [FIXED] at location ( 210.700,   92.000) on layer 3 is NOT ON ALLOWED PIN LAYER.
**ERROR: (IMPPTN-1755):   Pin [Q[115]] of partition [sram_w16] is [FIXED] at location ( 209.100,   92.000) on layer 3 is NOT ON ALLOWED PIN LAYER.
**ERROR: (IMPPTN-1755):   Pin [Q[114]] of partition [sram_w16] is [FIXED] at location ( 207.500,   92.000) on layer 3 is NOT ON ALLOWED PIN LAYER.
**ERROR: (IMPPTN-1755):   Pin [Q[113]] of partition [sram_w16] is [FIXED] at location ( 205.900,   92.000) on layer 3 is NOT ON ALLOWED PIN LAYER.
**ERROR: (IMPPTN-1755):   Pin [Q[112]] of partition [sram_w16] is [FIXED] at location ( 204.300,   92.000) on layer 3 is NOT ON ALLOWED PIN LAYER.
**ERROR: (IMPPTN-1755):   Pin [Q[111]] of partition [sram_w16] is [FIXED] at location ( 202.700,   92.000) on layer 3 is NOT ON ALLOWED PIN LAYER.
**ERROR: (IMPPTN-1755):   Pin [Q[110]] of partition [sram_w16] is [FIXED] at location ( 201.100,   92.000) on layer 3 is NOT ON ALLOWED PIN LAYER.
**ERROR: (IMPPTN-1755):   Pin [Q[109]] of partition [sram_w16] is [FIXED] at location ( 199.500,   92.000) on layer 3 is NOT ON ALLOWED PIN LAYER.
**ERROR: (IMPPTN-1755):   Pin [Q[108]] of partition [sram_w16] is [FIXED] at location ( 197.900,   92.000) on layer 3 is NOT ON ALLOWED PIN LAYER.
**ERROR: (IMPPTN-1755):   Pin [Q[107]] of partition [sram_w16] is [FIXED] at location ( 196.300,   92.000) on layer 3 is NOT ON ALLOWED PIN LAYER.
**ERROR: (IMPPTN-1755):   Pin [Q[106]] of partition [sram_w16] is [FIXED] at location ( 194.700,   92.000) on layer 3 is NOT ON ALLOWED PIN LAYER.
**ERROR: (IMPPTN-1755):   Pin [Q[105]] of partition [sram_w16] is [FIXED] at location ( 193.100,   92.000) on layer 3 is NOT ON ALLOWED PIN LAYER.
**ERROR: (IMPPTN-1755):   Pin [Q[104]] of partition [sram_w16] is [FIXED] at location ( 191.500,   92.000) on layer 3 is NOT ON ALLOWED PIN LAYER.
**ERROR: (IMPPTN-1755):   Pin [Q[103]] of partition [sram_w16] is [FIXED] at location ( 189.900,   92.000) on layer 3 is NOT ON ALLOWED PIN LAYER.
**ERROR: (IMPPTN-1755):   Pin [Q[102]] of partition [sram_w16] is [FIXED] at location ( 188.300,   92.000) on layer 3 is NOT ON ALLOWED PIN LAYER.
**ERROR: (IMPPTN-1755):   Pin [Q[101]] of partition [sram_w16] is [FIXED] at location ( 186.700,   92.000) on layer 3 is NOT ON ALLOWED PIN LAYER.
**ERROR: (IMPPTN-1755):   Pin [Q[100]] of partition [sram_w16] is [FIXED] at location ( 185.100,   92.000) on layer 3 is NOT ON ALLOWED PIN LAYER.
**ERROR: (IMPPTN-1755):   Pin [Q[99]] of partition [sram_w16] is [FIXED] at location ( 183.500,   92.000) on layer 3 is NOT ON ALLOWED PIN LAYER.
**ERROR: (IMPPTN-1755):   Pin [Q[98]] of partition [sram_w16] is [FIXED] at location ( 181.900,   92.000) on layer 3 is NOT ON ALLOWED PIN LAYER.
**ERROR: (IMPPTN-1755):   Pin [Q[97]] of partition [sram_w16] is [FIXED] at location ( 180.300,   92.000) on layer 3 is NOT ON ALLOWED PIN LAYER.
**ERROR: (IMPPTN-1755):   Pin [Q[96]] of partition [sram_w16] is [FIXED] at location ( 178.700,   92.000) on layer 3 is NOT ON ALLOWED PIN LAYER.
**ERROR: (IMPPTN-1755):   Pin [Q[95]] of partition [sram_w16] is [FIXED] at location ( 177.100,   92.000) on layer 3 is NOT ON ALLOWED PIN LAYER.
**ERROR: (IMPPTN-1755):   Pin [Q[94]] of partition [sram_w16] is [FIXED] at location ( 175.500,   92.000) on layer 3 is NOT ON ALLOWED PIN LAYER.
**ERROR: (IMPPTN-1755):   Pin [Q[93]] of partition [sram_w16] is [FIXED] at location ( 173.900,   92.000) on layer 3 is NOT ON ALLOWED PIN LAYER.
**ERROR: (IMPPTN-1755):   Pin [Q[92]] of partition [sram_w16] is [FIXED] at location ( 172.300,   92.000) on layer 3 is NOT ON ALLOWED PIN LAYER.
**ERROR: (IMPPTN-1755):   Pin [Q[91]] of partition [sram_w16] is [FIXED] at location ( 170.700,   92.000) on layer 3 is NOT ON ALLOWED PIN LAYER.
**ERROR: (IMPPTN-1755):   Pin [Q[90]] of partition [sram_w16] is [FIXED] at location ( 169.100,   92.000) on layer 3 is NOT ON ALLOWED PIN LAYER.
**ERROR: (IMPPTN-1755):   Pin [Q[89]] of partition [sram_w16] is [FIXED] at location ( 167.500,   92.000) on layer 3 is NOT ON ALLOWED PIN LAYER.
**ERROR: (IMPPTN-1755):   Pin [Q[88]] of partition [sram_w16] is [FIXED] at location ( 165.900,   92.000) on layer 3 is NOT ON ALLOWED PIN LAYER.
**ERROR: (IMPPTN-1755):   Pin [Q[87]] of partition [sram_w16] is [FIXED] at location ( 164.300,   92.000) on layer 3 is NOT ON ALLOWED PIN LAYER.
**ERROR: (IMPPTN-1755):   Pin [Q[86]] of partition [sram_w16] is [FIXED] at location ( 162.700,   92.000) on layer 3 is NOT ON ALLOWED PIN LAYER.
**ERROR: (IMPPTN-1755):   Pin [Q[85]] of partition [sram_w16] is [FIXED] at location ( 161.100,   92.000) on layer 3 is NOT ON ALLOWED PIN LAYER.
**ERROR: (IMPPTN-1755):   Pin [Q[84]] of partition [sram_w16] is [FIXED] at location ( 159.500,   92.000) on layer 3 is NOT ON ALLOWED PIN LAYER.
**ERROR: (IMPPTN-1755):   Pin [Q[83]] of partition [sram_w16] is [FIXED] at location ( 157.900,   92.000) on layer 3 is NOT ON ALLOWED PIN LAYER.
**ERROR: (IMPPTN-1755):   Pin [Q[82]] of partition [sram_w16] is [FIXED] at location ( 156.300,   92.000) on layer 3 is NOT ON ALLOWED PIN LAYER.
**ERROR: (IMPPTN-1755):   Pin [Q[81]] of partition [sram_w16] is [FIXED] at location ( 154.700,   92.000) on layer 3 is NOT ON ALLOWED PIN LAYER.
**ERROR: (IMPPTN-1755):   Pin [Q[80]] of partition [sram_w16] is [FIXED] at location ( 153.100,   92.000) on layer 3 is NOT ON ALLOWED PIN LAYER.
**ERROR: (IMPPTN-1755):   Pin [Q[79]] of partition [sram_w16] is [FIXED] at location ( 151.500,   92.000) on layer 3 is NOT ON ALLOWED PIN LAYER.
**ERROR: (IMPPTN-1755):   Pin [Q[78]] of partition [sram_w16] is [FIXED] at location ( 149.900,   92.000) on layer 3 is NOT ON ALLOWED PIN LAYER.
**ERROR: (IMPPTN-1755):   Pin [Q[77]] of partition [sram_w16] is [FIXED] at location ( 148.300,   92.000) on layer 3 is NOT ON ALLOWED PIN LAYER.
**ERROR: (IMPPTN-1755):   Pin [Q[76]] of partition [sram_w16] is [FIXED] at location ( 146.700,   92.000) on layer 3 is NOT ON ALLOWED PIN LAYER.
**ERROR: (IMPPTN-1755):   Pin [Q[75]] of partition [sram_w16] is [FIXED] at location ( 145.100,   92.000) on layer 3 is NOT ON ALLOWED PIN LAYER.
**ERROR: (IMPPTN-1755):   Pin [Q[74]] of partition [sram_w16] is [FIXED] at location ( 143.500,   92.000) on layer 3 is NOT ON ALLOWED PIN LAYER.
**ERROR: (IMPPTN-1755):   Pin [Q[73]] of partition [sram_w16] is [FIXED] at location ( 141.900,   92.000) on layer 3 is NOT ON ALLOWED PIN LAYER.
**ERROR: (IMPPTN-1755):   Pin [Q[72]] of partition [sram_w16] is [FIXED] at location ( 140.300,   92.000) on layer 3 is NOT ON ALLOWED PIN LAYER.
**ERROR: (IMPPTN-1755):   Pin [Q[71]] of partition [sram_w16] is [FIXED] at location ( 138.700,   92.000) on layer 3 is NOT ON ALLOWED PIN LAYER.
**ERROR: (IMPPTN-1755):   Pin [Q[70]] of partition [sram_w16] is [FIXED] at location ( 137.100,   92.000) on layer 3 is NOT ON ALLOWED PIN LAYER.
**ERROR: (IMPPTN-1755):   Pin [Q[69]] of partition [sram_w16] is [FIXED] at location ( 135.500,   92.000) on layer 3 is NOT ON ALLOWED PIN LAYER.
**ERROR: (IMPPTN-1755):   Pin [Q[68]] of partition [sram_w16] is [FIXED] at location ( 133.900,   92.000) on layer 3 is NOT ON ALLOWED PIN LAYER.
**ERROR: (IMPPTN-1755):   Pin [Q[67]] of partition [sram_w16] is [FIXED] at location ( 132.300,   92.000) on layer 3 is NOT ON ALLOWED PIN LAYER.
**ERROR: (IMPPTN-1755):   Pin [Q[66]] of partition [sram_w16] is [FIXED] at location ( 130.700,   92.000) on layer 3 is NOT ON ALLOWED PIN LAYER.
**ERROR: (IMPPTN-1755):   Pin [Q[65]] of partition [sram_w16] is [FIXED] at location ( 129.100,   92.000) on layer 3 is NOT ON ALLOWED PIN LAYER.
**ERROR: (IMPPTN-1755):   Pin [Q[64]] of partition [sram_w16] is [FIXED] at location ( 127.500,   92.000) on layer 3 is NOT ON ALLOWED PIN LAYER.
**ERROR: (IMPPTN-1755):   Pin [Q[63]] of partition [sram_w16] is [FIXED] at location ( 125.900,   92.000) on layer 3 is NOT ON ALLOWED PIN LAYER.
**ERROR: (IMPPTN-1755):   Pin [Q[62]] of partition [sram_w16] is [FIXED] at location ( 124.300,   92.000) on layer 3 is NOT ON ALLOWED PIN LAYER.
**ERROR: (IMPPTN-1755):   Pin [Q[61]] of partition [sram_w16] is [FIXED] at location ( 122.700,   92.000) on layer 3 is NOT ON ALLOWED PIN LAYER.
**ERROR: (IMPPTN-1755):   Pin [Q[60]] of partition [sram_w16] is [FIXED] at location ( 121.100,   92.000) on layer 3 is NOT ON ALLOWED PIN LAYER.
**ERROR: (IMPPTN-1755):   Pin [Q[59]] of partition [sram_w16] is [FIXED] at location ( 119.500,   92.000) on layer 3 is NOT ON ALLOWED PIN LAYER.
**ERROR: (IMPPTN-1755):   Pin [Q[58]] of partition [sram_w16] is [FIXED] at location ( 117.900,   92.000) on layer 3 is NOT ON ALLOWED PIN LAYER.
**ERROR: (IMPPTN-1755):   Pin [Q[57]] of partition [sram_w16] is [FIXED] at location ( 116.300,   92.000) on layer 3 is NOT ON ALLOWED PIN LAYER.
**ERROR: (IMPPTN-1755):   Pin [Q[56]] of partition [sram_w16] is [FIXED] at location ( 114.700,   92.000) on layer 3 is NOT ON ALLOWED PIN LAYER.
**ERROR: (IMPPTN-1755):   Pin [Q[55]] of partition [sram_w16] is [FIXED] at location ( 113.100,   92.000) on layer 3 is NOT ON ALLOWED PIN LAYER.
**ERROR: (IMPPTN-1755):   Pin [Q[54]] of partition [sram_w16] is [FIXED] at location ( 111.500,   92.000) on layer 3 is NOT ON ALLOWED PIN LAYER.
**ERROR: (IMPPTN-1755):   Pin [Q[53]] of partition [sram_w16] is [FIXED] at location ( 109.900,   92.000) on layer 3 is NOT ON ALLOWED PIN LAYER.
**ERROR: (IMPPTN-1755):   Pin [Q[52]] of partition [sram_w16] is [FIXED] at location ( 108.300,   92.000) on layer 3 is NOT ON ALLOWED PIN LAYER.
**ERROR: (IMPPTN-1755):   Pin [Q[51]] of partition [sram_w16] is [FIXED] at location ( 106.700,   92.000) on layer 3 is NOT ON ALLOWED PIN LAYER.
**ERROR: (IMPPTN-1755):   Pin [Q[50]] of partition [sram_w16] is [FIXED] at location ( 105.100,   92.000) on layer 3 is NOT ON ALLOWED PIN LAYER.
**ERROR: (IMPPTN-1755):   Pin [Q[49]] of partition [sram_w16] is [FIXED] at location ( 103.500,   92.000) on layer 3 is NOT ON ALLOWED PIN LAYER.
**ERROR: (IMPPTN-1755):   Pin [Q[48]] of partition [sram_w16] is [FIXED] at location ( 101.900,   92.000) on layer 3 is NOT ON ALLOWED PIN LAYER.
**ERROR: (IMPPTN-1755):   Pin [Q[47]] of partition [sram_w16] is [FIXED] at location ( 100.300,   92.000) on layer 3 is NOT ON ALLOWED PIN LAYER.
**ERROR: (IMPPTN-1755):   Pin [Q[46]] of partition [sram_w16] is [FIXED] at location (  98.700,   92.000) on layer 3 is NOT ON ALLOWED PIN LAYER.
**ERROR: (IMPPTN-1755):   Pin [Q[45]] of partition [sram_w16] is [FIXED] at location (  97.100,   92.000) on layer 3 is NOT ON ALLOWED PIN LAYER.
**ERROR: (IMPPTN-1755):   Pin [Q[44]] of partition [sram_w16] is [FIXED] at location (  95.500,   92.000) on layer 3 is NOT ON ALLOWED PIN LAYER.
**ERROR: (IMPPTN-1755):   Pin [Q[43]] of partition [sram_w16] is [FIXED] at location (  93.900,   92.000) on layer 3 is NOT ON ALLOWED PIN LAYER.
**ERROR: (IMPPTN-1755):   Pin [Q[42]] of partition [sram_w16] is [FIXED] at location (  92.300,   92.000) on layer 3 is NOT ON ALLOWED PIN LAYER.
**ERROR: (IMPPTN-1755):   Pin [Q[41]] of partition [sram_w16] is [FIXED] at location (  90.700,   92.000) on layer 3 is NOT ON ALLOWED PIN LAYER.
**ERROR: (IMPPTN-1755):   Pin [Q[40]] of partition [sram_w16] is [FIXED] at location (  89.100,   92.000) on layer 3 is NOT ON ALLOWED PIN LAYER.
**ERROR: (IMPPTN-1755):   Pin [Q[39]] of partition [sram_w16] is [FIXED] at location (  87.500,   92.000) on layer 3 is NOT ON ALLOWED PIN LAYER.
**ERROR: (IMPPTN-1755):   Pin [Q[38]] of partition [sram_w16] is [FIXED] at location (  85.900,   92.000) on layer 3 is NOT ON ALLOWED PIN LAYER.
**ERROR: (IMPPTN-1755):   Pin [Q[37]] of partition [sram_w16] is [FIXED] at location (  84.300,   92.000) on layer 3 is NOT ON ALLOWED PIN LAYER.
**ERROR: (IMPPTN-1755):   Pin [Q[36]] of partition [sram_w16] is [FIXED] at location (  82.700,   92.000) on layer 3 is NOT ON ALLOWED PIN LAYER.
**ERROR: (IMPPTN-1755):   Pin [Q[35]] of partition [sram_w16] is [FIXED] at location (  81.100,   92.000) on layer 3 is NOT ON ALLOWED PIN LAYER.
**ERROR: (IMPPTN-1755):   Pin [Q[34]] of partition [sram_w16] is [FIXED] at location (  79.500,   92.000) on layer 3 is NOT ON ALLOWED PIN LAYER.
**ERROR: (IMPPTN-1755):   Pin [Q[33]] of partition [sram_w16] is [FIXED] at location (  77.900,   92.000) on layer 3 is NOT ON ALLOWED PIN LAYER.
**ERROR: (IMPPTN-1755):   Pin [Q[32]] of partition [sram_w16] is [FIXED] at location (  76.300,   92.000) on layer 3 is NOT ON ALLOWED PIN LAYER.
**ERROR: (IMPPTN-1755):   Pin [Q[31]] of partition [sram_w16] is [FIXED] at location (  74.700,   92.000) on layer 3 is NOT ON ALLOWED PIN LAYER.
**ERROR: (IMPPTN-1755):   Pin [Q[30]] of partition [sram_w16] is [FIXED] at location (  73.100,   92.000) on layer 3 is NOT ON ALLOWED PIN LAYER.
**ERROR: (IMPPTN-1755):   Pin [Q[29]] of partition [sram_w16] is [FIXED] at location (  71.500,   92.000) on layer 3 is NOT ON ALLOWED PIN LAYER.
**ERROR: (IMPPTN-1755):   Pin [Q[28]] of partition [sram_w16] is [FIXED] at location (  69.900,   92.000) on layer 3 is NOT ON ALLOWED PIN LAYER.
**ERROR: (IMPPTN-1755):   Pin [Q[27]] of partition [sram_w16] is [FIXED] at location (  68.300,   92.000) on layer 3 is NOT ON ALLOWED PIN LAYER.
**ERROR: (IMPPTN-1755):   Pin [Q[26]] of partition [sram_w16] is [FIXED] at location (  66.700,   92.000) on layer 3 is NOT ON ALLOWED PIN LAYER.
**ERROR: (IMPPTN-1755):   Pin [Q[25]] of partition [sram_w16] is [FIXED] at location (  65.100,   92.000) on layer 3 is NOT ON ALLOWED PIN LAYER.
**ERROR: (IMPPTN-1755):   Pin [Q[24]] of partition [sram_w16] is [FIXED] at location (  63.500,   92.000) on layer 3 is NOT ON ALLOWED PIN LAYER.
**ERROR: (IMPPTN-1755):   Pin [Q[23]] of partition [sram_w16] is [FIXED] at location (  61.900,   92.000) on layer 3 is NOT ON ALLOWED PIN LAYER.
**ERROR: (IMPPTN-1755):   Pin [Q[22]] of partition [sram_w16] is [FIXED] at location (  60.300,   92.000) on layer 3 is NOT ON ALLOWED PIN LAYER.
**ERROR: (IMPPTN-1755):   Pin [Q[21]] of partition [sram_w16] is [FIXED] at location (  58.700,   92.000) on layer 3 is NOT ON ALLOWED PIN LAYER.
**ERROR: (IMPPTN-1755):   Pin [Q[20]] of partition [sram_w16] is [FIXED] at location (  57.100,   92.000) on layer 3 is NOT ON ALLOWED PIN LAYER.
**ERROR: (IMPPTN-1755):   Pin [Q[19]] of partition [sram_w16] is [FIXED] at location (  55.500,   92.000) on layer 3 is NOT ON ALLOWED PIN LAYER.
**ERROR: (IMPPTN-1755):   Pin [Q[18]] of partition [sram_w16] is [FIXED] at location (  53.900,   92.000) on layer 3 is NOT ON ALLOWED PIN LAYER.
**ERROR: (IMPPTN-1755):   Pin [Q[17]] of partition [sram_w16] is [FIXED] at location (  52.300,   92.000) on layer 3 is NOT ON ALLOWED PIN LAYER.
**ERROR: (IMPPTN-1755):   Pin [Q[16]] of partition [sram_w16] is [FIXED] at location (  50.700,   92.000) on layer 3 is NOT ON ALLOWED PIN LAYER.
**ERROR: (IMPPTN-1755):   Pin [Q[15]] of partition [sram_w16] is [FIXED] at location (  49.100,   92.000) on layer 3 is NOT ON ALLOWED PIN LAYER.
**ERROR: (IMPPTN-1755):   Pin [Q[14]] of partition [sram_w16] is [FIXED] at location (  47.500,   92.000) on layer 3 is NOT ON ALLOWED PIN LAYER.
**ERROR: (IMPPTN-1755):   Pin [Q[13]] of partition [sram_w16] is [FIXED] at location (  45.900,   92.000) on layer 3 is NOT ON ALLOWED PIN LAYER.
**ERROR: (IMPPTN-1755):   Pin [Q[12]] of partition [sram_w16] is [FIXED] at location (  44.300,   92.000) on layer 3 is NOT ON ALLOWED PIN LAYER.
**ERROR: (IMPPTN-1755):   Pin [Q[11]] of partition [sram_w16] is [FIXED] at location (  42.700,   92.000) on layer 3 is NOT ON ALLOWED PIN LAYER.
**ERROR: (IMPPTN-1755):   Pin [Q[10]] of partition [sram_w16] is [FIXED] at location (  41.100,   92.000) on layer 3 is NOT ON ALLOWED PIN LAYER.
**ERROR: (IMPPTN-1755):   Pin [Q[9]] of partition [sram_w16] is [FIXED] at location (  39.500,   92.000) on layer 3 is NOT ON ALLOWED PIN LAYER.
**ERROR: (IMPPTN-1755):   Pin [Q[8]] of partition [sram_w16] is [FIXED] at location (  37.900,   92.000) on layer 3 is NOT ON ALLOWED PIN LAYER.
**ERROR: (IMPPTN-1755):   Pin [Q[7]] of partition [sram_w16] is [FIXED] at location (  36.300,   92.000) on layer 3 is NOT ON ALLOWED PIN LAYER.
**ERROR: (IMPPTN-1755):   Pin [Q[6]] of partition [sram_w16] is [FIXED] at location (  34.700,   92.000) on layer 3 is NOT ON ALLOWED PIN LAYER.
**ERROR: (IMPPTN-1755):   Pin [Q[5]] of partition [sram_w16] is [FIXED] at location (  33.100,   92.000) on layer 3 is NOT ON ALLOWED PIN LAYER.
**ERROR: (IMPPTN-1755):   Pin [Q[4]] of partition [sram_w16] is [FIXED] at location (  31.500,   92.000) on layer 3 is NOT ON ALLOWED PIN LAYER.
**ERROR: (IMPPTN-1755):   Pin [Q[3]] of partition [sram_w16] is [FIXED] at location (  29.900,   92.000) on layer 3 is NOT ON ALLOWED PIN LAYER.
**ERROR: (IMPPTN-1755):   Pin [Q[2]] of partition [sram_w16] is [FIXED] at location (  28.300,   92.000) on layer 3 is NOT ON ALLOWED PIN LAYER.
**ERROR: (IMPPTN-1755):   Pin [Q[1]] of partition [sram_w16] is [FIXED] at location (  26.700,   92.000) on layer 3 is NOT ON ALLOWED PIN LAYER.
**ERROR: (IMPPTN-1755):   Pin [Q[0]] of partition [sram_w16] is [FIXED] at location (  25.100,   92.000) on layer 3 is NOT ON ALLOWED PIN LAYER.
Summary report for top level: [sram_w16] 
	Total Pins                         : 263
	Legally Assigned Pins              : 7
	Illegally Assigned Pins            : 256
End of Summary report
End Checking pins of top cell: [sram_w16] 

