###############################################################
#  Generated by:      Cadence Innovus 15.23-s045_1
#  OS:                Linux x86_64(Host ID ieng6-ece-17.ucsd.edu)
#  Generated on:      Sat Mar 22 18:56:45 2025
#  Design:            core
#  Command:           report_timing -max_paths 5 > ${design}.post_route.timing.rpt
###############################################################
Path 1: MET Setup Check with Pin ofifo_inst/col_idx_2__fifo_instance/q0_reg_18_/
CP 
Endpoint:   ofifo_inst/col_idx_2__fifo_instance/q0_reg_18_/D             (v) 
checked with  leading edge of 'clk'
Beginpoint: mac_array_instance/col_idx_3__mac_col_inst/query_q_reg_59_/Q (^) 
triggered by  leading edge of 'clk'
Path Groups: {clk}
Analysis View: WC_VIEW
Other End Arrival Time          0.186
- Setup                         0.000
+ Phase Shift                  10.000
+ CPPR Adjustment               0.000
= Required Time                10.186
- Arrival Time                  5.754
= Slack Time                    4.433
     Clock Rise Edge                 0.000
     + Clock Network Latency (Prop)  0.170
     = Beginpoint Arrival Time       0.170
     +-----------------------------------------------------------------------------------------------------------+ 
     |                      Instance                      |     Arc      |   Cell   | Delay | Arrival | Required | 
     |                                                    |              |          |       |  Time   |   Time   | 
     |----------------------------------------------------+--------------+----------+-------+---------+----------| 
     | mac_array_instance/col_idx_3__mac_col_inst/query_q | CP ^         |          |       |   0.170 |    4.603 | 
     | _reg_59_                                           |              |          |       |         |          | 
     | mac_array_instance/col_idx_3__mac_col_inst/query_q | CP ^ -> Q ^  | EDFQD1   | 0.292 |   0.462 |    4.895 | 
     | _reg_59_                                           |              |          |       |         |          | 
     | mac_array_instance/col_idx_3__mac_col_inst/mac_16i | I ^ -> ZN v  | CKND0    | 0.240 |   0.702 |    5.135 | 
     | n_instance/U215                                    |              |          |       |         |          | 
     | mac_array_instance/col_idx_3__mac_col_inst/mac_16i | B2 v -> ZN ^ | AOI22D0  | 0.286 |   0.989 |    5.422 | 
     | n_instance/U216                                    |              |          |       |         |          | 
     | mac_array_instance/col_idx_3__mac_col_inst/mac_16i | I ^ -> ZN v  | CKND0    | 0.279 |   1.267 |    5.700 | 
     | n_instance/U16                                     |              |          |       |         |          | 
     | mac_array_instance/col_idx_3__mac_col_inst/mac_16i | A1 v -> ZN ^ | NR4D0    | 0.493 |   1.761 |    6.193 | 
     | n_instance/U223                                    |              |          |       |         |          | 
     | mac_array_instance/col_idx_3__mac_col_inst/mac_16i | B ^ -> ZN v  | AOI21D0  | 0.153 |   1.914 |    6.346 | 
     | n_instance/U695                                    |              |          |       |         |          | 
     | mac_array_instance/col_idx_3__mac_col_inst/mac_16i | A2 v -> ZN ^ | NR2D0    | 0.442 |   2.356 |    6.788 | 
     | n_instance/U696                                    |              |          |       |         |          | 
     | mac_array_instance/col_idx_3__mac_col_inst/mac_16i | B ^ -> ZN v  | AOI21D0  | 0.112 |   2.468 |    6.901 | 
     | n_instance/U697                                    |              |          |       |         |          | 
     | mac_array_instance/col_idx_3__mac_col_inst/mac_16i | CIX v -> S ^ | CMPE42D1 | 0.234 |   2.702 |    7.134 | 
     | n_instance/DP_OP_38J2_122_7155_U146                |              |          |       |         |          | 
     | mac_array_instance/col_idx_3__mac_col_inst/mac_16i | A ^ -> S v   | CMPE42D1 | 0.326 |   3.028 |    7.461 | 
     | n_instance/DP_OP_38J2_122_7155_U138                |              |          |       |         |          | 
     | mac_array_instance/col_idx_3__mac_col_inst/mac_16i | B v -> S ^   | CMPE42D1 | 0.303 |   3.331 |    7.763 | 
     | n_instance/DP_OP_38J2_122_7155_U135                |              |          |       |         |          | 
     | mac_array_instance/col_idx_3__mac_col_inst/mac_16i | B ^ -> CO ^  | FA1D0    | 0.141 |   3.472 |    7.904 | 
     | n_instance/intadd_6_U14                            |              |          |       |         |          | 
     | mac_array_instance/col_idx_3__mac_col_inst/mac_16i | CI ^ -> CO ^ | FA1D0    | 0.131 |   3.603 |    8.036 | 
     | n_instance/intadd_6_U13                            |              |          |       |         |          | 
     | mac_array_instance/col_idx_3__mac_col_inst/mac_16i | CI ^ -> CO ^ | FA1D0    | 0.109 |   3.712 |    8.144 | 
     | n_instance/intadd_6_U12                            |              |          |       |         |          | 
     | mac_array_instance/col_idx_3__mac_col_inst/mac_16i | CI ^ -> CO ^ | FA1D0    | 0.098 |   3.810 |    8.243 | 
     | n_instance/intadd_6_U11                            |              |          |       |         |          | 
     | mac_array_instance/col_idx_3__mac_col_inst/mac_16i | CI ^ -> CO ^ | FA1D0    | 0.162 |   3.972 |    8.405 | 
     | n_instance/intadd_6_U10                            |              |          |       |         |          | 
     | mac_array_instance/col_idx_3__mac_col_inst/mac_16i | CI ^ -> CO ^ | FA1D0    | 0.124 |   4.096 |    8.529 | 
     | n_instance/intadd_6_U9                             |              |          |       |         |          | 
     | mac_array_instance/col_idx_3__mac_col_inst/mac_16i | CI ^ -> CO ^ | FA1D1    | 0.074 |   4.170 |    8.603 | 
     | n_instance/intadd_6_U8                             |              |          |       |         |          | 
     | mac_array_instance/col_idx_3__mac_col_inst/mac_16i | CI ^ -> CO ^ | FA1D0    | 0.104 |   4.274 |    8.706 | 
     | n_instance/intadd_6_U7                             |              |          |       |         |          | 
     | mac_array_instance/col_idx_3__mac_col_inst/mac_16i | CI ^ -> CO ^ | FA1D0    | 0.106 |   4.379 |    8.812 | 
     | n_instance/intadd_6_U6                             |              |          |       |         |          | 
     | mac_array_instance/col_idx_3__mac_col_inst/mac_16i | CI ^ -> CO ^ | FA1D0    | 0.110 |   4.489 |    8.922 | 
     | n_instance/intadd_6_U5                             |              |          |       |         |          | 
     | mac_array_instance/col_idx_3__mac_col_inst/mac_16i | CI ^ -> CO ^ | FA1D0    | 0.099 |   4.588 |    9.021 | 
     | n_instance/intadd_6_U4                             |              |          |       |         |          | 
     | mac_array_instance/col_idx_3__mac_col_inst/mac_16i | CI ^ -> CO ^ | FA1D0    | 0.093 |   4.681 |    9.114 | 
     | n_instance/intadd_6_U3                             |              |          |       |         |          | 
     | mac_array_instance/col_idx_3__mac_col_inst/mac_16i | CI ^ -> CO ^ | FA1D0    | 0.088 |   4.769 |    9.201 | 
     | n_instance/intadd_6_U2                             |              |          |       |         |          | 
     | mac_array_instance/col_idx_3__mac_col_inst/mac_16i | I ^ -> Z ^   | BUFFD1   | 0.476 |   5.245 |    9.678 | 
     | n_instance/FE_OFC129_intadd_6_n1                   |              |          |       |         |          | 
     | mac_array_instance/col_idx_3__mac_col_inst/mac_16i | I ^ -> ZN v  | CKND0    | 0.347 |   5.593 |   10.025 | 
     | n_instance/U64                                     |              |          |       |         |          | 
     | ofifo_inst/col_idx_2__fifo_instance/U66            | A2 v -> Z v  | OA22D0   | 0.161 |   5.754 |   10.186 | 
     | ofifo_inst/col_idx_2__fifo_instance/q0_reg_18_     | D v          | DFQD1    | 0.000 |   5.754 |   10.186 | 
     +-----------------------------------------------------------------------------------------------------------+ 
Path 2: MET Setup Check with Pin ofifo_inst/col_idx_2__fifo_instance/q0_reg_19_/
CP 
Endpoint:   ofifo_inst/col_idx_2__fifo_instance/q0_reg_19_/D             (v) 
checked with  leading edge of 'clk'
Beginpoint: mac_array_instance/col_idx_3__mac_col_inst/query_q_reg_59_/Q (^) 
triggered by  leading edge of 'clk'
Path Groups: {clk}
Analysis View: WC_VIEW
Other End Arrival Time          0.186
- Setup                        -0.000
+ Phase Shift                  10.000
+ CPPR Adjustment               0.000
= Required Time                10.187
- Arrival Time                  5.750
= Slack Time                    4.436
     Clock Rise Edge                 0.000
     + Clock Network Latency (Prop)  0.170
     = Beginpoint Arrival Time       0.170
     +-----------------------------------------------------------------------------------------------------------+ 
     |                      Instance                      |     Arc      |   Cell   | Delay | Arrival | Required | 
     |                                                    |              |          |       |  Time   |   Time   | 
     |----------------------------------------------------+--------------+----------+-------+---------+----------| 
     | mac_array_instance/col_idx_3__mac_col_inst/query_q | CP ^         |          |       |   0.170 |    4.607 | 
     | _reg_59_                                           |              |          |       |         |          | 
     | mac_array_instance/col_idx_3__mac_col_inst/query_q | CP ^ -> Q ^  | EDFQD1   | 0.292 |   0.462 |    4.899 | 
     | _reg_59_                                           |              |          |       |         |          | 
     | mac_array_instance/col_idx_3__mac_col_inst/mac_16i | I ^ -> ZN v  | CKND0    | 0.240 |   0.702 |    5.139 | 
     | n_instance/U215                                    |              |          |       |         |          | 
     | mac_array_instance/col_idx_3__mac_col_inst/mac_16i | B2 v -> ZN ^ | AOI22D0  | 0.286 |   0.989 |    5.425 | 
     | n_instance/U216                                    |              |          |       |         |          | 
     | mac_array_instance/col_idx_3__mac_col_inst/mac_16i | I ^ -> ZN v  | CKND0    | 0.279 |   1.267 |    5.704 | 
     | n_instance/U16                                     |              |          |       |         |          | 
     | mac_array_instance/col_idx_3__mac_col_inst/mac_16i | A1 v -> ZN ^ | NR4D0    | 0.493 |   1.761 |    6.197 | 
     | n_instance/U223                                    |              |          |       |         |          | 
     | mac_array_instance/col_idx_3__mac_col_inst/mac_16i | B ^ -> ZN v  | AOI21D0  | 0.153 |   1.914 |    6.350 | 
     | n_instance/U695                                    |              |          |       |         |          | 
     | mac_array_instance/col_idx_3__mac_col_inst/mac_16i | A2 v -> ZN ^ | NR2D0    | 0.442 |   2.356 |    6.792 | 
     | n_instance/U696                                    |              |          |       |         |          | 
     | mac_array_instance/col_idx_3__mac_col_inst/mac_16i | B ^ -> ZN v  | AOI21D0  | 0.112 |   2.468 |    6.905 | 
     | n_instance/U697                                    |              |          |       |         |          | 
     | mac_array_instance/col_idx_3__mac_col_inst/mac_16i | CIX v -> S ^ | CMPE42D1 | 0.234 |   2.702 |    7.138 | 
     | n_instance/DP_OP_38J2_122_7155_U146                |              |          |       |         |          | 
     | mac_array_instance/col_idx_3__mac_col_inst/mac_16i | A ^ -> S v   | CMPE42D1 | 0.326 |   3.028 |    7.465 | 
     | n_instance/DP_OP_38J2_122_7155_U138                |              |          |       |         |          | 
     | mac_array_instance/col_idx_3__mac_col_inst/mac_16i | B v -> S ^   | CMPE42D1 | 0.303 |   3.331 |    7.767 | 
     | n_instance/DP_OP_38J2_122_7155_U135                |              |          |       |         |          | 
     | mac_array_instance/col_idx_3__mac_col_inst/mac_16i | B ^ -> CO ^  | FA1D0    | 0.141 |   3.472 |    7.908 | 
     | n_instance/intadd_6_U14                            |              |          |       |         |          | 
     | mac_array_instance/col_idx_3__mac_col_inst/mac_16i | CI ^ -> CO ^ | FA1D0    | 0.131 |   3.603 |    8.039 | 
     | n_instance/intadd_6_U13                            |              |          |       |         |          | 
     | mac_array_instance/col_idx_3__mac_col_inst/mac_16i | CI ^ -> CO ^ | FA1D0    | 0.109 |   3.712 |    8.148 | 
     | n_instance/intadd_6_U12                            |              |          |       |         |          | 
     | mac_array_instance/col_idx_3__mac_col_inst/mac_16i | CI ^ -> CO ^ | FA1D0    | 0.098 |   3.810 |    8.246 | 
     | n_instance/intadd_6_U11                            |              |          |       |         |          | 
     | mac_array_instance/col_idx_3__mac_col_inst/mac_16i | CI ^ -> CO ^ | FA1D0    | 0.162 |   3.972 |    8.409 | 
     | n_instance/intadd_6_U10                            |              |          |       |         |          | 
     | mac_array_instance/col_idx_3__mac_col_inst/mac_16i | CI ^ -> CO ^ | FA1D0    | 0.124 |   4.096 |    8.533 | 
     | n_instance/intadd_6_U9                             |              |          |       |         |          | 
     | mac_array_instance/col_idx_3__mac_col_inst/mac_16i | CI ^ -> CO ^ | FA1D1    | 0.074 |   4.170 |    8.606 | 
     | n_instance/intadd_6_U8                             |              |          |       |         |          | 
     | mac_array_instance/col_idx_3__mac_col_inst/mac_16i | CI ^ -> CO ^ | FA1D0    | 0.104 |   4.274 |    8.710 | 
     | n_instance/intadd_6_U7                             |              |          |       |         |          | 
     | mac_array_instance/col_idx_3__mac_col_inst/mac_16i | CI ^ -> CO ^ | FA1D0    | 0.106 |   4.379 |    8.816 | 
     | n_instance/intadd_6_U6                             |              |          |       |         |          | 
     | mac_array_instance/col_idx_3__mac_col_inst/mac_16i | CI ^ -> CO ^ | FA1D0    | 0.110 |   4.489 |    8.926 | 
     | n_instance/intadd_6_U5                             |              |          |       |         |          | 
     | mac_array_instance/col_idx_3__mac_col_inst/mac_16i | CI ^ -> CO ^ | FA1D0    | 0.099 |   4.588 |    9.025 | 
     | n_instance/intadd_6_U4                             |              |          |       |         |          | 
     | mac_array_instance/col_idx_3__mac_col_inst/mac_16i | CI ^ -> CO ^ | FA1D0    | 0.093 |   4.681 |    9.118 | 
     | n_instance/intadd_6_U3                             |              |          |       |         |          | 
     | mac_array_instance/col_idx_3__mac_col_inst/mac_16i | CI ^ -> CO ^ | FA1D0    | 0.088 |   4.769 |    9.205 | 
     | n_instance/intadd_6_U2                             |              |          |       |         |          | 
     | mac_array_instance/col_idx_3__mac_col_inst/mac_16i | I ^ -> Z ^   | BUFFD1   | 0.476 |   5.245 |    9.682 | 
     | n_instance/FE_OFC129_intadd_6_n1                   |              |          |       |         |          | 
     | mac_array_instance/col_idx_3__mac_col_inst/mac_16i | I ^ -> ZN v  | CKND0    | 0.347 |   5.593 |   10.029 | 
     | n_instance/U64                                     |              |          |       |         |          | 
     | ofifo_inst/col_idx_2__fifo_instance/U65            | A2 v -> Z v  | OA22D0   | 0.158 |   5.750 |   10.187 | 
     | ofifo_inst/col_idx_2__fifo_instance/q0_reg_19_     | D v          | DFQD1    | 0.000 |   5.750 |   10.187 | 
     +-----------------------------------------------------------------------------------------------------------+ 
Path 3: MET Setup Check with Pin ofifo_inst/col_idx_2__fifo_instance/q6_reg_18_/
CP 
Endpoint:   ofifo_inst/col_idx_2__fifo_instance/q6_reg_18_/D             (v) 
checked with  leading edge of 'clk'
Beginpoint: mac_array_instance/col_idx_3__mac_col_inst/query_q_reg_59_/Q (^) 
triggered by  leading edge of 'clk'
Path Groups: {clk}
Analysis View: WC_VIEW
Other End Arrival Time          0.186
- Setup                        -0.000
+ Phase Shift                  10.000
+ CPPR Adjustment               0.000
= Required Time                10.187
- Arrival Time                  5.750
= Slack Time                    4.437
     Clock Rise Edge                 0.000
     + Clock Network Latency (Prop)  0.170
     = Beginpoint Arrival Time       0.170
     +-----------------------------------------------------------------------------------------------------------+ 
     |                      Instance                      |     Arc      |   Cell   | Delay | Arrival | Required | 
     |                                                    |              |          |       |  Time   |   Time   | 
     |----------------------------------------------------+--------------+----------+-------+---------+----------| 
     | mac_array_instance/col_idx_3__mac_col_inst/query_q | CP ^         |          |       |   0.170 |    4.607 | 
     | _reg_59_                                           |              |          |       |         |          | 
     | mac_array_instance/col_idx_3__mac_col_inst/query_q | CP ^ -> Q ^  | EDFQD1   | 0.292 |   0.462 |    4.899 | 
     | _reg_59_                                           |              |          |       |         |          | 
     | mac_array_instance/col_idx_3__mac_col_inst/mac_16i | I ^ -> ZN v  | CKND0    | 0.240 |   0.702 |    5.139 | 
     | n_instance/U215                                    |              |          |       |         |          | 
     | mac_array_instance/col_idx_3__mac_col_inst/mac_16i | B2 v -> ZN ^ | AOI22D0  | 0.286 |   0.989 |    5.426 | 
     | n_instance/U216                                    |              |          |       |         |          | 
     | mac_array_instance/col_idx_3__mac_col_inst/mac_16i | I ^ -> ZN v  | CKND0    | 0.279 |   1.267 |    5.704 | 
     | n_instance/U16                                     |              |          |       |         |          | 
     | mac_array_instance/col_idx_3__mac_col_inst/mac_16i | A1 v -> ZN ^ | NR4D0    | 0.493 |   1.761 |    6.198 | 
     | n_instance/U223                                    |              |          |       |         |          | 
     | mac_array_instance/col_idx_3__mac_col_inst/mac_16i | B ^ -> ZN v  | AOI21D0  | 0.153 |   1.914 |    6.350 | 
     | n_instance/U695                                    |              |          |       |         |          | 
     | mac_array_instance/col_idx_3__mac_col_inst/mac_16i | A2 v -> ZN ^ | NR2D0    | 0.442 |   2.356 |    6.792 | 
     | n_instance/U696                                    |              |          |       |         |          | 
     | mac_array_instance/col_idx_3__mac_col_inst/mac_16i | B ^ -> ZN v  | AOI21D0  | 0.112 |   2.468 |    6.905 | 
     | n_instance/U697                                    |              |          |       |         |          | 
     | mac_array_instance/col_idx_3__mac_col_inst/mac_16i | CIX v -> S ^ | CMPE42D1 | 0.234 |   2.702 |    7.139 | 
     | n_instance/DP_OP_38J2_122_7155_U146                |              |          |       |         |          | 
     | mac_array_instance/col_idx_3__mac_col_inst/mac_16i | A ^ -> S v   | CMPE42D1 | 0.326 |   3.028 |    7.465 | 
     | n_instance/DP_OP_38J2_122_7155_U138                |              |          |       |         |          | 
     | mac_array_instance/col_idx_3__mac_col_inst/mac_16i | B v -> S ^   | CMPE42D1 | 0.303 |   3.331 |    7.768 | 
     | n_instance/DP_OP_38J2_122_7155_U135                |              |          |       |         |          | 
     | mac_array_instance/col_idx_3__mac_col_inst/mac_16i | B ^ -> CO ^  | FA1D0    | 0.141 |   3.472 |    7.908 | 
     | n_instance/intadd_6_U14                            |              |          |       |         |          | 
     | mac_array_instance/col_idx_3__mac_col_inst/mac_16i | CI ^ -> CO ^ | FA1D0    | 0.131 |   3.603 |    8.040 | 
     | n_instance/intadd_6_U13                            |              |          |       |         |          | 
     | mac_array_instance/col_idx_3__mac_col_inst/mac_16i | CI ^ -> CO ^ | FA1D0    | 0.109 |   3.712 |    8.149 | 
     | n_instance/intadd_6_U12                            |              |          |       |         |          | 
     | mac_array_instance/col_idx_3__mac_col_inst/mac_16i | CI ^ -> CO ^ | FA1D0    | 0.098 |   3.810 |    8.247 | 
     | n_instance/intadd_6_U11                            |              |          |       |         |          | 
     | mac_array_instance/col_idx_3__mac_col_inst/mac_16i | CI ^ -> CO ^ | FA1D0    | 0.162 |   3.972 |    8.409 | 
     | n_instance/intadd_6_U10                            |              |          |       |         |          | 
     | mac_array_instance/col_idx_3__mac_col_inst/mac_16i | CI ^ -> CO ^ | FA1D0    | 0.124 |   4.096 |    8.533 | 
     | n_instance/intadd_6_U9                             |              |          |       |         |          | 
     | mac_array_instance/col_idx_3__mac_col_inst/mac_16i | CI ^ -> CO ^ | FA1D1    | 0.074 |   4.170 |    8.607 | 
     | n_instance/intadd_6_U8                             |              |          |       |         |          | 
     | mac_array_instance/col_idx_3__mac_col_inst/mac_16i | CI ^ -> CO ^ | FA1D0    | 0.104 |   4.274 |    8.711 | 
     | n_instance/intadd_6_U7                             |              |          |       |         |          | 
     | mac_array_instance/col_idx_3__mac_col_inst/mac_16i | CI ^ -> CO ^ | FA1D0    | 0.106 |   4.379 |    8.816 | 
     | n_instance/intadd_6_U6                             |              |          |       |         |          | 
     | mac_array_instance/col_idx_3__mac_col_inst/mac_16i | CI ^ -> CO ^ | FA1D0    | 0.110 |   4.489 |    8.926 | 
     | n_instance/intadd_6_U5                             |              |          |       |         |          | 
     | mac_array_instance/col_idx_3__mac_col_inst/mac_16i | CI ^ -> CO ^ | FA1D0    | 0.099 |   4.588 |    9.025 | 
     | n_instance/intadd_6_U4                             |              |          |       |         |          | 
     | mac_array_instance/col_idx_3__mac_col_inst/mac_16i | CI ^ -> CO ^ | FA1D0    | 0.093 |   4.681 |    9.118 | 
     | n_instance/intadd_6_U3                             |              |          |       |         |          | 
     | mac_array_instance/col_idx_3__mac_col_inst/mac_16i | CI ^ -> CO ^ | FA1D0    | 0.088 |   4.769 |    9.206 | 
     | n_instance/intadd_6_U2                             |              |          |       |         |          | 
     | mac_array_instance/col_idx_3__mac_col_inst/mac_16i | I ^ -> Z ^   | BUFFD1   | 0.476 |   5.245 |    9.682 | 
     | n_instance/FE_OFC129_intadd_6_n1                   |              |          |       |         |          | 
     | mac_array_instance/col_idx_3__mac_col_inst/mac_16i | I ^ -> ZN v  | CKND0    | 0.347 |   5.593 |   10.029 | 
     | n_instance/U64                                     |              |          |       |         |          | 
     | ofifo_inst/col_idx_2__fifo_instance/U61            | A2 v -> Z v  | OA22D0   | 0.157 |   5.750 |   10.187 | 
     | ofifo_inst/col_idx_2__fifo_instance/q6_reg_18_     | D v          | DFQD1    | 0.000 |   5.750 |   10.187 | 
     +-----------------------------------------------------------------------------------------------------------+ 
Path 4: MET Setup Check with Pin ofifo_inst/col_idx_2__fifo_instance/q6_reg_19_/
CP 
Endpoint:   ofifo_inst/col_idx_2__fifo_instance/q6_reg_19_/D             (v) 
checked with  leading edge of 'clk'
Beginpoint: mac_array_instance/col_idx_3__mac_col_inst/query_q_reg_59_/Q (^) 
triggered by  leading edge of 'clk'
Path Groups: {clk}
Analysis View: WC_VIEW
Other End Arrival Time          0.196
- Setup                        -0.003
+ Phase Shift                  10.000
+ CPPR Adjustment               0.000
= Required Time                10.198
- Arrival Time                  5.750
= Slack Time                    4.448
     Clock Rise Edge                 0.000
     + Clock Network Latency (Prop)  0.170
     = Beginpoint Arrival Time       0.170
     +-----------------------------------------------------------------------------------------------------------+ 
     |                      Instance                      |     Arc      |   Cell   | Delay | Arrival | Required | 
     |                                                    |              |          |       |  Time   |   Time   | 
     |----------------------------------------------------+--------------+----------+-------+---------+----------| 
     | mac_array_instance/col_idx_3__mac_col_inst/query_q | CP ^         |          |       |   0.170 |    4.618 | 
     | _reg_59_                                           |              |          |       |         |          | 
     | mac_array_instance/col_idx_3__mac_col_inst/query_q | CP ^ -> Q ^  | EDFQD1   | 0.292 |   0.462 |    4.910 | 
     | _reg_59_                                           |              |          |       |         |          | 
     | mac_array_instance/col_idx_3__mac_col_inst/mac_16i | I ^ -> ZN v  | CKND0    | 0.240 |   0.702 |    5.150 | 
     | n_instance/U215                                    |              |          |       |         |          | 
     | mac_array_instance/col_idx_3__mac_col_inst/mac_16i | B2 v -> ZN ^ | AOI22D0  | 0.286 |   0.989 |    5.437 | 
     | n_instance/U216                                    |              |          |       |         |          | 
     | mac_array_instance/col_idx_3__mac_col_inst/mac_16i | I ^ -> ZN v  | CKND0    | 0.279 |   1.267 |    5.715 | 
     | n_instance/U16                                     |              |          |       |         |          | 
     | mac_array_instance/col_idx_3__mac_col_inst/mac_16i | A1 v -> ZN ^ | NR4D0    | 0.493 |   1.761 |    6.209 | 
     | n_instance/U223                                    |              |          |       |         |          | 
     | mac_array_instance/col_idx_3__mac_col_inst/mac_16i | B ^ -> ZN v  | AOI21D0  | 0.153 |   1.914 |    6.362 | 
     | n_instance/U695                                    |              |          |       |         |          | 
     | mac_array_instance/col_idx_3__mac_col_inst/mac_16i | A2 v -> ZN ^ | NR2D0    | 0.442 |   2.356 |    6.803 | 
     | n_instance/U696                                    |              |          |       |         |          | 
     | mac_array_instance/col_idx_3__mac_col_inst/mac_16i | B ^ -> ZN v  | AOI21D0  | 0.112 |   2.468 |    6.916 | 
     | n_instance/U697                                    |              |          |       |         |          | 
     | mac_array_instance/col_idx_3__mac_col_inst/mac_16i | CIX v -> S ^ | CMPE42D1 | 0.234 |   2.702 |    7.150 | 
     | n_instance/DP_OP_38J2_122_7155_U146                |              |          |       |         |          | 
     | mac_array_instance/col_idx_3__mac_col_inst/mac_16i | A ^ -> S v   | CMPE42D1 | 0.326 |   3.028 |    7.476 | 
     | n_instance/DP_OP_38J2_122_7155_U138                |              |          |       |         |          | 
     | mac_array_instance/col_idx_3__mac_col_inst/mac_16i | B v -> S ^   | CMPE42D1 | 0.303 |   3.331 |    7.779 | 
     | n_instance/DP_OP_38J2_122_7155_U135                |              |          |       |         |          | 
     | mac_array_instance/col_idx_3__mac_col_inst/mac_16i | B ^ -> CO ^  | FA1D0    | 0.141 |   3.472 |    7.920 | 
     | n_instance/intadd_6_U14                            |              |          |       |         |          | 
     | mac_array_instance/col_idx_3__mac_col_inst/mac_16i | CI ^ -> CO ^ | FA1D0    | 0.131 |   3.603 |    8.051 | 
     | n_instance/intadd_6_U13                            |              |          |       |         |          | 
     | mac_array_instance/col_idx_3__mac_col_inst/mac_16i | CI ^ -> CO ^ | FA1D0    | 0.109 |   3.712 |    8.160 | 
     | n_instance/intadd_6_U12                            |              |          |       |         |          | 
     | mac_array_instance/col_idx_3__mac_col_inst/mac_16i | CI ^ -> CO ^ | FA1D0    | 0.098 |   3.810 |    8.258 | 
     | n_instance/intadd_6_U11                            |              |          |       |         |          | 
     | mac_array_instance/col_idx_3__mac_col_inst/mac_16i | CI ^ -> CO ^ | FA1D0    | 0.162 |   3.972 |    8.420 | 
     | n_instance/intadd_6_U10                            |              |          |       |         |          | 
     | mac_array_instance/col_idx_3__mac_col_inst/mac_16i | CI ^ -> CO ^ | FA1D0    | 0.124 |   4.096 |    8.544 | 
     | n_instance/intadd_6_U9                             |              |          |       |         |          | 
     | mac_array_instance/col_idx_3__mac_col_inst/mac_16i | CI ^ -> CO ^ | FA1D1    | 0.074 |   4.170 |    8.618 | 
     | n_instance/intadd_6_U8                             |              |          |       |         |          | 
     | mac_array_instance/col_idx_3__mac_col_inst/mac_16i | CI ^ -> CO ^ | FA1D0    | 0.104 |   4.274 |    8.722 | 
     | n_instance/intadd_6_U7                             |              |          |       |         |          | 
     | mac_array_instance/col_idx_3__mac_col_inst/mac_16i | CI ^ -> CO ^ | FA1D0    | 0.106 |   4.379 |    8.827 | 
     | n_instance/intadd_6_U6                             |              |          |       |         |          | 
     | mac_array_instance/col_idx_3__mac_col_inst/mac_16i | CI ^ -> CO ^ | FA1D0    | 0.110 |   4.489 |    8.937 | 
     | n_instance/intadd_6_U5                             |              |          |       |         |          | 
     | mac_array_instance/col_idx_3__mac_col_inst/mac_16i | CI ^ -> CO ^ | FA1D0    | 0.099 |   4.588 |    9.036 | 
     | n_instance/intadd_6_U4                             |              |          |       |         |          | 
     | mac_array_instance/col_idx_3__mac_col_inst/mac_16i | CI ^ -> CO ^ | FA1D0    | 0.093 |   4.681 |    9.129 | 
     | n_instance/intadd_6_U3                             |              |          |       |         |          | 
     | mac_array_instance/col_idx_3__mac_col_inst/mac_16i | CI ^ -> CO ^ | FA1D0    | 0.088 |   4.769 |    9.217 | 
     | n_instance/intadd_6_U2                             |              |          |       |         |          | 
     | mac_array_instance/col_idx_3__mac_col_inst/mac_16i | I ^ -> Z ^   | BUFFD1   | 0.476 |   5.245 |    9.693 | 
     | n_instance/FE_OFC129_intadd_6_n1                   |              |          |       |         |          | 
     | mac_array_instance/col_idx_3__mac_col_inst/mac_16i | I ^ -> ZN v  | CKND0    | 0.347 |   5.593 |   10.040 | 
     | n_instance/U64                                     |              |          |       |         |          | 
     | ofifo_inst/col_idx_2__fifo_instance/U62            | A2 v -> Z v  | OA22D0   | 0.158 |   5.750 |   10.198 | 
     | ofifo_inst/col_idx_2__fifo_instance/q6_reg_19_     | D v          | DFQD1    | 0.000 |   5.750 |   10.198 | 
     +-----------------------------------------------------------------------------------------------------------+ 
Path 5: MET Setup Check with Pin ofifo_inst/col_idx_2__fifo_instance/q2_reg_18_/
CP 
Endpoint:   ofifo_inst/col_idx_2__fifo_instance/q2_reg_18_/D             (v) 
checked with  leading edge of 'clk'
Beginpoint: mac_array_instance/col_idx_3__mac_col_inst/query_q_reg_59_/Q (^) 
triggered by  leading edge of 'clk'
Path Groups: {clk}
Analysis View: WC_VIEW
Other End Arrival Time          0.186
- Setup                         0.139
+ Phase Shift                  10.000
+ CPPR Adjustment               0.000
= Required Time                10.047
- Arrival Time                  5.593
= Slack Time                    4.454
     Clock Rise Edge                 0.000
     + Clock Network Latency (Prop)  0.170
     = Beginpoint Arrival Time       0.170
     +-----------------------------------------------------------------------------------------------------------+ 
     |                      Instance                      |     Arc      |   Cell   | Delay | Arrival | Required | 
     |                                                    |              |          |       |  Time   |   Time   | 
     |----------------------------------------------------+--------------+----------+-------+---------+----------| 
     | mac_array_instance/col_idx_3__mac_col_inst/query_q | CP ^         |          |       |   0.170 |    4.624 | 
     | _reg_59_                                           |              |          |       |         |          | 
     | mac_array_instance/col_idx_3__mac_col_inst/query_q | CP ^ -> Q ^  | EDFQD1   | 0.292 |   0.462 |    4.916 | 
     | _reg_59_                                           |              |          |       |         |          | 
     | mac_array_instance/col_idx_3__mac_col_inst/mac_16i | I ^ -> ZN v  | CKND0    | 0.240 |   0.702 |    5.156 | 
     | n_instance/U215                                    |              |          |       |         |          | 
     | mac_array_instance/col_idx_3__mac_col_inst/mac_16i | B2 v -> ZN ^ | AOI22D0  | 0.286 |   0.989 |    5.443 | 
     | n_instance/U216                                    |              |          |       |         |          | 
     | mac_array_instance/col_idx_3__mac_col_inst/mac_16i | I ^ -> ZN v  | CKND0    | 0.279 |   1.267 |    5.721 | 
     | n_instance/U16                                     |              |          |       |         |          | 
     | mac_array_instance/col_idx_3__mac_col_inst/mac_16i | A1 v -> ZN ^ | NR4D0    | 0.493 |   1.761 |    6.215 | 
     | n_instance/U223                                    |              |          |       |         |          | 
     | mac_array_instance/col_idx_3__mac_col_inst/mac_16i | B ^ -> ZN v  | AOI21D0  | 0.153 |   1.914 |    6.367 | 
     | n_instance/U695                                    |              |          |       |         |          | 
     | mac_array_instance/col_idx_3__mac_col_inst/mac_16i | A2 v -> ZN ^ | NR2D0    | 0.442 |   2.355 |    6.809 | 
     | n_instance/U696                                    |              |          |       |         |          | 
     | mac_array_instance/col_idx_3__mac_col_inst/mac_16i | B ^ -> ZN v  | AOI21D0  | 0.112 |   2.468 |    6.922 | 
     | n_instance/U697                                    |              |          |       |         |          | 
     | mac_array_instance/col_idx_3__mac_col_inst/mac_16i | CIX v -> S ^ | CMPE42D1 | 0.234 |   2.702 |    7.156 | 
     | n_instance/DP_OP_38J2_122_7155_U146                |              |          |       |         |          | 
     | mac_array_instance/col_idx_3__mac_col_inst/mac_16i | A ^ -> S v   | CMPE42D1 | 0.326 |   3.028 |    7.482 | 
     | n_instance/DP_OP_38J2_122_7155_U138                |              |          |       |         |          | 
     | mac_array_instance/col_idx_3__mac_col_inst/mac_16i | B v -> S ^   | CMPE42D1 | 0.303 |   3.331 |    7.785 | 
     | n_instance/DP_OP_38J2_122_7155_U135                |              |          |       |         |          | 
     | mac_array_instance/col_idx_3__mac_col_inst/mac_16i | B ^ -> CO ^  | FA1D0    | 0.141 |   3.472 |    7.925 | 
     | n_instance/intadd_6_U14                            |              |          |       |         |          | 
     | mac_array_instance/col_idx_3__mac_col_inst/mac_16i | CI ^ -> CO ^ | FA1D0    | 0.131 |   3.603 |    8.057 | 
     | n_instance/intadd_6_U13                            |              |          |       |         |          | 
     | mac_array_instance/col_idx_3__mac_col_inst/mac_16i | CI ^ -> CO ^ | FA1D0    | 0.109 |   3.712 |    8.166 | 
     | n_instance/intadd_6_U12                            |              |          |       |         |          | 
     | mac_array_instance/col_idx_3__mac_col_inst/mac_16i | CI ^ -> CO ^ | FA1D0    | 0.098 |   3.810 |    8.264 | 
     | n_instance/intadd_6_U11                            |              |          |       |         |          | 
     | mac_array_instance/col_idx_3__mac_col_inst/mac_16i | CI ^ -> CO ^ | FA1D0    | 0.162 |   3.972 |    8.426 | 
     | n_instance/intadd_6_U10                            |              |          |       |         |          | 
     | mac_array_instance/col_idx_3__mac_col_inst/mac_16i | CI ^ -> CO ^ | FA1D0    | 0.124 |   4.096 |    8.550 | 
     | n_instance/intadd_6_U9                             |              |          |       |         |          | 
     | mac_array_instance/col_idx_3__mac_col_inst/mac_16i | CI ^ -> CO ^ | FA1D1    | 0.074 |   4.170 |    8.624 | 
     | n_instance/intadd_6_U8                             |              |          |       |         |          | 
     | mac_array_instance/col_idx_3__mac_col_inst/mac_16i | CI ^ -> CO ^ | FA1D0    | 0.104 |   4.274 |    8.728 | 
     | n_instance/intadd_6_U7                             |              |          |       |         |          | 
     | mac_array_instance/col_idx_3__mac_col_inst/mac_16i | CI ^ -> CO ^ | FA1D0    | 0.106 |   4.379 |    8.833 | 
     | n_instance/intadd_6_U6                             |              |          |       |         |          | 
     | mac_array_instance/col_idx_3__mac_col_inst/mac_16i | CI ^ -> CO ^ | FA1D0    | 0.110 |   4.489 |    8.943 | 
     | n_instance/intadd_6_U5                             |              |          |       |         |          | 
     | mac_array_instance/col_idx_3__mac_col_inst/mac_16i | CI ^ -> CO ^ | FA1D0    | 0.099 |   4.588 |    9.042 | 
     | n_instance/intadd_6_U4                             |              |          |       |         |          | 
     | mac_array_instance/col_idx_3__mac_col_inst/mac_16i | CI ^ -> CO ^ | FA1D0    | 0.093 |   4.681 |    9.135 | 
     | n_instance/intadd_6_U3                             |              |          |       |         |          | 
     | mac_array_instance/col_idx_3__mac_col_inst/mac_16i | CI ^ -> CO ^ | FA1D0    | 0.088 |   4.769 |    9.223 | 
     | n_instance/intadd_6_U2                             |              |          |       |         |          | 
     | mac_array_instance/col_idx_3__mac_col_inst/mac_16i | I ^ -> Z ^   | BUFFD1   | 0.476 |   5.245 |    9.699 | 
     | n_instance/FE_OFC129_intadd_6_n1                   |              |          |       |         |          | 
     | mac_array_instance/col_idx_3__mac_col_inst/mac_16i | I ^ -> ZN v  | CKND0    | 0.347 |   5.593 |   10.046 | 
     | n_instance/U64                                     |              |          |       |         |          | 
     | ofifo_inst/col_idx_2__fifo_instance/q2_reg_18_     | D v          | EDFQD1   | 0.001 |   5.593 |   10.047 | 
     +-----------------------------------------------------------------------------------------------------------+ 

