xrun(64): 20.09-s017: (c) Copyright 1995-2021 Cadence Design Systems, Inc.
TOOL:	xrun(64)	20.09-s017: Started on Mar 22, 2025 at 18:10:37 PDT
xrun
	-define INITIALIZE_MEMORY
	-xminitialize 0
	+gui
	+access+rwc
	+xm64bit
	+xmstatus
	+xmtimescale+1ns/1ps
	+xmoveride_timescale
	-v ./netlist/core.pnr.v
	-v /home/linux/ieng6/ee260bwi25/public/PDKdata/verilog/tcbn65gplus.v
	./netlist/fullchip_tb.v
	-v ./netlist/fullchip.v

   User defined plus("+") options:
	+xmoveride_timescale


-------------------------------------
Relinquished control to SimVision...
xcelium> 
xcelium> source /software/ECE/XCELIUM-2009/tools/xcelium/files/xmsimrc
xcelium> database -open waves -into waves.shm -default
Created default SHM database waves
xcelium> probe -create -shm fullchip_tb.fullchip_instance.full_out
Created probe 1
xcelium> reset
Loaded snapshot worklib.fullchip_tb:v
xcelium> run
##### Q data txt reading #####
##### K data txt reading #####
##### Feed in data for Q  #####
---------------------------------------------------
     -5 |      7 |     -5 |     -7 |     -1 |      6 |      1 |      2 |
     -4 |      7 |     -2 |     -5 |     -3 |      4 |      1 |     -3 |
     -4 |     -1 |     -4 |     -4 |     -1 |      0 |      5 |      2 |
     -3 |      3 |      6 |     -4 |      6 |      2 |      1 |      6 |
     -8 |      5 |     -2 |      6 |      2 |      1 |     -3 |      4 |
     -2 |     -1 |     -2 |     -6 |     -1 |      4 |      0 |      2 |
      5 |     -7 |     -1 |      3 |      2 |      1 |     -7 |      6 |
      5 |     -8 |     -3 |      6 |      0 |     -2 |      6 |     -1 |
---------------------------------------------------
##### Feed in data for K  #####
---------------------------------------------------
     -6 |      3 |     -2 |     -1 |     -5 |      1 |      0 |      7 |
      0 |     -5 |     -8 |      0 |      6 |      0 |     -5 |     -7 |
      4 |     -7 |     -6 |      3 |      7 |      7 |      6 |      6 |
     -3 |      0 |      0 |     -7 |      6 |      3 |      4 |      7 |
      6 |     -3 |      4 |     -7 |     -4 |     -3 |     -2 |     -5 |
      0 |     -7 |      3 |      3 |     -2 |      6 |      4 |     -1 |
      7 |     -5 |      2 |      1 |      3 |      6 |      1 |     -5 |
      3 |     -1 |      6 |      3 |     -6 |     -2 |      1 |     -4 |
---------------------------------------------------
##### Estimated multiplication result (HEX) #####
Q[ 0][ 0] * K[ 0][ 0] = -5 * -6
Q[ 0][ 1] * K[ 0][ 1] =  7 *  3
Q[ 0][ 2] * K[ 0][ 2] = -5 * -2
Q[ 0][ 3] * K[ 0][ 3] = -7 * -1
Q[ 0][ 4] * K[ 0][ 4] = -1 * -5
Q[ 0][ 5] * K[ 0][ 5] =  6 *  1
Q[ 0][ 6] * K[ 0][ 6] =  1 *  0
Q[ 0][ 7] * K[ 0][ 7] =  2 *  7
@cycle 0:  93
Q[ 0][ 0] * K[ 1][ 0] = -5 *  0
Q[ 0][ 1] * K[ 1][ 1] =  7 * -5
Q[ 0][ 2] * K[ 1][ 2] = -5 * -8
Q[ 0][ 3] * K[ 1][ 3] = -7 *  0
Q[ 0][ 4] * K[ 1][ 4] = -1 *  6
Q[ 0][ 5] * K[ 1][ 5] =  6 *  0
Q[ 0][ 6] * K[ 1][ 6] =  1 * -5
Q[ 0][ 7] * K[ 1][ 7] =  2 * -7
@cycle 0: -20
Q[ 0][ 0] * K[ 2][ 0] = -5 *  4
Q[ 0][ 1] * K[ 2][ 1] =  7 * -7
Q[ 0][ 2] * K[ 2][ 2] = -5 * -6
Q[ 0][ 3] * K[ 2][ 3] = -7 *  3
Q[ 0][ 4] * K[ 2][ 4] = -1 *  7
Q[ 0][ 5] * K[ 2][ 5] =  6 *  7
Q[ 0][ 6] * K[ 2][ 6] =  1 *  6
Q[ 0][ 7] * K[ 2][ 7] =  2 *  6
@cycle 0:  -7
Q[ 0][ 0] * K[ 3][ 0] = -5 * -3
Q[ 0][ 1] * K[ 3][ 1] =  7 *  0
Q[ 0][ 2] * K[ 3][ 2] = -5 *  0
Q[ 0][ 3] * K[ 3][ 3] = -7 * -7
Q[ 0][ 4] * K[ 3][ 4] = -1 *  6
Q[ 0][ 5] * K[ 3][ 5] =  6 *  3
Q[ 0][ 6] * K[ 3][ 6] =  1 *  4
Q[ 0][ 7] * K[ 3][ 7] =  2 *  7
@cycle 0:  94
Q[ 0][ 0] * K[ 4][ 0] = -5 *  6
Q[ 0][ 1] * K[ 4][ 1] =  7 * -3
Q[ 0][ 2] * K[ 4][ 2] = -5 *  4
Q[ 0][ 3] * K[ 4][ 3] = -7 * -7
Q[ 0][ 4] * K[ 4][ 4] = -1 * -4
Q[ 0][ 5] * K[ 4][ 5] =  6 * -3
Q[ 0][ 6] * K[ 4][ 6] =  1 * -2
Q[ 0][ 7] * K[ 4][ 7] =  2 * -5
@cycle 0: -48
Q[ 0][ 0] * K[ 5][ 0] = -5 *  0
Q[ 0][ 1] * K[ 5][ 1] =  7 * -7
Q[ 0][ 2] * K[ 5][ 2] = -5 *  3
Q[ 0][ 3] * K[ 5][ 3] = -7 *  3
Q[ 0][ 4] * K[ 5][ 4] = -1 * -2
Q[ 0][ 5] * K[ 5][ 5] =  6 *  6
Q[ 0][ 6] * K[ 5][ 6] =  1 *  4
Q[ 0][ 7] * K[ 5][ 7] =  2 * -1
@cycle 0: -45
Q[ 0][ 0] * K[ 6][ 0] = -5 *  7
Q[ 0][ 1] * K[ 6][ 1] =  7 * -5
Q[ 0][ 2] * K[ 6][ 2] = -5 *  2
Q[ 0][ 3] * K[ 6][ 3] = -7 *  1
Q[ 0][ 4] * K[ 6][ 4] = -1 *  3
Q[ 0][ 5] * K[ 6][ 5] =  6 *  6
Q[ 0][ 6] * K[ 6][ 6] =  1 *  1
Q[ 0][ 7] * K[ 6][ 7] =  2 * -5
@cycle 0: -63
Q[ 0][ 0] * K[ 7][ 0] = -5 *  3
Q[ 0][ 1] * K[ 7][ 1] =  7 * -1
Q[ 0][ 2] * K[ 7][ 2] = -5 *  6
Q[ 0][ 3] * K[ 7][ 3] = -7 *  3
Q[ 0][ 4] * K[ 7][ 4] = -1 * -6
Q[ 0][ 5] * K[ 7][ 5] =  6 * -2
Q[ 0][ 6] * K[ 7][ 6] =  1 *  1
Q[ 0][ 7] * K[ 7][ 7] =  2 * -4
@cycle 0: -86
prd @cycle 0: 0005dfffecffff90005efffd0fffd3fffc1fffaa
Q[ 1][ 0] * K[ 0][ 0] = -4 * -6
Q[ 1][ 1] * K[ 0][ 1] =  7 *  3
Q[ 1][ 2] * K[ 0][ 2] = -2 * -2
Q[ 1][ 3] * K[ 0][ 3] = -5 * -1
Q[ 1][ 4] * K[ 0][ 4] = -3 * -5
Q[ 1][ 5] * K[ 0][ 5] =  4 *  1
Q[ 1][ 6] * K[ 0][ 6] =  1 *  0
Q[ 1][ 7] * K[ 0][ 7] = -3 *  7
@cycle 1:  52
Q[ 1][ 0] * K[ 1][ 0] = -4 *  0
Q[ 1][ 1] * K[ 1][ 1] =  7 * -5
Q[ 1][ 2] * K[ 1][ 2] = -2 * -8
Q[ 1][ 3] * K[ 1][ 3] = -5 *  0
Q[ 1][ 4] * K[ 1][ 4] = -3 *  6
Q[ 1][ 5] * K[ 1][ 5] =  4 *  0
Q[ 1][ 6] * K[ 1][ 6] =  1 * -5
Q[ 1][ 7] * K[ 1][ 7] = -3 * -7
@cycle 1: -21
Q[ 1][ 0] * K[ 2][ 0] = -4 *  4
Q[ 1][ 1] * K[ 2][ 1] =  7 * -7
Q[ 1][ 2] * K[ 2][ 2] = -2 * -6
Q[ 1][ 3] * K[ 2][ 3] = -5 *  3
Q[ 1][ 4] * K[ 2][ 4] = -3 *  7
Q[ 1][ 5] * K[ 2][ 5] =  4 *  7
Q[ 1][ 6] * K[ 2][ 6] =  1 *  6
Q[ 1][ 7] * K[ 2][ 7] = -3 *  6
@cycle 1: -73
Q[ 1][ 0] * K[ 3][ 0] = -4 * -3
Q[ 1][ 1] * K[ 3][ 1] =  7 *  0
Q[ 1][ 2] * K[ 3][ 2] = -2 *  0
Q[ 1][ 3] * K[ 3][ 3] = -5 * -7
Q[ 1][ 4] * K[ 3][ 4] = -3 *  6
Q[ 1][ 5] * K[ 3][ 5] =  4 *  3
Q[ 1][ 6] * K[ 3][ 6] =  1 *  4
Q[ 1][ 7] * K[ 3][ 7] = -3 *  7
@cycle 1:  24
Q[ 1][ 0] * K[ 4][ 0] = -4 *  6
Q[ 1][ 1] * K[ 4][ 1] =  7 * -3
Q[ 1][ 2] * K[ 4][ 2] = -2 *  4
Q[ 1][ 3] * K[ 4][ 3] = -5 * -7
Q[ 1][ 4] * K[ 4][ 4] = -3 * -4
Q[ 1][ 5] * K[ 4][ 5] =  4 * -3
Q[ 1][ 6] * K[ 4][ 6] =  1 * -2
Q[ 1][ 7] * K[ 4][ 7] = -3 * -5
@cycle 1:  -5
Q[ 1][ 0] * K[ 5][ 0] = -4 *  0
Q[ 1][ 1] * K[ 5][ 1] =  7 * -7
Q[ 1][ 2] * K[ 5][ 2] = -2 *  3
Q[ 1][ 3] * K[ 5][ 3] = -5 *  3
Q[ 1][ 4] * K[ 5][ 4] = -3 * -2
Q[ 1][ 5] * K[ 5][ 5] =  4 *  6
Q[ 1][ 6] * K[ 5][ 6] =  1 *  4
Q[ 1][ 7] * K[ 5][ 7] = -3 * -1
@cycle 1: -33
Q[ 1][ 0] * K[ 6][ 0] = -4 *  7
Q[ 1][ 1] * K[ 6][ 1] =  7 * -5
Q[ 1][ 2] * K[ 6][ 2] = -2 *  2
Q[ 1][ 3] * K[ 6][ 3] = -5 *  1
Q[ 1][ 4] * K[ 6][ 4] = -3 *  3
Q[ 1][ 5] * K[ 6][ 5] =  4 *  6
Q[ 1][ 6] * K[ 6][ 6] =  1 *  1
Q[ 1][ 7] * K[ 6][ 7] = -3 * -5
@cycle 1: -41
Q[ 1][ 0] * K[ 7][ 0] = -4 *  3
Q[ 1][ 1] * K[ 7][ 1] =  7 * -1
Q[ 1][ 2] * K[ 7][ 2] = -2 *  6
Q[ 1][ 3] * K[ 7][ 3] = -5 *  3
Q[ 1][ 4] * K[ 7][ 4] = -3 * -6
Q[ 1][ 5] * K[ 7][ 5] =  4 * -2
Q[ 1][ 6] * K[ 7][ 6] =  1 *  1
Q[ 1][ 7] * K[ 7][ 7] = -3 * -4
@cycle 1: -23
prd @cycle 1: 00034fffebfffb700018ffffbfffdffffd7fffe9
Q[ 2][ 0] * K[ 0][ 0] = -4 * -6
Q[ 2][ 1] * K[ 0][ 1] = -1 *  3
Q[ 2][ 2] * K[ 0][ 2] = -4 * -2
Q[ 2][ 3] * K[ 0][ 3] = -4 * -1
Q[ 2][ 4] * K[ 0][ 4] = -1 * -5
Q[ 2][ 5] * K[ 0][ 5] =  0 *  1
Q[ 2][ 6] * K[ 0][ 6] =  5 *  0
Q[ 2][ 7] * K[ 0][ 7] =  2 *  7
@cycle 2:  52
Q[ 2][ 0] * K[ 1][ 0] = -4 *  0
Q[ 2][ 1] * K[ 1][ 1] = -1 * -5
Q[ 2][ 2] * K[ 1][ 2] = -4 * -8
Q[ 2][ 3] * K[ 1][ 3] = -4 *  0
Q[ 2][ 4] * K[ 1][ 4] = -1 *  6
Q[ 2][ 5] * K[ 1][ 5] =  0 *  0
Q[ 2][ 6] * K[ 1][ 6] =  5 * -5
Q[ 2][ 7] * K[ 1][ 7] =  2 * -7
@cycle 2:  -8
Q[ 2][ 0] * K[ 2][ 0] = -4 *  4
Q[ 2][ 1] * K[ 2][ 1] = -1 * -7
Q[ 2][ 2] * K[ 2][ 2] = -4 * -6
Q[ 2][ 3] * K[ 2][ 3] = -4 *  3
Q[ 2][ 4] * K[ 2][ 4] = -1 *  7
Q[ 2][ 5] * K[ 2][ 5] =  0 *  7
Q[ 2][ 6] * K[ 2][ 6] =  5 *  6
Q[ 2][ 7] * K[ 2][ 7] =  2 *  6
@cycle 2:  38
Q[ 2][ 0] * K[ 3][ 0] = -4 * -3
Q[ 2][ 1] * K[ 3][ 1] = -1 *  0
Q[ 2][ 2] * K[ 3][ 2] = -4 *  0
Q[ 2][ 3] * K[ 3][ 3] = -4 * -7
Q[ 2][ 4] * K[ 3][ 4] = -1 *  6
Q[ 2][ 5] * K[ 3][ 5] =  0 *  3
Q[ 2][ 6] * K[ 3][ 6] =  5 *  4
Q[ 2][ 7] * K[ 3][ 7] =  2 *  7
@cycle 2:  68
Q[ 2][ 0] * K[ 4][ 0] = -4 *  6
Q[ 2][ 1] * K[ 4][ 1] = -1 * -3
Q[ 2][ 2] * K[ 4][ 2] = -4 *  4
Q[ 2][ 3] * K[ 4][ 3] = -4 * -7
Q[ 2][ 4] * K[ 4][ 4] = -1 * -4
Q[ 2][ 5] * K[ 4][ 5] =  0 * -3
Q[ 2][ 6] * K[ 4][ 6] =  5 * -2
Q[ 2][ 7] * K[ 4][ 7] =  2 * -5
@cycle 2: -25
Q[ 2][ 0] * K[ 5][ 0] = -4 *  0
Q[ 2][ 1] * K[ 5][ 1] = -1 * -7
Q[ 2][ 2] * K[ 5][ 2] = -4 *  3
Q[ 2][ 3] * K[ 5][ 3] = -4 *  3
Q[ 2][ 4] * K[ 5][ 4] = -1 * -2
Q[ 2][ 5] * K[ 5][ 5] =  0 *  6
Q[ 2][ 6] * K[ 5][ 6] =  5 *  4
Q[ 2][ 7] * K[ 5][ 7] =  2 * -1
@cycle 2:   3
Q[ 2][ 0] * K[ 6][ 0] = -4 *  7
Q[ 2][ 1] * K[ 6][ 1] = -1 * -5
Q[ 2][ 2] * K[ 6][ 2] = -4 *  2
Q[ 2][ 3] * K[ 6][ 3] = -4 *  1
Q[ 2][ 4] * K[ 6][ 4] = -1 *  3
Q[ 2][ 5] * K[ 6][ 5] =  0 *  6
Q[ 2][ 6] * K[ 6][ 6] =  5 *  1
Q[ 2][ 7] * K[ 6][ 7] =  2 * -5
@cycle 2: -43
Q[ 2][ 0] * K[ 7][ 0] = -4 *  3
Q[ 2][ 1] * K[ 7][ 1] = -1 * -1
Q[ 2][ 2] * K[ 7][ 2] = -4 *  6
Q[ 2][ 3] * K[ 7][ 3] = -4 *  3
Q[ 2][ 4] * K[ 7][ 4] = -1 * -6
Q[ 2][ 5] * K[ 7][ 5] =  0 * -2
Q[ 2][ 6] * K[ 7][ 6] =  5 *  1
Q[ 2][ 7] * K[ 7][ 7] =  2 * -4
@cycle 2: -44
prd @cycle 2: 00034ffff80002600044fffe700003fffd5fffd4
Q[ 3][ 0] * K[ 0][ 0] = -3 * -6
Q[ 3][ 1] * K[ 0][ 1] =  3 *  3
Q[ 3][ 2] * K[ 0][ 2] =  6 * -2
Q[ 3][ 3] * K[ 0][ 3] = -4 * -1
Q[ 3][ 4] * K[ 0][ 4] =  6 * -5
Q[ 3][ 5] * K[ 0][ 5] =  2 *  1
Q[ 3][ 6] * K[ 0][ 6] =  1 *  0
Q[ 3][ 7] * K[ 0][ 7] =  6 *  7
@cycle 3:  33
Q[ 3][ 0] * K[ 1][ 0] = -3 *  0
Q[ 3][ 1] * K[ 1][ 1] =  3 * -5
Q[ 3][ 2] * K[ 1][ 2] =  6 * -8
Q[ 3][ 3] * K[ 1][ 3] = -4 *  0
Q[ 3][ 4] * K[ 1][ 4] =  6 *  6
Q[ 3][ 5] * K[ 1][ 5] =  2 *  0
Q[ 3][ 6] * K[ 1][ 6] =  1 * -5
Q[ 3][ 7] * K[ 1][ 7] =  6 * -7
@cycle 3: -74
Q[ 3][ 0] * K[ 2][ 0] = -3 *  4
Q[ 3][ 1] * K[ 2][ 1] =  3 * -7
Q[ 3][ 2] * K[ 2][ 2] =  6 * -6
Q[ 3][ 3] * K[ 2][ 3] = -4 *  3
Q[ 3][ 4] * K[ 2][ 4] =  6 *  7
Q[ 3][ 5] * K[ 2][ 5] =  2 *  7
Q[ 3][ 6] * K[ 2][ 6] =  1 *  6
Q[ 3][ 7] * K[ 2][ 7] =  6 *  6
@cycle 3:  17
Q[ 3][ 0] * K[ 3][ 0] = -3 * -3
Q[ 3][ 1] * K[ 3][ 1] =  3 *  0
Q[ 3][ 2] * K[ 3][ 2] =  6 *  0
Q[ 3][ 3] * K[ 3][ 3] = -4 * -7
Q[ 3][ 4] * K[ 3][ 4] =  6 *  6
Q[ 3][ 5] * K[ 3][ 5] =  2 *  3
Q[ 3][ 6] * K[ 3][ 6] =  1 *  4
Q[ 3][ 7] * K[ 3][ 7] =  6 *  7
@cycle 3: 125
Q[ 3][ 0] * K[ 4][ 0] = -3 *  6
Q[ 3][ 1] * K[ 4][ 1] =  3 * -3
Q[ 3][ 2] * K[ 4][ 2] =  6 *  4
Q[ 3][ 3] * K[ 4][ 3] = -4 * -7
Q[ 3][ 4] * K[ 4][ 4] =  6 * -4
Q[ 3][ 5] * K[ 4][ 5] =  2 * -3
Q[ 3][ 6] * K[ 4][ 6] =  1 * -2
Q[ 3][ 7] * K[ 4][ 7] =  6 * -5
@cycle 3: -37
Q[ 3][ 0] * K[ 5][ 0] = -3 *  0
Q[ 3][ 1] * K[ 5][ 1] =  3 * -7
Q[ 3][ 2] * K[ 5][ 2] =  6 *  3
Q[ 3][ 3] * K[ 5][ 3] = -4 *  3
Q[ 3][ 4] * K[ 5][ 4] =  6 * -2
Q[ 3][ 5] * K[ 5][ 5] =  2 *  6
Q[ 3][ 6] * K[ 5][ 6] =  1 *  4
Q[ 3][ 7] * K[ 5][ 7] =  6 * -1
@cycle 3: -17
Q[ 3][ 0] * K[ 6][ 0] = -3 *  7
Q[ 3][ 1] * K[ 6][ 1] =  3 * -5
Q[ 3][ 2] * K[ 6][ 2] =  6 *  2
Q[ 3][ 3] * K[ 6][ 3] = -4 *  1
Q[ 3][ 4] * K[ 6][ 4] =  6 *  3
Q[ 3][ 5] * K[ 6][ 5] =  2 *  6
Q[ 3][ 6] * K[ 6][ 6] =  1 *  1
Q[ 3][ 7] * K[ 6][ 7] =  6 * -5
@cycle 3: -27
Q[ 3][ 0] * K[ 7][ 0] = -3 *  3
Q[ 3][ 1] * K[ 7][ 1] =  3 * -1
Q[ 3][ 2] * K[ 7][ 2] =  6 *  6
Q[ 3][ 3] * K[ 7][ 3] = -4 *  3
Q[ 3][ 4] * K[ 7][ 4] =  6 * -6
Q[ 3][ 5] * K[ 7][ 5] =  2 * -2
Q[ 3][ 6] * K[ 7][ 6] =  1 *  1
Q[ 3][ 7] * K[ 7][ 7] =  6 * -4
@cycle 3: -51
prd @cycle 3: 00021fffb6000110007dfffdbfffeffffe5fffcd
Q[ 4][ 0] * K[ 0][ 0] = -8 * -6
Q[ 4][ 1] * K[ 0][ 1] =  5 *  3
Q[ 4][ 2] * K[ 0][ 2] = -2 * -2
Q[ 4][ 3] * K[ 0][ 3] =  6 * -1
Q[ 4][ 4] * K[ 0][ 4] =  2 * -5
Q[ 4][ 5] * K[ 0][ 5] =  1 *  1
Q[ 4][ 6] * K[ 0][ 6] = -3 *  0
Q[ 4][ 7] * K[ 0][ 7] =  4 *  7
@cycle 4:  80
Q[ 4][ 0] * K[ 1][ 0] = -8 *  0
Q[ 4][ 1] * K[ 1][ 1] =  5 * -5
Q[ 4][ 2] * K[ 1][ 2] = -2 * -8
Q[ 4][ 3] * K[ 1][ 3] =  6 *  0
Q[ 4][ 4] * K[ 1][ 4] =  2 *  6
Q[ 4][ 5] * K[ 1][ 5] =  1 *  0
Q[ 4][ 6] * K[ 1][ 6] = -3 * -5
Q[ 4][ 7] * K[ 1][ 7] =  4 * -7
@cycle 4: -10
Q[ 4][ 0] * K[ 2][ 0] = -8 *  4
Q[ 4][ 1] * K[ 2][ 1] =  5 * -7
Q[ 4][ 2] * K[ 2][ 2] = -2 * -6
Q[ 4][ 3] * K[ 2][ 3] =  6 *  3
Q[ 4][ 4] * K[ 2][ 4] =  2 *  7
Q[ 4][ 5] * K[ 2][ 5] =  1 *  7
Q[ 4][ 6] * K[ 2][ 6] = -3 *  6
Q[ 4][ 7] * K[ 2][ 7] =  4 *  6
@cycle 4: -10
Q[ 4][ 0] * K[ 3][ 0] = -8 * -3
Q[ 4][ 1] * K[ 3][ 1] =  5 *  0
Q[ 4][ 2] * K[ 3][ 2] = -2 *  0
Q[ 4][ 3] * K[ 3][ 3] =  6 * -7
Q[ 4][ 4] * K[ 3][ 4] =  2 *  6
Q[ 4][ 5] * K[ 3][ 5] =  1 *  3
Q[ 4][ 6] * K[ 3][ 6] = -3 *  4
Q[ 4][ 7] * K[ 3][ 7] =  4 *  7
@cycle 4:  13
Q[ 4][ 0] * K[ 4][ 0] = -8 *  6
Q[ 4][ 1] * K[ 4][ 1] =  5 * -3
Q[ 4][ 2] * K[ 4][ 2] = -2 *  4
Q[ 4][ 3] * K[ 4][ 3] =  6 * -7
Q[ 4][ 4] * K[ 4][ 4] =  2 * -4
Q[ 4][ 5] * K[ 4][ 5] =  1 * -3
Q[ 4][ 6] * K[ 4][ 6] = -3 * -2
Q[ 4][ 7] * K[ 4][ 7] =  4 * -5
@cycle 4: -138
Q[ 4][ 0] * K[ 5][ 0] = -8 *  0
Q[ 4][ 1] * K[ 5][ 1] =  5 * -7
Q[ 4][ 2] * K[ 5][ 2] = -2 *  3
Q[ 4][ 3] * K[ 5][ 3] =  6 *  3
Q[ 4][ 4] * K[ 5][ 4] =  2 * -2
Q[ 4][ 5] * K[ 5][ 5] =  1 *  6
Q[ 4][ 6] * K[ 5][ 6] = -3 *  4
Q[ 4][ 7] * K[ 5][ 7] =  4 * -1
@cycle 4: -37
Q[ 4][ 0] * K[ 6][ 0] = -8 *  7
Q[ 4][ 1] * K[ 6][ 1] =  5 * -5
Q[ 4][ 2] * K[ 6][ 2] = -2 *  2
Q[ 4][ 3] * K[ 6][ 3] =  6 *  1
Q[ 4][ 4] * K[ 6][ 4] =  2 *  3
Q[ 4][ 5] * K[ 6][ 5] =  1 *  6
Q[ 4][ 6] * K[ 6][ 6] = -3 *  1
Q[ 4][ 7] * K[ 6][ 7] =  4 * -5
@cycle 4: -90
Q[ 4][ 0] * K[ 7][ 0] = -8 *  3
Q[ 4][ 1] * K[ 7][ 1] =  5 * -1
Q[ 4][ 2] * K[ 7][ 2] = -2 *  6
Q[ 4][ 3] * K[ 7][ 3] =  6 *  3
Q[ 4][ 4] * K[ 7][ 4] =  2 * -6
Q[ 4][ 5] * K[ 7][ 5] =  1 * -2
Q[ 4][ 6] * K[ 7][ 6] = -3 *  1
Q[ 4][ 7] * K[ 7][ 7] =  4 * -4
@cycle 4: -56
prd @cycle 4: 00050ffff6ffff60000dfff76fffdbfffa6fffc8
Q[ 5][ 0] * K[ 0][ 0] = -2 * -6
Q[ 5][ 1] * K[ 0][ 1] = -1 *  3
Q[ 5][ 2] * K[ 0][ 2] = -2 * -2
Q[ 5][ 3] * K[ 0][ 3] = -6 * -1
Q[ 5][ 4] * K[ 0][ 4] = -1 * -5
Q[ 5][ 5] * K[ 0][ 5] =  4 *  1
Q[ 5][ 6] * K[ 0][ 6] =  0 *  0
Q[ 5][ 7] * K[ 0][ 7] =  2 *  7
@cycle 5:  42
Q[ 5][ 0] * K[ 1][ 0] = -2 *  0
Q[ 5][ 1] * K[ 1][ 1] = -1 * -5
Q[ 5][ 2] * K[ 1][ 2] = -2 * -8
Q[ 5][ 3] * K[ 1][ 3] = -6 *  0
Q[ 5][ 4] * K[ 1][ 4] = -1 *  6
Q[ 5][ 5] * K[ 1][ 5] =  4 *  0
Q[ 5][ 6] * K[ 1][ 6] =  0 * -5
Q[ 5][ 7] * K[ 1][ 7] =  2 * -7
@cycle 5:   1
Q[ 5][ 0] * K[ 2][ 0] = -2 *  4
Q[ 5][ 1] * K[ 2][ 1] = -1 * -7
Q[ 5][ 2] * K[ 2][ 2] = -2 * -6
Q[ 5][ 3] * K[ 2][ 3] = -6 *  3
Q[ 5][ 4] * K[ 2][ 4] = -1 *  7
Q[ 5][ 5] * K[ 2][ 5] =  4 *  7
Q[ 5][ 6] * K[ 2][ 6] =  0 *  6
Q[ 5][ 7] * K[ 2][ 7] =  2 *  6
@cycle 5:  26
Q[ 5][ 0] * K[ 3][ 0] = -2 * -3
Q[ 5][ 1] * K[ 3][ 1] = -1 *  0
Q[ 5][ 2] * K[ 3][ 2] = -2 *  0
Q[ 5][ 3] * K[ 3][ 3] = -6 * -7
Q[ 5][ 4] * K[ 3][ 4] = -1 *  6
Q[ 5][ 5] * K[ 3][ 5] =  4 *  3
Q[ 5][ 6] * K[ 3][ 6] =  0 *  4
Q[ 5][ 7] * K[ 3][ 7] =  2 *  7
@cycle 5:  68
Q[ 5][ 0] * K[ 4][ 0] = -2 *  6
Q[ 5][ 1] * K[ 4][ 1] = -1 * -3
Q[ 5][ 2] * K[ 4][ 2] = -2 *  4
Q[ 5][ 3] * K[ 4][ 3] = -6 * -7
Q[ 5][ 4] * K[ 4][ 4] = -1 * -4
Q[ 5][ 5] * K[ 4][ 5] =  4 * -3
Q[ 5][ 6] * K[ 4][ 6] =  0 * -2
Q[ 5][ 7] * K[ 4][ 7] =  2 * -5
@cycle 5:   7
Q[ 5][ 0] * K[ 5][ 0] = -2 *  0
Q[ 5][ 1] * K[ 5][ 1] = -1 * -7
Q[ 5][ 2] * K[ 5][ 2] = -2 *  3
Q[ 5][ 3] * K[ 5][ 3] = -6 *  3
Q[ 5][ 4] * K[ 5][ 4] = -1 * -2
Q[ 5][ 5] * K[ 5][ 5] =  4 *  6
Q[ 5][ 6] * K[ 5][ 6] =  0 *  4
Q[ 5][ 7] * K[ 5][ 7] =  2 * -1
@cycle 5:   7
Q[ 5][ 0] * K[ 6][ 0] = -2 *  7
Q[ 5][ 1] * K[ 6][ 1] = -1 * -5
Q[ 5][ 2] * K[ 6][ 2] = -2 *  2
Q[ 5][ 3] * K[ 6][ 3] = -6 *  1
Q[ 5][ 4] * K[ 6][ 4] = -1 *  3
Q[ 5][ 5] * K[ 6][ 5] =  4 *  6
Q[ 5][ 6] * K[ 6][ 6] =  0 *  1
Q[ 5][ 7] * K[ 6][ 7] =  2 * -5
@cycle 5:  -8
Q[ 5][ 0] * K[ 7][ 0] = -2 *  3
Q[ 5][ 1] * K[ 7][ 1] = -1 * -1
Q[ 5][ 2] * K[ 7][ 2] = -2 *  6
Q[ 5][ 3] * K[ 7][ 3] = -6 *  3
Q[ 5][ 4] * K[ 7][ 4] = -1 * -6
Q[ 5][ 5] * K[ 7][ 5] =  4 * -2
Q[ 5][ 6] * K[ 7][ 6] =  0 *  1
Q[ 5][ 7] * K[ 7][ 7] =  2 * -4
@cycle 5: -45
prd @cycle 5: 0002a000010001a000440000700007ffff8fffd3
Q[ 6][ 0] * K[ 0][ 0] =  5 * -6
Q[ 6][ 1] * K[ 0][ 1] = -7 *  3
Q[ 6][ 2] * K[ 0][ 2] = -1 * -2
Q[ 6][ 3] * K[ 0][ 3] =  3 * -1
Q[ 6][ 4] * K[ 0][ 4] =  2 * -5
Q[ 6][ 5] * K[ 0][ 5] =  1 *  1
Q[ 6][ 6] * K[ 0][ 6] = -7 *  0
Q[ 6][ 7] * K[ 0][ 7] =  6 *  7
@cycle 6: -19
Q[ 6][ 0] * K[ 1][ 0] =  5 *  0
Q[ 6][ 1] * K[ 1][ 1] = -7 * -5
Q[ 6][ 2] * K[ 1][ 2] = -1 * -8
Q[ 6][ 3] * K[ 1][ 3] =  3 *  0
Q[ 6][ 4] * K[ 1][ 4] =  2 *  6
Q[ 6][ 5] * K[ 1][ 5] =  1 *  0
Q[ 6][ 6] * K[ 1][ 6] = -7 * -5
Q[ 6][ 7] * K[ 1][ 7] =  6 * -7
@cycle 6:  48
Q[ 6][ 0] * K[ 2][ 0] =  5 *  4
Q[ 6][ 1] * K[ 2][ 1] = -7 * -7
Q[ 6][ 2] * K[ 2][ 2] = -1 * -6
Q[ 6][ 3] * K[ 2][ 3] =  3 *  3
Q[ 6][ 4] * K[ 2][ 4] =  2 *  7
Q[ 6][ 5] * K[ 2][ 5] =  1 *  7
Q[ 6][ 6] * K[ 2][ 6] = -7 *  6
Q[ 6][ 7] * K[ 2][ 7] =  6 *  6
@cycle 6:  99
Q[ 6][ 0] * K[ 3][ 0] =  5 * -3
Q[ 6][ 1] * K[ 3][ 1] = -7 *  0
Q[ 6][ 2] * K[ 3][ 2] = -1 *  0
Q[ 6][ 3] * K[ 3][ 3] =  3 * -7
Q[ 6][ 4] * K[ 3][ 4] =  2 *  6
Q[ 6][ 5] * K[ 3][ 5] =  1 *  3
Q[ 6][ 6] * K[ 3][ 6] = -7 *  4
Q[ 6][ 7] * K[ 3][ 7] =  6 *  7
@cycle 6:  -7
Q[ 6][ 0] * K[ 4][ 0] =  5 *  6
Q[ 6][ 1] * K[ 4][ 1] = -7 * -3
Q[ 6][ 2] * K[ 4][ 2] = -1 *  4
Q[ 6][ 3] * K[ 4][ 3] =  3 * -7
Q[ 6][ 4] * K[ 4][ 4] =  2 * -4
Q[ 6][ 5] * K[ 4][ 5] =  1 * -3
Q[ 6][ 6] * K[ 4][ 6] = -7 * -2
Q[ 6][ 7] * K[ 4][ 7] =  6 * -5
@cycle 6:  -1
Q[ 6][ 0] * K[ 5][ 0] =  5 *  0
Q[ 6][ 1] * K[ 5][ 1] = -7 * -7
Q[ 6][ 2] * K[ 5][ 2] = -1 *  3
Q[ 6][ 3] * K[ 5][ 3] =  3 *  3
Q[ 6][ 4] * K[ 5][ 4] =  2 * -2
Q[ 6][ 5] * K[ 5][ 5] =  1 *  6
Q[ 6][ 6] * K[ 5][ 6] = -7 *  4
Q[ 6][ 7] * K[ 5][ 7] =  6 * -1
@cycle 6:  23
Q[ 6][ 0] * K[ 6][ 0] =  5 *  7
Q[ 6][ 1] * K[ 6][ 1] = -7 * -5
Q[ 6][ 2] * K[ 6][ 2] = -1 *  2
Q[ 6][ 3] * K[ 6][ 3] =  3 *  1
Q[ 6][ 4] * K[ 6][ 4] =  2 *  3
Q[ 6][ 5] * K[ 6][ 5] =  1 *  6
Q[ 6][ 6] * K[ 6][ 6] = -7 *  1
Q[ 6][ 7] * K[ 6][ 7] =  6 * -5
@cycle 6:  46
Q[ 6][ 0] * K[ 7][ 0] =  5 *  3
Q[ 6][ 1] * K[ 7][ 1] = -7 * -1
Q[ 6][ 2] * K[ 7][ 2] = -1 *  6
Q[ 6][ 3] * K[ 7][ 3] =  3 *  3
Q[ 6][ 4] * K[ 7][ 4] =  2 * -6
Q[ 6][ 5] * K[ 7][ 5] =  1 * -2
Q[ 6][ 6] * K[ 7][ 6] = -7 *  1
Q[ 6][ 7] * K[ 7][ 7] =  6 * -4
@cycle 6: -20
prd @cycle 6: fffed0003000063ffff9fffff000170002efffec
Q[ 7][ 0] * K[ 0][ 0] =  5 * -6
Q[ 7][ 1] * K[ 0][ 1] = -8 *  3
Q[ 7][ 2] * K[ 0][ 2] = -3 * -2
Q[ 7][ 3] * K[ 0][ 3] =  6 * -1
Q[ 7][ 4] * K[ 0][ 4] =  0 * -5
Q[ 7][ 5] * K[ 0][ 5] = -2 *  1
Q[ 7][ 6] * K[ 0][ 6] =  6 *  0
Q[ 7][ 7] * K[ 0][ 7] = -1 *  7
@cycle 7: -63
Q[ 7][ 0] * K[ 1][ 0] =  5 *  0
Q[ 7][ 1] * K[ 1][ 1] = -8 * -5
Q[ 7][ 2] * K[ 1][ 2] = -3 * -8
Q[ 7][ 3] * K[ 1][ 3] =  6 *  0
Q[ 7][ 4] * K[ 1][ 4] =  0 *  6
Q[ 7][ 5] * K[ 1][ 5] = -2 *  0
Q[ 7][ 6] * K[ 1][ 6] =  6 * -5
Q[ 7][ 7] * K[ 1][ 7] = -1 * -7
@cycle 7:  41
Q[ 7][ 0] * K[ 2][ 0] =  5 *  4
Q[ 7][ 1] * K[ 2][ 1] = -8 * -7
Q[ 7][ 2] * K[ 2][ 2] = -3 * -6
Q[ 7][ 3] * K[ 2][ 3] =  6 *  3
Q[ 7][ 4] * K[ 2][ 4] =  0 *  7
Q[ 7][ 5] * K[ 2][ 5] = -2 *  7
Q[ 7][ 6] * K[ 2][ 6] =  6 *  6
Q[ 7][ 7] * K[ 2][ 7] = -1 *  6
@cycle 7: 128
Q[ 7][ 0] * K[ 3][ 0] =  5 * -3
Q[ 7][ 1] * K[ 3][ 1] = -8 *  0
Q[ 7][ 2] * K[ 3][ 2] = -3 *  0
Q[ 7][ 3] * K[ 3][ 3] =  6 * -7
Q[ 7][ 4] * K[ 3][ 4] =  0 *  6
Q[ 7][ 5] * K[ 3][ 5] = -2 *  3
Q[ 7][ 6] * K[ 3][ 6] =  6 *  4
Q[ 7][ 7] * K[ 3][ 7] = -1 *  7
@cycle 7: -46
Q[ 7][ 0] * K[ 4][ 0] =  5 *  6
Q[ 7][ 1] * K[ 4][ 1] = -8 * -3
Q[ 7][ 2] * K[ 4][ 2] = -3 *  4
Q[ 7][ 3] * K[ 4][ 3] =  6 * -7
Q[ 7][ 4] * K[ 4][ 4] =  0 * -4
Q[ 7][ 5] * K[ 4][ 5] = -2 * -3
Q[ 7][ 6] * K[ 4][ 6] =  6 * -2
Q[ 7][ 7] * K[ 4][ 7] = -1 * -5
@cycle 7:  -1
Q[ 7][ 0] * K[ 5][ 0] =  5 *  0
Q[ 7][ 1] * K[ 5][ 1] = -8 * -7
Q[ 7][ 2] * K[ 5][ 2] = -3 *  3
Q[ 7][ 3] * K[ 5][ 3] =  6 *  3
Q[ 7][ 4] * K[ 5][ 4] =  0 * -2
Q[ 7][ 5] * K[ 5][ 5] = -2 *  6
Q[ 7][ 6] * K[ 5][ 6] =  6 *  4
Q[ 7][ 7] * K[ 5][ 7] = -1 * -1
@cycle 7:  78
Q[ 7][ 0] * K[ 6][ 0] =  5 *  7
Q[ 7][ 1] * K[ 6][ 1] = -8 * -5
Q[ 7][ 2] * K[ 6][ 2] = -3 *  2
Q[ 7][ 3] * K[ 6][ 3] =  6 *  1
Q[ 7][ 4] * K[ 6][ 4] =  0 *  3
Q[ 7][ 5] * K[ 6][ 5] = -2 *  6
Q[ 7][ 6] * K[ 6][ 6] =  6 *  1
Q[ 7][ 7] * K[ 6][ 7] = -1 * -5
@cycle 7:  74
Q[ 7][ 0] * K[ 7][ 0] =  5 *  3
Q[ 7][ 1] * K[ 7][ 1] = -8 * -1
Q[ 7][ 2] * K[ 7][ 2] = -3 *  6
Q[ 7][ 3] * K[ 7][ 3] =  6 *  3
Q[ 7][ 4] * K[ 7][ 4] =  0 * -6
Q[ 7][ 5] * K[ 7][ 5] = -2 * -2
Q[ 7][ 6] * K[ 7][ 6] =  6 *  1
Q[ 7][ 7] * K[ 7][ 7] = -1 * -4
@cycle 7:  37
prd @cycle 7: fffc10002900080fffd2fffff0004e0004a00025
##### Estimated Multiplication Result (Decimal) #####
---------------------------------------------------
Cycle  0 |     93 |    -20 |     -7 |     94 |    -48 |    -45 |    -63 |    -86 |
Cycle  1 |     52 |    -21 |    -73 |     24 |     -5 |    -33 |    -41 |    -23 |
Cycle  2 |     52 |     -8 |     38 |     68 |    -25 |      3 |    -43 |    -44 |
Cycle  3 |     33 |    -74 |     17 |    125 |    -37 |    -17 |    -27 |    -51 |
Cycle  4 |     80 |    -10 |    -10 |     13 |   -138 |    -37 |    -90 |    -56 |
Cycle  5 |     42 |      1 |     26 |     68 |      7 |      7 |     -8 |    -45 |
Cycle  6 |    -19 |     48 |     99 |     -7 |     -1 |     23 |     46 |    -20 |
Cycle  7 |    -63 |     41 |    128 |    -46 |     -1 |     78 |     74 |     37 |
---------------------------------------------------
##### Qmem writing  #####
##### Kmem writing #####
##### K data loading to processor #####
##### execute #####
##### move ofifo to pmem #####
##### PMEM TO OUT #####
Core Output |      x |      x |      x |      x |      x |      x |      x |      x |
---------------------------------------------------
Core Output |     93 |    -20 |     -7 |     94 |    -48 |    -45 |    -63 |    -86 |
---------------------------------------------------
Core Output |     52 |    -21 |    -73 |     24 |     -5 |    -33 |    -41 |    -23 |
---------------------------------------------------
Core Output |     52 |     -8 |     38 |     68 |    -25 |      3 |    -43 |    -44 |
---------------------------------------------------
Core Output |     33 |    -74 |     17 |    125 |    -37 |    -17 |    -27 |    -51 |
---------------------------------------------------
Core Output |     80 |    -10 |    -10 |     13 |   -138 |    -37 |    -90 |    -56 |
---------------------------------------------------
Core Output |     42 |      1 |     26 |     68 |      7 |      7 |     -8 |    -45 |
---------------------------------------------------
Core Output |    -19 |     48 |     99 |     -7 |     -1 |     23 |     46 |    -20 |
---------------------------------------------------
Core Output |    -63 |     41 |    128 |    -46 |     -1 |     78 |     74 |     37 |
---------------------------------------------------
Simulation complete via $finish(1) at time 915 NS + 0
./netlist/fullchip_tb.v:381   #0.50 $finish;
xcelium> probe -create -shm fullchip_tb.fullchip_instance.clk
Created probe 2
xcelium> reset
Loaded snapshot worklib.fullchip_tb:v
xcelium> run
##### Q data txt reading #####
##### K data txt reading #####
##### Feed in data for Q  #####
---------------------------------------------------
     -5 |      7 |     -5 |     -7 |     -1 |      6 |      1 |      2 |
     -4 |      7 |     -2 |     -5 |     -3 |      4 |      1 |     -3 |
     -4 |     -1 |     -4 |     -4 |     -1 |      0 |      5 |      2 |
     -3 |      3 |      6 |     -4 |      6 |      2 |      1 |      6 |
     -8 |      5 |     -2 |      6 |      2 |      1 |     -3 |      4 |
     -2 |     -1 |     -2 |     -6 |     -1 |      4 |      0 |      2 |
      5 |     -7 |     -1 |      3 |      2 |      1 |     -7 |      6 |
      5 |     -8 |     -3 |      6 |      0 |     -2 |      6 |     -1 |
---------------------------------------------------
##### Feed in data for K  #####
---------------------------------------------------
     -6 |      3 |     -2 |     -1 |     -5 |      1 |      0 |      7 |
      0 |     -5 |     -8 |      0 |      6 |      0 |     -5 |     -7 |
      4 |     -7 |     -6 |      3 |      7 |      7 |      6 |      6 |
     -3 |      0 |      0 |     -7 |      6 |      3 |      4 |      7 |
      6 |     -3 |      4 |     -7 |     -4 |     -3 |     -2 |     -5 |
      0 |     -7 |      3 |      3 |     -2 |      6 |      4 |     -1 |
      7 |     -5 |      2 |      1 |      3 |      6 |      1 |     -5 |
      3 |     -1 |      6 |      3 |     -6 |     -2 |      1 |     -4 |
---------------------------------------------------
##### Estimated multiplication result (HEX) #####
Q[ 0][ 0] * K[ 0][ 0] = -5 * -6
Q[ 0][ 1] * K[ 0][ 1] =  7 *  3
Q[ 0][ 2] * K[ 0][ 2] = -5 * -2
Q[ 0][ 3] * K[ 0][ 3] = -7 * -1
Q[ 0][ 4] * K[ 0][ 4] = -1 * -5
Q[ 0][ 5] * K[ 0][ 5] =  6 *  1
Q[ 0][ 6] * K[ 0][ 6] =  1 *  0
Q[ 0][ 7] * K[ 0][ 7] =  2 *  7
@cycle 0:  93
Q[ 0][ 0] * K[ 1][ 0] = -5 *  0
Q[ 0][ 1] * K[ 1][ 1] =  7 * -5
Q[ 0][ 2] * K[ 1][ 2] = -5 * -8
Q[ 0][ 3] * K[ 1][ 3] = -7 *  0
Q[ 0][ 4] * K[ 1][ 4] = -1 *  6
Q[ 0][ 5] * K[ 1][ 5] =  6 *  0
Q[ 0][ 6] * K[ 1][ 6] =  1 * -5
Q[ 0][ 7] * K[ 1][ 7] =  2 * -7
@cycle 0: -20
Q[ 0][ 0] * K[ 2][ 0] = -5 *  4
Q[ 0][ 1] * K[ 2][ 1] =  7 * -7
Q[ 0][ 2] * K[ 2][ 2] = -5 * -6
Q[ 0][ 3] * K[ 2][ 3] = -7 *  3
Q[ 0][ 4] * K[ 2][ 4] = -1 *  7
Q[ 0][ 5] * K[ 2][ 5] =  6 *  7
Q[ 0][ 6] * K[ 2][ 6] =  1 *  6
Q[ 0][ 7] * K[ 2][ 7] =  2 *  6
@cycle 0:  -7
Q[ 0][ 0] * K[ 3][ 0] = -5 * -3
Q[ 0][ 1] * K[ 3][ 1] =  7 *  0
Q[ 0][ 2] * K[ 3][ 2] = -5 *  0
Q[ 0][ 3] * K[ 3][ 3] = -7 * -7
Q[ 0][ 4] * K[ 3][ 4] = -1 *  6
Q[ 0][ 5] * K[ 3][ 5] =  6 *  3
Q[ 0][ 6] * K[ 3][ 6] =  1 *  4
Q[ 0][ 7] * K[ 3][ 7] =  2 *  7
@cycle 0:  94
Q[ 0][ 0] * K[ 4][ 0] = -5 *  6
Q[ 0][ 1] * K[ 4][ 1] =  7 * -3
Q[ 0][ 2] * K[ 4][ 2] = -5 *  4
Q[ 0][ 3] * K[ 4][ 3] = -7 * -7
Q[ 0][ 4] * K[ 4][ 4] = -1 * -4
Q[ 0][ 5] * K[ 4][ 5] =  6 * -3
Q[ 0][ 6] * K[ 4][ 6] =  1 * -2
Q[ 0][ 7] * K[ 4][ 7] =  2 * -5
@cycle 0: -48
Q[ 0][ 0] * K[ 5][ 0] = -5 *  0
Q[ 0][ 1] * K[ 5][ 1] =  7 * -7
Q[ 0][ 2] * K[ 5][ 2] = -5 *  3
Q[ 0][ 3] * K[ 5][ 3] = -7 *  3
Q[ 0][ 4] * K[ 5][ 4] = -1 * -2
Q[ 0][ 5] * K[ 5][ 5] =  6 *  6
Q[ 0][ 6] * K[ 5][ 6] =  1 *  4
Q[ 0][ 7] * K[ 5][ 7] =  2 * -1
@cycle 0: -45
Q[ 0][ 0] * K[ 6][ 0] = -5 *  7
Q[ 0][ 1] * K[ 6][ 1] =  7 * -5
Q[ 0][ 2] * K[ 6][ 2] = -5 *  2
Q[ 0][ 3] * K[ 6][ 3] = -7 *  1
Q[ 0][ 4] * K[ 6][ 4] = -1 *  3
Q[ 0][ 5] * K[ 6][ 5] =  6 *  6
Q[ 0][ 6] * K[ 6][ 6] =  1 *  1
Q[ 0][ 7] * K[ 6][ 7] =  2 * -5
@cycle 0: -63
Q[ 0][ 0] * K[ 7][ 0] = -5 *  3
Q[ 0][ 1] * K[ 7][ 1] =  7 * -1
Q[ 0][ 2] * K[ 7][ 2] = -5 *  6
Q[ 0][ 3] * K[ 7][ 3] = -7 *  3
Q[ 0][ 4] * K[ 7][ 4] = -1 * -6
Q[ 0][ 5] * K[ 7][ 5] =  6 * -2
Q[ 0][ 6] * K[ 7][ 6] =  1 *  1
Q[ 0][ 7] * K[ 7][ 7] =  2 * -4
@cycle 0: -86
prd @cycle 0: 0005dfffecffff90005efffd0fffd3fffc1fffaa
Q[ 1][ 0] * K[ 0][ 0] = -4 * -6
Q[ 1][ 1] * K[ 0][ 1] =  7 *  3
Q[ 1][ 2] * K[ 0][ 2] = -2 * -2
Q[ 1][ 3] * K[ 0][ 3] = -5 * -1
Q[ 1][ 4] * K[ 0][ 4] = -3 * -5
Q[ 1][ 5] * K[ 0][ 5] =  4 *  1
Q[ 1][ 6] * K[ 0][ 6] =  1 *  0
Q[ 1][ 7] * K[ 0][ 7] = -3 *  7
@cycle 1:  52
Q[ 1][ 0] * K[ 1][ 0] = -4 *  0
Q[ 1][ 1] * K[ 1][ 1] =  7 * -5
Q[ 1][ 2] * K[ 1][ 2] = -2 * -8
Q[ 1][ 3] * K[ 1][ 3] = -5 *  0
Q[ 1][ 4] * K[ 1][ 4] = -3 *  6
Q[ 1][ 5] * K[ 1][ 5] =  4 *  0
Q[ 1][ 6] * K[ 1][ 6] =  1 * -5
Q[ 1][ 7] * K[ 1][ 7] = -3 * -7
@cycle 1: -21
Q[ 1][ 0] * K[ 2][ 0] = -4 *  4
Q[ 1][ 1] * K[ 2][ 1] =  7 * -7
Q[ 1][ 2] * K[ 2][ 2] = -2 * -6
Q[ 1][ 3] * K[ 2][ 3] = -5 *  3
Q[ 1][ 4] * K[ 2][ 4] = -3 *  7
Q[ 1][ 5] * K[ 2][ 5] =  4 *  7
Q[ 1][ 6] * K[ 2][ 6] =  1 *  6
Q[ 1][ 7] * K[ 2][ 7] = -3 *  6
@cycle 1: -73
Q[ 1][ 0] * K[ 3][ 0] = -4 * -3
Q[ 1][ 1] * K[ 3][ 1] =  7 *  0
Q[ 1][ 2] * K[ 3][ 2] = -2 *  0
Q[ 1][ 3] * K[ 3][ 3] = -5 * -7
Q[ 1][ 4] * K[ 3][ 4] = -3 *  6
Q[ 1][ 5] * K[ 3][ 5] =  4 *  3
Q[ 1][ 6] * K[ 3][ 6] =  1 *  4
Q[ 1][ 7] * K[ 3][ 7] = -3 *  7
@cycle 1:  24
Q[ 1][ 0] * K[ 4][ 0] = -4 *  6
Q[ 1][ 1] * K[ 4][ 1] =  7 * -3
Q[ 1][ 2] * K[ 4][ 2] = -2 *  4
Q[ 1][ 3] * K[ 4][ 3] = -5 * -7
Q[ 1][ 4] * K[ 4][ 4] = -3 * -4
Q[ 1][ 5] * K[ 4][ 5] =  4 * -3
Q[ 1][ 6] * K[ 4][ 6] =  1 * -2
Q[ 1][ 7] * K[ 4][ 7] = -3 * -5
@cycle 1:  -5
Q[ 1][ 0] * K[ 5][ 0] = -4 *  0
Q[ 1][ 1] * K[ 5][ 1] =  7 * -7
Q[ 1][ 2] * K[ 5][ 2] = -2 *  3
Q[ 1][ 3] * K[ 5][ 3] = -5 *  3
Q[ 1][ 4] * K[ 5][ 4] = -3 * -2
Q[ 1][ 5] * K[ 5][ 5] =  4 *  6
Q[ 1][ 6] * K[ 5][ 6] =  1 *  4
Q[ 1][ 7] * K[ 5][ 7] = -3 * -1
@cycle 1: -33
Q[ 1][ 0] * K[ 6][ 0] = -4 *  7
Q[ 1][ 1] * K[ 6][ 1] =  7 * -5
Q[ 1][ 2] * K[ 6][ 2] = -2 *  2
Q[ 1][ 3] * K[ 6][ 3] = -5 *  1
Q[ 1][ 4] * K[ 6][ 4] = -3 *  3
Q[ 1][ 5] * K[ 6][ 5] =  4 *  6
Q[ 1][ 6] * K[ 6][ 6] =  1 *  1
Q[ 1][ 7] * K[ 6][ 7] = -3 * -5
@cycle 1: -41
Q[ 1][ 0] * K[ 7][ 0] = -4 *  3
Q[ 1][ 1] * K[ 7][ 1] =  7 * -1
Q[ 1][ 2] * K[ 7][ 2] = -2 *  6
Q[ 1][ 3] * K[ 7][ 3] = -5 *  3
Q[ 1][ 4] * K[ 7][ 4] = -3 * -6
Q[ 1][ 5] * K[ 7][ 5] =  4 * -2
Q[ 1][ 6] * K[ 7][ 6] =  1 *  1
Q[ 1][ 7] * K[ 7][ 7] = -3 * -4
@cycle 1: -23
prd @cycle 1: 00034fffebfffb700018ffffbfffdffffd7fffe9
Q[ 2][ 0] * K[ 0][ 0] = -4 * -6
Q[ 2][ 1] * K[ 0][ 1] = -1 *  3
Q[ 2][ 2] * K[ 0][ 2] = -4 * -2
Q[ 2][ 3] * K[ 0][ 3] = -4 * -1
Q[ 2][ 4] * K[ 0][ 4] = -1 * -5
Q[ 2][ 5] * K[ 0][ 5] =  0 *  1
Q[ 2][ 6] * K[ 0][ 6] =  5 *  0
Q[ 2][ 7] * K[ 0][ 7] =  2 *  7
@cycle 2:  52
Q[ 2][ 0] * K[ 1][ 0] = -4 *  0
Q[ 2][ 1] * K[ 1][ 1] = -1 * -5
Q[ 2][ 2] * K[ 1][ 2] = -4 * -8
Q[ 2][ 3] * K[ 1][ 3] = -4 *  0
Q[ 2][ 4] * K[ 1][ 4] = -1 *  6
Q[ 2][ 5] * K[ 1][ 5] =  0 *  0
Q[ 2][ 6] * K[ 1][ 6] =  5 * -5
Q[ 2][ 7] * K[ 1][ 7] =  2 * -7
@cycle 2:  -8
Q[ 2][ 0] * K[ 2][ 0] = -4 *  4
Q[ 2][ 1] * K[ 2][ 1] = -1 * -7
Q[ 2][ 2] * K[ 2][ 2] = -4 * -6
Q[ 2][ 3] * K[ 2][ 3] = -4 *  3
Q[ 2][ 4] * K[ 2][ 4] = -1 *  7
Q[ 2][ 5] * K[ 2][ 5] =  0 *  7
Q[ 2][ 6] * K[ 2][ 6] =  5 *  6
Q[ 2][ 7] * K[ 2][ 7] =  2 *  6
@cycle 2:  38
Q[ 2][ 0] * K[ 3][ 0] = -4 * -3
Q[ 2][ 1] * K[ 3][ 1] = -1 *  0
Q[ 2][ 2] * K[ 3][ 2] = -4 *  0
Q[ 2][ 3] * K[ 3][ 3] = -4 * -7
Q[ 2][ 4] * K[ 3][ 4] = -1 *  6
Q[ 2][ 5] * K[ 3][ 5] =  0 *  3
Q[ 2][ 6] * K[ 3][ 6] =  5 *  4
Q[ 2][ 7] * K[ 3][ 7] =  2 *  7
@cycle 2:  68
Q[ 2][ 0] * K[ 4][ 0] = -4 *  6
Q[ 2][ 1] * K[ 4][ 1] = -1 * -3
Q[ 2][ 2] * K[ 4][ 2] = -4 *  4
Q[ 2][ 3] * K[ 4][ 3] = -4 * -7
Q[ 2][ 4] * K[ 4][ 4] = -1 * -4
Q[ 2][ 5] * K[ 4][ 5] =  0 * -3
Q[ 2][ 6] * K[ 4][ 6] =  5 * -2
Q[ 2][ 7] * K[ 4][ 7] =  2 * -5
@cycle 2: -25
Q[ 2][ 0] * K[ 5][ 0] = -4 *  0
Q[ 2][ 1] * K[ 5][ 1] = -1 * -7
Q[ 2][ 2] * K[ 5][ 2] = -4 *  3
Q[ 2][ 3] * K[ 5][ 3] = -4 *  3
Q[ 2][ 4] * K[ 5][ 4] = -1 * -2
Q[ 2][ 5] * K[ 5][ 5] =  0 *  6
Q[ 2][ 6] * K[ 5][ 6] =  5 *  4
Q[ 2][ 7] * K[ 5][ 7] =  2 * -1
@cycle 2:   3
Q[ 2][ 0] * K[ 6][ 0] = -4 *  7
Q[ 2][ 1] * K[ 6][ 1] = -1 * -5
Q[ 2][ 2] * K[ 6][ 2] = -4 *  2
Q[ 2][ 3] * K[ 6][ 3] = -4 *  1
Q[ 2][ 4] * K[ 6][ 4] = -1 *  3
Q[ 2][ 5] * K[ 6][ 5] =  0 *  6
Q[ 2][ 6] * K[ 6][ 6] =  5 *  1
Q[ 2][ 7] * K[ 6][ 7] =  2 * -5
@cycle 2: -43
Q[ 2][ 0] * K[ 7][ 0] = -4 *  3
Q[ 2][ 1] * K[ 7][ 1] = -1 * -1
Q[ 2][ 2] * K[ 7][ 2] = -4 *  6
Q[ 2][ 3] * K[ 7][ 3] = -4 *  3
Q[ 2][ 4] * K[ 7][ 4] = -1 * -6
Q[ 2][ 5] * K[ 7][ 5] =  0 * -2
Q[ 2][ 6] * K[ 7][ 6] =  5 *  1
Q[ 2][ 7] * K[ 7][ 7] =  2 * -4
@cycle 2: -44
prd @cycle 2: 00034ffff80002600044fffe700003fffd5fffd4
Q[ 3][ 0] * K[ 0][ 0] = -3 * -6
Q[ 3][ 1] * K[ 0][ 1] =  3 *  3
Q[ 3][ 2] * K[ 0][ 2] =  6 * -2
Q[ 3][ 3] * K[ 0][ 3] = -4 * -1
Q[ 3][ 4] * K[ 0][ 4] =  6 * -5
Q[ 3][ 5] * K[ 0][ 5] =  2 *  1
Q[ 3][ 6] * K[ 0][ 6] =  1 *  0
Q[ 3][ 7] * K[ 0][ 7] =  6 *  7
@cycle 3:  33
Q[ 3][ 0] * K[ 1][ 0] = -3 *  0
Q[ 3][ 1] * K[ 1][ 1] =  3 * -5
Q[ 3][ 2] * K[ 1][ 2] =  6 * -8
Q[ 3][ 3] * K[ 1][ 3] = -4 *  0
Q[ 3][ 4] * K[ 1][ 4] =  6 *  6
Q[ 3][ 5] * K[ 1][ 5] =  2 *  0
Q[ 3][ 6] * K[ 1][ 6] =  1 * -5
Q[ 3][ 7] * K[ 1][ 7] =  6 * -7
@cycle 3: -74
Q[ 3][ 0] * K[ 2][ 0] = -3 *  4
Q[ 3][ 1] * K[ 2][ 1] =  3 * -7
Q[ 3][ 2] * K[ 2][ 2] =  6 * -6
Q[ 3][ 3] * K[ 2][ 3] = -4 *  3
Q[ 3][ 4] * K[ 2][ 4] =  6 *  7
Q[ 3][ 5] * K[ 2][ 5] =  2 *  7
Q[ 3][ 6] * K[ 2][ 6] =  1 *  6
Q[ 3][ 7] * K[ 2][ 7] =  6 *  6
@cycle 3:  17
Q[ 3][ 0] * K[ 3][ 0] = -3 * -3
Q[ 3][ 1] * K[ 3][ 1] =  3 *  0
Q[ 3][ 2] * K[ 3][ 2] =  6 *  0
Q[ 3][ 3] * K[ 3][ 3] = -4 * -7
Q[ 3][ 4] * K[ 3][ 4] =  6 *  6
Q[ 3][ 5] * K[ 3][ 5] =  2 *  3
Q[ 3][ 6] * K[ 3][ 6] =  1 *  4
Q[ 3][ 7] * K[ 3][ 7] =  6 *  7
@cycle 3: 125
Q[ 3][ 0] * K[ 4][ 0] = -3 *  6
Q[ 3][ 1] * K[ 4][ 1] =  3 * -3
Q[ 3][ 2] * K[ 4][ 2] =  6 *  4
Q[ 3][ 3] * K[ 4][ 3] = -4 * -7
Q[ 3][ 4] * K[ 4][ 4] =  6 * -4
Q[ 3][ 5] * K[ 4][ 5] =  2 * -3
Q[ 3][ 6] * K[ 4][ 6] =  1 * -2
Q[ 3][ 7] * K[ 4][ 7] =  6 * -5
@cycle 3: -37
Q[ 3][ 0] * K[ 5][ 0] = -3 *  0
Q[ 3][ 1] * K[ 5][ 1] =  3 * -7
Q[ 3][ 2] * K[ 5][ 2] =  6 *  3
Q[ 3][ 3] * K[ 5][ 3] = -4 *  3
Q[ 3][ 4] * K[ 5][ 4] =  6 * -2
Q[ 3][ 5] * K[ 5][ 5] =  2 *  6
Q[ 3][ 6] * K[ 5][ 6] =  1 *  4
Q[ 3][ 7] * K[ 5][ 7] =  6 * -1
@cycle 3: -17
Q[ 3][ 0] * K[ 6][ 0] = -3 *  7
Q[ 3][ 1] * K[ 6][ 1] =  3 * -5
Q[ 3][ 2] * K[ 6][ 2] =  6 *  2
Q[ 3][ 3] * K[ 6][ 3] = -4 *  1
Q[ 3][ 4] * K[ 6][ 4] =  6 *  3
Q[ 3][ 5] * K[ 6][ 5] =  2 *  6
Q[ 3][ 6] * K[ 6][ 6] =  1 *  1
Q[ 3][ 7] * K[ 6][ 7] =  6 * -5
@cycle 3: -27
Q[ 3][ 0] * K[ 7][ 0] = -3 *  3
Q[ 3][ 1] * K[ 7][ 1] =  3 * -1
Q[ 3][ 2] * K[ 7][ 2] =  6 *  6
Q[ 3][ 3] * K[ 7][ 3] = -4 *  3
Q[ 3][ 4] * K[ 7][ 4] =  6 * -6
Q[ 3][ 5] * K[ 7][ 5] =  2 * -2
Q[ 3][ 6] * K[ 7][ 6] =  1 *  1
Q[ 3][ 7] * K[ 7][ 7] =  6 * -4
@cycle 3: -51
prd @cycle 3: 00021fffb6000110007dfffdbfffeffffe5fffcd
Q[ 4][ 0] * K[ 0][ 0] = -8 * -6
Q[ 4][ 1] * K[ 0][ 1] =  5 *  3
Q[ 4][ 2] * K[ 0][ 2] = -2 * -2
Q[ 4][ 3] * K[ 0][ 3] =  6 * -1
Q[ 4][ 4] * K[ 0][ 4] =  2 * -5
Q[ 4][ 5] * K[ 0][ 5] =  1 *  1
Q[ 4][ 6] * K[ 0][ 6] = -3 *  0
Q[ 4][ 7] * K[ 0][ 7] =  4 *  7
@cycle 4:  80
Q[ 4][ 0] * K[ 1][ 0] = -8 *  0
Q[ 4][ 1] * K[ 1][ 1] =  5 * -5
Q[ 4][ 2] * K[ 1][ 2] = -2 * -8
Q[ 4][ 3] * K[ 1][ 3] =  6 *  0
Q[ 4][ 4] * K[ 1][ 4] =  2 *  6
Q[ 4][ 5] * K[ 1][ 5] =  1 *  0
Q[ 4][ 6] * K[ 1][ 6] = -3 * -5
Q[ 4][ 7] * K[ 1][ 7] =  4 * -7
@cycle 4: -10
Q[ 4][ 0] * K[ 2][ 0] = -8 *  4
Q[ 4][ 1] * K[ 2][ 1] =  5 * -7
Q[ 4][ 2] * K[ 2][ 2] = -2 * -6
Q[ 4][ 3] * K[ 2][ 3] =  6 *  3
Q[ 4][ 4] * K[ 2][ 4] =  2 *  7
Q[ 4][ 5] * K[ 2][ 5] =  1 *  7
Q[ 4][ 6] * K[ 2][ 6] = -3 *  6
Q[ 4][ 7] * K[ 2][ 7] =  4 *  6
@cycle 4: -10
Q[ 4][ 0] * K[ 3][ 0] = -8 * -3
Q[ 4][ 1] * K[ 3][ 1] =  5 *  0
Q[ 4][ 2] * K[ 3][ 2] = -2 *  0
Q[ 4][ 3] * K[ 3][ 3] =  6 * -7
Q[ 4][ 4] * K[ 3][ 4] =  2 *  6
Q[ 4][ 5] * K[ 3][ 5] =  1 *  3
Q[ 4][ 6] * K[ 3][ 6] = -3 *  4
Q[ 4][ 7] * K[ 3][ 7] =  4 *  7
@cycle 4:  13
Q[ 4][ 0] * K[ 4][ 0] = -8 *  6
Q[ 4][ 1] * K[ 4][ 1] =  5 * -3
Q[ 4][ 2] * K[ 4][ 2] = -2 *  4
Q[ 4][ 3] * K[ 4][ 3] =  6 * -7
Q[ 4][ 4] * K[ 4][ 4] =  2 * -4
Q[ 4][ 5] * K[ 4][ 5] =  1 * -3
Q[ 4][ 6] * K[ 4][ 6] = -3 * -2
Q[ 4][ 7] * K[ 4][ 7] =  4 * -5
@cycle 4: -138
Q[ 4][ 0] * K[ 5][ 0] = -8 *  0
Q[ 4][ 1] * K[ 5][ 1] =  5 * -7
Q[ 4][ 2] * K[ 5][ 2] = -2 *  3
Q[ 4][ 3] * K[ 5][ 3] =  6 *  3
Q[ 4][ 4] * K[ 5][ 4] =  2 * -2
Q[ 4][ 5] * K[ 5][ 5] =  1 *  6
Q[ 4][ 6] * K[ 5][ 6] = -3 *  4
Q[ 4][ 7] * K[ 5][ 7] =  4 * -1
@cycle 4: -37
Q[ 4][ 0] * K[ 6][ 0] = -8 *  7
Q[ 4][ 1] * K[ 6][ 1] =  5 * -5
Q[ 4][ 2] * K[ 6][ 2] = -2 *  2
Q[ 4][ 3] * K[ 6][ 3] =  6 *  1
Q[ 4][ 4] * K[ 6][ 4] =  2 *  3
Q[ 4][ 5] * K[ 6][ 5] =  1 *  6
Q[ 4][ 6] * K[ 6][ 6] = -3 *  1
Q[ 4][ 7] * K[ 6][ 7] =  4 * -5
@cycle 4: -90
Q[ 4][ 0] * K[ 7][ 0] = -8 *  3
Q[ 4][ 1] * K[ 7][ 1] =  5 * -1
Q[ 4][ 2] * K[ 7][ 2] = -2 *  6
Q[ 4][ 3] * K[ 7][ 3] =  6 *  3
Q[ 4][ 4] * K[ 7][ 4] =  2 * -6
Q[ 4][ 5] * K[ 7][ 5] =  1 * -2
Q[ 4][ 6] * K[ 7][ 6] = -3 *  1
Q[ 4][ 7] * K[ 7][ 7] =  4 * -4
@cycle 4: -56
prd @cycle 4: 00050ffff6ffff60000dfff76fffdbfffa6fffc8
Q[ 5][ 0] * K[ 0][ 0] = -2 * -6
Q[ 5][ 1] * K[ 0][ 1] = -1 *  3
Q[ 5][ 2] * K[ 0][ 2] = -2 * -2
Q[ 5][ 3] * K[ 0][ 3] = -6 * -1
Q[ 5][ 4] * K[ 0][ 4] = -1 * -5
Q[ 5][ 5] * K[ 0][ 5] =  4 *  1
Q[ 5][ 6] * K[ 0][ 6] =  0 *  0
Q[ 5][ 7] * K[ 0][ 7] =  2 *  7
@cycle 5:  42
Q[ 5][ 0] * K[ 1][ 0] = -2 *  0
Q[ 5][ 1] * K[ 1][ 1] = -1 * -5
Q[ 5][ 2] * K[ 1][ 2] = -2 * -8
Q[ 5][ 3] * K[ 1][ 3] = -6 *  0
Q[ 5][ 4] * K[ 1][ 4] = -1 *  6
Q[ 5][ 5] * K[ 1][ 5] =  4 *  0
Q[ 5][ 6] * K[ 1][ 6] =  0 * -5
Q[ 5][ 7] * K[ 1][ 7] =  2 * -7
@cycle 5:   1
Q[ 5][ 0] * K[ 2][ 0] = -2 *  4
Q[ 5][ 1] * K[ 2][ 1] = -1 * -7
Q[ 5][ 2] * K[ 2][ 2] = -2 * -6
Q[ 5][ 3] * K[ 2][ 3] = -6 *  3
Q[ 5][ 4] * K[ 2][ 4] = -1 *  7
Q[ 5][ 5] * K[ 2][ 5] =  4 *  7
Q[ 5][ 6] * K[ 2][ 6] =  0 *  6
Q[ 5][ 7] * K[ 2][ 7] =  2 *  6
@cycle 5:  26
Q[ 5][ 0] * K[ 3][ 0] = -2 * -3
Q[ 5][ 1] * K[ 3][ 1] = -1 *  0
Q[ 5][ 2] * K[ 3][ 2] = -2 *  0
Q[ 5][ 3] * K[ 3][ 3] = -6 * -7
Q[ 5][ 4] * K[ 3][ 4] = -1 *  6
Q[ 5][ 5] * K[ 3][ 5] =  4 *  3
Q[ 5][ 6] * K[ 3][ 6] =  0 *  4
Q[ 5][ 7] * K[ 3][ 7] =  2 *  7
@cycle 5:  68
Q[ 5][ 0] * K[ 4][ 0] = -2 *  6
Q[ 5][ 1] * K[ 4][ 1] = -1 * -3
Q[ 5][ 2] * K[ 4][ 2] = -2 *  4
Q[ 5][ 3] * K[ 4][ 3] = -6 * -7
Q[ 5][ 4] * K[ 4][ 4] = -1 * -4
Q[ 5][ 5] * K[ 4][ 5] =  4 * -3
Q[ 5][ 6] * K[ 4][ 6] =  0 * -2
Q[ 5][ 7] * K[ 4][ 7] =  2 * -5
@cycle 5:   7
Q[ 5][ 0] * K[ 5][ 0] = -2 *  0
Q[ 5][ 1] * K[ 5][ 1] = -1 * -7
Q[ 5][ 2] * K[ 5][ 2] = -2 *  3
Q[ 5][ 3] * K[ 5][ 3] = -6 *  3
Q[ 5][ 4] * K[ 5][ 4] = -1 * -2
Q[ 5][ 5] * K[ 5][ 5] =  4 *  6
Q[ 5][ 6] * K[ 5][ 6] =  0 *  4
Q[ 5][ 7] * K[ 5][ 7] =  2 * -1
@cycle 5:   7
Q[ 5][ 0] * K[ 6][ 0] = -2 *  7
Q[ 5][ 1] * K[ 6][ 1] = -1 * -5
Q[ 5][ 2] * K[ 6][ 2] = -2 *  2
Q[ 5][ 3] * K[ 6][ 3] = -6 *  1
Q[ 5][ 4] * K[ 6][ 4] = -1 *  3
Q[ 5][ 5] * K[ 6][ 5] =  4 *  6
Q[ 5][ 6] * K[ 6][ 6] =  0 *  1
Q[ 5][ 7] * K[ 6][ 7] =  2 * -5
@cycle 5:  -8
Q[ 5][ 0] * K[ 7][ 0] = -2 *  3
Q[ 5][ 1] * K[ 7][ 1] = -1 * -1
Q[ 5][ 2] * K[ 7][ 2] = -2 *  6
Q[ 5][ 3] * K[ 7][ 3] = -6 *  3
Q[ 5][ 4] * K[ 7][ 4] = -1 * -6
Q[ 5][ 5] * K[ 7][ 5] =  4 * -2
Q[ 5][ 6] * K[ 7][ 6] =  0 *  1
Q[ 5][ 7] * K[ 7][ 7] =  2 * -4
@cycle 5: -45
prd @cycle 5: 0002a000010001a000440000700007ffff8fffd3
Q[ 6][ 0] * K[ 0][ 0] =  5 * -6
Q[ 6][ 1] * K[ 0][ 1] = -7 *  3
Q[ 6][ 2] * K[ 0][ 2] = -1 * -2
Q[ 6][ 3] * K[ 0][ 3] =  3 * -1
Q[ 6][ 4] * K[ 0][ 4] =  2 * -5
Q[ 6][ 5] * K[ 0][ 5] =  1 *  1
Q[ 6][ 6] * K[ 0][ 6] = -7 *  0
Q[ 6][ 7] * K[ 0][ 7] =  6 *  7
@cycle 6: -19
Q[ 6][ 0] * K[ 1][ 0] =  5 *  0
Q[ 6][ 1] * K[ 1][ 1] = -7 * -5
Q[ 6][ 2] * K[ 1][ 2] = -1 * -8
Q[ 6][ 3] * K[ 1][ 3] =  3 *  0
Q[ 6][ 4] * K[ 1][ 4] =  2 *  6
Q[ 6][ 5] * K[ 1][ 5] =  1 *  0
Q[ 6][ 6] * K[ 1][ 6] = -7 * -5
Q[ 6][ 7] * K[ 1][ 7] =  6 * -7
@cycle 6:  48
Q[ 6][ 0] * K[ 2][ 0] =  5 *  4
Q[ 6][ 1] * K[ 2][ 1] = -7 * -7
Q[ 6][ 2] * K[ 2][ 2] = -1 * -6
Q[ 6][ 3] * K[ 2][ 3] =  3 *  3
Q[ 6][ 4] * K[ 2][ 4] =  2 *  7
Q[ 6][ 5] * K[ 2][ 5] =  1 *  7
Q[ 6][ 6] * K[ 2][ 6] = -7 *  6
Q[ 6][ 7] * K[ 2][ 7] =  6 *  6
@cycle 6:  99
Q[ 6][ 0] * K[ 3][ 0] =  5 * -3
Q[ 6][ 1] * K[ 3][ 1] = -7 *  0
Q[ 6][ 2] * K[ 3][ 2] = -1 *  0
Q[ 6][ 3] * K[ 3][ 3] =  3 * -7
Q[ 6][ 4] * K[ 3][ 4] =  2 *  6
Q[ 6][ 5] * K[ 3][ 5] =  1 *  3
Q[ 6][ 6] * K[ 3][ 6] = -7 *  4
Q[ 6][ 7] * K[ 3][ 7] =  6 *  7
@cycle 6:  -7
Q[ 6][ 0] * K[ 4][ 0] =  5 *  6
Q[ 6][ 1] * K[ 4][ 1] = -7 * -3
Q[ 6][ 2] * K[ 4][ 2] = -1 *  4
Q[ 6][ 3] * K[ 4][ 3] =  3 * -7
Q[ 6][ 4] * K[ 4][ 4] =  2 * -4
Q[ 6][ 5] * K[ 4][ 5] =  1 * -3
Q[ 6][ 6] * K[ 4][ 6] = -7 * -2
Q[ 6][ 7] * K[ 4][ 7] =  6 * -5
@cycle 6:  -1
Q[ 6][ 0] * K[ 5][ 0] =  5 *  0
Q[ 6][ 1] * K[ 5][ 1] = -7 * -7
Q[ 6][ 2] * K[ 5][ 2] = -1 *  3
Q[ 6][ 3] * K[ 5][ 3] =  3 *  3
Q[ 6][ 4] * K[ 5][ 4] =  2 * -2
Q[ 6][ 5] * K[ 5][ 5] =  1 *  6
Q[ 6][ 6] * K[ 5][ 6] = -7 *  4
Q[ 6][ 7] * K[ 5][ 7] =  6 * -1
@cycle 6:  23
Q[ 6][ 0] * K[ 6][ 0] =  5 *  7
Q[ 6][ 1] * K[ 6][ 1] = -7 * -5
Q[ 6][ 2] * K[ 6][ 2] = -1 *  2
Q[ 6][ 3] * K[ 6][ 3] =  3 *  1
Q[ 6][ 4] * K[ 6][ 4] =  2 *  3
Q[ 6][ 5] * K[ 6][ 5] =  1 *  6
Q[ 6][ 6] * K[ 6][ 6] = -7 *  1
Q[ 6][ 7] * K[ 6][ 7] =  6 * -5
@cycle 6:  46
Q[ 6][ 0] * K[ 7][ 0] =  5 *  3
Q[ 6][ 1] * K[ 7][ 1] = -7 * -1
Q[ 6][ 2] * K[ 7][ 2] = -1 *  6
Q[ 6][ 3] * K[ 7][ 3] =  3 *  3
Q[ 6][ 4] * K[ 7][ 4] =  2 * -6
Q[ 6][ 5] * K[ 7][ 5] =  1 * -2
Q[ 6][ 6] * K[ 7][ 6] = -7 *  1
Q[ 6][ 7] * K[ 7][ 7] =  6 * -4
@cycle 6: -20
prd @cycle 6: fffed0003000063ffff9fffff000170002efffec
Q[ 7][ 0] * K[ 0][ 0] =  5 * -6
Q[ 7][ 1] * K[ 0][ 1] = -8 *  3
Q[ 7][ 2] * K[ 0][ 2] = -3 * -2
Q[ 7][ 3] * K[ 0][ 3] =  6 * -1
Q[ 7][ 4] * K[ 0][ 4] =  0 * -5
Q[ 7][ 5] * K[ 0][ 5] = -2 *  1
Q[ 7][ 6] * K[ 0][ 6] =  6 *  0
Q[ 7][ 7] * K[ 0][ 7] = -1 *  7
@cycle 7: -63
Q[ 7][ 0] * K[ 1][ 0] =  5 *  0
Q[ 7][ 1] * K[ 1][ 1] = -8 * -5
Q[ 7][ 2] * K[ 1][ 2] = -3 * -8
Q[ 7][ 3] * K[ 1][ 3] =  6 *  0
Q[ 7][ 4] * K[ 1][ 4] =  0 *  6
Q[ 7][ 5] * K[ 1][ 5] = -2 *  0
Q[ 7][ 6] * K[ 1][ 6] =  6 * -5
Q[ 7][ 7] * K[ 1][ 7] = -1 * -7
@cycle 7:  41
Q[ 7][ 0] * K[ 2][ 0] =  5 *  4
Q[ 7][ 1] * K[ 2][ 1] = -8 * -7
Q[ 7][ 2] * K[ 2][ 2] = -3 * -6
Q[ 7][ 3] * K[ 2][ 3] =  6 *  3
Q[ 7][ 4] * K[ 2][ 4] =  0 *  7
Q[ 7][ 5] * K[ 2][ 5] = -2 *  7
Q[ 7][ 6] * K[ 2][ 6] =  6 *  6
Q[ 7][ 7] * K[ 2][ 7] = -1 *  6
@cycle 7: 128
Q[ 7][ 0] * K[ 3][ 0] =  5 * -3
Q[ 7][ 1] * K[ 3][ 1] = -8 *  0
Q[ 7][ 2] * K[ 3][ 2] = -3 *  0
Q[ 7][ 3] * K[ 3][ 3] =  6 * -7
Q[ 7][ 4] * K[ 3][ 4] =  0 *  6
Q[ 7][ 5] * K[ 3][ 5] = -2 *  3
Q[ 7][ 6] * K[ 3][ 6] =  6 *  4
Q[ 7][ 7] * K[ 3][ 7] = -1 *  7
@cycle 7: -46
Q[ 7][ 0] * K[ 4][ 0] =  5 *  6
Q[ 7][ 1] * K[ 4][ 1] = -8 * -3
Q[ 7][ 2] * K[ 4][ 2] = -3 *  4
Q[ 7][ 3] * K[ 4][ 3] =  6 * -7
Q[ 7][ 4] * K[ 4][ 4] =  0 * -4
Q[ 7][ 5] * K[ 4][ 5] = -2 * -3
Q[ 7][ 6] * K[ 4][ 6] =  6 * -2
Q[ 7][ 7] * K[ 4][ 7] = -1 * -5
@cycle 7:  -1
Q[ 7][ 0] * K[ 5][ 0] =  5 *  0
Q[ 7][ 1] * K[ 5][ 1] = -8 * -7
Q[ 7][ 2] * K[ 5][ 2] = -3 *  3
Q[ 7][ 3] * K[ 5][ 3] =  6 *  3
Q[ 7][ 4] * K[ 5][ 4] =  0 * -2
Q[ 7][ 5] * K[ 5][ 5] = -2 *  6
Q[ 7][ 6] * K[ 5][ 6] =  6 *  4
Q[ 7][ 7] * K[ 5][ 7] = -1 * -1
@cycle 7:  78
Q[ 7][ 0] * K[ 6][ 0] =  5 *  7
Q[ 7][ 1] * K[ 6][ 1] = -8 * -5
Q[ 7][ 2] * K[ 6][ 2] = -3 *  2
Q[ 7][ 3] * K[ 6][ 3] =  6 *  1
Q[ 7][ 4] * K[ 6][ 4] =  0 *  3
Q[ 7][ 5] * K[ 6][ 5] = -2 *  6
Q[ 7][ 6] * K[ 6][ 6] =  6 *  1
Q[ 7][ 7] * K[ 6][ 7] = -1 * -5
@cycle 7:  74
Q[ 7][ 0] * K[ 7][ 0] =  5 *  3
Q[ 7][ 1] * K[ 7][ 1] = -8 * -1
Q[ 7][ 2] * K[ 7][ 2] = -3 *  6
Q[ 7][ 3] * K[ 7][ 3] =  6 *  3
Q[ 7][ 4] * K[ 7][ 4] =  0 * -6
Q[ 7][ 5] * K[ 7][ 5] = -2 * -2
Q[ 7][ 6] * K[ 7][ 6] =  6 *  1
Q[ 7][ 7] * K[ 7][ 7] = -1 * -4
@cycle 7:  37
prd @cycle 7: fffc10002900080fffd2fffff0004e0004a00025
##### Estimated Multiplication Result (Decimal) #####
---------------------------------------------------
Cycle  0 |     93 |    -20 |     -7 |     94 |    -48 |    -45 |    -63 |    -86 |
Cycle  1 |     52 |    -21 |    -73 |     24 |     -5 |    -33 |    -41 |    -23 |
Cycle  2 |     52 |     -8 |     38 |     68 |    -25 |      3 |    -43 |    -44 |
Cycle  3 |     33 |    -74 |     17 |    125 |    -37 |    -17 |    -27 |    -51 |
Cycle  4 |     80 |    -10 |    -10 |     13 |   -138 |    -37 |    -90 |    -56 |
Cycle  5 |     42 |      1 |     26 |     68 |      7 |      7 |     -8 |    -45 |
Cycle  6 |    -19 |     48 |     99 |     -7 |     -1 |     23 |     46 |    -20 |
Cycle  7 |    -63 |     41 |    128 |    -46 |     -1 |     78 |     74 |     37 |
---------------------------------------------------
##### Qmem writing  #####
##### Kmem writing #####
##### K data loading to processor #####
##### execute #####
##### move ofifo to pmem #####
##### PMEM TO OUT #####
Core Output |      x |      x |      x |      x |      x |      x |      x |      x |
---------------------------------------------------
Core Output |     93 |    -20 |     -7 |     94 |    -48 |    -45 |    -63 |    -86 |
---------------------------------------------------
Core Output |     52 |    -21 |    -73 |     24 |     -5 |    -33 |    -41 |    -23 |
---------------------------------------------------
Core Output |     52 |     -8 |     38 |     68 |    -25 |      3 |    -43 |    -44 |
---------------------------------------------------
Core Output |     33 |    -74 |     17 |    125 |    -37 |    -17 |    -27 |    -51 |
---------------------------------------------------
Core Output |     80 |    -10 |    -10 |     13 |   -138 |    -37 |    -90 |    -56 |
---------------------------------------------------
Core Output |     42 |      1 |     26 |     68 |      7 |      7 |     -8 |    -45 |
---------------------------------------------------
Core Output |    -19 |     48 |     99 |     -7 |     -1 |     23 |     46 |    -20 |
---------------------------------------------------
Core Output |    -63 |     41 |    128 |    -46 |     -1 |     78 |     74 |     37 |
---------------------------------------------------
Simulation complete via $finish(1) at time 915 NS + 0
./netlist/fullchip_tb.v:381   #0.50 $finish;
xcelium> exit
xmsim: Memory Usage - Final: 113.7M, Peak: 117.1M, Peak virtual: 453.5M
xmsim: Main Thread CPU Usage - 7.7s system + 5.9s user = 13.6s total
xmsim: CPU Usage - 7.7s system + 5.6s user = 13.3s total (411.1s, 3.2% cpu)
TOOL:	xrun(64)	20.09-s017: Exiting on Mar 22, 2025 at 18:17:29 PDT  (total: 00:06:52)
