xrun(64): 20.09-s017: (c) Copyright 1995-2021 Cadence Design Systems, Inc.
TOOL:	xrun(64)	20.09-s017: Started on Mar 21, 2025 at 16:38:48 PDT
xrun
	-define INITIALIZE_MEMORY
	-xminitialize 0
	+gui
	+access+rwc
	+xm64bit
	+xmstatus
	+xmtimescale+1ns/1ps
	+xmoveride_timescale
	-v ./netlist/core.out.v
	-v /home/linux/ieng6/ee260bwi25/public/PDKdata/verilog/tcbn65gplus.v
	./netlist/fullchip_tb.v
	-v ./netlist/fullchip.v

   User defined plus("+") options:
	+xmoveride_timescale

Recompiling... reason: file './netlist/core.out.v' is newer than expected.
	expected: Fri Mar 21 16:12:24 2025
	actual:   Fri Mar 21 16:38:31 2025
file: ./netlist/core.out.v
file: ./netlist/core.out.v
	module core.core:v
		errors: 0, warnings: 0
xmvlog: Memory Usage - Current physical: 22.5M, Current virtual: 94.7M
xmvlog: CPU Usage - 0.0s system + 1.0s user = 1.1s total (1.1s, 94.1% cpu)
		Caching library 'fullchip' ....... Done
		Caching library 'worklib' ....... Done
		Caching library 'core' ....... Done
		Caching library 'tcbn65gplus' ....... Done
	Elaborating the design hierarchy:
  FA1D1 U441 ( .A(n740), .B(n741), .CI(n739), .S(n106) );
           |
xmelab: *W,CUVWSP (./netlist/core.out.v,2333|11): 1 output port was not connected:
xmelab: (/home/linux/ieng6/ee260bwi25/public/PDKdata/verilog/tcbn65gplus.v,9795): CO

  DFCND1 cnt_q_reg_1_ ( .D(n74), .CP(clk), .CDN(n77), .QN(n6) );
                    |
xmelab: *W,CUVWSP (./netlist/core.out.v,3435|20): 1 output port was not connected:
xmelab: (/home/linux/ieng6/ee260bwi25/public/PDKdata/verilog/tcbn65gplus.v,4786): Q

  DFCND1 cnt_q_reg_1_ ( .D(n11), .CP(clk), .CDN(n15), .QN(n7) );
                    |
xmelab: *W,CUVWSP (./netlist/core.out.v,5217|20): 1 output port was not connected:
xmelab: (/home/linux/ieng6/ee260bwi25/public/PDKdata/verilog/tcbn65gplus.v,4786): Q

  FA1D1 U722 ( .A(n1056), .B(n1055), .CI(n1054), .CO(n65) );
           |
xmelab: *W,CUVWSP (./netlist/core.out.v,7873|11): 1 output port was not connected:
xmelab: (/home/linux/ieng6/ee260bwi25/public/PDKdata/verilog/tcbn65gplus.v,9795): S

  ofifo_col8_bw20 ofifo_inst ( .clk(clk), .in({array_out[159:139], 1'b0, 
                           |
xmelab: *W,CUVWSP (./netlist/core.out.v,27861|27): 2 output ports were not connected:
xmelab: (./netlist/core.out.v,19535): o_valid
xmelab: (./netlist/core.out.v,19535): o_full

  fifo_depth8_bw20_simd1_7 col_idx_0__fifo_instance ( .rd_clk(clk), .wr_clk(
                                                  |
xmelab: *W,CUVWSP (./netlist/core.out.v,19543|50): 2 output ports were not connected:
xmelab: (./netlist/core.out.v,14571): o_full
xmelab: (./netlist/core.out.v,14572): o_empty

  fifo_depth8_bw20_simd1_6 col_idx_1__fifo_instance ( .rd_clk(clk), .wr_clk(
                                                  |
xmelab: *W,CUVWSP (./netlist/core.out.v,19546|50): 2 output ports were not connected:
xmelab: (./netlist/core.out.v,15211): o_full
xmelab: (./netlist/core.out.v,15212): o_empty

  fifo_depth8_bw20_simd1_5 col_idx_2__fifo_instance ( .rd_clk(clk), .wr_clk(
                                                  |
xmelab: *W,CUVWSP (./netlist/core.out.v,19549|50): 2 output ports were not connected:
xmelab: (./netlist/core.out.v,19121): o_full
xmelab: (./netlist/core.out.v,19122): o_empty

  fifo_depth8_bw20_simd1_4 col_idx_3__fifo_instance ( .rd_clk(clk), .wr_clk(
                                                  |
xmelab: *W,CUVWSP (./netlist/core.out.v,19552|50): 2 output ports were not connected:
xmelab: (./netlist/core.out.v,18460): o_full
xmelab: (./netlist/core.out.v,18461): o_empty

  fifo_depth8_bw20_simd1_3 col_idx_4__fifo_instance ( .rd_clk(clk), .wr_clk(
                                                  |
xmelab: *W,CUVWSP (./netlist/core.out.v,19555|50): 2 output ports were not connected:
xmelab: (./netlist/core.out.v,17791): o_full
xmelab: (./netlist/core.out.v,17792): o_empty

  fifo_depth8_bw20_simd1_2 col_idx_5__fifo_instance ( .rd_clk(clk), .wr_clk(
                                                  |
xmelab: *W,CUVWSP (./netlist/core.out.v,19558|50): 2 output ports were not connected:
xmelab: (./netlist/core.out.v,17139): o_full
xmelab: (./netlist/core.out.v,17140): o_empty

  fifo_depth8_bw20_simd1_1 col_idx_6__fifo_instance ( .rd_clk(clk), .wr_clk(
                                                  |
xmelab: *W,CUVWSP (./netlist/core.out.v,19560|50): 2 output ports were not connected:
xmelab: (./netlist/core.out.v,16495): o_full
xmelab: (./netlist/core.out.v,16496): o_empty

  fifo_depth8_bw20_simd1_0 col_idx_7__fifo_instance ( .rd_clk(clk), .wr_clk(
                                                  |
xmelab: *W,CUVWSP (./netlist/core.out.v,19562|50): 2 output ports were not connected:
xmelab: (./netlist/core.out.v,15858): o_full
xmelab: (./netlist/core.out.v,15859): o_empty

  DFD4 q7_reg_16_ ( .D(n239), .CP(wr_clk), .Q(n23) );
                |
xmelab: *W,CUVWSP (./netlist/core.out.v,16053|16): 1 output port was not connected:
xmelab: (/home/linux/ieng6/ee260bwi25/public/PDKdata/verilog/tcbn65gplus.v,5899): QN

  DFD4 q6_reg_16_ ( .D(n259), .CP(wr_clk), .Q(n22) );
                |
xmelab: *W,CUVWSP (./netlist/core.out.v,16054|16): 1 output port was not connected:
xmelab: (/home/linux/ieng6/ee260bwi25/public/PDKdata/verilog/tcbn65gplus.v,5899): QN

  EDFD1 q0_reg_14_ ( .D(in[14]), .E(n281), .CP(wr_clk), .Q(n21) );
                 |
xmelab: *W,CUVWSP (./netlist/core.out.v,16055|17): 1 output port was not connected:
xmelab: (/home/linux/ieng6/ee260bwi25/public/PDKdata/verilog/tcbn65gplus.v,8968): QN

  EDFD1 q1_reg_14_ ( .D(in[14]), .E(n280), .CP(wr_clk), .Q(n20) );
                 |
xmelab: *W,CUVWSP (./netlist/core.out.v,16056|17): 1 output port was not connected:
xmelab: (/home/linux/ieng6/ee260bwi25/public/PDKdata/verilog/tcbn65gplus.v,8968): QN

  EDFD1 q4_reg_14_ ( .D(in[14]), .E(n282), .CP(wr_clk), .Q(n19) );
                 |
xmelab: *W,CUVWSP (./netlist/core.out.v,16057|17): 1 output port was not connected:
xmelab: (/home/linux/ieng6/ee260bwi25/public/PDKdata/verilog/tcbn65gplus.v,8968): QN

  EDFD1 q5_reg_14_ ( .D(in[14]), .E(n283), .CP(wr_clk), .Q(n18) );
                 |
xmelab: *W,CUVWSP (./netlist/core.out.v,16058|17): 1 output port was not connected:
xmelab: (/home/linux/ieng6/ee260bwi25/public/PDKdata/verilog/tcbn65gplus.v,8968): QN

  DFD4 q3_reg_14_ ( .D(n201), .CP(wr_clk), .Q(n17) );
                |
xmelab: *W,CUVWSP (./netlist/core.out.v,16059|16): 1 output port was not connected:
xmelab: (/home/linux/ieng6/ee260bwi25/public/PDKdata/verilog/tcbn65gplus.v,5899): QN

  DFD4 q3_reg_12_ ( .D(n203), .CP(wr_clk), .Q(n16) );
                |
xmelab: *W,CUVWSP (./netlist/core.out.v,16060|16): 1 output port was not connected:
xmelab: (/home/linux/ieng6/ee260bwi25/public/PDKdata/verilog/tcbn65gplus.v,5899): QN

  DFD4 q3_reg_13_ ( .D(n202), .CP(wr_clk), .Q(n15) );
                |
xmelab: *W,CUVWSP (./netlist/core.out.v,16061|16): 1 output port was not connected:
xmelab: (/home/linux/ieng6/ee260bwi25/public/PDKdata/verilog/tcbn65gplus.v,5899): QN

  DFD1 q6_reg_13_ ( .D(n262), .CP(wr_clk), .Q(n11) );
                |
xmelab: *W,CUVWSP (./netlist/core.out.v,16062|16): 1 output port was not connected:
xmelab: (/home/linux/ieng6/ee260bwi25/public/PDKdata/verilog/tcbn65gplus.v,5821): QN

  DFD1 q7_reg_12_ ( .D(n243), .CP(wr_clk), .Q(n14) );
                |
xmelab: *W,CUVWSP (./netlist/core.out.v,16063|16): 1 output port was not connected:
xmelab: (/home/linux/ieng6/ee260bwi25/public/PDKdata/verilog/tcbn65gplus.v,5821): QN

  DFD1 q7_reg_13_ ( .D(n242), .CP(wr_clk), .Q(n13) );
                |
xmelab: *W,CUVWSP (./netlist/core.out.v,16064|16): 1 output port was not connected:
xmelab: (/home/linux/ieng6/ee260bwi25/public/PDKdata/verilog/tcbn65gplus.v,5821): QN

  DFD1 q6_reg_12_ ( .D(n263), .CP(wr_clk), .Q(n12) );
                |
xmelab: *W,CUVWSP (./netlist/core.out.v,16065|16): 1 output port was not connected:
xmelab: (/home/linux/ieng6/ee260bwi25/public/PDKdata/verilog/tcbn65gplus.v,5821): QN

	Top level design units:
		fullchip_tb
	Building instance overlay tables: .................... Done
	Generating native compiled code:
		core.fifo_depth8_bw20_simd1_0:v <0x32ca7924>
			streams:   0, words:     0
		core.ofifo_col8_bw20:v <0x62df384d>
			streams:   0, words:     0
		core.mac_col_bw8_bw_psum20_pr8_col_id7:v <0x78061a90>
			streams:   0, words:     0
		core.mac_col_bw8_bw_psum20_pr8_col_id6:v <0x026d3d91>
			streams:   0, words:     0
		core.mac_col_bw8_bw_psum20_pr8_col_id5:v <0x6d0a01ed>
			streams:   0, words:     0
		core.mac_col_bw8_bw_psum20_pr8_col_id4:v <0x716be0f3>
			streams:   0, words:     0
		core.mac_col_bw8_bw_psum20_pr8_col_id3:v <0x66967282>
			streams:   0, words:     0
		core.mac_col_bw8_bw_psum20_pr8_col_id2:v <0x13f16709>
			streams:   0, words:     0
		core.mac_col_bw8_bw_psum20_pr8_col_id1:v <0x00b002c9>
			streams:   0, words:     0
		core.mac_array_col8_bw8_bw_psum20_pr8:v <0x1437eb9a>
			streams:   0, words:     0
		core.core:v <0x769662b0>
			streams:   0, words:     0
		tcbn65gplus.DFD4:v <0x2e9ac623>
			streams:   0, words:     0
		tcbn65gplus.CKMUX2D0:v <0x6b781dcd>
			streams:   0, words:     0
		tcbn65gplus.XNR3D0:v <0x44de71ee>
			streams:   0, words:     0
		tcbn65gplus.XNR2D2:v <0x562f64b9>
			streams:   0, words:     0
		tcbn65gplus.XOR2D0:v <0x2f64706c>
			streams:   0, words:     0
		tcbn65gplus.CKXOR2D0:v <0x65cbc26e>
			streams:   0, words:     0
	Building instance specific data structures.
	Loading native compiled code:     .................... Done
	Design hierarchy summary:
		                   Instances  Unique
		Modules:               22635     237
		UDPs:                  11647       3
		Primitives:            52365       9
		Timing outputs:        24610     158
		Registers:              5051      47
		Scalar wires:          29821       -
		Expanded wires:           72       3
		Vectored wires:            1       -
		Always blocks:             1       1
		Initial blocks:           14      14
		Cont. assignments:        12      12
		Pseudo assignments:        3       3
		Timing checks:         39864       -
		Simulation timescale:    1ps
	Writing initial simulation snapshot: worklib.fullchip_tb:v
xmelab: Memory Usage - Final: 55.7M, Peak: 61.5M, Peak virtual: 186.8M
xmelab: CPU Usage - 0.1s system + 2.4s user = 2.5s total (2.6s, 95.4% cpu)

-------------------------------------
Relinquished control to SimVision...
xcelium> 
xcelium> source /software/ECE/XCELIUM-2009/tools/xcelium/files/xmsimrc
xcelium> reset
Loaded snapshot worklib.fullchip_tb:v
xcelium> run
##### Q data txt reading #####
##### K data txt reading #####
##### Feed in data for Q  #####
---------------------------------------------------
     -5 |      7 |     -5 |     -7 |     -1 |      6 |      1 |      2 |
     -4 |      7 |     -2 |     -5 |     -3 |      4 |      1 |     -3 |
     -4 |     -1 |     -4 |     -4 |     -1 |      0 |      5 |      2 |
     -3 |      3 |      6 |     -4 |      6 |      2 |      1 |      6 |
     -8 |      5 |     -2 |      6 |      2 |      1 |     -3 |      4 |
     -2 |     -1 |     -2 |     -6 |     -1 |      4 |      0 |      2 |
      5 |     -7 |     -1 |      3 |      2 |      1 |     -7 |      6 |
      5 |     -8 |     -3 |      6 |      0 |     -2 |      6 |     -1 |
---------------------------------------------------
##### Feed in data for K  #####
---------------------------------------------------
     -6 |      3 |     -2 |     -1 |     -5 |      1 |      0 |      7 |
      0 |     -5 |     -8 |      0 |      6 |      0 |     -5 |     -7 |
      4 |     -7 |     -6 |      3 |      7 |      7 |      6 |      6 |
     -3 |      0 |      0 |     -7 |      6 |      3 |      4 |      7 |
      6 |     -3 |      4 |     -7 |     -4 |     -3 |     -2 |     -5 |
      0 |     -7 |      3 |      3 |     -2 |      6 |      4 |     -1 |
      7 |     -5 |      2 |      1 |      3 |      6 |      1 |     -5 |
      3 |     -1 |      6 |      3 |     -6 |     -2 |      1 |     -4 |
---------------------------------------------------
Q[ 0][ 0] * K[ 0][ 0] = -5 * -6
Q[ 0][ 1] * K[ 0][ 1] =  7 *  3
Q[ 0][ 2] * K[ 0][ 2] = -5 * -2
Q[ 0][ 3] * K[ 0][ 3] = -7 * -1
Q[ 0][ 4] * K[ 0][ 4] = -1 * -5
Q[ 0][ 5] * K[ 0][ 5] =  6 *  1
Q[ 0][ 6] * K[ 0][ 6] =  1 *  0
Q[ 0][ 7] * K[ 0][ 7] =  2 *  7
@cycle 0:  93
Q[ 0][ 0] * K[ 1][ 0] = -5 *  0
Q[ 0][ 1] * K[ 1][ 1] =  7 * -5
Q[ 0][ 2] * K[ 1][ 2] = -5 * -8
Q[ 0][ 3] * K[ 1][ 3] = -7 *  0
Q[ 0][ 4] * K[ 1][ 4] = -1 *  6
Q[ 0][ 5] * K[ 1][ 5] =  6 *  0
Q[ 0][ 6] * K[ 1][ 6] =  1 * -5
Q[ 0][ 7] * K[ 1][ 7] =  2 * -7
@cycle 0: -20
Q[ 0][ 0] * K[ 2][ 0] = -5 *  4
Q[ 0][ 1] * K[ 2][ 1] =  7 * -7
Q[ 0][ 2] * K[ 2][ 2] = -5 * -6
Q[ 0][ 3] * K[ 2][ 3] = -7 *  3
Q[ 0][ 4] * K[ 2][ 4] = -1 *  7
Q[ 0][ 5] * K[ 2][ 5] =  6 *  7
Q[ 0][ 6] * K[ 2][ 6] =  1 *  6
Q[ 0][ 7] * K[ 2][ 7] =  2 *  6
@cycle 0:  -7
Q[ 0][ 0] * K[ 3][ 0] = -5 * -3
Q[ 0][ 1] * K[ 3][ 1] =  7 *  0
Q[ 0][ 2] * K[ 3][ 2] = -5 *  0
Q[ 0][ 3] * K[ 3][ 3] = -7 * -7
Q[ 0][ 4] * K[ 3][ 4] = -1 *  6
Q[ 0][ 5] * K[ 3][ 5] =  6 *  3
Q[ 0][ 6] * K[ 3][ 6] =  1 *  4
Q[ 0][ 7] * K[ 3][ 7] =  2 *  7
@cycle 0:  94
Q[ 0][ 0] * K[ 4][ 0] = -5 *  6
Q[ 0][ 1] * K[ 4][ 1] =  7 * -3
Q[ 0][ 2] * K[ 4][ 2] = -5 *  4
Q[ 0][ 3] * K[ 4][ 3] = -7 * -7
Q[ 0][ 4] * K[ 4][ 4] = -1 * -4
Q[ 0][ 5] * K[ 4][ 5] =  6 * -3
Q[ 0][ 6] * K[ 4][ 6] =  1 * -2
Q[ 0][ 7] * K[ 4][ 7] =  2 * -5
@cycle 0: -48
Q[ 0][ 0] * K[ 5][ 0] = -5 *  0
Q[ 0][ 1] * K[ 5][ 1] =  7 * -7
Q[ 0][ 2] * K[ 5][ 2] = -5 *  3
Q[ 0][ 3] * K[ 5][ 3] = -7 *  3
Q[ 0][ 4] * K[ 5][ 4] = -1 * -2
Q[ 0][ 5] * K[ 5][ 5] =  6 *  6
Q[ 0][ 6] * K[ 5][ 6] =  1 *  4
Q[ 0][ 7] * K[ 5][ 7] =  2 * -1
@cycle 0: -45
Q[ 0][ 0] * K[ 6][ 0] = -5 *  7
Q[ 0][ 1] * K[ 6][ 1] =  7 * -5
Q[ 0][ 2] * K[ 6][ 2] = -5 *  2
Q[ 0][ 3] * K[ 6][ 3] = -7 *  1
Q[ 0][ 4] * K[ 6][ 4] = -1 *  3
Q[ 0][ 5] * K[ 6][ 5] =  6 *  6
Q[ 0][ 6] * K[ 6][ 6] =  1 *  1
Q[ 0][ 7] * K[ 6][ 7] =  2 * -5
@cycle 0: -63
Q[ 0][ 0] * K[ 7][ 0] = -5 *  3
Q[ 0][ 1] * K[ 7][ 1] =  7 * -1
Q[ 0][ 2] * K[ 7][ 2] = -5 *  6
Q[ 0][ 3] * K[ 7][ 3] = -7 *  3
Q[ 0][ 4] * K[ 7][ 4] = -1 * -6
Q[ 0][ 5] * K[ 7][ 5] =  6 * -2
Q[ 0][ 6] * K[ 7][ 6] =  1 *  1
Q[ 0][ 7] * K[ 7][ 7] =  2 * -4
@cycle 0: -86
prd @cycle 0: 0005dfffecffff90005efffd0fffd3fffc1fffaa
Q[ 1][ 0] * K[ 0][ 0] = -4 * -6
Q[ 1][ 1] * K[ 0][ 1] =  7 *  3
Q[ 1][ 2] * K[ 0][ 2] = -2 * -2
Q[ 1][ 3] * K[ 0][ 3] = -5 * -1
Q[ 1][ 4] * K[ 0][ 4] = -3 * -5
Q[ 1][ 5] * K[ 0][ 5] =  4 *  1
Q[ 1][ 6] * K[ 0][ 6] =  1 *  0
Q[ 1][ 7] * K[ 0][ 7] = -3 *  7
@cycle 1:  52
Q[ 1][ 0] * K[ 1][ 0] = -4 *  0
Q[ 1][ 1] * K[ 1][ 1] =  7 * -5
Q[ 1][ 2] * K[ 1][ 2] = -2 * -8
Q[ 1][ 3] * K[ 1][ 3] = -5 *  0
Q[ 1][ 4] * K[ 1][ 4] = -3 *  6
Q[ 1][ 5] * K[ 1][ 5] =  4 *  0
Q[ 1][ 6] * K[ 1][ 6] =  1 * -5
Q[ 1][ 7] * K[ 1][ 7] = -3 * -7
@cycle 1: -21
Q[ 1][ 0] * K[ 2][ 0] = -4 *  4
Q[ 1][ 1] * K[ 2][ 1] =  7 * -7
Q[ 1][ 2] * K[ 2][ 2] = -2 * -6
Q[ 1][ 3] * K[ 2][ 3] = -5 *  3
Q[ 1][ 4] * K[ 2][ 4] = -3 *  7
Q[ 1][ 5] * K[ 2][ 5] =  4 *  7
Q[ 1][ 6] * K[ 2][ 6] =  1 *  6
Q[ 1][ 7] * K[ 2][ 7] = -3 *  6
@cycle 1: -73
Q[ 1][ 0] * K[ 3][ 0] = -4 * -3
Q[ 1][ 1] * K[ 3][ 1] =  7 *  0
Q[ 1][ 2] * K[ 3][ 2] = -2 *  0
Q[ 1][ 3] * K[ 3][ 3] = -5 * -7
Q[ 1][ 4] * K[ 3][ 4] = -3 *  6
Q[ 1][ 5] * K[ 3][ 5] =  4 *  3
Q[ 1][ 6] * K[ 3][ 6] =  1 *  4
Q[ 1][ 7] * K[ 3][ 7] = -3 *  7
@cycle 1:  24
Q[ 1][ 0] * K[ 4][ 0] = -4 *  6
Q[ 1][ 1] * K[ 4][ 1] =  7 * -3
Q[ 1][ 2] * K[ 4][ 2] = -2 *  4
Q[ 1][ 3] * K[ 4][ 3] = -5 * -7
Q[ 1][ 4] * K[ 4][ 4] = -3 * -4
Q[ 1][ 5] * K[ 4][ 5] =  4 * -3
Q[ 1][ 6] * K[ 4][ 6] =  1 * -2
Q[ 1][ 7] * K[ 4][ 7] = -3 * -5
@cycle 1:  -5
Q[ 1][ 0] * K[ 5][ 0] = -4 *  0
Q[ 1][ 1] * K[ 5][ 1] =  7 * -7
Q[ 1][ 2] * K[ 5][ 2] = -2 *  3
Q[ 1][ 3] * K[ 5][ 3] = -5 *  3
Q[ 1][ 4] * K[ 5][ 4] = -3 * -2
Q[ 1][ 5] * K[ 5][ 5] =  4 *  6
Q[ 1][ 6] * K[ 5][ 6] =  1 *  4
Q[ 1][ 7] * K[ 5][ 7] = -3 * -1
@cycle 1: -33
Q[ 1][ 0] * K[ 6][ 0] = -4 *  7
Q[ 1][ 1] * K[ 6][ 1] =  7 * -5
Q[ 1][ 2] * K[ 6][ 2] = -2 *  2
Q[ 1][ 3] * K[ 6][ 3] = -5 *  1
Q[ 1][ 4] * K[ 6][ 4] = -3 *  3
Q[ 1][ 5] * K[ 6][ 5] =  4 *  6
Q[ 1][ 6] * K[ 6][ 6] =  1 *  1
Q[ 1][ 7] * K[ 6][ 7] = -3 * -5
@cycle 1: -41
Q[ 1][ 0] * K[ 7][ 0] = -4 *  3
Q[ 1][ 1] * K[ 7][ 1] =  7 * -1
Q[ 1][ 2] * K[ 7][ 2] = -2 *  6
Q[ 1][ 3] * K[ 7][ 3] = -5 *  3
Q[ 1][ 4] * K[ 7][ 4] = -3 * -6
Q[ 1][ 5] * K[ 7][ 5] =  4 * -2
Q[ 1][ 6] * K[ 7][ 6] =  1 *  1
Q[ 1][ 7] * K[ 7][ 7] = -3 * -4
@cycle 1: -23
prd @cycle 1: 00034fffebfffb700018ffffbfffdffffd7fffe9
Q[ 2][ 0] * K[ 0][ 0] = -4 * -6
Q[ 2][ 1] * K[ 0][ 1] = -1 *  3
Q[ 2][ 2] * K[ 0][ 2] = -4 * -2
Q[ 2][ 3] * K[ 0][ 3] = -4 * -1
Q[ 2][ 4] * K[ 0][ 4] = -1 * -5
Q[ 2][ 5] * K[ 0][ 5] =  0 *  1
Q[ 2][ 6] * K[ 0][ 6] =  5 *  0
Q[ 2][ 7] * K[ 0][ 7] =  2 *  7
@cycle 2:  52
Q[ 2][ 0] * K[ 1][ 0] = -4 *  0
Q[ 2][ 1] * K[ 1][ 1] = -1 * -5
Q[ 2][ 2] * K[ 1][ 2] = -4 * -8
Q[ 2][ 3] * K[ 1][ 3] = -4 *  0
Q[ 2][ 4] * K[ 1][ 4] = -1 *  6
Q[ 2][ 5] * K[ 1][ 5] =  0 *  0
Q[ 2][ 6] * K[ 1][ 6] =  5 * -5
Q[ 2][ 7] * K[ 1][ 7] =  2 * -7
@cycle 2:  -8
Q[ 2][ 0] * K[ 2][ 0] = -4 *  4
Q[ 2][ 1] * K[ 2][ 1] = -1 * -7
Q[ 2][ 2] * K[ 2][ 2] = -4 * -6
Q[ 2][ 3] * K[ 2][ 3] = -4 *  3
Q[ 2][ 4] * K[ 2][ 4] = -1 *  7
Q[ 2][ 5] * K[ 2][ 5] =  0 *  7
Q[ 2][ 6] * K[ 2][ 6] =  5 *  6
Q[ 2][ 7] * K[ 2][ 7] =  2 *  6
@cycle 2:  38
Q[ 2][ 0] * K[ 3][ 0] = -4 * -3
Q[ 2][ 1] * K[ 3][ 1] = -1 *  0
Q[ 2][ 2] * K[ 3][ 2] = -4 *  0
Q[ 2][ 3] * K[ 3][ 3] = -4 * -7
Q[ 2][ 4] * K[ 3][ 4] = -1 *  6
Q[ 2][ 5] * K[ 3][ 5] =  0 *  3
Q[ 2][ 6] * K[ 3][ 6] =  5 *  4
Q[ 2][ 7] * K[ 3][ 7] =  2 *  7
@cycle 2:  68
Q[ 2][ 0] * K[ 4][ 0] = -4 *  6
Q[ 2][ 1] * K[ 4][ 1] = -1 * -3
Q[ 2][ 2] * K[ 4][ 2] = -4 *  4
Q[ 2][ 3] * K[ 4][ 3] = -4 * -7
Q[ 2][ 4] * K[ 4][ 4] = -1 * -4
Q[ 2][ 5] * K[ 4][ 5] =  0 * -3
Q[ 2][ 6] * K[ 4][ 6] =  5 * -2
Q[ 2][ 7] * K[ 4][ 7] =  2 * -5
@cycle 2: -25
Q[ 2][ 0] * K[ 5][ 0] = -4 *  0
Q[ 2][ 1] * K[ 5][ 1] = -1 * -7
Q[ 2][ 2] * K[ 5][ 2] = -4 *  3
Q[ 2][ 3] * K[ 5][ 3] = -4 *  3
Q[ 2][ 4] * K[ 5][ 4] = -1 * -2
Q[ 2][ 5] * K[ 5][ 5] =  0 *  6
Q[ 2][ 6] * K[ 5][ 6] =  5 *  4
Q[ 2][ 7] * K[ 5][ 7] =  2 * -1
@cycle 2:   3
Q[ 2][ 0] * K[ 6][ 0] = -4 *  7
Q[ 2][ 1] * K[ 6][ 1] = -1 * -5
Q[ 2][ 2] * K[ 6][ 2] = -4 *  2
Q[ 2][ 3] * K[ 6][ 3] = -4 *  1
Q[ 2][ 4] * K[ 6][ 4] = -1 *  3
Q[ 2][ 5] * K[ 6][ 5] =  0 *  6
Q[ 2][ 6] * K[ 6][ 6] =  5 *  1
Q[ 2][ 7] * K[ 6][ 7] =  2 * -5
@cycle 2: -43
Q[ 2][ 0] * K[ 7][ 0] = -4 *  3
Q[ 2][ 1] * K[ 7][ 1] = -1 * -1
Q[ 2][ 2] * K[ 7][ 2] = -4 *  6
Q[ 2][ 3] * K[ 7][ 3] = -4 *  3
Q[ 2][ 4] * K[ 7][ 4] = -1 * -6
Q[ 2][ 5] * K[ 7][ 5] =  0 * -2
Q[ 2][ 6] * K[ 7][ 6] =  5 *  1
Q[ 2][ 7] * K[ 7][ 7] =  2 * -4
@cycle 2: -44
prd @cycle 2: 00034ffff80002600044fffe700003fffd5fffd4
Q[ 3][ 0] * K[ 0][ 0] = -3 * -6
Q[ 3][ 1] * K[ 0][ 1] =  3 *  3
Q[ 3][ 2] * K[ 0][ 2] =  6 * -2
Q[ 3][ 3] * K[ 0][ 3] = -4 * -1
Q[ 3][ 4] * K[ 0][ 4] =  6 * -5
Q[ 3][ 5] * K[ 0][ 5] =  2 *  1
Q[ 3][ 6] * K[ 0][ 6] =  1 *  0
Q[ 3][ 7] * K[ 0][ 7] =  6 *  7
@cycle 3:  33
Q[ 3][ 0] * K[ 1][ 0] = -3 *  0
Q[ 3][ 1] * K[ 1][ 1] =  3 * -5
Q[ 3][ 2] * K[ 1][ 2] =  6 * -8
Q[ 3][ 3] * K[ 1][ 3] = -4 *  0
Q[ 3][ 4] * K[ 1][ 4] =  6 *  6
Q[ 3][ 5] * K[ 1][ 5] =  2 *  0
Q[ 3][ 6] * K[ 1][ 6] =  1 * -5
Q[ 3][ 7] * K[ 1][ 7] =  6 * -7
@cycle 3: -74
Q[ 3][ 0] * K[ 2][ 0] = -3 *  4
Q[ 3][ 1] * K[ 2][ 1] =  3 * -7
Q[ 3][ 2] * K[ 2][ 2] =  6 * -6
Q[ 3][ 3] * K[ 2][ 3] = -4 *  3
Q[ 3][ 4] * K[ 2][ 4] =  6 *  7
Q[ 3][ 5] * K[ 2][ 5] =  2 *  7
Q[ 3][ 6] * K[ 2][ 6] =  1 *  6
Q[ 3][ 7] * K[ 2][ 7] =  6 *  6
@cycle 3:  17
Q[ 3][ 0] * K[ 3][ 0] = -3 * -3
Q[ 3][ 1] * K[ 3][ 1] =  3 *  0
Q[ 3][ 2] * K[ 3][ 2] =  6 *  0
Q[ 3][ 3] * K[ 3][ 3] = -4 * -7
Q[ 3][ 4] * K[ 3][ 4] =  6 *  6
Q[ 3][ 5] * K[ 3][ 5] =  2 *  3
Q[ 3][ 6] * K[ 3][ 6] =  1 *  4
Q[ 3][ 7] * K[ 3][ 7] =  6 *  7
@cycle 3: 125
Q[ 3][ 0] * K[ 4][ 0] = -3 *  6
Q[ 3][ 1] * K[ 4][ 1] =  3 * -3
Q[ 3][ 2] * K[ 4][ 2] =  6 *  4
Q[ 3][ 3] * K[ 4][ 3] = -4 * -7
Q[ 3][ 4] * K[ 4][ 4] =  6 * -4
Q[ 3][ 5] * K[ 4][ 5] =  2 * -3
Q[ 3][ 6] * K[ 4][ 6] =  1 * -2
Q[ 3][ 7] * K[ 4][ 7] =  6 * -5
@cycle 3: -37
Q[ 3][ 0] * K[ 5][ 0] = -3 *  0
Q[ 3][ 1] * K[ 5][ 1] =  3 * -7
Q[ 3][ 2] * K[ 5][ 2] =  6 *  3
Q[ 3][ 3] * K[ 5][ 3] = -4 *  3
Q[ 3][ 4] * K[ 5][ 4] =  6 * -2
Q[ 3][ 5] * K[ 5][ 5] =  2 *  6
Q[ 3][ 6] * K[ 5][ 6] =  1 *  4
Q[ 3][ 7] * K[ 5][ 7] =  6 * -1
@cycle 3: -17
Q[ 3][ 0] * K[ 6][ 0] = -3 *  7
Q[ 3][ 1] * K[ 6][ 1] =  3 * -5
Q[ 3][ 2] * K[ 6][ 2] =  6 *  2
Q[ 3][ 3] * K[ 6][ 3] = -4 *  1
Q[ 3][ 4] * K[ 6][ 4] =  6 *  3
Q[ 3][ 5] * K[ 6][ 5] =  2 *  6
Q[ 3][ 6] * K[ 6][ 6] =  1 *  1
Q[ 3][ 7] * K[ 6][ 7] =  6 * -5
@cycle 3: -27
Q[ 3][ 0] * K[ 7][ 0] = -3 *  3
Q[ 3][ 1] * K[ 7][ 1] =  3 * -1
Q[ 3][ 2] * K[ 7][ 2] =  6 *  6
Q[ 3][ 3] * K[ 7][ 3] = -4 *  3
Q[ 3][ 4] * K[ 7][ 4] =  6 * -6
Q[ 3][ 5] * K[ 7][ 5] =  2 * -2
Q[ 3][ 6] * K[ 7][ 6] =  1 *  1
Q[ 3][ 7] * K[ 7][ 7] =  6 * -4
@cycle 3: -51
prd @cycle 3: 00021fffb6000110007dfffdbfffeffffe5fffcd
Q[ 4][ 0] * K[ 0][ 0] = -8 * -6
Q[ 4][ 1] * K[ 0][ 1] =  5 *  3
Q[ 4][ 2] * K[ 0][ 2] = -2 * -2
Q[ 4][ 3] * K[ 0][ 3] =  6 * -1
Q[ 4][ 4] * K[ 0][ 4] =  2 * -5
Q[ 4][ 5] * K[ 0][ 5] =  1 *  1
Q[ 4][ 6] * K[ 0][ 6] = -3 *  0
Q[ 4][ 7] * K[ 0][ 7] =  4 *  7
@cycle 4:  80
Q[ 4][ 0] * K[ 1][ 0] = -8 *  0
Q[ 4][ 1] * K[ 1][ 1] =  5 * -5
Q[ 4][ 2] * K[ 1][ 2] = -2 * -8
Q[ 4][ 3] * K[ 1][ 3] =  6 *  0
Q[ 4][ 4] * K[ 1][ 4] =  2 *  6
Q[ 4][ 5] * K[ 1][ 5] =  1 *  0
Q[ 4][ 6] * K[ 1][ 6] = -3 * -5
Q[ 4][ 7] * K[ 1][ 7] =  4 * -7
@cycle 4: -10
Q[ 4][ 0] * K[ 2][ 0] = -8 *  4
Q[ 4][ 1] * K[ 2][ 1] =  5 * -7
Q[ 4][ 2] * K[ 2][ 2] = -2 * -6
Q[ 4][ 3] * K[ 2][ 3] =  6 *  3
Q[ 4][ 4] * K[ 2][ 4] =  2 *  7
Q[ 4][ 5] * K[ 2][ 5] =  1 *  7
Q[ 4][ 6] * K[ 2][ 6] = -3 *  6
Q[ 4][ 7] * K[ 2][ 7] =  4 *  6
@cycle 4: -10
Q[ 4][ 0] * K[ 3][ 0] = -8 * -3
Q[ 4][ 1] * K[ 3][ 1] =  5 *  0
Q[ 4][ 2] * K[ 3][ 2] = -2 *  0
Q[ 4][ 3] * K[ 3][ 3] =  6 * -7
Q[ 4][ 4] * K[ 3][ 4] =  2 *  6
Q[ 4][ 5] * K[ 3][ 5] =  1 *  3
Q[ 4][ 6] * K[ 3][ 6] = -3 *  4
Q[ 4][ 7] * K[ 3][ 7] =  4 *  7
@cycle 4:  13
Q[ 4][ 0] * K[ 4][ 0] = -8 *  6
Q[ 4][ 1] * K[ 4][ 1] =  5 * -3
Q[ 4][ 2] * K[ 4][ 2] = -2 *  4
Q[ 4][ 3] * K[ 4][ 3] =  6 * -7
Q[ 4][ 4] * K[ 4][ 4] =  2 * -4
Q[ 4][ 5] * K[ 4][ 5] =  1 * -3
Q[ 4][ 6] * K[ 4][ 6] = -3 * -2
Q[ 4][ 7] * K[ 4][ 7] =  4 * -5
@cycle 4: -138
Q[ 4][ 0] * K[ 5][ 0] = -8 *  0
Q[ 4][ 1] * K[ 5][ 1] =  5 * -7
Q[ 4][ 2] * K[ 5][ 2] = -2 *  3
Q[ 4][ 3] * K[ 5][ 3] =  6 *  3
Q[ 4][ 4] * K[ 5][ 4] =  2 * -2
Q[ 4][ 5] * K[ 5][ 5] =  1 *  6
Q[ 4][ 6] * K[ 5][ 6] = -3 *  4
Q[ 4][ 7] * K[ 5][ 7] =  4 * -1
@cycle 4: -37
Q[ 4][ 0] * K[ 6][ 0] = -8 *  7
Q[ 4][ 1] * K[ 6][ 1] =  5 * -5
Q[ 4][ 2] * K[ 6][ 2] = -2 *  2
Q[ 4][ 3] * K[ 6][ 3] =  6 *  1
Q[ 4][ 4] * K[ 6][ 4] =  2 *  3
Q[ 4][ 5] * K[ 6][ 5] =  1 *  6
Q[ 4][ 6] * K[ 6][ 6] = -3 *  1
Q[ 4][ 7] * K[ 6][ 7] =  4 * -5
@cycle 4: -90
Q[ 4][ 0] * K[ 7][ 0] = -8 *  3
Q[ 4][ 1] * K[ 7][ 1] =  5 * -1
Q[ 4][ 2] * K[ 7][ 2] = -2 *  6
Q[ 4][ 3] * K[ 7][ 3] =  6 *  3
Q[ 4][ 4] * K[ 7][ 4] =  2 * -6
Q[ 4][ 5] * K[ 7][ 5] =  1 * -2
Q[ 4][ 6] * K[ 7][ 6] = -3 *  1
Q[ 4][ 7] * K[ 7][ 7] =  4 * -4
@cycle 4: -56
prd @cycle 4: 00050ffff6ffff60000dfff76fffdbfffa6fffc8
Q[ 5][ 0] * K[ 0][ 0] = -2 * -6
Q[ 5][ 1] * K[ 0][ 1] = -1 *  3
Q[ 5][ 2] * K[ 0][ 2] = -2 * -2
Q[ 5][ 3] * K[ 0][ 3] = -6 * -1
Q[ 5][ 4] * K[ 0][ 4] = -1 * -5
Q[ 5][ 5] * K[ 0][ 5] =  4 *  1
Q[ 5][ 6] * K[ 0][ 6] =  0 *  0
Q[ 5][ 7] * K[ 0][ 7] =  2 *  7
@cycle 5:  42
Q[ 5][ 0] * K[ 1][ 0] = -2 *  0
Q[ 5][ 1] * K[ 1][ 1] = -1 * -5
Q[ 5][ 2] * K[ 1][ 2] = -2 * -8
Q[ 5][ 3] * K[ 1][ 3] = -6 *  0
Q[ 5][ 4] * K[ 1][ 4] = -1 *  6
Q[ 5][ 5] * K[ 1][ 5] =  4 *  0
Q[ 5][ 6] * K[ 1][ 6] =  0 * -5
Q[ 5][ 7] * K[ 1][ 7] =  2 * -7
@cycle 5:   1
Q[ 5][ 0] * K[ 2][ 0] = -2 *  4
Q[ 5][ 1] * K[ 2][ 1] = -1 * -7
Q[ 5][ 2] * K[ 2][ 2] = -2 * -6
Q[ 5][ 3] * K[ 2][ 3] = -6 *  3
Q[ 5][ 4] * K[ 2][ 4] = -1 *  7
Q[ 5][ 5] * K[ 2][ 5] =  4 *  7
Q[ 5][ 6] * K[ 2][ 6] =  0 *  6
Q[ 5][ 7] * K[ 2][ 7] =  2 *  6
@cycle 5:  26
Q[ 5][ 0] * K[ 3][ 0] = -2 * -3
Q[ 5][ 1] * K[ 3][ 1] = -1 *  0
Q[ 5][ 2] * K[ 3][ 2] = -2 *  0
Q[ 5][ 3] * K[ 3][ 3] = -6 * -7
Q[ 5][ 4] * K[ 3][ 4] = -1 *  6
Q[ 5][ 5] * K[ 3][ 5] =  4 *  3
Q[ 5][ 6] * K[ 3][ 6] =  0 *  4
Q[ 5][ 7] * K[ 3][ 7] =  2 *  7
@cycle 5:  68
Q[ 5][ 0] * K[ 4][ 0] = -2 *  6
Q[ 5][ 1] * K[ 4][ 1] = -1 * -3
Q[ 5][ 2] * K[ 4][ 2] = -2 *  4
Q[ 5][ 3] * K[ 4][ 3] = -6 * -7
Q[ 5][ 4] * K[ 4][ 4] = -1 * -4
Q[ 5][ 5] * K[ 4][ 5] =  4 * -3
Q[ 5][ 6] * K[ 4][ 6] =  0 * -2
Q[ 5][ 7] * K[ 4][ 7] =  2 * -5
@cycle 5:   7
Q[ 5][ 0] * K[ 5][ 0] = -2 *  0
Q[ 5][ 1] * K[ 5][ 1] = -1 * -7
Q[ 5][ 2] * K[ 5][ 2] = -2 *  3
Q[ 5][ 3] * K[ 5][ 3] = -6 *  3
Q[ 5][ 4] * K[ 5][ 4] = -1 * -2
Q[ 5][ 5] * K[ 5][ 5] =  4 *  6
Q[ 5][ 6] * K[ 5][ 6] =  0 *  4
Q[ 5][ 7] * K[ 5][ 7] =  2 * -1
@cycle 5:   7
Q[ 5][ 0] * K[ 6][ 0] = -2 *  7
Q[ 5][ 1] * K[ 6][ 1] = -1 * -5
Q[ 5][ 2] * K[ 6][ 2] = -2 *  2
Q[ 5][ 3] * K[ 6][ 3] = -6 *  1
Q[ 5][ 4] * K[ 6][ 4] = -1 *  3
Q[ 5][ 5] * K[ 6][ 5] =  4 *  6
Q[ 5][ 6] * K[ 6][ 6] =  0 *  1
Q[ 5][ 7] * K[ 6][ 7] =  2 * -5
@cycle 5:  -8
Q[ 5][ 0] * K[ 7][ 0] = -2 *  3
Q[ 5][ 1] * K[ 7][ 1] = -1 * -1
Q[ 5][ 2] * K[ 7][ 2] = -2 *  6
Q[ 5][ 3] * K[ 7][ 3] = -6 *  3
Q[ 5][ 4] * K[ 7][ 4] = -1 * -6
Q[ 5][ 5] * K[ 7][ 5] =  4 * -2
Q[ 5][ 6] * K[ 7][ 6] =  0 *  1
Q[ 5][ 7] * K[ 7][ 7] =  2 * -4
@cycle 5: -45
prd @cycle 5: 0002a000010001a000440000700007ffff8fffd3
Q[ 6][ 0] * K[ 0][ 0] =  5 * -6
Q[ 6][ 1] * K[ 0][ 1] = -7 *  3
Q[ 6][ 2] * K[ 0][ 2] = -1 * -2
Q[ 6][ 3] * K[ 0][ 3] =  3 * -1
Q[ 6][ 4] * K[ 0][ 4] =  2 * -5
Q[ 6][ 5] * K[ 0][ 5] =  1 *  1
Q[ 6][ 6] * K[ 0][ 6] = -7 *  0
Q[ 6][ 7] * K[ 0][ 7] =  6 *  7
@cycle 6: -19
Q[ 6][ 0] * K[ 1][ 0] =  5 *  0
Q[ 6][ 1] * K[ 1][ 1] = -7 * -5
Q[ 6][ 2] * K[ 1][ 2] = -1 * -8
Q[ 6][ 3] * K[ 1][ 3] =  3 *  0
Q[ 6][ 4] * K[ 1][ 4] =  2 *  6
Q[ 6][ 5] * K[ 1][ 5] =  1 *  0
Q[ 6][ 6] * K[ 1][ 6] = -7 * -5
Q[ 6][ 7] * K[ 1][ 7] =  6 * -7
@cycle 6:  48
Q[ 6][ 0] * K[ 2][ 0] =  5 *  4
Q[ 6][ 1] * K[ 2][ 1] = -7 * -7
Q[ 6][ 2] * K[ 2][ 2] = -1 * -6
Q[ 6][ 3] * K[ 2][ 3] =  3 *  3
Q[ 6][ 4] * K[ 2][ 4] =  2 *  7
Q[ 6][ 5] * K[ 2][ 5] =  1 *  7
Q[ 6][ 6] * K[ 2][ 6] = -7 *  6
Q[ 6][ 7] * K[ 2][ 7] =  6 *  6
@cycle 6:  99
Q[ 6][ 0] * K[ 3][ 0] =  5 * -3
Q[ 6][ 1] * K[ 3][ 1] = -7 *  0
Q[ 6][ 2] * K[ 3][ 2] = -1 *  0
Q[ 6][ 3] * K[ 3][ 3] =  3 * -7
Q[ 6][ 4] * K[ 3][ 4] =  2 *  6
Q[ 6][ 5] * K[ 3][ 5] =  1 *  3
Q[ 6][ 6] * K[ 3][ 6] = -7 *  4
Q[ 6][ 7] * K[ 3][ 7] =  6 *  7
@cycle 6:  -7
Q[ 6][ 0] * K[ 4][ 0] =  5 *  6
Q[ 6][ 1] * K[ 4][ 1] = -7 * -3
Q[ 6][ 2] * K[ 4][ 2] = -1 *  4
Q[ 6][ 3] * K[ 4][ 3] =  3 * -7
Q[ 6][ 4] * K[ 4][ 4] =  2 * -4
Q[ 6][ 5] * K[ 4][ 5] =  1 * -3
Q[ 6][ 6] * K[ 4][ 6] = -7 * -2
Q[ 6][ 7] * K[ 4][ 7] =  6 * -5
@cycle 6:  -1
Q[ 6][ 0] * K[ 5][ 0] =  5 *  0
Q[ 6][ 1] * K[ 5][ 1] = -7 * -7
Q[ 6][ 2] * K[ 5][ 2] = -1 *  3
Q[ 6][ 3] * K[ 5][ 3] =  3 *  3
Q[ 6][ 4] * K[ 5][ 4] =  2 * -2
Q[ 6][ 5] * K[ 5][ 5] =  1 *  6
Q[ 6][ 6] * K[ 5][ 6] = -7 *  4
Q[ 6][ 7] * K[ 5][ 7] =  6 * -1
@cycle 6:  23
Q[ 6][ 0] * K[ 6][ 0] =  5 *  7
Q[ 6][ 1] * K[ 6][ 1] = -7 * -5
Q[ 6][ 2] * K[ 6][ 2] = -1 *  2
Q[ 6][ 3] * K[ 6][ 3] =  3 *  1
Q[ 6][ 4] * K[ 6][ 4] =  2 *  3
Q[ 6][ 5] * K[ 6][ 5] =  1 *  6
Q[ 6][ 6] * K[ 6][ 6] = -7 *  1
Q[ 6][ 7] * K[ 6][ 7] =  6 * -5
@cycle 6:  46
Q[ 6][ 0] * K[ 7][ 0] =  5 *  3
Q[ 6][ 1] * K[ 7][ 1] = -7 * -1
Q[ 6][ 2] * K[ 7][ 2] = -1 *  6
Q[ 6][ 3] * K[ 7][ 3] =  3 *  3
Q[ 6][ 4] * K[ 7][ 4] =  2 * -6
Q[ 6][ 5] * K[ 7][ 5] =  1 * -2
Q[ 6][ 6] * K[ 7][ 6] = -7 *  1
Q[ 6][ 7] * K[ 7][ 7] =  6 * -4
@cycle 6: -20
prd @cycle 6: fffed0003000063ffff9fffff000170002efffec
Q[ 7][ 0] * K[ 0][ 0] =  5 * -6
Q[ 7][ 1] * K[ 0][ 1] = -8 *  3
Q[ 7][ 2] * K[ 0][ 2] = -3 * -2
Q[ 7][ 3] * K[ 0][ 3] =  6 * -1
Q[ 7][ 4] * K[ 0][ 4] =  0 * -5
Q[ 7][ 5] * K[ 0][ 5] = -2 *  1
Q[ 7][ 6] * K[ 0][ 6] =  6 *  0
Q[ 7][ 7] * K[ 0][ 7] = -1 *  7
@cycle 7: -63
Q[ 7][ 0] * K[ 1][ 0] =  5 *  0
Q[ 7][ 1] * K[ 1][ 1] = -8 * -5
Q[ 7][ 2] * K[ 1][ 2] = -3 * -8
Q[ 7][ 3] * K[ 1][ 3] =  6 *  0
Q[ 7][ 4] * K[ 1][ 4] =  0 *  6
Q[ 7][ 5] * K[ 1][ 5] = -2 *  0
Q[ 7][ 6] * K[ 1][ 6] =  6 * -5
Q[ 7][ 7] * K[ 1][ 7] = -1 * -7
@cycle 7:  41
Q[ 7][ 0] * K[ 2][ 0] =  5 *  4
Q[ 7][ 1] * K[ 2][ 1] = -8 * -7
Q[ 7][ 2] * K[ 2][ 2] = -3 * -6
Q[ 7][ 3] * K[ 2][ 3] =  6 *  3
Q[ 7][ 4] * K[ 2][ 4] =  0 *  7
Q[ 7][ 5] * K[ 2][ 5] = -2 *  7
Q[ 7][ 6] * K[ 2][ 6] =  6 *  6
Q[ 7][ 7] * K[ 2][ 7] = -1 *  6
@cycle 7: 128
Q[ 7][ 0] * K[ 3][ 0] =  5 * -3
Q[ 7][ 1] * K[ 3][ 1] = -8 *  0
Q[ 7][ 2] * K[ 3][ 2] = -3 *  0
Q[ 7][ 3] * K[ 3][ 3] =  6 * -7
Q[ 7][ 4] * K[ 3][ 4] =  0 *  6
Q[ 7][ 5] * K[ 3][ 5] = -2 *  3
Q[ 7][ 6] * K[ 3][ 6] =  6 *  4
Q[ 7][ 7] * K[ 3][ 7] = -1 *  7
@cycle 7: -46
Q[ 7][ 0] * K[ 4][ 0] =  5 *  6
Q[ 7][ 1] * K[ 4][ 1] = -8 * -3
Q[ 7][ 2] * K[ 4][ 2] = -3 *  4
Q[ 7][ 3] * K[ 4][ 3] =  6 * -7
Q[ 7][ 4] * K[ 4][ 4] =  0 * -4
Q[ 7][ 5] * K[ 4][ 5] = -2 * -3
Q[ 7][ 6] * K[ 4][ 6] =  6 * -2
Q[ 7][ 7] * K[ 4][ 7] = -1 * -5
@cycle 7:  -1
Q[ 7][ 0] * K[ 5][ 0] =  5 *  0
Q[ 7][ 1] * K[ 5][ 1] = -8 * -7
Q[ 7][ 2] * K[ 5][ 2] = -3 *  3
Q[ 7][ 3] * K[ 5][ 3] =  6 *  3
Q[ 7][ 4] * K[ 5][ 4] =  0 * -2
Q[ 7][ 5] * K[ 5][ 5] = -2 *  6
Q[ 7][ 6] * K[ 5][ 6] =  6 *  4
Q[ 7][ 7] * K[ 5][ 7] = -1 * -1
@cycle 7:  78
Q[ 7][ 0] * K[ 6][ 0] =  5 *  7
Q[ 7][ 1] * K[ 6][ 1] = -8 * -5
Q[ 7][ 2] * K[ 6][ 2] = -3 *  2
Q[ 7][ 3] * K[ 6][ 3] =  6 *  1
Q[ 7][ 4] * K[ 6][ 4] =  0 *  3
Q[ 7][ 5] * K[ 6][ 5] = -2 *  6
Q[ 7][ 6] * K[ 6][ 6] =  6 *  1
Q[ 7][ 7] * K[ 6][ 7] = -1 * -5
@cycle 7:  74
Q[ 7][ 0] * K[ 7][ 0] =  5 *  3
Q[ 7][ 1] * K[ 7][ 1] = -8 * -1
Q[ 7][ 2] * K[ 7][ 2] = -3 *  6
Q[ 7][ 3] * K[ 7][ 3] =  6 *  3
Q[ 7][ 4] * K[ 7][ 4] =  0 * -6
Q[ 7][ 5] * K[ 7][ 5] = -2 * -2
Q[ 7][ 6] * K[ 7][ 6] =  6 *  1
Q[ 7][ 7] * K[ 7][ 7] = -1 * -4
@cycle 7:  37
prd @cycle 7: fffc10002900080fffd2fffff0004e0004a00025
##### Estimated Multiplication Result (Decimal) #####
---------------------------------------------------
Cycle  0 |     93 |    -20 |     -7 |     94 |    -48 |    -45 |    -63 |    -86 |
Cycle  1 |     52 |    -21 |    -73 |     24 |     -5 |    -33 |    -41 |    -23 |
Cycle  2 |     52 |     -8 |     38 |     68 |    -25 |      3 |    -43 |    -44 |
Cycle  3 |     33 |    -74 |     17 |    125 |    -37 |    -17 |    -27 |    -51 |
Cycle  4 |     80 |    -10 |    -10 |     13 |   -138 |    -37 |    -90 |    -56 |
Cycle  5 |     42 |      1 |     26 |     68 |      7 |      7 |     -8 |    -45 |
Cycle  6 |    -19 |     48 |     99 |     -7 |     -1 |     23 |     46 |    -20 |
Cycle  7 |    -63 |     41 |    128 |    -46 |     -1 |     78 |     74 |     37 |
---------------------------------------------------
##### Qmem writing  #####
##### Kmem writing #####
##### K data loading to processor #####
##### execute #####
##### move ofifo to pmem #####
##### PMEM TO OUT #####
Core Output |      x |      x |      x |      x |      x |      x |      x |      x |
---------------------------------------------------
Core Output |      x |      x |      x |      x |      x |      x |      x |      x |
---------------------------------------------------
Core Output |      x |      x |      x |      x |      x |      x |      x |      x |
---------------------------------------------------
Core Output |      x |      x |      x |      x |      x |      x |      x |      x |
---------------------------------------------------
Core Output |      x |      x |      x |      x |      x |      x |      x |      x |
---------------------------------------------------
Core Output |      x |      x |      x |      x |      x |      x |      x |      x |
---------------------------------------------------
Core Output |      x |      x |      x |      x |      x |      x |      x |      x |
---------------------------------------------------
Core Output |      x |      x |      x |      x |      x |      x |      x |      x |
---------------------------------------------------
Core Output |      x |      x |      x |      x |      x |      x |      x |      x |
---------------------------------------------------
Simulation complete via $finish(1) at time 925 NS + 0
./netlist/fullchip_tb.v:381   #0.50 $finish;
xcelium> 