###############################################################
#  Generated by:      Cadence Innovus 15.23-s045_1
#  OS:                Linux x86_64(Host ID ieng6-ece-20.ucsd.edu)
#  Generated on:      Mon Mar 17 12:25:01 2025
#  Design:            core
#  Command:           verifyGeometry
###############################################################

SHORT: Regular Via of Net mac_array_instance/col_idx_4__mac_col_inst/mac_16in_instance/FE_RN_5 & Blockage of Cell mac_array_instance/col_idx_4__mac_col_inst/mac_16in_instance/FE_RC_6966_0  ( M1 )
Bounds : ( 200.650, 290.070 ) ( 200.750, 290.490 )


SHORT: Regular Via of Net mac_array_instance/col_idx_6__mac_col_inst/mac_16in_instance/FE_RN_36_0 & Blockage of Cell mac_array_instance/col_idx_6__mac_col_inst/mac_16in_instance/FE_RC_77_0  ( M1 )
Bounds : ( 256.050, 359.710 ) ( 256.150, 360.130 )


SHORT: Regular Via of Net ofifo_inst/FE_USKN2414_CTS_7 & Blockage of Cell ofifo_inst/FE_USKC2409_CTS_7  ( M1 )
Bounds : ( 235.610, 39.150 ) ( 235.990, 39.250 )


SHORT: Regular Via of Net array_out[153] & Blockage of Cell mac_array_instance/col_idx_8__mac_col_inst/mac_16in_instance/FE_RC_127_0  ( M1 )
Bounds : ( 415.650, 203.110 ) ( 415.750, 203.530 )



Begin Summary ...
  Cells       : 0
  SameNet     : 0
  Wiring      : 0
  Antenna     : 0
  Short       : 4
  Overlap     : 0
End Summary

  Total Violations : 4 Viols.
